root path:/mnt/cephfs/dataset/face_anti_spoofing_lock/fas_nir_datasets/fas_dataset_nir_20200813_mask/trainset/
src train filelist:./data/train_file_list/exp_train_set_nir_21042701_exp_20210427212131
positive root path:/mnt/cephfs/dataset/face_anti_spoofing_lock/fas_nir_datasets/fas_dataset_nir_20200813_mask/trainset/positive
negative root path:/mnt/cephfs/dataset/face_anti_spoofing_lock/fas_nir_datasets/fas_dataset_nir_20200813_mask/trainset/negative
src train filelist path:/mnt/cephfs/dataset/face_anti_spoofing_lock/fas_nir_datasets/fas_dataset_nir_20200813_mask/trainset/
src train train-data size:84071
src val train-data size:20179
src positive train-data size:31462
src negative train-data size:52609
src positive validation size:9223
src negative validation size:10956
***************************************************************************************
neg train:96
neg train:48
neg train:91
neg train:13
neg train:74
neg train:80
neg train:6
neg train:88
neg train:30
neg train:37
neg train:94
neg train:61
neg train:9
neg train:83
neg train:64
neg train:87
neg train:65
neg train:25
neg train:102
neg train:27
neg train:44
neg train:0
neg train:107
neg train:84
neg train:28
neg train:7
neg train:67
neg train:16
neg train:18
neg train:66
neg train:95
neg train:45
neg train:78
neg train:23
neg train:82
neg train:79
neg train:105
neg train:103
neg train:12
neg train:99
neg train:104
neg train:53
neg train:4
neg train:62
neg train:51
neg train:24
neg train:14
neg train:41
neg train:109
neg train:1
neg train:108
neg train:76
neg train:42
neg train:75
neg train:54
neg train:100
neg train:36
neg train:60
neg train:33
neg train:19
neg train:32
neg train:72
neg train:71
neg train:77
neg train:69
neg train:70
neg train:93
neg train:39
neg train:8
neg train:98
neg train:59
neg train:46
neg train:22
neg train:3
neg train:11
neg train:20
neg train:92
neg train:97
neg train:2
neg train:29
neg train:110
neg train:34
neg train:57
neg train:63
neg train:81
neg val:10
neg val:86
neg val:85
neg val:26
neg val:40
neg val:68
neg val:31
neg val:47
neg val:89
neg val:52
neg val:17
neg val:35
neg val:50
neg val:49
neg val:5
neg val:101
neg val:43
neg val:56
neg val:73
neg val:55
neg val:106
neg val:38
***************************************************************************************train-data size:91272
new positive train-data size:0
new negative train-data size:7201
validation-data size:21129
new positive validation size:0
new negative validation size:950
