Test: [0/331]	Time 0.642 (0.642)	Loss 6.2070 (6.2070)	Prec@1 0.000 (0.000)	
Test: [10/331]	Time 0.053 (0.112)	Loss 6.2045 (6.2051)	Prec@1 0.000 (0.000)	
Test: [20/331]	Time 0.039 (0.083)	Loss 6.2058 (6.2051)	Prec@1 0.000 (0.000)	
Test: [30/331]	Time 0.082 (0.073)	Loss 6.2043 (6.2051)	Prec@1 0.000 (0.000)	
Test: [40/331]	Time 0.060 (0.068)	Loss 6.2057 (6.2052)	Prec@1 0.000 (0.000)	
Test: [50/331]	Time 0.054 (0.064)	Loss 6.2058 (6.2053)	Prec@1 0.000 (0.000)	
Test: [60/331]	Time 0.044 (0.062)	Loss 6.2064 (6.2053)	Prec@1 0.000 (0.000)	
Test: [70/331]	Time 0.035 (0.060)	Loss 6.2031 (6.2055)	Prec@1 0.000 (0.000)	
Test: [80/331]	Time 0.045 (0.060)	Loss 6.2073 (6.2056)	Prec@1 0.000 (0.000)	
Test: [90/331]	Time 0.056 (0.059)	Loss 6.2043 (6.2054)	Prec@1 0.000 (0.000)	
Test: [100/331]	Time 0.015 (0.058)	Loss 6.2054 (6.2052)	Prec@1 0.000 (0.000)	
Test: [110/331]	Time 0.068 (0.058)	Loss 6.2058 (6.2053)	Prec@1 0.000 (0.000)	
Test: [120/331]	Time 0.032 (0.057)	Loss 6.2029 (6.2053)	Prec@1 0.000 (0.000)	
Test: [130/331]	Time 0.065 (0.057)	Loss 6.2007 (6.2050)	Prec@1 0.000 (0.000)	
Test: [140/331]	Time 0.058 (0.058)	Loss 6.2008 (6.2047)	Prec@1 0.000 (0.000)	
Test: [150/331]	Time 0.048 (0.057)	Loss 6.2006 (6.2044)	Prec@1 0.000 (0.000)	
Test: [160/331]	Time 0.055 (0.057)	Loss 6.1997 (6.2042)	Prec@1 0.000 (0.000)	
Test: [170/331]	Time 0.065 (0.057)	Loss 6.2004 (6.2040)	Prec@1 0.000 (0.000)	
Test: [180/331]	Time 0.079 (0.057)	Loss 6.2005 (6.2038)	Prec@1 0.000 (0.000)	
Test: [190/331]	Time 0.039 (0.057)	Loss 6.2005 (6.2036)	Prec@1 0.000 (0.000)	
Test: [200/331]	Time 0.057 (0.057)	Loss 6.2012 (6.2035)	Prec@1 0.000 (0.000)	
Test: [210/331]	Time 0.065 (0.057)	Loss 6.2008 (6.2033)	Prec@1 0.000 (0.000)	
Test: [220/331]	Time 0.066 (0.057)	Loss 6.2006 (6.2032)	Prec@1 0.000 (0.000)	
Test: [230/331]	Time 0.085 (0.057)	Loss 6.2002 (6.2031)	Prec@1 0.000 (0.000)	
Test: [240/331]	Time 0.069 (0.057)	Loss 6.1998 (6.2030)	Prec@1 0.000 (0.000)	
Test: [250/331]	Time 0.079 (0.057)	Loss 6.2006 (6.2029)	Prec@1 0.000 (0.000)	
Test: [260/331]	Time 0.044 (0.057)	Loss 6.2000 (6.2028)	Prec@1 0.000 (0.000)	
Test: [270/331]	Time 0.053 (0.058)	Loss 6.1973 (6.2027)	Prec@1 0.000 (0.000)	
Test: [280/331]	Time 0.052 (0.057)	Loss 6.1988 (6.2027)	Prec@1 0.000 (0.000)	
Test: [290/331]	Time 0.051 (0.057)	Loss 6.2095 (6.2029)	Prec@1 0.000 (0.000)	
Test: [300/331]	Time 0.041 (0.057)	Loss 6.2096 (6.2031)	Prec@1 0.000 (0.000)	
Test: [310/331]	Time 0.047 (0.057)	Loss 6.2003 (6.2031)	Prec@1 0.000 (0.000)	
Test: [320/331]	Time 0.042 (0.058)	Loss 6.1997 (6.2030)	Prec@1 0.000 (0.000)	
Test: [330/331]	Time 0.088 (0.057)	Loss 6.1976 (6.2029)	Prec@1 0.000 (0.000)	
