Test: [0/331]	Time 2.865 (2.865)	Loss 6.2070 (6.2070)	Prec@1 0.000 (0.000)	
Test: [10/331]	Time 0.217 (0.690)	Loss 6.2045 (6.2051)	Prec@1 0.000 (0.000)	
Test: [20/331]	Time 0.995 (0.630)	Loss 6.2058 (6.2051)	Prec@1 0.000 (0.000)	
Test: [30/331]	Time 0.013 (0.609)	Loss 6.2043 (6.2051)	Prec@1 0.000 (0.000)	
Test: [40/331]	Time 1.774 (0.643)	Loss 6.2057 (6.2052)	Prec@1 0.000 (0.000)	
Test: [50/331]	Time 0.180 (0.630)	Loss 6.2058 (6.2053)	Prec@1 0.000 (0.000)	
Test: [60/331]	Time 1.745 (0.650)	Loss 6.2064 (6.2053)	Prec@1 0.000 (0.000)	
Test: [70/331]	Time 0.019 (0.624)	Loss 6.2031 (6.2055)	Prec@1 0.000 (0.000)	
Test: [80/331]	Time 1.515 (0.621)	Loss 6.2073 (6.2056)	Prec@1 0.000 (0.000)	
Test: [90/331]	Time 0.014 (0.615)	Loss 6.2043 (6.2054)	Prec@1 0.000 (0.000)	
Test: [100/331]	Time 1.184 (0.613)	Loss 6.2054 (6.2052)	Prec@1 0.000 (0.000)	
Test: [110/331]	Time 0.402 (0.603)	Loss 6.2058 (6.2053)	Prec@1 0.000 (0.000)	
Test: [120/331]	Time 0.596 (0.599)	Loss 6.2029 (6.2053)	Prec@1 0.000 (0.000)	
Test: [130/331]	Time 0.713 (0.594)	Loss 6.2007 (6.2050)	Prec@1 0.000 (0.000)	
Test: [140/331]	Time 1.231 (0.591)	Loss 6.2008 (6.2047)	Prec@1 0.000 (0.000)	
Test: [150/331]	Time 0.797 (0.585)	Loss 6.2006 (6.2044)	Prec@1 0.000 (0.000)	
Test: [160/331]	Time 0.826 (0.577)	Loss 6.1997 (6.2042)	Prec@1 0.000 (0.000)	
Test: [170/331]	Time 0.558 (0.579)	Loss 6.2004 (6.2040)	Prec@1 0.000 (0.000)	
Test: [180/331]	Time 0.785 (0.572)	Loss 6.2005 (6.2038)	Prec@1 0.000 (0.000)	
Test: [190/331]	Time 1.414 (0.571)	Loss 6.2005 (6.2036)	Prec@1 0.000 (0.000)	
Test: [200/331]	Time 0.712 (0.564)	Loss 6.2012 (6.2035)	Prec@1 0.000 (0.000)	
Test: [210/331]	Time 0.629 (0.556)	Loss 6.2008 (6.2033)	Prec@1 0.000 (0.000)	
Test: [220/331]	Time 1.034 (0.550)	Loss 6.2006 (6.2032)	Prec@1 0.000 (0.000)	
Test: [230/331]	Time 0.621 (0.545)	Loss 6.2002 (6.2031)	Prec@1 0.000 (0.000)	
Test: [240/331]	Time 1.128 (0.541)	Loss 6.1998 (6.2030)	Prec@1 0.000 (0.000)	
Test: [250/331]	Time 0.020 (0.538)	Loss 6.2006 (6.2029)	Prec@1 0.000 (0.000)	
Test: [260/331]	Time 1.249 (0.535)	Loss 6.2000 (6.2028)	Prec@1 0.000 (0.000)	
Test: [270/331]	Time 1.300 (0.531)	Loss 6.1973 (6.2027)	Prec@1 0.000 (0.000)	
Test: [280/331]	Time 1.055 (0.530)	Loss 6.1988 (6.2027)	Prec@1 0.000 (0.000)	
Test: [290/331]	Time 0.050 (0.524)	Loss 6.2095 (6.2029)	Prec@1 0.000 (0.000)	
Test: [300/331]	Time 1.394 (0.522)	Loss 6.2096 (6.2031)	Prec@1 0.000 (0.000)	
Test: [310/331]	Time 0.073 (0.514)	Loss 6.2003 (6.2031)	Prec@1 0.000 (0.000)	
Test: [320/331]	Time 0.398 (0.507)	Loss 6.1997 (6.2030)	Prec@1 0.000 (0.000)	
Test: [330/331]	Time 0.139 (0.496)	Loss 6.1976 (6.2029)	Prec@1 0.000 (0.000)	
