Epoch: [0][0/4095]	 lr:0.01000	Time 2.591 (2.591)	Loss 5.5808 (5.5808)	KL_Loss 5.3637 (5.3637)	Feat_map_Loss 2.0172 (2.0172)	Overall_Loss 6.4809 (6.4809)	Prec@1 0.000 (0.000)	
Epoch: [0][10/4095]	 lr:0.01000	Time 0.101 (0.341)	Loss 0.5297 (2.6175)	KL_Loss 0.7046 (2.6550)	Feat_map_Loss 0.8492 (1.3299)	Overall_Loss 1.0417 (3.3012)	Prec@1 71.875 (55.256)	
Epoch: [0][20/4095]	 lr:0.01000	Time 0.104 (0.228)	Loss 0.2402 (1.5491)	KL_Loss 0.6678 (1.7202)	Feat_map_Loss 0.6326 (1.0738)	Overall_Loss 0.7703 (2.1715)	Prec@1 60.938 (61.682)	
Epoch: [0][30/4095]	 lr:0.01000	Time 0.292 (0.193)	Loss 0.0695 (1.1144)	KL_Loss 0.4144 (1.3248)	Feat_map_Loss 0.6901 (0.9024)	Overall_Loss 0.5870 (1.6708)	Prec@1 81.250 (67.087)	
Epoch: [0][40/4095]	 lr:0.01000	Time 0.102 (0.171)	Loss 0.0770 (0.8690)	KL_Loss 0.3260 (1.0999)	Feat_map_Loss 0.5478 (0.8130)	Overall_Loss 0.4754 (1.3909)	Prec@1 84.375 (70.122)	
Epoch: [0][50/4095]	 lr:0.01000	Time 0.102 (0.157)	Loss 0.1290 (0.7188)	KL_Loss 0.3074 (0.9532)	Feat_map_Loss 0.4569 (0.7421)	Overall_Loss 0.4467 (1.2070)	Prec@1 81.250 (72.978)	
Epoch: [0][60/4095]	 lr:0.01000	Time 0.119 (0.149)	Loss 0.0834 (0.6154)	KL_Loss 0.3092 (0.8495)	Feat_map_Loss 0.3972 (0.6884)	Overall_Loss 0.3949 (1.0767)	Prec@1 87.500 (74.769)	
Epoch: [0][70/4095]	 lr:0.01000	Time 0.105 (0.144)	Loss 0.1257 (0.5420)	KL_Loss 0.3385 (0.7734)	Feat_map_Loss 0.4982 (0.6481)	Overall_Loss 0.4812 (0.9818)	Prec@1 81.250 (76.012)	
Epoch: [0][80/4095]	 lr:0.01000	Time 0.103 (0.139)	Loss 0.1044 (0.4889)	KL_Loss 0.4752 (0.7229)	Feat_map_Loss 0.4175 (0.6225)	Overall_Loss 0.4985 (0.9172)	Prec@1 73.438 (76.505)	
Epoch: [0][90/4095]	 lr:0.01000	Time 0.104 (0.135)	Loss 0.0984 (0.4461)	KL_Loss 0.2696 (0.6810)	Feat_map_Loss 0.3420 (0.5990)	Overall_Loss 0.3550 (0.8631)	Prec@1 81.250 (77.112)	
Epoch: [0][100/4095]	 lr:0.01000	Time 0.100 (0.132)	Loss 0.1008 (0.4124)	KL_Loss 0.3714 (0.6460)	Feat_map_Loss 0.3412 (0.5800)	Overall_Loss 0.4067 (0.8192)	Prec@1 79.688 (77.692)	
Epoch: [0][110/4095]	 lr:0.01000	Time 0.101 (0.129)	Loss 0.0587 (0.3841)	KL_Loss 0.3480 (0.6171)	Feat_map_Loss 0.4397 (0.5641)	Overall_Loss 0.4232 (0.7826)	Prec@1 84.375 (78.238)	
Epoch: [0][120/4095]	 lr:0.01000	Time 0.105 (0.127)	Loss 0.0614 (0.3597)	KL_Loss 0.2874 (0.5911)	Feat_map_Loss 0.3718 (0.5505)	Overall_Loss 0.3603 (0.7506)	Prec@1 87.500 (78.848)	
Epoch: [0][130/4095]	 lr:0.01000	Time 0.104 (0.125)	Loss 0.0656 (0.3387)	KL_Loss 0.2531 (0.5684)	Feat_map_Loss 0.3725 (0.5382)	Overall_Loss 0.3456 (0.7226)	Prec@1 89.062 (79.365)	
Epoch: [0][140/4095]	 lr:0.01000	Time 0.105 (0.123)	Loss 0.1117 (0.3210)	KL_Loss 0.2463 (0.5474)	Feat_map_Loss 0.2966 (0.5264)	Overall_Loss 0.3273 (0.6974)	Prec@1 89.062 (79.987)	
Epoch: [0][150/4095]	 lr:0.01000	Time 0.105 (0.122)	Loss 0.0637 (0.3052)	KL_Loss 0.2490 (0.5304)	Feat_map_Loss 0.2828 (0.5165)	Overall_Loss 0.2977 (0.6760)	Prec@1 90.625 (80.412)	
Epoch: [0][160/4095]	 lr:0.01000	Time 0.106 (0.121)	Loss 0.0289 (0.2908)	KL_Loss 0.2141 (0.5137)	Feat_map_Loss 0.3745 (0.5080)	Overall_Loss 0.3088 (0.6563)	Prec@1 93.750 (80.804)	
Epoch: [0][170/4095]	 lr:0.01000	Time 0.102 (0.120)	Loss 0.1402 (0.2785)	KL_Loss 0.3553 (0.4977)	Feat_map_Loss 0.4576 (0.4983)	Overall_Loss 0.4765 (0.6373)	Prec@1 79.688 (81.296)	
Epoch: [0][180/4095]	 lr:0.01000	Time 0.105 (0.119)	Loss 0.0730 (0.2670)	KL_Loss 0.2775 (0.4847)	Feat_map_Loss 0.4270 (0.4925)	Overall_Loss 0.3888 (0.6221)	Prec@1 87.500 (81.682)	
Epoch: [0][190/4095]	 lr:0.01000	Time 0.102 (0.119)	Loss 0.0827 (0.2568)	KL_Loss 0.2582 (0.4729)	Feat_map_Loss 0.3910 (0.4864)	Overall_Loss 0.3659 (0.6081)	Prec@1 89.062 (82.003)	
Epoch: [0][200/4095]	 lr:0.01000	Time 0.112 (0.118)	Loss 0.0803 (0.2475)	KL_Loss 0.2451 (0.4600)	Feat_map_Loss 0.3083 (0.4799)	Overall_Loss 0.3169 (0.5937)	Prec@1 89.062 (82.400)	
Epoch: [0][210/4095]	 lr:0.01000	Time 0.106 (0.117)	Loss 0.0486 (0.2392)	KL_Loss 0.2107 (0.4507)	Feat_map_Loss 0.2829 (0.4760)	Overall_Loss 0.2711 (0.5829)	Prec@1 90.625 (82.672)	
Epoch: [0][220/4095]	 lr:0.01000	Time 0.104 (0.117)	Loss 0.0680 (0.2318)	KL_Loss 0.2720 (0.4428)	Feat_map_Loss 0.3613 (0.4728)	Overall_Loss 0.3506 (0.5737)	Prec@1 85.938 (82.784)	
Epoch: [0][230/4095]	 lr:0.01000	Time 0.103 (0.116)	Loss 0.0704 (0.2249)	KL_Loss 0.1924 (0.4343)	Feat_map_Loss 0.4342 (0.4693)	Overall_Loss 0.3485 (0.5643)	Prec@1 89.062 (82.927)	
Epoch: [0][240/4095]	 lr:0.01000	Time 0.106 (0.116)	Loss 0.0730 (0.2192)	KL_Loss 0.2449 (0.4266)	Feat_map_Loss 0.4546 (0.4643)	Overall_Loss 0.3863 (0.5551)	Prec@1 85.938 (83.111)	
Epoch: [0][250/4095]	 lr:0.01000	Time 0.101 (0.115)	Loss 0.0654 (0.2135)	KL_Loss 0.1982 (0.4199)	Feat_map_Loss 0.3673 (0.4605)	Overall_Loss 0.3154 (0.5470)	Prec@1 89.062 (83.298)	
Epoch: [0][260/4095]	 lr:0.01000	Time 0.102 (0.115)	Loss 0.0264 (0.2078)	KL_Loss 0.1569 (0.4127)	Feat_map_Loss 0.3842 (0.4573)	Overall_Loss 0.2837 (0.5390)	Prec@1 93.750 (83.507)	
Epoch: [0][270/4095]	 lr:0.01000	Time 0.099 (0.115)	Loss 0.0073 (0.2021)	KL_Loss 0.1099 (0.4048)	Feat_map_Loss 0.2606 (0.4533)	Overall_Loss 0.1889 (0.5301)	Prec@1 96.875 (83.793)	
Epoch: [0][280/4095]	 lr:0.01000	Time 0.104 (0.114)	Loss 0.0377 (0.1972)	KL_Loss 0.2039 (0.3988)	Feat_map_Loss 0.3769 (0.4513)	Overall_Loss 0.3093 (0.5237)	Prec@1 90.625 (83.975)	
Epoch: [0][290/4095]	 lr:0.01000	Time 0.101 (0.114)	Loss 0.1011 (0.1935)	KL_Loss 0.2891 (0.3928)	Feat_map_Loss 0.4174 (0.4485)	Overall_Loss 0.4038 (0.5174)	Prec@1 87.500 (84.144)	
Epoch: [0][300/4095]	 lr:0.01000	Time 0.097 (0.114)	Loss 0.0831 (0.1891)	KL_Loss 0.2480 (0.3878)	Feat_map_Loss 0.3875 (0.4465)	Overall_Loss 0.3593 (0.5117)	Prec@1 84.375 (84.282)	
Epoch: [0][310/4095]	 lr:0.01000	Time 0.105 (0.113)	Loss 0.0200 (0.1849)	KL_Loss 0.1509 (0.3818)	Feat_map_Loss 0.2944 (0.4437)	Overall_Loss 0.2326 (0.5052)	Prec@1 93.750 (84.460)	
Epoch: [0][320/4095]	 lr:0.01000	Time 0.101 (0.113)	Loss 0.0589 (0.1811)	KL_Loss 0.2633 (0.3766)	Feat_map_Loss 0.3521 (0.4411)	Overall_Loss 0.3372 (0.4994)	Prec@1 87.500 (84.623)	
Epoch: [0][330/4095]	 lr:0.01000	Time 0.100 (0.113)	Loss 0.0792 (0.1777)	KL_Loss 0.2126 (0.3713)	Feat_map_Loss 0.3533 (0.4381)	Overall_Loss 0.3225 (0.4935)	Prec@1 92.188 (84.767)	
Epoch: [0][340/4095]	 lr:0.01000	Time 0.105 (0.112)	Loss 0.0592 (0.1744)	KL_Loss 0.2043 (0.3670)	Feat_map_Loss 0.3127 (0.4360)	Overall_Loss 0.2881 (0.4888)	Prec@1 87.500 (84.879)	
Epoch: [0][350/4095]	 lr:0.01000	Time 0.099 (0.112)	Loss 0.1113 (0.1714)	KL_Loss 0.2615 (0.3626)	Feat_map_Loss 0.4355 (0.4344)	Overall_Loss 0.4041 (0.4842)	Prec@1 90.625 (85.003)	
Epoch: [0][360/4095]	 lr:0.01000	Time 0.100 (0.112)	Loss 0.0728 (0.1691)	KL_Loss 0.2275 (0.3601)	Feat_map_Loss 0.3913 (0.4335)	Overall_Loss 0.3458 (0.4814)	Prec@1 87.500 (85.016)	
Epoch: [0][370/4095]	 lr:0.01000	Time 0.107 (0.112)	Loss 0.0383 (0.1660)	KL_Loss 0.1733 (0.3559)	Feat_map_Loss 0.3111 (0.4317)	Overall_Loss 0.2613 (0.4768)	Prec@1 90.625 (85.146)	
Epoch: [0][380/4095]	 lr:0.01000	Time 0.110 (0.111)	Loss 0.0660 (0.1632)	KL_Loss 0.2048 (0.3519)	Feat_map_Loss 0.4699 (0.4303)	Overall_Loss 0.3704 (0.4727)	Prec@1 92.188 (85.310)	
Epoch: [0][390/4095]	 lr:0.01000	Time 0.103 (0.111)	Loss 0.0958 (0.1607)	KL_Loss 0.2967 (0.3486)	Feat_map_Loss 0.4063 (0.4291)	Overall_Loss 0.3994 (0.4692)	Prec@1 78.125 (85.402)	
Epoch: [0][400/4095]	 lr:0.01000	Time 0.103 (0.111)	Loss 0.0965 (0.1583)	KL_Loss 0.2038 (0.3452)	Feat_map_Loss 0.3591 (0.4280)	Overall_Loss 0.3297 (0.4658)	Prec@1 89.062 (85.489)	
Epoch: [0][410/4095]	 lr:0.01000	Time 0.100 (0.111)	Loss 0.0438 (0.1565)	KL_Loss 0.2174 (0.3422)	Feat_map_Loss 0.4207 (0.4265)	Overall_Loss 0.3409 (0.4626)	Prec@1 90.625 (85.573)	
Epoch: [0][420/4095]	 lr:0.01000	Time 0.103 (0.110)	Loss 0.0452 (0.1544)	KL_Loss 0.1740 (0.3394)	Feat_map_Loss 0.3012 (0.4248)	Overall_Loss 0.2602 (0.4593)	Prec@1 89.062 (85.644)	
Epoch: [0][430/4095]	 lr:0.01000	Time 0.099 (0.110)	Loss 0.0428 (0.1523)	KL_Loss 0.1921 (0.3369)	Feat_map_Loss 0.3789 (0.4239)	Overall_Loss 0.3069 (0.4565)	Prec@1 92.188 (85.709)	
Epoch: [0][440/4095]	 lr:0.01000	Time 0.099 (0.110)	Loss 0.0231 (0.1499)	KL_Loss 0.1385 (0.3333)	Feat_map_Loss 0.4236 (0.4232)	Overall_Loss 0.2926 (0.4532)	Prec@1 95.312 (85.824)	
Epoch: [0][450/4095]	 lr:0.01000	Time 0.101 (0.110)	Loss 0.0579 (0.1479)	KL_Loss 0.2023 (0.3302)	Feat_map_Loss 0.3535 (0.4220)	Overall_Loss 0.3069 (0.4501)	Prec@1 87.500 (85.906)	
Epoch: [0][460/4095]	 lr:0.01000	Time 0.099 (0.110)	Loss 0.1508 (0.1460)	KL_Loss 0.2481 (0.3272)	Feat_map_Loss 0.5128 (0.4211)	Overall_Loss 0.4559 (0.4471)	Prec@1 85.938 (85.999)	
Epoch: [0][470/4095]	 lr:0.01000	Time 0.100 (0.109)	Loss 0.1557 (0.1445)	KL_Loss 0.2852 (0.3246)	Feat_map_Loss 0.4425 (0.4199)	Overall_Loss 0.4417 (0.4445)	Prec@1 84.375 (86.083)	
Epoch: [0][480/4095]	 lr:0.01000	Time 0.099 (0.109)	Loss 0.0659 (0.1426)	KL_Loss 0.1935 (0.3221)	Feat_map_Loss 0.3425 (0.4190)	Overall_Loss 0.3010 (0.4419)	Prec@1 87.500 (86.171)	
Epoch: [0][490/4095]	 lr:0.01000	Time 0.099 (0.109)	Loss 0.0475 (0.1413)	KL_Loss 0.1938 (0.3199)	Feat_map_Loss 0.4326 (0.4182)	Overall_Loss 0.3369 (0.4397)	Prec@1 93.750 (86.230)	
Epoch: [0][500/4095]	 lr:0.01000	Time 0.106 (0.109)	Loss 0.0270 (0.1397)	KL_Loss 0.1708 (0.3178)	Feat_map_Loss 0.4017 (0.4171)	Overall_Loss 0.2997 (0.4373)	Prec@1 92.188 (86.281)	
Epoch: [0][510/4095]	 lr:0.01000	Time 0.104 (0.110)	Loss 0.0152 (0.1382)	KL_Loss 0.1424 (0.3161)	Feat_map_Loss 0.3452 (0.4169)	Overall_Loss 0.2514 (0.4356)	Prec@1 96.875 (86.326)	
Epoch: [0][520/4095]	 lr:0.01000	Time 0.100 (0.109)	Loss 0.0455 (0.1369)	KL_Loss 0.1427 (0.3136)	Feat_map_Loss 0.3723 (0.4160)	Overall_Loss 0.2803 (0.4332)	Prec@1 93.750 (86.417)	
Epoch: [0][530/4095]	 lr:0.01000	Time 0.095 (0.109)	Loss 0.0352 (0.1353)	KL_Loss 0.1679 (0.3116)	Feat_map_Loss 0.4283 (0.4156)	Overall_Loss 0.3157 (0.4313)	Prec@1 92.188 (86.485)	
Epoch: [0][540/4095]	 lr:0.01000	Time 0.095 (0.109)	Loss 0.1048 (0.1339)	KL_Loss 0.2725 (0.3093)	Feat_map_Loss 0.4293 (0.4148)	Overall_Loss 0.4033 (0.4289)	Prec@1 87.500 (86.564)	
Epoch: [0][550/4095]	 lr:0.01000	Time 0.096 (0.109)	Loss 0.1518 (0.1325)	KL_Loss 0.2636 (0.3072)	Feat_map_Loss 0.3780 (0.4143)	Overall_Loss 0.3967 (0.4270)	Prec@1 87.500 (86.641)	
Epoch: [0][560/4095]	 lr:0.01000	Time 0.107 (0.109)	Loss 0.0982 (0.1311)	KL_Loss 0.2204 (0.3045)	Feat_map_Loss 0.4804 (0.4133)	Overall_Loss 0.3996 (0.4245)	Prec@1 84.375 (86.723)	
Epoch: [0][570/4095]	 lr:0.01000	Time 0.100 (0.108)	Loss 0.0126 (0.1298)	KL_Loss 0.1050 (0.3026)	Feat_map_Loss 0.2106 (0.4123)	Overall_Loss 0.1641 (0.4224)	Prec@1 98.438 (86.772)	
Epoch: [0][580/4095]	 lr:0.01000	Time 0.094 (0.108)	Loss 0.0500 (0.1286)	KL_Loss 0.2165 (0.3009)	Feat_map_Loss 0.3446 (0.4119)	Overall_Loss 0.3055 (0.4207)	Prec@1 89.062 (86.830)	
Epoch: [0][590/4095]	 lr:0.01000	Time 0.104 (0.108)	Loss 0.0503 (0.1273)	KL_Loss 0.1746 (0.2986)	Feat_map_Loss 0.3277 (0.4107)	Overall_Loss 0.2763 (0.4183)	Prec@1 90.625 (86.905)	
Epoch: [0][600/4095]	 lr:0.01000	Time 0.098 (0.108)	Loss 0.0299 (0.1260)	KL_Loss 0.1693 (0.2966)	Feat_map_Loss 0.3790 (0.4098)	Overall_Loss 0.2891 (0.4162)	Prec@1 92.188 (86.993)	
Epoch: [0][610/4095]	 lr:0.01000	Time 0.097 (0.108)	Loss 0.0816 (0.1249)	KL_Loss 0.1849 (0.2945)	Feat_map_Loss 0.4000 (0.4094)	Overall_Loss 0.3333 (0.4144)	Prec@1 93.750 (87.063)	
Epoch: [0][620/4095]	 lr:0.01000	Time 0.100 (0.107)	Loss 0.0799 (0.1240)	KL_Loss 0.1775 (0.2926)	Feat_map_Loss 0.4153 (0.4090)	Overall_Loss 0.3364 (0.4128)	Prec@1 89.062 (87.120)	
Epoch: [0][630/4095]	 lr:0.01000	Time 0.096 (0.107)	Loss 0.0886 (0.1231)	KL_Loss 0.2109 (0.2913)	Feat_map_Loss 0.4030 (0.4086)	Overall_Loss 0.3513 (0.4115)	Prec@1 87.500 (87.151)	
Epoch: [0][640/4095]	 lr:0.01000	Time 0.097 (0.107)	Loss 0.0236 (0.1220)	KL_Loss 0.1497 (0.2899)	Feat_map_Loss 0.3902 (0.4087)	Overall_Loss 0.2817 (0.4103)	Prec@1 92.188 (87.193)	
Epoch: [0][650/4095]	 lr:0.01000	Time 0.095 (0.107)	Loss 0.0636 (0.1208)	KL_Loss 0.2071 (0.2880)	Feat_map_Loss 0.4511 (0.4081)	Overall_Loss 0.3609 (0.4084)	Prec@1 84.375 (87.253)	
Epoch: [0][660/4095]	 lr:0.01000	Time 0.096 (0.107)	Loss 0.0948 (0.1200)	KL_Loss 0.2070 (0.2868)	Feat_map_Loss 0.3818 (0.4076)	Overall_Loss 0.3418 (0.4072)	Prec@1 90.625 (87.287)	
Epoch: [0][670/4095]	 lr:0.01000	Time 0.095 (0.107)	Loss 0.0573 (0.1193)	KL_Loss 0.1952 (0.2858)	Feat_map_Loss 0.3782 (0.4071)	Overall_Loss 0.3154 (0.4061)	Prec@1 90.625 (87.318)	
Epoch: [0][680/4095]	 lr:0.01000	Time 0.095 (0.107)	Loss 0.0647 (0.1183)	KL_Loss 0.1959 (0.2840)	Feat_map_Loss 0.3950 (0.4062)	Overall_Loss 0.3278 (0.4043)	Prec@1 89.062 (87.397)	
Epoch: [0][690/4095]	 lr:0.01000	Time 0.094 (0.106)	Loss 0.1575 (0.1176)	KL_Loss 0.2811 (0.2828)	Feat_map_Loss 0.3559 (0.4055)	Overall_Loss 0.3972 (0.4030)	Prec@1 84.375 (87.425)	
Epoch: [0][700/4095]	 lr:0.01000	Time 0.092 (0.106)	Loss 0.0523 (0.1166)	KL_Loss 0.2181 (0.2814)	Feat_map_Loss 0.3117 (0.4051)	Overall_Loss 0.2910 (0.4016)	Prec@1 84.375 (87.473)	
Epoch: [0][710/4095]	 lr:0.01000	Time 0.097 (0.106)	Loss 0.0476 (0.1158)	KL_Loss 0.1698 (0.2799)	Feat_map_Loss 0.3835 (0.4044)	Overall_Loss 0.3004 (0.4001)	Prec@1 93.750 (87.531)	
Epoch: [0][720/4095]	 lr:0.01000	Time 0.099 (0.106)	Loss 0.0581 (0.1150)	KL_Loss 0.2078 (0.2783)	Feat_map_Loss 0.3616 (0.4039)	Overall_Loss 0.3138 (0.3986)	Prec@1 89.062 (87.608)	
Epoch: [0][730/4095]	 lr:0.01000	Time 0.104 (0.106)	Loss 0.0109 (0.1139)	KL_Loss 0.0868 (0.2765)	Feat_map_Loss 0.2958 (0.4030)	Overall_Loss 0.1967 (0.3967)	Prec@1 96.875 (87.677)	
Epoch: [0][740/4095]	 lr:0.01000	Time 0.106 (0.106)	Loss 0.0296 (0.1130)	KL_Loss 0.1655 (0.2747)	Feat_map_Loss 0.3525 (0.4024)	Overall_Loss 0.2738 (0.3950)	Prec@1 92.188 (87.745)	
Epoch: [0][750/4095]	 lr:0.01000	Time 0.098 (0.106)	Loss 0.0644 (0.1120)	KL_Loss 0.2064 (0.2731)	Feat_map_Loss 0.4371 (0.4023)	Overall_Loss 0.3539 (0.3937)	Prec@1 84.375 (87.800)	
Epoch: [0][760/4095]	 lr:0.01000	Time 0.096 (0.106)	Loss 0.0903 (0.1112)	KL_Loss 0.2005 (0.2715)	Feat_map_Loss 0.4336 (0.4021)	Overall_Loss 0.3622 (0.3924)	Prec@1 92.188 (87.865)	
Epoch: [0][770/4095]	 lr:0.01000	Time 0.102 (0.106)	Loss 0.0326 (0.1103)	KL_Loss 0.1354 (0.2701)	Feat_map_Loss 0.2788 (0.4014)	Overall_Loss 0.2234 (0.3909)	Prec@1 92.188 (87.897)	
Epoch: [0][780/4095]	 lr:0.01000	Time 0.099 (0.106)	Loss 0.0483 (0.1096)	KL_Loss 0.1833 (0.2687)	Feat_map_Loss 0.3318 (0.4008)	Overall_Loss 0.2817 (0.3895)	Prec@1 87.500 (87.964)	
Epoch: [0][790/4095]	 lr:0.01000	Time 0.104 (0.106)	Loss 0.0742 (0.1090)	KL_Loss 0.1747 (0.2674)	Feat_map_Loss 0.3155 (0.4000)	Overall_Loss 0.2822 (0.3882)	Prec@1 93.750 (88.006)	
Epoch: [0][800/4095]	 lr:0.01000	Time 0.100 (0.106)	Loss 0.0503 (0.1083)	KL_Loss 0.1367 (0.2663)	Feat_map_Loss 0.3321 (0.3996)	Overall_Loss 0.2596 (0.3871)	Prec@1 95.312 (88.042)	
Epoch: [0][810/4095]	 lr:0.01000	Time 0.099 (0.106)	Loss 0.0268 (0.1075)	KL_Loss 0.1351 (0.2650)	Feat_map_Loss 0.3188 (0.3990)	Overall_Loss 0.2403 (0.3857)	Prec@1 95.312 (88.099)	
Epoch: [0][820/4095]	 lr:0.01000	Time 0.107 (0.106)	Loss 0.0931 (0.1068)	KL_Loss 0.2071 (0.2637)	Feat_map_Loss 0.3589 (0.3983)	Overall_Loss 0.3295 (0.3844)	Prec@1 85.938 (88.138)	
Epoch: [0][830/4095]	 lr:0.01000	Time 0.112 (0.106)	Loss 0.0234 (0.1061)	KL_Loss 0.1120 (0.2623)	Feat_map_Loss 0.3515 (0.3979)	Overall_Loss 0.2435 (0.3832)	Prec@1 95.312 (88.199)	
Epoch: [0][840/4095]	 lr:0.01000	Time 0.103 (0.106)	Loss 0.0383 (0.1056)	KL_Loss 0.1681 (0.2613)	Feat_map_Loss 0.2830 (0.3977)	Overall_Loss 0.2447 (0.3823)	Prec@1 90.625 (88.232)	
Epoch: [0][850/4095]	 lr:0.01000	Time 0.103 (0.106)	Loss 0.0275 (0.1048)	KL_Loss 0.1578 (0.2600)	Feat_map_Loss 0.4188 (0.3975)	Overall_Loss 0.3020 (0.3811)	Prec@1 93.750 (88.284)	
Epoch: [0][860/4095]	 lr:0.01000	Time 0.101 (0.106)	Loss 0.0525 (0.1039)	KL_Loss 0.1226 (0.2584)	Feat_map_Loss 0.4256 (0.3973)	Overall_Loss 0.3003 (0.3798)	Prec@1 92.188 (88.353)	
Epoch: [0][870/4095]	 lr:0.01000	Time 0.098 (0.105)	Loss 0.0481 (0.1033)	KL_Loss 0.1614 (0.2572)	Feat_map_Loss 0.3733 (0.3968)	Overall_Loss 0.2914 (0.3786)	Prec@1 92.188 (88.399)	
Epoch: [0][880/4095]	 lr:0.01000	Time 0.104 (0.105)	Loss 0.0204 (0.1027)	KL_Loss 0.1259 (0.2561)	Feat_map_Loss 0.3210 (0.3962)	Overall_Loss 0.2336 (0.3775)	Prec@1 96.875 (88.444)	
Epoch: [0][890/4095]	 lr:0.01000	Time 0.100 (0.105)	Loss 0.0202 (0.1021)	KL_Loss 0.1091 (0.2550)	Feat_map_Loss 0.3977 (0.3960)	Overall_Loss 0.2635 (0.3765)	Prec@1 96.875 (88.487)	
Epoch: [0][900/4095]	 lr:0.01000	Time 0.096 (0.105)	Loss 0.0732 (0.1016)	KL_Loss 0.2036 (0.2541)	Feat_map_Loss 0.3962 (0.3958)	Overall_Loss 0.3365 (0.3757)	Prec@1 90.625 (88.506)	
Epoch: [0][910/4095]	 lr:0.01000	Time 0.100 (0.105)	Loss 0.0131 (0.1008)	KL_Loss 0.1155 (0.2528)	Feat_map_Loss 0.4159 (0.3955)	Overall_Loss 0.2723 (0.3746)	Prec@1 95.312 (88.557)	
Epoch: [0][920/4095]	 lr:0.01000	Time 0.102 (0.105)	Loss 0.0492 (0.1002)	KL_Loss 0.1382 (0.2518)	Feat_map_Loss 0.3569 (0.3951)	Overall_Loss 0.2722 (0.3735)	Prec@1 92.188 (88.598)	
Epoch: [0][930/4095]	 lr:0.01000	Time 0.101 (0.105)	Loss 0.1108 (0.0996)	KL_Loss 0.2297 (0.2506)	Feat_map_Loss 0.4135 (0.3949)	Overall_Loss 0.3770 (0.3725)	Prec@1 92.188 (88.641)	
Epoch: [0][940/4095]	 lr:0.01000	Time 0.100 (0.105)	Loss 0.0110 (0.0989)	KL_Loss 0.0761 (0.2493)	Feat_map_Loss 0.3256 (0.3945)	Overall_Loss 0.2063 (0.3713)	Prec@1 96.875 (88.694)	
Epoch: [0][950/4095]	 lr:0.01000	Time 0.100 (0.105)	Loss 0.0247 (0.0982)	KL_Loss 0.1252 (0.2481)	Feat_map_Loss 0.3362 (0.3943)	Overall_Loss 0.2430 (0.3703)	Prec@1 95.312 (88.736)	
Epoch: [0][960/4095]	 lr:0.01000	Time 0.102 (0.105)	Loss 0.0190 (0.0977)	KL_Loss 0.1177 (0.2470)	Feat_map_Loss 0.2816 (0.3937)	Overall_Loss 0.2091 (0.3691)	Prec@1 93.750 (88.771)	
Epoch: [0][970/4095]	 lr:0.01000	Time 0.103 (0.105)	Loss 0.0732 (0.0972)	KL_Loss 0.1840 (0.2460)	Feat_map_Loss 0.4116 (0.3934)	Overall_Loss 0.3344 (0.3683)	Prec@1 89.062 (88.818)	
Epoch: [0][980/4095]	 lr:0.01000	Time 0.104 (0.105)	Loss 0.0262 (0.0966)	KL_Loss 0.1137 (0.2449)	Feat_map_Loss 0.3388 (0.3931)	Overall_Loss 0.2393 (0.3673)	Prec@1 95.312 (88.862)	
Epoch: [0][990/4095]	 lr:0.01000	Time 0.100 (0.105)	Loss 0.0037 (0.0961)	KL_Loss 0.0791 (0.2440)	Feat_map_Loss 0.3681 (0.3929)	Overall_Loss 0.2255 (0.3665)	Prec@1 98.438 (88.891)	
Epoch: [0][1000/4095]	 lr:0.01000	Time 0.098 (0.105)	Loss 0.0558 (0.0956)	KL_Loss 0.1178 (0.2430)	Feat_map_Loss 0.4661 (0.3928)	Overall_Loss 0.3198 (0.3657)	Prec@1 95.312 (88.935)	
Epoch: [0][1010/4095]	 lr:0.01000	Time 0.099 (0.105)	Loss 0.0472 (0.0951)	KL_Loss 0.1211 (0.2420)	Feat_map_Loss 0.3514 (0.3926)	Overall_Loss 0.2598 (0.3648)	Prec@1 98.438 (88.985)	
Epoch: [0][1020/4095]	 lr:0.01000	Time 0.108 (0.105)	Loss 0.0218 (0.0945)	KL_Loss 0.1451 (0.2409)	Feat_map_Loss 0.3097 (0.3924)	Overall_Loss 0.2383 (0.3639)	Prec@1 93.750 (89.027)	
Epoch: [0][1030/4095]	 lr:0.01000	Time 0.102 (0.105)	Loss 0.0552 (0.0942)	KL_Loss 0.1305 (0.2402)	Feat_map_Loss 0.3115 (0.3920)	Overall_Loss 0.2486 (0.3632)	Prec@1 92.188 (89.044)	
Epoch: [0][1040/4095]	 lr:0.01000	Time 0.099 (0.105)	Loss 0.0138 (0.0936)	KL_Loss 0.1199 (0.2390)	Feat_map_Loss 0.3338 (0.3914)	Overall_Loss 0.2338 (0.3620)	Prec@1 95.312 (89.100)	
Epoch: [0][1050/4095]	 lr:0.01000	Time 0.106 (0.105)	Loss 0.0432 (0.0930)	KL_Loss 0.1599 (0.2380)	Feat_map_Loss 0.5001 (0.3914)	Overall_Loss 0.3516 (0.3612)	Prec@1 92.188 (89.143)	
Epoch: [0][1060/4095]	 lr:0.01000	Time 0.105 (0.105)	Loss 0.0125 (0.0926)	KL_Loss 0.1092 (0.2371)	Feat_map_Loss 0.3639 (0.3912)	Overall_Loss 0.2428 (0.3604)	Prec@1 93.750 (89.180)	
Epoch: [0][1070/4095]	 lr:0.01000	Time 0.096 (0.105)	Loss 0.0715 (0.0922)	KL_Loss 0.1950 (0.2362)	Feat_map_Loss 0.3165 (0.3912)	Overall_Loss 0.2915 (0.3598)	Prec@1 87.500 (89.214)	
Epoch: [0][1080/4095]	 lr:0.01000	Time 0.106 (0.105)	Loss 0.0243 (0.0918)	KL_Loss 0.1206 (0.2353)	Feat_map_Loss 0.3144 (0.3907)	Overall_Loss 0.2297 (0.3589)	Prec@1 95.312 (89.248)	
Epoch: [0][1090/4095]	 lr:0.01000	Time 0.100 (0.105)	Loss 0.0649 (0.0913)	KL_Loss 0.1553 (0.2345)	Feat_map_Loss 0.2708 (0.3905)	Overall_Loss 0.2455 (0.3581)	Prec@1 93.750 (89.290)	
Epoch: [0][1100/4095]	 lr:0.01000	Time 0.101 (0.105)	Loss 0.0216 (0.0908)	KL_Loss 0.1122 (0.2335)	Feat_map_Loss 0.3069 (0.3902)	Overall_Loss 0.2204 (0.3572)	Prec@1 96.875 (89.341)	
Epoch: [0][1110/4095]	 lr:0.01000	Time 0.105 (0.105)	Loss 0.0331 (0.0903)	KL_Loss 0.0908 (0.2326)	Feat_map_Loss 0.3825 (0.3900)	Overall_Loss 0.2532 (0.3564)	Prec@1 95.312 (89.379)	
Epoch: [0][1120/4095]	 lr:0.01000	Time 0.102 (0.105)	Loss 0.0394 (0.0900)	KL_Loss 0.1324 (0.2317)	Feat_map_Loss 0.3974 (0.3898)	Overall_Loss 0.2846 (0.3558)	Prec@1 93.750 (89.414)	
Epoch: [0][1130/4095]	 lr:0.01000	Time 0.123 (0.105)	Loss 0.0405 (0.0895)	KL_Loss 0.1498 (0.2308)	Feat_map_Loss 0.3265 (0.3895)	Overall_Loss 0.2584 (0.3549)	Prec@1 92.188 (89.451)	
Epoch: [0][1140/4095]	 lr:0.01000	Time 0.098 (0.105)	Loss 0.0402 (0.0891)	KL_Loss 0.1280 (0.2299)	Feat_map_Loss 0.3134 (0.3893)	Overall_Loss 0.2408 (0.3541)	Prec@1 92.188 (89.486)	
Epoch: [0][1150/4095]	 lr:0.01000	Time 0.104 (0.105)	Loss 0.0499 (0.0886)	KL_Loss 0.1034 (0.2289)	Feat_map_Loss 0.3666 (0.3891)	Overall_Loss 0.2600 (0.3533)	Prec@1 93.750 (89.534)	
Epoch: [0][1160/4095]	 lr:0.01000	Time 0.101 (0.105)	Loss 0.0981 (0.0881)	KL_Loss 0.2132 (0.2281)	Feat_map_Loss 0.4556 (0.3891)	Overall_Loss 0.3834 (0.3526)	Prec@1 87.500 (89.574)	
Epoch: [0][1170/4095]	 lr:0.01000	Time 0.103 (0.105)	Loss 0.0476 (0.0877)	KL_Loss 0.1230 (0.2273)	Feat_map_Loss 0.3643 (0.3891)	Overall_Loss 0.2674 (0.3521)	Prec@1 93.750 (89.607)	
Epoch: [0][1180/4095]	 lr:0.01000	Time 0.106 (0.105)	Loss 0.0439 (0.0874)	KL_Loss 0.1530 (0.2266)	Feat_map_Loss 0.2714 (0.3888)	Overall_Loss 0.2341 (0.3514)	Prec@1 89.062 (89.631)	
Epoch: [0][1190/4095]	 lr:0.01000	Time 0.100 (0.105)	Loss 0.0613 (0.0870)	KL_Loss 0.1658 (0.2257)	Feat_map_Loss 0.3553 (0.3886)	Overall_Loss 0.2912 (0.3506)	Prec@1 92.188 (89.663)	
Epoch: [0][1200/4095]	 lr:0.01000	Time 0.102 (0.105)	Loss 0.0135 (0.0865)	KL_Loss 0.0969 (0.2249)	Feat_map_Loss 0.3488 (0.3882)	Overall_Loss 0.2296 (0.3498)	Prec@1 93.750 (89.703)	
Epoch: [0][1210/4095]	 lr:0.01000	Time 0.106 (0.105)	Loss 0.0485 (0.0861)	KL_Loss 0.1817 (0.2241)	Feat_map_Loss 0.4575 (0.3878)	Overall_Loss 0.3439 (0.3490)	Prec@1 92.188 (89.736)	
Epoch: [0][1220/4095]	 lr:0.01000	Time 0.102 (0.105)	Loss 0.0771 (0.0858)	KL_Loss 0.1407 (0.2236)	Feat_map_Loss 0.3916 (0.3878)	Overall_Loss 0.3047 (0.3486)	Prec@1 93.750 (89.764)	
Epoch: [0][1230/4095]	 lr:0.01000	Time 0.105 (0.105)	Loss 0.0563 (0.0855)	KL_Loss 0.1233 (0.2228)	Feat_map_Loss 0.3335 (0.3876)	Overall_Loss 0.2566 (0.3479)	Prec@1 93.750 (89.800)	
Epoch: [0][1240/4095]	 lr:0.01000	Time 0.100 (0.105)	Loss 0.0565 (0.0851)	KL_Loss 0.1833 (0.2221)	Feat_map_Loss 0.3488 (0.3875)	Overall_Loss 0.2943 (0.3473)	Prec@1 93.750 (89.839)	
Epoch: [0][1250/4095]	 lr:0.01000	Time 0.119 (0.105)	Loss 0.0278 (0.0847)	KL_Loss 0.1221 (0.2213)	Feat_map_Loss 0.3140 (0.3872)	Overall_Loss 0.2319 (0.3466)	Prec@1 92.188 (89.876)	
Epoch: [0][1260/4095]	 lr:0.01000	Time 0.108 (0.105)	Loss 0.1114 (0.0845)	KL_Loss 0.1693 (0.2206)	Feat_map_Loss 0.3349 (0.3867)	Overall_Loss 0.3078 (0.3459)	Prec@1 90.625 (89.895)	
Epoch: [0][1270/4095]	 lr:0.01000	Time 0.111 (0.105)	Loss 0.1158 (0.0842)	KL_Loss 0.2486 (0.2201)	Feat_map_Loss 0.4314 (0.3866)	Overall_Loss 0.3979 (0.3454)	Prec@1 87.500 (89.924)	
Epoch: [0][1280/4095]	 lr:0.01000	Time 0.101 (0.105)	Loss 0.0725 (0.0839)	KL_Loss 0.1702 (0.2194)	Feat_map_Loss 0.3806 (0.3863)	Overall_Loss 0.3117 (0.3448)	Prec@1 85.938 (89.944)	
Epoch: [0][1290/4095]	 lr:0.01000	Time 0.103 (0.105)	Loss 0.0161 (0.0834)	KL_Loss 0.0977 (0.2186)	Feat_map_Loss 0.3597 (0.3860)	Overall_Loss 0.2368 (0.3440)	Prec@1 98.438 (89.971)	
Epoch: [0][1300/4095]	 lr:0.01000	Time 0.107 (0.105)	Loss 0.1994 (0.0833)	KL_Loss 0.2405 (0.2180)	Feat_map_Loss 0.5321 (0.3861)	Overall_Loss 0.4859 (0.3437)	Prec@1 82.812 (89.994)	
Epoch: [0][1310/4095]	 lr:0.01000	Time 0.102 (0.105)	Loss 0.0357 (0.0830)	KL_Loss 0.1288 (0.2175)	Feat_map_Loss 0.4256 (0.3861)	Overall_Loss 0.2950 (0.3433)	Prec@1 92.188 (90.017)	
Epoch: [0][1320/4095]	 lr:0.01000	Time 0.108 (0.105)	Loss 0.0135 (0.0827)	KL_Loss 0.1070 (0.2169)	Feat_map_Loss 0.3164 (0.3861)	Overall_Loss 0.2185 (0.3429)	Prec@1 96.875 (90.035)	
Epoch: [0][1330/4095]	 lr:0.01000	Time 0.103 (0.105)	Loss 0.0209 (0.0825)	KL_Loss 0.1149 (0.2164)	Feat_map_Loss 0.3862 (0.3860)	Overall_Loss 0.2610 (0.3425)	Prec@1 92.188 (90.044)	
Epoch: [0][1340/4095]	 lr:0.01000	Time 0.104 (0.105)	Loss 0.0397 (0.0822)	KL_Loss 0.1328 (0.2157)	Feat_map_Loss 0.3683 (0.3858)	Overall_Loss 0.2704 (0.3418)	Prec@1 95.312 (90.070)	
Epoch: [0][1350/4095]	 lr:0.01000	Time 0.102 (0.105)	Loss 0.0282 (0.0818)	KL_Loss 0.1125 (0.2151)	Feat_map_Loss 0.3646 (0.3858)	Overall_Loss 0.2526 (0.3414)	Prec@1 95.312 (90.101)	
Epoch: [0][1360/4095]	 lr:0.01000	Time 0.100 (0.105)	Loss 0.0519 (0.0815)	KL_Loss 0.1263 (0.2145)	Feat_map_Loss 0.2968 (0.3856)	Overall_Loss 0.2375 (0.3408)	Prec@1 95.312 (90.131)	
Epoch: [0][1370/4095]	 lr:0.01000	Time 0.106 (0.105)	Loss 0.0350 (0.0813)	KL_Loss 0.1518 (0.2139)	Feat_map_Loss 0.3662 (0.3854)	Overall_Loss 0.2765 (0.3403)	Prec@1 90.625 (90.152)	
Epoch: [0][1380/4095]	 lr:0.01000	Time 0.106 (0.105)	Loss 0.0113 (0.0809)	KL_Loss 0.0661 (0.2132)	Feat_map_Loss 0.2936 (0.3853)	Overall_Loss 0.1855 (0.3397)	Prec@1 98.438 (90.181)	
Epoch: [0][1390/4095]	 lr:0.01000	Time 0.097 (0.105)	Loss 0.0028 (0.0805)	KL_Loss 0.0617 (0.2125)	Feat_map_Loss 0.3623 (0.3851)	Overall_Loss 0.2134 (0.3391)	Prec@1 98.438 (90.221)	
Epoch: [0][1400/4095]	 lr:0.01000	Time 0.109 (0.105)	Loss 0.0397 (0.0802)	KL_Loss 0.1140 (0.2117)	Feat_map_Loss 0.4037 (0.3849)	Overall_Loss 0.2787 (0.3384)	Prec@1 93.750 (90.256)	
Epoch: [0][1410/4095]	 lr:0.01000	Time 0.102 (0.105)	Loss 0.0078 (0.0799)	KL_Loss 0.0782 (0.2112)	Feat_map_Loss 0.3423 (0.3846)	Overall_Loss 0.2141 (0.3379)	Prec@1 98.438 (90.277)	
Epoch: [0][1420/4095]	 lr:0.01000	Time 0.111 (0.105)	Loss 0.0288 (0.0796)	KL_Loss 0.1254 (0.2105)	Feat_map_Loss 0.3550 (0.3844)	Overall_Loss 0.2546 (0.3372)	Prec@1 93.750 (90.306)	
Epoch: [0][1430/4095]	 lr:0.01000	Time 0.106 (0.105)	Loss 0.0325 (0.0793)	KL_Loss 0.1383 (0.2099)	Feat_map_Loss 0.4131 (0.3843)	Overall_Loss 0.2920 (0.3367)	Prec@1 93.750 (90.335)	
Epoch: [0][1440/4095]	 lr:0.01000	Time 0.111 (0.105)	Loss 0.0307 (0.0790)	KL_Loss 0.1394 (0.2092)	Feat_map_Loss 0.4157 (0.3840)	Overall_Loss 0.2929 (0.3361)	Prec@1 95.312 (90.368)	
Epoch: [0][1450/4095]	 lr:0.01000	Time 0.109 (0.105)	Loss 0.0148 (0.0787)	KL_Loss 0.0959 (0.2086)	Feat_map_Loss 0.3493 (0.3838)	Overall_Loss 0.2300 (0.3355)	Prec@1 96.875 (90.398)	
Epoch: [0][1460/4095]	 lr:0.01000	Time 0.108 (0.105)	Loss 0.0234 (0.0785)	KL_Loss 0.1290 (0.2080)	Feat_map_Loss 0.3422 (0.3838)	Overall_Loss 0.2473 (0.3351)	Prec@1 95.312 (90.421)	
Epoch: [0][1470/4095]	 lr:0.01000	Time 0.100 (0.105)	Loss 0.0331 (0.0781)	KL_Loss 0.1115 (0.2074)	Feat_map_Loss 0.4900 (0.3838)	Overall_Loss 0.3173 (0.3347)	Prec@1 95.312 (90.442)	
Epoch: [0][1480/4095]	 lr:0.01000	Time 0.112 (0.105)	Loss 0.0155 (0.0779)	KL_Loss 0.0945 (0.2068)	Feat_map_Loss 0.3814 (0.3836)	Overall_Loss 0.2457 (0.3341)	Prec@1 98.438 (90.474)	
Epoch: [0][1490/4095]	 lr:0.01000	Time 0.111 (0.105)	Loss 0.0459 (0.0777)	KL_Loss 0.1325 (0.2063)	Feat_map_Loss 0.3048 (0.3834)	Overall_Loss 0.2416 (0.3337)	Prec@1 92.188 (90.492)	
Epoch: [0][1500/4095]	 lr:0.01000	Time 0.108 (0.105)	Loss 0.0060 (0.0773)	KL_Loss 0.0549 (0.2056)	Feat_map_Loss 0.2314 (0.3831)	Overall_Loss 0.1461 (0.3330)	Prec@1 98.438 (90.521)	
Epoch: [0][1510/4095]	 lr:0.01000	Time 0.114 (0.105)	Loss 0.0054 (0.0770)	KL_Loss 0.0822 (0.2049)	Feat_map_Loss 0.3288 (0.3830)	Overall_Loss 0.2082 (0.3325)	Prec@1 100.000 (90.551)	
Epoch: [0][1520/4095]	 lr:0.01000	Time 0.111 (0.105)	Loss 0.0167 (0.0767)	KL_Loss 0.0938 (0.2043)	Feat_map_Loss 0.3607 (0.3828)	Overall_Loss 0.2356 (0.3319)	Prec@1 96.875 (90.583)	
Epoch: [0][1530/4095]	 lr:0.01000	Time 0.113 (0.105)	Loss 0.0685 (0.0764)	KL_Loss 0.1254 (0.2036)	Feat_map_Loss 0.3459 (0.3826)	Overall_Loss 0.2699 (0.3313)	Prec@1 90.625 (90.610)	
Epoch: [0][1540/4095]	 lr:0.01000	Time 0.112 (0.105)	Loss 0.0402 (0.0762)	KL_Loss 0.1374 (0.2031)	Feat_map_Loss 0.3216 (0.3825)	Overall_Loss 0.2496 (0.3309)	Prec@1 93.750 (90.624)	
Epoch: [0][1550/4095]	 lr:0.01000	Time 0.116 (0.105)	Loss 0.0301 (0.0760)	KL_Loss 0.1117 (0.2027)	Feat_map_Loss 0.2925 (0.3823)	Overall_Loss 0.2171 (0.3305)	Prec@1 92.188 (90.645)	
Epoch: [0][1560/4095]	 lr:0.01000	Time 0.109 (0.105)	Loss 0.0155 (0.0757)	KL_Loss 0.1028 (0.2021)	Feat_map_Loss 0.2867 (0.3823)	Overall_Loss 0.2025 (0.3301)	Prec@1 95.312 (90.672)	
Epoch: [0][1570/4095]	 lr:0.01000	Time 0.110 (0.105)	Loss 0.0043 (0.0754)	KL_Loss 0.0520 (0.2015)	Feat_map_Loss 0.3231 (0.3821)	Overall_Loss 0.1897 (0.3295)	Prec@1 98.438 (90.703)	
Epoch: [0][1580/4095]	 lr:0.01000	Time 0.101 (0.105)	Loss 0.0415 (0.0752)	KL_Loss 0.1399 (0.2010)	Feat_map_Loss 0.4492 (0.3820)	Overall_Loss 0.3153 (0.3291)	Prec@1 95.312 (90.729)	
Epoch: [0][1590/4095]	 lr:0.01000	Time 0.120 (0.105)	Loss 0.0400 (0.0750)	KL_Loss 0.1256 (0.2005)	Feat_map_Loss 0.3926 (0.3818)	Overall_Loss 0.2791 (0.3287)	Prec@1 93.750 (90.753)	
Epoch: [0][1600/4095]	 lr:0.01000	Time 0.100 (0.105)	Loss 0.0070 (0.0747)	KL_Loss 0.0631 (0.1999)	Feat_map_Loss 0.3442 (0.3816)	Overall_Loss 0.2071 (0.3281)	Prec@1 96.875 (90.782)	
Epoch: [0][1610/4095]	 lr:0.01000	Time 0.103 (0.105)	Loss 0.0417 (0.0743)	KL_Loss 0.1378 (0.1993)	Feat_map_Loss 0.3119 (0.3814)	Overall_Loss 0.2457 (0.3275)	Prec@1 89.062 (90.805)	
Epoch: [0][1620/4095]	 lr:0.01000	Time 0.102 (0.105)	Loss 0.0075 (0.0741)	KL_Loss 0.0959 (0.1988)	Feat_map_Loss 0.4010 (0.3813)	Overall_Loss 0.2522 (0.3271)	Prec@1 98.438 (90.830)	
Epoch: [0][1630/4095]	 lr:0.01000	Time 0.100 (0.105)	Loss 0.0298 (0.0739)	KL_Loss 0.1176 (0.1983)	Feat_map_Loss 0.4180 (0.3812)	Overall_Loss 0.2827 (0.3267)	Prec@1 95.312 (90.852)	
Epoch: [0][1640/4095]	 lr:0.01000	Time 0.102 (0.105)	Loss 0.0075 (0.0736)	KL_Loss 0.0520 (0.1977)	Feat_map_Loss 0.3182 (0.3811)	Overall_Loss 0.1889 (0.3263)	Prec@1 98.438 (90.878)	
Epoch: [0][1650/4095]	 lr:0.01000	Time 0.099 (0.105)	Loss 0.0116 (0.0734)	KL_Loss 0.1041 (0.1973)	Feat_map_Loss 0.4114 (0.3811)	Overall_Loss 0.2636 (0.3259)	Prec@1 95.312 (90.905)	
Epoch: [0][1660/4095]	 lr:0.01000	Time 0.101 (0.105)	Loss 0.0725 (0.0732)	KL_Loss 0.1727 (0.1969)	Feat_map_Loss 0.3980 (0.3810)	Overall_Loss 0.3216 (0.3256)	Prec@1 89.062 (90.914)	
Epoch: [0][1670/4095]	 lr:0.01000	Time 0.097 (0.105)	Loss 0.0114 (0.0730)	KL_Loss 0.0904 (0.1965)	Feat_map_Loss 0.4162 (0.3808)	Overall_Loss 0.2590 (0.3252)	Prec@1 96.875 (90.935)	
Epoch: [0][1680/4095]	 lr:0.01000	Time 0.100 (0.105)	Loss 0.0126 (0.0728)	KL_Loss 0.0924 (0.1959)	Feat_map_Loss 0.2914 (0.3808)	Overall_Loss 0.1982 (0.3247)	Prec@1 96.875 (90.961)	
Epoch: [0][1690/4095]	 lr:0.01000	Time 0.104 (0.105)	Loss 0.0124 (0.0726)	KL_Loss 0.0988 (0.1955)	Feat_map_Loss 0.3227 (0.3807)	Overall_Loss 0.2169 (0.3244)	Prec@1 95.312 (90.980)	
Epoch: [0][1700/4095]	 lr:0.01000	Time 0.098 (0.105)	Loss 0.0426 (0.0724)	KL_Loss 0.0896 (0.1950)	Feat_map_Loss 0.3991 (0.3807)	Overall_Loss 0.2656 (0.3241)	Prec@1 96.875 (91.000)	
Epoch: [0][1710/4095]	 lr:0.01000	Time 0.100 (0.105)	Loss 0.0694 (0.0722)	KL_Loss 0.1326 (0.1945)	Feat_map_Loss 0.3940 (0.3805)	Overall_Loss 0.2980 (0.3236)	Prec@1 95.312 (91.026)	
Epoch: [0][1720/4095]	 lr:0.01000	Time 0.100 (0.105)	Loss 0.0145 (0.0719)	KL_Loss 0.0959 (0.1940)	Feat_map_Loss 0.3957 (0.3804)	Overall_Loss 0.2530 (0.3231)	Prec@1 96.875 (91.053)	
Epoch: [0][1730/4095]	 lr:0.01000	Time 0.098 (0.105)	Loss 0.0154 (0.0716)	KL_Loss 0.0689 (0.1934)	Feat_map_Loss 0.3066 (0.3803)	Overall_Loss 0.1954 (0.3226)	Prec@1 98.438 (91.074)	
Epoch: [0][1740/4095]	 lr:0.01000	Time 0.101 (0.105)	Loss 0.0061 (0.0715)	KL_Loss 0.0565 (0.1931)	Feat_map_Loss 0.2731 (0.3802)	Overall_Loss 0.1679 (0.3224)	Prec@1 98.438 (91.089)	
Epoch: [0][1750/4095]	 lr:0.01000	Time 0.110 (0.105)	Loss 0.0367 (0.0713)	KL_Loss 0.1243 (0.1926)	Feat_map_Loss 0.3773 (0.3802)	Overall_Loss 0.2692 (0.3220)	Prec@1 93.750 (91.108)	
Epoch: [0][1760/4095]	 lr:0.01000	Time 0.102 (0.105)	Loss 0.0207 (0.0711)	KL_Loss 0.1067 (0.1922)	Feat_map_Loss 0.3050 (0.3799)	Overall_Loss 0.2162 (0.3216)	Prec@1 93.750 (91.127)	
Epoch: [0][1770/4095]	 lr:0.01000	Time 0.101 (0.105)	Loss 0.0093 (0.0708)	KL_Loss 0.0924 (0.1917)	Feat_map_Loss 0.3908 (0.3797)	Overall_Loss 0.2462 (0.3211)	Prec@1 95.312 (91.148)	
Epoch: [0][1780/4095]	 lr:0.01000	Time 0.102 (0.105)	Loss 0.0060 (0.0706)	KL_Loss 0.0739 (0.1912)	Feat_map_Loss 0.3343 (0.3795)	Overall_Loss 0.2071 (0.3206)	Prec@1 100.000 (91.172)	
Epoch: [0][1790/4095]	 lr:0.01000	Time 0.109 (0.105)	Loss 0.0477 (0.0705)	KL_Loss 0.1364 (0.1909)	Feat_map_Loss 0.3422 (0.3794)	Overall_Loss 0.2632 (0.3204)	Prec@1 93.750 (91.179)	
Epoch: [0][1800/4095]	 lr:0.01000	Time 0.101 (0.105)	Loss 0.0267 (0.0703)	KL_Loss 0.1054 (0.1905)	Feat_map_Loss 0.3528 (0.3794)	Overall_Loss 0.2424 (0.3201)	Prec@1 92.188 (91.192)	
Epoch: [0][1810/4095]	 lr:0.01000	Time 0.103 (0.105)	Loss 0.0164 (0.0701)	KL_Loss 0.1004 (0.1901)	Feat_map_Loss 0.3701 (0.3792)	Overall_Loss 0.2434 (0.3197)	Prec@1 95.312 (91.214)	
Epoch: [0][1820/4095]	 lr:0.01000	Time 0.104 (0.105)	Loss 0.0177 (0.0698)	KL_Loss 0.0969 (0.1896)	Feat_map_Loss 0.3653 (0.3789)	Overall_Loss 0.2399 (0.3192)	Prec@1 95.312 (91.241)	
Epoch: [0][1830/4095]	 lr:0.01000	Time 0.102 (0.105)	Loss 0.0145 (0.0696)	KL_Loss 0.0619 (0.1890)	Feat_map_Loss 0.2772 (0.3788)	Overall_Loss 0.1768 (0.3187)	Prec@1 96.875 (91.266)	
Epoch: [0][1840/4095]	 lr:0.01000	Time 0.104 (0.105)	Loss 0.0271 (0.0694)	KL_Loss 0.1255 (0.1886)	Feat_map_Loss 0.3601 (0.3787)	Overall_Loss 0.2563 (0.3184)	Prec@1 95.312 (91.286)	
Epoch: [0][1850/4095]	 lr:0.01000	Time 0.102 (0.105)	Loss 0.1498 (0.0694)	KL_Loss 0.2671 (0.1884)	Feat_map_Loss 0.4882 (0.3787)	Overall_Loss 0.4526 (0.3182)	Prec@1 85.938 (91.290)	
Epoch: [0][1860/4095]	 lr:0.01000	Time 0.099 (0.105)	Loss 0.0040 (0.0691)	KL_Loss 0.0633 (0.1879)	Feat_map_Loss 0.2811 (0.3784)	Overall_Loss 0.1742 (0.3177)	Prec@1 98.438 (91.313)	
Epoch: [0][1870/4095]	 lr:0.01000	Time 0.104 (0.105)	Loss 0.0033 (0.0689)	KL_Loss 0.0566 (0.1875)	Feat_map_Loss 0.4446 (0.3784)	Overall_Loss 0.2522 (0.3174)	Prec@1 98.438 (91.330)	
Epoch: [0][1880/4095]	 lr:0.01000	Time 0.100 (0.105)	Loss 0.0192 (0.0688)	KL_Loss 0.1194 (0.1871)	Feat_map_Loss 0.3029 (0.3783)	Overall_Loss 0.2208 (0.3171)	Prec@1 90.625 (91.344)	
Epoch: [0][1890/4095]	 lr:0.01000	Time 0.103 (0.105)	Loss 0.0129 (0.0685)	KL_Loss 0.0766 (0.1866)	Feat_map_Loss 0.3184 (0.3782)	Overall_Loss 0.2040 (0.3167)	Prec@1 98.438 (91.372)	
Epoch: [0][1900/4095]	 lr:0.01000	Time 0.104 (0.105)	Loss 0.0095 (0.0683)	KL_Loss 0.0866 (0.1861)	Feat_map_Loss 0.3254 (0.3780)	Overall_Loss 0.2107 (0.3162)	Prec@1 95.312 (91.393)	
Epoch: [0][1910/4095]	 lr:0.01000	Time 0.098 (0.105)	Loss 0.0213 (0.0681)	KL_Loss 0.0899 (0.1857)	Feat_map_Loss 0.4004 (0.3780)	Overall_Loss 0.2558 (0.3159)	Prec@1 95.312 (91.412)	
Epoch: [0][1920/4095]	 lr:0.01000	Time 0.103 (0.105)	Loss 0.0184 (0.0678)	KL_Loss 0.1064 (0.1851)	Feat_map_Loss 0.2960 (0.3778)	Overall_Loss 0.2104 (0.3153)	Prec@1 95.312 (91.445)	
Epoch: [0][1930/4095]	 lr:0.01000	Time 0.102 (0.105)	Loss 0.0891 (0.0676)	KL_Loss 0.1285 (0.1846)	Feat_map_Loss 0.3914 (0.3777)	Overall_Loss 0.3045 (0.3150)	Prec@1 92.188 (91.466)	
Epoch: [0][1940/4095]	 lr:0.01000	Time 0.110 (0.105)	Loss 0.0489 (0.0674)	KL_Loss 0.1248 (0.1842)	Feat_map_Loss 0.4052 (0.3775)	Overall_Loss 0.2895 (0.3146)	Prec@1 95.312 (91.485)	
Epoch: [0][1950/4095]	 lr:0.01000	Time 0.104 (0.105)	Loss 0.0702 (0.0673)	KL_Loss 0.1511 (0.1838)	Feat_map_Loss 0.2643 (0.3774)	Overall_Loss 0.2428 (0.3143)	Prec@1 93.750 (91.494)	
Epoch: [0][1960/4095]	 lr:0.01000	Time 0.104 (0.105)	Loss 0.1169 (0.0671)	KL_Loss 0.1531 (0.1834)	Feat_map_Loss 0.3425 (0.3775)	Overall_Loss 0.3063 (0.3140)	Prec@1 95.312 (91.515)	
Epoch: [0][1970/4095]	 lr:0.01000	Time 0.104 (0.105)	Loss 0.0212 (0.0670)	KL_Loss 0.1072 (0.1831)	Feat_map_Loss 0.3348 (0.3774)	Overall_Loss 0.2316 (0.3137)	Prec@1 93.750 (91.529)	
Epoch: [0][1980/4095]	 lr:0.01000	Time 0.103 (0.105)	Loss 0.0448 (0.0668)	KL_Loss 0.1328 (0.1828)	Feat_map_Loss 0.4044 (0.3773)	Overall_Loss 0.2910 (0.3135)	Prec@1 95.312 (91.545)	
Epoch: [0][1990/4095]	 lr:0.01000	Time 0.103 (0.105)	Loss 0.0457 (0.0666)	KL_Loss 0.1325 (0.1824)	Feat_map_Loss 0.3075 (0.3772)	Overall_Loss 0.2428 (0.3131)	Prec@1 95.312 (91.560)	
Epoch: [0][2000/4095]	 lr:0.01000	Time 0.106 (0.105)	Loss 0.0508 (0.0664)	KL_Loss 0.1265 (0.1819)	Feat_map_Loss 0.3560 (0.3771)	Overall_Loss 0.2666 (0.3127)	Prec@1 93.750 (91.585)	
Epoch: [0][2010/4095]	 lr:0.01000	Time 0.104 (0.105)	Loss 0.0676 (0.0663)	KL_Loss 0.1021 (0.1815)	Feat_map_Loss 0.3710 (0.3769)	Overall_Loss 0.2704 (0.3123)	Prec@1 95.312 (91.609)	
Epoch: [0][2020/4095]	 lr:0.01000	Time 0.106 (0.105)	Loss 0.0059 (0.0661)	KL_Loss 0.0713 (0.1810)	Feat_map_Loss 0.3001 (0.3766)	Overall_Loss 0.1887 (0.3118)	Prec@1 98.438 (91.632)	
Epoch: [0][2030/4095]	 lr:0.01000	Time 0.108 (0.105)	Loss 0.0608 (0.0659)	KL_Loss 0.1347 (0.1806)	Feat_map_Loss 0.2944 (0.3765)	Overall_Loss 0.2449 (0.3115)	Prec@1 93.750 (91.650)	
Epoch: [0][2040/4095]	 lr:0.01000	Time 0.105 (0.105)	Loss 0.0048 (0.0657)	KL_Loss 0.0474 (0.1802)	Feat_map_Loss 0.3150 (0.3763)	Overall_Loss 0.1836 (0.3112)	Prec@1 96.875 (91.670)	
Epoch: [0][2050/4095]	 lr:0.01000	Time 0.101 (0.105)	Loss 0.0084 (0.0656)	KL_Loss 0.1002 (0.1799)	Feat_map_Loss 0.3449 (0.3763)	Overall_Loss 0.2268 (0.3109)	Prec@1 96.875 (91.689)	
Epoch: [0][2060/4095]	 lr:0.01000	Time 0.102 (0.105)	Loss 0.0328 (0.0654)	KL_Loss 0.0930 (0.1795)	Feat_map_Loss 0.3849 (0.3763)	Overall_Loss 0.2553 (0.3106)	Prec@1 93.750 (91.707)	
Epoch: [0][2070/4095]	 lr:0.01000	Time 0.102 (0.105)	Loss 0.0005 (0.0652)	KL_Loss 0.0378 (0.1791)	Feat_map_Loss 0.3564 (0.3761)	Overall_Loss 0.1973 (0.3102)	Prec@1 100.000 (91.728)	
Epoch: [0][2080/4095]	 lr:0.01000	Time 0.100 (0.105)	Loss 0.0102 (0.0650)	KL_Loss 0.0698 (0.1787)	Feat_map_Loss 0.3586 (0.3761)	Overall_Loss 0.2193 (0.3099)	Prec@1 96.875 (91.745)	
Epoch: [0][2090/4095]	 lr:0.01000	Time 0.100 (0.105)	Loss 0.0281 (0.0649)	KL_Loss 0.0949 (0.1783)	Feat_map_Loss 0.4436 (0.3760)	Overall_Loss 0.2833 (0.3096)	Prec@1 96.875 (91.765)	
Epoch: [0][2100/4095]	 lr:0.01000	Time 0.102 (0.105)	Loss 0.0063 (0.0647)	KL_Loss 0.0797 (0.1780)	Feat_map_Loss 0.4209 (0.3761)	Overall_Loss 0.2534 (0.3094)	Prec@1 98.438 (91.774)	
Epoch: [0][2110/4095]	 lr:0.01000	Time 0.101 (0.105)	Loss 0.0021 (0.0646)	KL_Loss 0.0552 (0.1776)	Feat_map_Loss 0.3267 (0.3760)	Overall_Loss 0.1920 (0.3091)	Prec@1 100.000 (91.789)	
Epoch: [0][2120/4095]	 lr:0.01000	Time 0.103 (0.105)	Loss 0.0454 (0.0645)	KL_Loss 0.1096 (0.1774)	Feat_map_Loss 0.4233 (0.3759)	Overall_Loss 0.2892 (0.3089)	Prec@1 93.750 (91.797)	
Epoch: [0][2130/4095]	 lr:0.01000	Time 0.099 (0.105)	Loss 0.0414 (0.0644)	KL_Loss 0.1154 (0.1770)	Feat_map_Loss 0.3497 (0.3758)	Overall_Loss 0.2533 (0.3086)	Prec@1 93.750 (91.808)	
Epoch: [0][2140/4095]	 lr:0.01000	Time 0.099 (0.105)	Loss 0.0159 (0.0642)	KL_Loss 0.0918 (0.1767)	Feat_map_Loss 0.3254 (0.3758)	Overall_Loss 0.2165 (0.3083)	Prec@1 93.750 (91.824)	
Epoch: [0][2150/4095]	 lr:0.01000	Time 0.101 (0.105)	Loss 0.0007 (0.0640)	KL_Loss 0.0408 (0.1762)	Feat_map_Loss 0.3146 (0.3756)	Overall_Loss 0.1780 (0.3079)	Prec@1 100.000 (91.845)	
Epoch: [0][2160/4095]	 lr:0.01000	Time 0.099 (0.105)	Loss 0.0192 (0.0638)	KL_Loss 0.1053 (0.1759)	Feat_map_Loss 0.3101 (0.3755)	Overall_Loss 0.2172 (0.3076)	Prec@1 93.750 (91.856)	
Epoch: [0][2170/4095]	 lr:0.01000	Time 0.102 (0.105)	Loss 0.0204 (0.0636)	KL_Loss 0.1110 (0.1755)	Feat_map_Loss 0.3704 (0.3754)	Overall_Loss 0.2509 (0.3073)	Prec@1 95.312 (91.877)	
Epoch: [0][2180/4095]	 lr:0.01000	Time 0.099 (0.105)	Loss 0.0048 (0.0634)	KL_Loss 0.0549 (0.1751)	Feat_map_Loss 0.3390 (0.3754)	Overall_Loss 0.1994 (0.3069)	Prec@1 98.438 (91.896)	
Epoch: [0][2190/4095]	 lr:0.01000	Time 0.101 (0.105)	Loss 0.0427 (0.0632)	KL_Loss 0.0707 (0.1746)	Feat_map_Loss 0.3132 (0.3753)	Overall_Loss 0.2133 (0.3066)	Prec@1 98.438 (91.917)	
Epoch: [0][2200/4095]	 lr:0.01000	Time 0.102 (0.105)	Loss 0.0200 (0.0630)	KL_Loss 0.0807 (0.1742)	Feat_map_Loss 0.4388 (0.3752)	Overall_Loss 0.2697 (0.3062)	Prec@1 93.750 (91.935)	
Epoch: [0][2210/4095]	 lr:0.01000	Time 0.104 (0.105)	Loss 0.0035 (0.0629)	KL_Loss 0.0487 (0.1738)	Feat_map_Loss 0.4127 (0.3751)	Overall_Loss 0.2324 (0.3059)	Prec@1 98.438 (91.949)	
Epoch: [0][2220/4095]	 lr:0.01000	Time 0.103 (0.105)	Loss 0.0017 (0.0627)	KL_Loss 0.0363 (0.1734)	Feat_map_Loss 0.3607 (0.3750)	Overall_Loss 0.1993 (0.3055)	Prec@1 100.000 (91.972)	
Epoch: [0][2230/4095]	 lr:0.01000	Time 0.106 (0.105)	Loss 0.0191 (0.0625)	KL_Loss 0.0962 (0.1731)	Feat_map_Loss 0.3064 (0.3748)	Overall_Loss 0.2109 (0.3052)	Prec@1 93.750 (91.984)	
Epoch: [0][2240/4095]	 lr:0.01000	Time 0.099 (0.105)	Loss 0.0079 (0.0623)	KL_Loss 0.0683 (0.1726)	Feat_map_Loss 0.2926 (0.3747)	Overall_Loss 0.1844 (0.3048)	Prec@1 96.875 (92.004)	
Epoch: [0][2250/4095]	 lr:0.01000	Time 0.102 (0.105)	Loss 0.0211 (0.0622)	KL_Loss 0.1033 (0.1723)	Feat_map_Loss 0.4110 (0.3746)	Overall_Loss 0.2677 (0.3046)	Prec@1 93.750 (92.015)	
Epoch: [0][2260/4095]	 lr:0.01000	Time 0.101 (0.105)	Loss 0.0329 (0.0620)	KL_Loss 0.1052 (0.1719)	Feat_map_Loss 0.3603 (0.3745)	Overall_Loss 0.2492 (0.3042)	Prec@1 95.312 (92.037)	
Epoch: [0][2270/4095]	 lr:0.01000	Time 0.108 (0.105)	Loss 0.0721 (0.0618)	KL_Loss 0.1226 (0.1715)	Feat_map_Loss 0.3783 (0.3745)	Overall_Loss 0.2865 (0.3039)	Prec@1 96.875 (92.056)	
Epoch: [0][2280/4095]	 lr:0.01000	Time 0.100 (0.105)	Loss 0.0356 (0.0617)	KL_Loss 0.0786 (0.1712)	Feat_map_Loss 0.4033 (0.3744)	Overall_Loss 0.2587 (0.3036)	Prec@1 96.875 (92.069)	
Epoch: [0][2290/4095]	 lr:0.01000	Time 0.100 (0.105)	Loss 0.0117 (0.0615)	KL_Loss 0.0700 (0.1708)	Feat_map_Loss 0.3567 (0.3742)	Overall_Loss 0.2192 (0.3033)	Prec@1 96.875 (92.087)	
Epoch: [0][2300/4095]	 lr:0.01000	Time 0.101 (0.105)	Loss 0.0557 (0.0614)	KL_Loss 0.1076 (0.1705)	Feat_map_Loss 0.3516 (0.3740)	Overall_Loss 0.2575 (0.3030)	Prec@1 93.750 (92.104)	
Epoch: [0][2310/4095]	 lr:0.01000	Time 0.098 (0.105)	Loss 0.0103 (0.0612)	KL_Loss 0.0651 (0.1701)	Feat_map_Loss 0.3765 (0.3738)	Overall_Loss 0.2259 (0.3026)	Prec@1 96.875 (92.120)	
Epoch: [0][2320/4095]	 lr:0.01000	Time 0.101 (0.105)	Loss 0.0045 (0.0611)	KL_Loss 0.0593 (0.1697)	Feat_map_Loss 0.3215 (0.3737)	Overall_Loss 0.1926 (0.3022)	Prec@1 98.438 (92.138)	
Epoch: [0][2330/4095]	 lr:0.01000	Time 0.102 (0.105)	Loss 0.0169 (0.0609)	KL_Loss 0.0890 (0.1694)	Feat_map_Loss 0.3835 (0.3738)	Overall_Loss 0.2447 (0.3021)	Prec@1 93.750 (92.148)	
Epoch: [0][2340/4095]	 lr:0.01000	Time 0.097 (0.105)	Loss 0.0472 (0.0608)	KL_Loss 0.1104 (0.1691)	Feat_map_Loss 0.3368 (0.3737)	Overall_Loss 0.2472 (0.3018)	Prec@1 95.312 (92.167)	
Epoch: [0][2350/4095]	 lr:0.01000	Time 0.103 (0.105)	Loss 0.0442 (0.0607)	KL_Loss 0.0892 (0.1688)	Feat_map_Loss 0.3644 (0.3737)	Overall_Loss 0.2489 (0.3015)	Prec@1 96.875 (92.180)	
Epoch: [0][2360/4095]	 lr:0.01000	Time 0.104 (0.105)	Loss 0.1123 (0.0605)	KL_Loss 0.2024 (0.1685)	Feat_map_Loss 0.4723 (0.3737)	Overall_Loss 0.3935 (0.3013)	Prec@1 92.188 (92.191)	
Epoch: [0][2370/4095]	 lr:0.01000	Time 0.098 (0.105)	Loss 0.0057 (0.0604)	KL_Loss 0.0644 (0.1681)	Feat_map_Loss 0.3348 (0.3736)	Overall_Loss 0.2024 (0.3011)	Prec@1 96.875 (92.209)	
Epoch: [0][2380/4095]	 lr:0.01000	Time 0.101 (0.105)	Loss 0.0627 (0.0602)	KL_Loss 0.1424 (0.1678)	Feat_map_Loss 0.4574 (0.3737)	Overall_Loss 0.3312 (0.3009)	Prec@1 95.312 (92.228)	
Epoch: [0][2390/4095]	 lr:0.01000	Time 0.100 (0.105)	Loss 0.0340 (0.0602)	KL_Loss 0.1025 (0.1675)	Feat_map_Loss 0.3111 (0.3735)	Overall_Loss 0.2238 (0.3006)	Prec@1 98.438 (92.241)	
Epoch: [0][2400/4095]	 lr:0.01000	Time 0.100 (0.105)	Loss 0.0491 (0.0600)	KL_Loss 0.1028 (0.1672)	Feat_map_Loss 0.5083 (0.3736)	Overall_Loss 0.3301 (0.3004)	Prec@1 93.750 (92.259)	
Epoch: [0][2410/4095]	 lr:0.01000	Time 0.100 (0.105)	Loss 0.0532 (0.0599)	KL_Loss 0.0651 (0.1669)	Feat_map_Loss 0.3389 (0.3734)	Overall_Loss 0.2286 (0.3001)	Prec@1 96.875 (92.272)	
Epoch: [0][2420/4095]	 lr:0.01000	Time 0.099 (0.104)	Loss 0.0375 (0.0597)	KL_Loss 0.0930 (0.1666)	Feat_map_Loss 0.3814 (0.3732)	Overall_Loss 0.2559 (0.2997)	Prec@1 93.750 (92.289)	
Epoch: [0][2430/4095]	 lr:0.01000	Time 0.098 (0.104)	Loss 0.0014 (0.0595)	KL_Loss 0.0403 (0.1662)	Feat_map_Loss 0.3323 (0.3731)	Overall_Loss 0.1870 (0.2994)	Prec@1 100.000 (92.308)	
Epoch: [0][2440/4095]	 lr:0.01000	Time 0.098 (0.104)	Loss 0.0028 (0.0594)	KL_Loss 0.0482 (0.1659)	Feat_map_Loss 0.3491 (0.3731)	Overall_Loss 0.2000 (0.2992)	Prec@1 100.000 (92.318)	
Epoch: [0][2450/4095]	 lr:0.01000	Time 0.102 (0.104)	Loss 0.0148 (0.0593)	KL_Loss 0.0648 (0.1656)	Feat_map_Loss 0.2723 (0.3730)	Overall_Loss 0.1759 (0.2989)	Prec@1 96.875 (92.339)	
Epoch: [0][2460/4095]	 lr:0.01000	Time 0.096 (0.104)	Loss 0.0046 (0.0591)	KL_Loss 0.0552 (0.1652)	Feat_map_Loss 0.3745 (0.3731)	Overall_Loss 0.2171 (0.2987)	Prec@1 96.875 (92.354)	
Epoch: [0][2470/4095]	 lr:0.01000	Time 0.101 (0.104)	Loss 0.0010 (0.0589)	KL_Loss 0.0406 (0.1648)	Feat_map_Loss 0.3185 (0.3729)	Overall_Loss 0.1801 (0.2984)	Prec@1 100.000 (92.375)	
Epoch: [0][2480/4095]	 lr:0.01000	Time 0.103 (0.104)	Loss 0.0354 (0.0588)	KL_Loss 0.0878 (0.1645)	Feat_map_Loss 0.3406 (0.3728)	Overall_Loss 0.2319 (0.2981)	Prec@1 96.875 (92.390)	
Epoch: [0][2490/4095]	 lr:0.01000	Time 0.100 (0.104)	Loss 0.0065 (0.0587)	KL_Loss 0.0379 (0.1642)	Feat_map_Loss 0.3194 (0.3727)	Overall_Loss 0.1819 (0.2978)	Prec@1 98.438 (92.405)	
Epoch: [0][2500/4095]	 lr:0.01000	Time 0.100 (0.104)	Loss 0.0056 (0.0586)	KL_Loss 0.0671 (0.1639)	Feat_map_Loss 0.2654 (0.3727)	Overall_Loss 0.1691 (0.2976)	Prec@1 98.438 (92.418)	
Epoch: [0][2510/4095]	 lr:0.01000	Time 0.105 (0.104)	Loss 0.0829 (0.0585)	KL_Loss 0.1397 (0.1637)	Feat_map_Loss 0.3308 (0.3726)	Overall_Loss 0.2767 (0.2974)	Prec@1 95.312 (92.430)	
Epoch: [0][2520/4095]	 lr:0.01000	Time 0.095 (0.104)	Loss 0.0662 (0.0584)	KL_Loss 0.1162 (0.1634)	Feat_map_Loss 0.3381 (0.3726)	Overall_Loss 0.2603 (0.2972)	Prec@1 95.312 (92.442)	
Epoch: [0][2530/4095]	 lr:0.01000	Time 0.098 (0.104)	Loss 0.0245 (0.0582)	KL_Loss 0.0953 (0.1630)	Feat_map_Loss 0.3482 (0.3724)	Overall_Loss 0.2339 (0.2968)	Prec@1 95.312 (92.459)	
Epoch: [0][2540/4095]	 lr:0.01000	Time 0.095 (0.104)	Loss 0.0011 (0.0580)	KL_Loss 0.0531 (0.1627)	Feat_map_Loss 0.3719 (0.3724)	Overall_Loss 0.2131 (0.2965)	Prec@1 100.000 (92.478)	
Epoch: [0][2550/4095]	 lr:0.01000	Time 0.092 (0.104)	Loss 0.0405 (0.0579)	KL_Loss 0.0941 (0.1624)	Feat_map_Loss 0.3574 (0.3723)	Overall_Loss 0.2460 (0.2963)	Prec@1 95.312 (92.491)	
Epoch: [0][2560/4095]	 lr:0.01000	Time 0.104 (0.104)	Loss 0.0932 (0.0578)	KL_Loss 0.1412 (0.1621)	Feat_map_Loss 0.4551 (0.3724)	Overall_Loss 0.3447 (0.2961)	Prec@1 93.750 (92.504)	
Epoch: [0][2570/4095]	 lr:0.01000	Time 0.105 (0.104)	Loss 0.0657 (0.0577)	KL_Loss 0.1348 (0.1618)	Feat_map_Loss 0.4113 (0.3722)	Overall_Loss 0.3059 (0.2959)	Prec@1 93.750 (92.514)	
Epoch: [0][2580/4095]	 lr:0.01000	Time 0.106 (0.104)	Loss 0.0503 (0.0576)	KL_Loss 0.1215 (0.1615)	Feat_map_Loss 0.4526 (0.3722)	Overall_Loss 0.3122 (0.2957)	Prec@1 93.750 (92.525)	
Epoch: [0][2590/4095]	 lr:0.01000	Time 0.104 (0.104)	Loss 0.0284 (0.0574)	KL_Loss 0.1017 (0.1613)	Feat_map_Loss 0.4270 (0.3722)	Overall_Loss 0.2785 (0.2954)	Prec@1 92.188 (92.537)	
Epoch: [0][2600/4095]	 lr:0.01000	Time 0.101 (0.104)	Loss 0.0055 (0.0573)	KL_Loss 0.0676 (0.1610)	Feat_map_Loss 0.4269 (0.3722)	Overall_Loss 0.2500 (0.2953)	Prec@1 98.438 (92.549)	
Epoch: [0][2610/4095]	 lr:0.01000	Time 0.100 (0.104)	Loss 0.0153 (0.0572)	KL_Loss 0.0642 (0.1607)	Feat_map_Loss 0.3104 (0.3721)	Overall_Loss 0.1950 (0.2950)	Prec@1 95.312 (92.564)	
Epoch: [0][2620/4095]	 lr:0.01000	Time 0.106 (0.104)	Loss 0.0077 (0.0572)	KL_Loss 0.0606 (0.1605)	Feat_map_Loss 0.3774 (0.3721)	Overall_Loss 0.2228 (0.2949)	Prec@1 96.875 (92.575)	
Epoch: [0][2630/4095]	 lr:0.01000	Time 0.098 (0.104)	Loss 0.0011 (0.0570)	KL_Loss 0.0426 (0.1601)	Feat_map_Loss 0.4247 (0.3722)	Overall_Loss 0.2342 (0.2946)	Prec@1 100.000 (92.594)	
Epoch: [0][2640/4095]	 lr:0.01000	Time 0.102 (0.104)	Loss 0.0308 (0.0568)	KL_Loss 0.0776 (0.1598)	Feat_map_Loss 0.3626 (0.3721)	Overall_Loss 0.2355 (0.2943)	Prec@1 96.875 (92.611)	
Epoch: [0][2650/4095]	 lr:0.01000	Time 0.096 (0.104)	Loss 0.0035 (0.0567)	KL_Loss 0.0614 (0.1594)	Feat_map_Loss 0.3460 (0.3720)	Overall_Loss 0.2054 (0.2941)	Prec@1 100.000 (92.630)	
Epoch: [0][2660/4095]	 lr:0.01000	Time 0.097 (0.104)	Loss 0.0023 (0.0566)	KL_Loss 0.0393 (0.1591)	Feat_map_Loss 0.2925 (0.3718)	Overall_Loss 0.1671 (0.2938)	Prec@1 100.000 (92.647)	
Epoch: [0][2670/4095]	 lr:0.01000	Time 0.101 (0.104)	Loss 0.0189 (0.0564)	KL_Loss 0.0876 (0.1588)	Feat_map_Loss 0.3267 (0.3718)	Overall_Loss 0.2166 (0.2935)	Prec@1 96.875 (92.663)	
Epoch: [0][2680/4095]	 lr:0.01000	Time 0.102 (0.104)	Loss 0.0162 (0.0563)	KL_Loss 0.0890 (0.1585)	Feat_map_Loss 0.3977 (0.3718)	Overall_Loss 0.2514 (0.2933)	Prec@1 96.875 (92.676)	
Epoch: [0][2690/4095]	 lr:0.01000	Time 0.102 (0.104)	Loss 0.0139 (0.0561)	KL_Loss 0.0646 (0.1582)	Feat_map_Loss 0.3173 (0.3716)	Overall_Loss 0.1979 (0.2930)	Prec@1 95.312 (92.693)	
Epoch: [0][2700/4095]	 lr:0.01000	Time 0.100 (0.104)	Loss 0.0005 (0.0561)	KL_Loss 0.0414 (0.1579)	Feat_map_Loss 0.3806 (0.3716)	Overall_Loss 0.2113 (0.2928)	Prec@1 100.000 (92.708)	
Epoch: [0][2710/4095]	 lr:0.01000	Time 0.100 (0.104)	Loss 0.0271 (0.0559)	KL_Loss 0.0909 (0.1577)	Feat_map_Loss 0.3117 (0.3716)	Overall_Loss 0.2148 (0.2926)	Prec@1 93.750 (92.720)	
Epoch: [0][2720/4095]	 lr:0.01000	Time 0.099 (0.104)	Loss 0.0094 (0.0558)	KL_Loss 0.0904 (0.1574)	Feat_map_Loss 0.3861 (0.3716)	Overall_Loss 0.2429 (0.2924)	Prec@1 96.875 (92.728)	
Epoch: [0][2730/4095]	 lr:0.01000	Time 0.119 (0.104)	Loss 0.0251 (0.0557)	KL_Loss 0.0739 (0.1571)	Feat_map_Loss 0.4048 (0.3716)	Overall_Loss 0.2519 (0.2922)	Prec@1 95.312 (92.740)	
Epoch: [0][2740/4095]	 lr:0.01000	Time 0.100 (0.104)	Loss 0.0187 (0.0556)	KL_Loss 0.0862 (0.1569)	Feat_map_Loss 0.2914 (0.3715)	Overall_Loss 0.1981 (0.2920)	Prec@1 96.875 (92.754)	
Epoch: [0][2750/4095]	 lr:0.01000	Time 0.101 (0.104)	Loss 0.0043 (0.0554)	KL_Loss 0.0454 (0.1565)	Feat_map_Loss 0.3465 (0.3715)	Overall_Loss 0.1981 (0.2917)	Prec@1 98.438 (92.768)	
Epoch: [0][2760/4095]	 lr:0.01000	Time 0.105 (0.104)	Loss 0.0391 (0.0553)	KL_Loss 0.0897 (0.1562)	Feat_map_Loss 0.4018 (0.3715)	Overall_Loss 0.2653 (0.2915)	Prec@1 95.312 (92.781)	
Epoch: [0][2770/4095]	 lr:0.01000	Time 0.101 (0.104)	Loss 0.0021 (0.0551)	KL_Loss 0.0432 (0.1559)	Feat_map_Loss 0.3583 (0.3715)	Overall_Loss 0.2018 (0.2913)	Prec@1 100.000 (92.798)	
Epoch: [0][2780/4095]	 lr:0.01000	Time 0.098 (0.104)	Loss 0.0061 (0.0550)	KL_Loss 0.0543 (0.1557)	Feat_map_Loss 0.3200 (0.3714)	Overall_Loss 0.1902 (0.2911)	Prec@1 98.438 (92.809)	
Epoch: [0][2790/4095]	 lr:0.01000	Time 0.098 (0.104)	Loss 0.0539 (0.0549)	KL_Loss 0.1111 (0.1554)	Feat_map_Loss 0.3250 (0.3712)	Overall_Loss 0.2450 (0.2908)	Prec@1 95.312 (92.823)	
Epoch: [0][2800/4095]	 lr:0.01000	Time 0.096 (0.104)	Loss 0.0033 (0.0548)	KL_Loss 0.0573 (0.1550)	Feat_map_Loss 0.3221 (0.3712)	Overall_Loss 0.1914 (0.2905)	Prec@1 100.000 (92.838)	
Epoch: [0][2810/4095]	 lr:0.01000	Time 0.095 (0.104)	Loss 0.0813 (0.0547)	KL_Loss 0.1257 (0.1548)	Feat_map_Loss 0.2991 (0.3711)	Overall_Loss 0.2531 (0.2903)	Prec@1 93.750 (92.851)	
Epoch: [0][2820/4095]	 lr:0.01000	Time 0.099 (0.104)	Loss 0.0328 (0.0546)	KL_Loss 0.0991 (0.1545)	Feat_map_Loss 0.3848 (0.3710)	Overall_Loss 0.2584 (0.2900)	Prec@1 95.312 (92.865)	
Epoch: [0][2830/4095]	 lr:0.01000	Time 0.100 (0.104)	Loss 0.0003 (0.0545)	KL_Loss 0.0283 (0.1542)	Feat_map_Loss 0.2525 (0.3709)	Overall_Loss 0.1405 (0.2898)	Prec@1 100.000 (92.879)	
Epoch: [0][2840/4095]	 lr:0.01000	Time 0.098 (0.104)	Loss 0.0119 (0.0543)	KL_Loss 0.0906 (0.1540)	Feat_map_Loss 0.3704 (0.3708)	Overall_Loss 0.2364 (0.2896)	Prec@1 93.750 (92.892)	
Epoch: [0][2850/4095]	 lr:0.01000	Time 0.099 (0.104)	Loss 0.0315 (0.0542)	KL_Loss 0.0796 (0.1537)	Feat_map_Loss 0.3425 (0.3707)	Overall_Loss 0.2268 (0.2893)	Prec@1 96.875 (92.908)	
Epoch: [0][2860/4095]	 lr:0.01000	Time 0.092 (0.104)	Loss 0.0365 (0.0541)	KL_Loss 0.1242 (0.1534)	Feat_map_Loss 0.4868 (0.3707)	Overall_Loss 0.3238 (0.2891)	Prec@1 95.312 (92.922)	
Epoch: [0][2870/4095]	 lr:0.01000	Time 0.095 (0.104)	Loss 0.0326 (0.0540)	KL_Loss 0.0773 (0.1532)	Feat_map_Loss 0.3666 (0.3706)	Overall_Loss 0.2382 (0.2889)	Prec@1 96.875 (92.932)	
Epoch: [0][2880/4095]	 lr:0.01000	Time 0.097 (0.104)	Loss 0.0134 (0.0539)	KL_Loss 0.0810 (0.1530)	Feat_map_Loss 0.2938 (0.3705)	Overall_Loss 0.1941 (0.2887)	Prec@1 95.312 (92.942)	
Epoch: [0][2890/4095]	 lr:0.01000	Time 0.098 (0.104)	Loss 0.0065 (0.0538)	KL_Loss 0.0522 (0.1528)	Feat_map_Loss 0.3191 (0.3705)	Overall_Loss 0.1889 (0.2886)	Prec@1 96.875 (92.951)	
Epoch: [0][2900/4095]	 lr:0.01000	Time 0.101 (0.104)	Loss 0.0178 (0.0537)	KL_Loss 0.0810 (0.1525)	Feat_map_Loss 0.3869 (0.3705)	Overall_Loss 0.2429 (0.2884)	Prec@1 95.312 (92.963)	
Epoch: [0][2910/4095]	 lr:0.01000	Time 0.099 (0.104)	Loss 0.0050 (0.0536)	KL_Loss 0.0513 (0.1522)	Feat_map_Loss 0.4300 (0.3704)	Overall_Loss 0.2432 (0.2881)	Prec@1 98.438 (92.976)	
Epoch: [0][2920/4095]	 lr:0.01000	Time 0.094 (0.104)	Loss 0.0124 (0.0535)	KL_Loss 0.0382 (0.1519)	Feat_map_Loss 0.3457 (0.3703)	Overall_Loss 0.1981 (0.2879)	Prec@1 98.438 (92.992)	
Epoch: [0][2930/4095]	 lr:0.01000	Time 0.104 (0.104)	Loss 0.0652 (0.0534)	KL_Loss 0.1057 (0.1516)	Feat_map_Loss 0.3584 (0.3703)	Overall_Loss 0.2646 (0.2876)	Prec@1 95.312 (93.009)	
Epoch: [0][2940/4095]	 lr:0.01000	Time 0.097 (0.104)	Loss 0.0524 (0.0532)	KL_Loss 0.0923 (0.1513)	Feat_map_Loss 0.3242 (0.3702)	Overall_Loss 0.2344 (0.2874)	Prec@1 96.875 (93.026)	
Epoch: [0][2950/4095]	 lr:0.01000	Time 0.100 (0.104)	Loss 0.0096 (0.0531)	KL_Loss 0.0623 (0.1510)	Feat_map_Loss 0.4352 (0.3702)	Overall_Loss 0.2536 (0.2872)	Prec@1 96.875 (93.043)	
Epoch: [0][2960/4095]	 lr:0.01000	Time 0.101 (0.104)	Loss 0.0080 (0.0530)	KL_Loss 0.0676 (0.1508)	Feat_map_Loss 0.3195 (0.3702)	Overall_Loss 0.1976 (0.2870)	Prec@1 96.875 (93.056)	
Epoch: [0][2970/4095]	 lr:0.01000	Time 0.102 (0.104)	Loss 0.0193 (0.0529)	KL_Loss 0.0727 (0.1505)	Feat_map_Loss 0.3953 (0.3701)	Overall_Loss 0.2436 (0.2868)	Prec@1 98.438 (93.069)	
Epoch: [0][2980/4095]	 lr:0.01000	Time 0.101 (0.104)	Loss 0.0113 (0.0528)	KL_Loss 0.0625 (0.1503)	Feat_map_Loss 0.2730 (0.3700)	Overall_Loss 0.1734 (0.2865)	Prec@1 98.438 (93.082)	
Epoch: [0][2990/4095]	 lr:0.01000	Time 0.103 (0.104)	Loss 0.0183 (0.0527)	KL_Loss 0.0584 (0.1500)	Feat_map_Loss 0.2519 (0.3700)	Overall_Loss 0.1643 (0.2863)	Prec@1 96.875 (93.092)	
Epoch: [0][3000/4095]	 lr:0.01000	Time 0.104 (0.104)	Loss 0.0169 (0.0525)	KL_Loss 0.0969 (0.1497)	Feat_map_Loss 0.3294 (0.3699)	Overall_Loss 0.2216 (0.2861)	Prec@1 95.312 (93.105)	
Epoch: [0][3010/4095]	 lr:0.01000	Time 0.106 (0.104)	Loss 0.0012 (0.0524)	KL_Loss 0.0289 (0.1495)	Feat_map_Loss 0.3062 (0.3698)	Overall_Loss 0.1682 (0.2858)	Prec@1 100.000 (93.116)	
Epoch: [0][3020/4095]	 lr:0.01000	Time 0.101 (0.104)	Loss 0.0132 (0.0523)	KL_Loss 0.0760 (0.1492)	Feat_map_Loss 0.4331 (0.3698)	Overall_Loss 0.2612 (0.2857)	Prec@1 95.312 (93.126)	
Epoch: [0][3030/4095]	 lr:0.01000	Time 0.106 (0.104)	Loss 0.0066 (0.0522)	KL_Loss 0.0623 (0.1490)	Feat_map_Loss 0.3007 (0.3697)	Overall_Loss 0.1848 (0.2855)	Prec@1 98.438 (93.139)	
Epoch: [0][3040/4095]	 lr:0.01000	Time 0.109 (0.104)	Loss 0.0157 (0.0521)	KL_Loss 0.0703 (0.1487)	Feat_map_Loss 0.3939 (0.3697)	Overall_Loss 0.2399 (0.2853)	Prec@1 95.312 (93.152)	
Epoch: [0][3050/4095]	 lr:0.01000	Time 0.105 (0.104)	Loss 0.0026 (0.0520)	KL_Loss 0.0465 (0.1485)	Feat_map_Loss 0.3278 (0.3697)	Overall_Loss 0.1884 (0.2851)	Prec@1 98.438 (93.165)	
Epoch: [0][3060/4095]	 lr:0.01000	Time 0.102 (0.104)	Loss 0.0162 (0.0519)	KL_Loss 0.0434 (0.1482)	Feat_map_Loss 0.2727 (0.3696)	Overall_Loss 0.1661 (0.2848)	Prec@1 98.438 (93.178)	
Epoch: [0][3070/4095]	 lr:0.01000	Time 0.102 (0.104)	Loss 0.0092 (0.0518)	KL_Loss 0.0547 (0.1479)	Feat_map_Loss 0.2479 (0.3694)	Overall_Loss 0.1559 (0.2846)	Prec@1 98.438 (93.192)	
Epoch: [0][3080/4095]	 lr:0.01000	Time 0.107 (0.104)	Loss 0.0189 (0.0517)	KL_Loss 0.0537 (0.1476)	Feat_map_Loss 0.3493 (0.3693)	Overall_Loss 0.2110 (0.2843)	Prec@1 96.875 (93.204)	
Epoch: [0][3090/4095]	 lr:0.01000	Time 0.106 (0.104)	Loss 0.0255 (0.0516)	KL_Loss 0.0902 (0.1474)	Feat_map_Loss 0.3970 (0.3693)	Overall_Loss 0.2564 (0.2841)	Prec@1 96.875 (93.214)	
Epoch: [0][3100/4095]	 lr:0.01000	Time 0.101 (0.104)	Loss 0.0038 (0.0515)	KL_Loss 0.0430 (0.1472)	Feat_map_Loss 0.3347 (0.3691)	Overall_Loss 0.1907 (0.2839)	Prec@1 98.438 (93.226)	
Epoch: [0][3110/4095]	 lr:0.01000	Time 0.097 (0.104)	Loss 0.0044 (0.0515)	KL_Loss 0.0632 (0.1470)	Feat_map_Loss 0.3050 (0.3691)	Overall_Loss 0.1863 (0.2838)	Prec@1 98.438 (93.238)	
Epoch: [0][3120/4095]	 lr:0.01000	Time 0.100 (0.104)	Loss 0.0130 (0.0514)	KL_Loss 0.0629 (0.1468)	Feat_map_Loss 0.3448 (0.3691)	Overall_Loss 0.2103 (0.2837)	Prec@1 95.312 (93.247)	
Epoch: [0][3130/4095]	 lr:0.01000	Time 0.100 (0.104)	Loss 0.0122 (0.0513)	KL_Loss 0.0702 (0.1466)	Feat_map_Loss 0.3954 (0.3691)	Overall_Loss 0.2389 (0.2835)	Prec@1 98.438 (93.258)	
Epoch: [0][3140/4095]	 lr:0.01000	Time 0.103 (0.104)	Loss 0.0045 (0.0512)	KL_Loss 0.0417 (0.1464)	Feat_map_Loss 0.3671 (0.3691)	Overall_Loss 0.2066 (0.2833)	Prec@1 98.438 (93.268)	
Epoch: [0][3150/4095]	 lr:0.01000	Time 0.102 (0.104)	Loss 0.0078 (0.0511)	KL_Loss 0.0534 (0.1461)	Feat_map_Loss 0.4155 (0.3690)	Overall_Loss 0.2383 (0.2831)	Prec@1 96.875 (93.282)	
Epoch: [0][3160/4095]	 lr:0.01000	Time 0.106 (0.104)	Loss 0.0246 (0.0510)	KL_Loss 0.0824 (0.1459)	Feat_map_Loss 0.3801 (0.3690)	Overall_Loss 0.2436 (0.2829)	Prec@1 96.875 (93.291)	
Epoch: [0][3170/4095]	 lr:0.01000	Time 0.103 (0.104)	Loss 0.0272 (0.0509)	KL_Loss 0.1103 (0.1457)	Feat_map_Loss 0.4531 (0.3690)	Overall_Loss 0.2953 (0.2828)	Prec@1 93.750 (93.301)	
Epoch: [0][3180/4095]	 lr:0.01000	Time 0.101 (0.104)	Loss 0.0015 (0.0508)	KL_Loss 0.0529 (0.1455)	Feat_map_Loss 0.4217 (0.3690)	Overall_Loss 0.2381 (0.2826)	Prec@1 100.000 (93.313)	
Epoch: [0][3190/4095]	 lr:0.01000	Time 0.103 (0.104)	Loss 0.0128 (0.0508)	KL_Loss 0.0803 (0.1452)	Feat_map_Loss 0.3177 (0.3690)	Overall_Loss 0.2053 (0.2825)	Prec@1 98.438 (93.325)	
Epoch: [0][3200/4095]	 lr:0.01000	Time 0.098 (0.104)	Loss 0.0139 (0.0507)	KL_Loss 0.0832 (0.1450)	Feat_map_Loss 0.3734 (0.3689)	Overall_Loss 0.2353 (0.2823)	Prec@1 95.312 (93.335)	
Epoch: [0][3210/4095]	 lr:0.01000	Time 0.099 (0.104)	Loss 0.0013 (0.0506)	KL_Loss 0.0337 (0.1448)	Feat_map_Loss 0.3229 (0.3689)	Overall_Loss 0.1789 (0.2821)	Prec@1 100.000 (93.348)	
Epoch: [0][3220/4095]	 lr:0.01000	Time 0.103 (0.104)	Loss 0.0086 (0.0505)	KL_Loss 0.0512 (0.1446)	Feat_map_Loss 0.3923 (0.3688)	Overall_Loss 0.2261 (0.2819)	Prec@1 96.875 (93.356)	
Epoch: [0][3230/4095]	 lr:0.01000	Time 0.100 (0.104)	Loss 0.0860 (0.0504)	KL_Loss 0.1416 (0.1444)	Feat_map_Loss 0.3404 (0.3688)	Overall_Loss 0.2839 (0.2818)	Prec@1 93.750 (93.363)	
Epoch: [0][3240/4095]	 lr:0.01000	Time 0.098 (0.104)	Loss 0.0084 (0.0503)	KL_Loss 0.0749 (0.1443)	Feat_map_Loss 0.3726 (0.3688)	Overall_Loss 0.2279 (0.2817)	Prec@1 96.875 (93.373)	
Epoch: [0][3250/4095]	 lr:0.01000	Time 0.100 (0.104)	Loss 0.0017 (0.0502)	KL_Loss 0.0551 (0.1441)	Feat_map_Loss 0.3985 (0.3688)	Overall_Loss 0.2276 (0.2816)	Prec@1 100.000 (93.380)	
Epoch: [0][3260/4095]	 lr:0.01000	Time 0.101 (0.104)	Loss 0.0009 (0.0502)	KL_Loss 0.0401 (0.1439)	Feat_map_Loss 0.3822 (0.3688)	Overall_Loss 0.2116 (0.2815)	Prec@1 100.000 (93.389)	
Epoch: [0][3270/4095]	 lr:0.01000	Time 0.101 (0.104)	Loss 0.0052 (0.0502)	KL_Loss 0.0657 (0.1438)	Feat_map_Loss 0.2999 (0.3688)	Overall_Loss 0.1854 (0.2814)	Prec@1 98.438 (93.397)	
Epoch: [0][3280/4095]	 lr:0.01000	Time 0.101 (0.104)	Loss 0.0096 (0.0501)	KL_Loss 0.0636 (0.1435)	Feat_map_Loss 0.3311 (0.3688)	Overall_Loss 0.2021 (0.2812)	Prec@1 98.438 (93.410)	
Epoch: [0][3290/4095]	 lr:0.01000	Time 0.101 (0.104)	Loss 0.0362 (0.0500)	KL_Loss 0.0885 (0.1433)	Feat_map_Loss 0.4052 (0.3688)	Overall_Loss 0.2649 (0.2811)	Prec@1 96.875 (93.419)	
Epoch: [0][3300/4095]	 lr:0.01000	Time 0.098 (0.104)	Loss 0.0003 (0.0499)	KL_Loss 0.0262 (0.1431)	Feat_map_Loss 0.2078 (0.3687)	Overall_Loss 0.1172 (0.2809)	Prec@1 100.000 (93.430)	
Epoch: [0][3310/4095]	 lr:0.01000	Time 0.100 (0.104)	Loss 0.0855 (0.0498)	KL_Loss 0.1277 (0.1430)	Feat_map_Loss 0.4011 (0.3687)	Overall_Loss 0.3072 (0.2808)	Prec@1 93.750 (93.437)	
Epoch: [0][3320/4095]	 lr:0.01000	Time 0.102 (0.104)	Loss 0.0128 (0.0498)	KL_Loss 0.0807 (0.1428)	Feat_map_Loss 0.3374 (0.3687)	Overall_Loss 0.2154 (0.2806)	Prec@1 96.875 (93.447)	
Epoch: [0][3330/4095]	 lr:0.01000	Time 0.100 (0.104)	Loss 0.0100 (0.0497)	KL_Loss 0.0649 (0.1426)	Feat_map_Loss 0.3039 (0.3687)	Overall_Loss 0.1894 (0.2805)	Prec@1 96.875 (93.457)	
Epoch: [0][3340/4095]	 lr:0.01000	Time 0.101 (0.104)	Loss 0.0407 (0.0496)	KL_Loss 0.0753 (0.1424)	Feat_map_Loss 0.3319 (0.3686)	Overall_Loss 0.2240 (0.2803)	Prec@1 93.750 (93.466)	
Epoch: [0][3350/4095]	 lr:0.01000	Time 0.097 (0.104)	Loss 0.0037 (0.0495)	KL_Loss 0.0399 (0.1422)	Feat_map_Loss 0.3703 (0.3686)	Overall_Loss 0.2070 (0.2802)	Prec@1 98.438 (93.474)	
Epoch: [0][3360/4095]	 lr:0.01000	Time 0.098 (0.104)	Loss 0.0558 (0.0494)	KL_Loss 0.1243 (0.1420)	Feat_map_Loss 0.3996 (0.3686)	Overall_Loss 0.2899 (0.2800)	Prec@1 92.188 (93.485)	
Epoch: [0][3370/4095]	 lr:0.01000	Time 0.103 (0.104)	Loss 0.0039 (0.0494)	KL_Loss 0.0670 (0.1418)	Feat_map_Loss 0.3768 (0.3686)	Overall_Loss 0.2238 (0.2799)	Prec@1 100.000 (93.496)	
Epoch: [0][3380/4095]	 lr:0.01000	Time 0.097 (0.104)	Loss 0.0098 (0.0493)	KL_Loss 0.0510 (0.1416)	Feat_map_Loss 0.2795 (0.3685)	Overall_Loss 0.1702 (0.2797)	Prec@1 98.438 (93.507)	
Epoch: [0][3390/4095]	 lr:0.01000	Time 0.106 (0.104)	Loss 0.0053 (0.0492)	KL_Loss 0.0586 (0.1414)	Feat_map_Loss 0.4051 (0.3685)	Overall_Loss 0.2345 (0.2795)	Prec@1 98.438 (93.519)	
Epoch: [0][3400/4095]	 lr:0.01000	Time 0.103 (0.104)	Loss 0.0135 (0.0491)	KL_Loss 0.0778 (0.1412)	Feat_map_Loss 0.3485 (0.3685)	Overall_Loss 0.2199 (0.2794)	Prec@1 93.750 (93.526)	
Epoch: [0][3410/4095]	 lr:0.01000	Time 0.099 (0.104)	Loss 0.0333 (0.0490)	KL_Loss 0.0850 (0.1410)	Feat_map_Loss 0.3232 (0.3685)	Overall_Loss 0.2208 (0.2792)	Prec@1 95.312 (93.536)	
Epoch: [0][3420/4095]	 lr:0.01000	Time 0.099 (0.104)	Loss 0.0042 (0.0489)	KL_Loss 0.0435 (0.1408)	Feat_map_Loss 0.3600 (0.3684)	Overall_Loss 0.2039 (0.2791)	Prec@1 98.438 (93.545)	
Epoch: [0][3430/4095]	 lr:0.01000	Time 0.098 (0.104)	Loss 0.0251 (0.0488)	KL_Loss 0.0761 (0.1406)	Feat_map_Loss 0.3702 (0.3683)	Overall_Loss 0.2357 (0.2789)	Prec@1 95.312 (93.554)	
Epoch: [0][3440/4095]	 lr:0.01000	Time 0.106 (0.104)	Loss 0.0200 (0.0487)	KL_Loss 0.0699 (0.1404)	Feat_map_Loss 0.3337 (0.3682)	Overall_Loss 0.2118 (0.2787)	Prec@1 98.438 (93.566)	
Epoch: [0][3450/4095]	 lr:0.01000	Time 0.100 (0.104)	Loss 0.0377 (0.0487)	KL_Loss 0.0835 (0.1401)	Feat_map_Loss 0.3410 (0.3682)	Overall_Loss 0.2311 (0.2785)	Prec@1 98.438 (93.577)	
Epoch: [0][3460/4095]	 lr:0.01000	Time 0.101 (0.104)	Loss 0.0338 (0.0486)	KL_Loss 0.0908 (0.1399)	Feat_map_Loss 0.3831 (0.3681)	Overall_Loss 0.2538 (0.2783)	Prec@1 95.312 (93.588)	
Epoch: [0][3470/4095]	 lr:0.01000	Time 0.105 (0.104)	Loss 0.0050 (0.0485)	KL_Loss 0.0523 (0.1397)	Feat_map_Loss 0.4010 (0.3680)	Overall_Loss 0.2291 (0.2781)	Prec@1 98.438 (93.599)	
Epoch: [0][3480/4095]	 lr:0.01000	Time 0.102 (0.104)	Loss 0.0009 (0.0484)	KL_Loss 0.0427 (0.1395)	Feat_map_Loss 0.3523 (0.3681)	Overall_Loss 0.1980 (0.2780)	Prec@1 100.000 (93.610)	
Epoch: [0][3490/4095]	 lr:0.01000	Time 0.099 (0.104)	Loss 0.0049 (0.0483)	KL_Loss 0.0444 (0.1393)	Feat_map_Loss 0.3472 (0.3680)	Overall_Loss 0.1982 (0.2778)	Prec@1 98.438 (93.622)	
Epoch: [0][3500/4095]	 lr:0.01000	Time 0.100 (0.104)	Loss 0.0021 (0.0482)	KL_Loss 0.0379 (0.1390)	Feat_map_Loss 0.3606 (0.3680)	Overall_Loss 0.2003 (0.2776)	Prec@1 98.438 (93.634)	
Epoch: [0][3510/4095]	 lr:0.01000	Time 0.101 (0.104)	Loss 0.0022 (0.0481)	KL_Loss 0.0379 (0.1388)	Feat_map_Loss 0.2887 (0.3679)	Overall_Loss 0.1644 (0.2774)	Prec@1 100.000 (93.648)	
Epoch: [0][3520/4095]	 lr:0.01000	Time 0.101 (0.104)	Loss 0.0047 (0.0480)	KL_Loss 0.0432 (0.1386)	Feat_map_Loss 0.3038 (0.3679)	Overall_Loss 0.1758 (0.2773)	Prec@1 98.438 (93.655)	
Epoch: [0][3530/4095]	 lr:0.01000	Time 0.105 (0.104)	Loss 0.0516 (0.0480)	KL_Loss 0.0652 (0.1384)	Feat_map_Loss 0.3757 (0.3679)	Overall_Loss 0.2463 (0.2771)	Prec@1 93.750 (93.664)	
Epoch: [0][3540/4095]	 lr:0.01000	Time 0.101 (0.104)	Loss 0.0043 (0.0479)	KL_Loss 0.0392 (0.1382)	Feat_map_Loss 0.4405 (0.3678)	Overall_Loss 0.2420 (0.2769)	Prec@1 98.438 (93.674)	
Epoch: [0][3550/4095]	 lr:0.01000	Time 0.105 (0.104)	Loss 0.0372 (0.0478)	KL_Loss 0.0580 (0.1380)	Feat_map_Loss 0.2781 (0.3678)	Overall_Loss 0.1867 (0.2768)	Prec@1 98.438 (93.682)	
Epoch: [0][3560/4095]	 lr:0.01000	Time 0.103 (0.104)	Loss 0.0054 (0.0478)	KL_Loss 0.0619 (0.1379)	Feat_map_Loss 0.3179 (0.3678)	Overall_Loss 0.1926 (0.2767)	Prec@1 96.875 (93.689)	
Epoch: [0][3570/4095]	 lr:0.01000	Time 0.102 (0.104)	Loss 0.0327 (0.0477)	KL_Loss 0.0680 (0.1377)	Feat_map_Loss 0.3279 (0.3677)	Overall_Loss 0.2144 (0.2765)	Prec@1 96.875 (93.699)	
Epoch: [0][3580/4095]	 lr:0.01000	Time 0.103 (0.104)	Loss 0.0304 (0.0476)	KL_Loss 0.0838 (0.1374)	Feat_map_Loss 0.3407 (0.3676)	Overall_Loss 0.2274 (0.2763)	Prec@1 95.312 (93.709)	
Epoch: [0][3590/4095]	 lr:0.01000	Time 0.107 (0.104)	Loss 0.0579 (0.0475)	KL_Loss 0.0999 (0.1373)	Feat_map_Loss 0.4075 (0.3676)	Overall_Loss 0.2827 (0.2762)	Prec@1 96.875 (93.720)	
Epoch: [0][3600/4095]	 lr:0.01000	Time 0.101 (0.104)	Loss 0.0069 (0.0474)	KL_Loss 0.0573 (0.1370)	Feat_map_Loss 0.3711 (0.3675)	Overall_Loss 0.2177 (0.2760)	Prec@1 98.438 (93.734)	
Epoch: [0][3610/4095]	 lr:0.01000	Time 0.097 (0.104)	Loss 0.0274 (0.0473)	KL_Loss 0.0724 (0.1368)	Feat_map_Loss 0.3537 (0.3675)	Overall_Loss 0.2268 (0.2758)	Prec@1 95.312 (93.744)	
Epoch: [0][3620/4095]	 lr:0.01000	Time 0.102 (0.104)	Loss 0.0302 (0.0473)	KL_Loss 0.0901 (0.1367)	Feat_map_Loss 0.3515 (0.3674)	Overall_Loss 0.2359 (0.2757)	Prec@1 96.875 (93.751)	
Epoch: [0][3630/4095]	 lr:0.01000	Time 0.108 (0.104)	Loss 0.0337 (0.0472)	KL_Loss 0.0694 (0.1365)	Feat_map_Loss 0.3406 (0.3675)	Overall_Loss 0.2219 (0.2756)	Prec@1 95.312 (93.758)	
Epoch: [0][3640/4095]	 lr:0.01000	Time 0.101 (0.104)	Loss 0.0052 (0.0471)	KL_Loss 0.0513 (0.1363)	Feat_map_Loss 0.3827 (0.3674)	Overall_Loss 0.2196 (0.2754)	Prec@1 98.438 (93.763)	
Epoch: [0][3650/4095]	 lr:0.01000	Time 0.103 (0.104)	Loss 0.0119 (0.0471)	KL_Loss 0.0595 (0.1361)	Feat_map_Loss 0.3713 (0.3674)	Overall_Loss 0.2214 (0.2753)	Prec@1 96.875 (93.772)	
Epoch: [0][3660/4095]	 lr:0.01000	Time 0.105 (0.104)	Loss 0.0084 (0.0470)	KL_Loss 0.0639 (0.1360)	Feat_map_Loss 0.2577 (0.3673)	Overall_Loss 0.1650 (0.2751)	Prec@1 98.438 (93.781)	
Epoch: [0][3670/4095]	 lr:0.01000	Time 0.107 (0.104)	Loss 0.0225 (0.0469)	KL_Loss 0.0835 (0.1358)	Feat_map_Loss 0.3209 (0.3672)	Overall_Loss 0.2135 (0.2750)	Prec@1 92.188 (93.790)	
Epoch: [0][3680/4095]	 lr:0.01000	Time 0.103 (0.104)	Loss 0.0100 (0.0468)	KL_Loss 0.0743 (0.1356)	Feat_map_Loss 0.2393 (0.3672)	Overall_Loss 0.1618 (0.2748)	Prec@1 96.875 (93.798)	
Epoch: [0][3690/4095]	 lr:0.01000	Time 0.101 (0.104)	Loss 0.0158 (0.0468)	KL_Loss 0.0796 (0.1354)	Feat_map_Loss 0.3489 (0.3671)	Overall_Loss 0.2221 (0.2747)	Prec@1 95.312 (93.807)	
Epoch: [0][3700/4095]	 lr:0.01000	Time 0.099 (0.103)	Loss 0.0069 (0.0467)	KL_Loss 0.0621 (0.1353)	Feat_map_Loss 0.4248 (0.3671)	Overall_Loss 0.2469 (0.2745)	Prec@1 98.438 (93.816)	
Epoch: [0][3710/4095]	 lr:0.01000	Time 0.105 (0.103)	Loss 0.0022 (0.0466)	KL_Loss 0.0444 (0.1350)	Feat_map_Loss 0.3887 (0.3670)	Overall_Loss 0.2176 (0.2743)	Prec@1 100.000 (93.828)	
Epoch: [0][3720/4095]	 lr:0.01000	Time 0.102 (0.103)	Loss 0.0095 (0.0466)	KL_Loss 0.0592 (0.1349)	Feat_map_Loss 0.3336 (0.3669)	Overall_Loss 0.2012 (0.2742)	Prec@1 98.438 (93.834)	
Epoch: [0][3730/4095]	 lr:0.01000	Time 0.100 (0.103)	Loss 0.0101 (0.0465)	KL_Loss 0.0509 (0.1347)	Feat_map_Loss 0.3811 (0.3668)	Overall_Loss 0.2211 (0.2740)	Prec@1 98.438 (93.843)	
Epoch: [0][3740/4095]	 lr:0.01000	Time 0.103 (0.103)	Loss 0.0122 (0.0464)	KL_Loss 0.0815 (0.1345)	Feat_map_Loss 0.4088 (0.3668)	Overall_Loss 0.2513 (0.2739)	Prec@1 92.188 (93.853)	
Epoch: [0][3750/4095]	 lr:0.01000	Time 0.098 (0.103)	Loss 0.0076 (0.0463)	KL_Loss 0.0522 (0.1343)	Feat_map_Loss 0.3432 (0.3668)	Overall_Loss 0.2015 (0.2737)	Prec@1 98.438 (93.863)	
Epoch: [0][3760/4095]	 lr:0.01000	Time 0.101 (0.103)	Loss 0.0139 (0.0462)	KL_Loss 0.0691 (0.1341)	Feat_map_Loss 0.4172 (0.3668)	Overall_Loss 0.2501 (0.2735)	Prec@1 96.875 (93.873)	
Epoch: [0][3770/4095]	 lr:0.01000	Time 0.101 (0.103)	Loss 0.0279 (0.0461)	KL_Loss 0.0924 (0.1339)	Feat_map_Loss 0.3755 (0.3667)	Overall_Loss 0.2479 (0.2734)	Prec@1 93.750 (93.883)	
Epoch: [0][3780/4095]	 lr:0.01000	Time 0.098 (0.103)	Loss 0.0263 (0.0461)	KL_Loss 0.0611 (0.1337)	Feat_map_Loss 0.3999 (0.3668)	Overall_Loss 0.2436 (0.2733)	Prec@1 96.875 (93.892)	
Epoch: [0][3790/4095]	 lr:0.01000	Time 0.103 (0.103)	Loss 0.0104 (0.0460)	KL_Loss 0.0569 (0.1336)	Feat_map_Loss 0.3410 (0.3668)	Overall_Loss 0.2042 (0.2732)	Prec@1 98.438 (93.901)	
Epoch: [0][3800/4095]	 lr:0.01000	Time 0.101 (0.103)	Loss 0.0057 (0.0459)	KL_Loss 0.0589 (0.1333)	Feat_map_Loss 0.3522 (0.3667)	Overall_Loss 0.2084 (0.2730)	Prec@1 96.875 (93.912)	
Epoch: [0][3810/4095]	 lr:0.01000	Time 0.101 (0.103)	Loss 0.0034 (0.0458)	KL_Loss 0.0465 (0.1332)	Feat_map_Loss 0.2792 (0.3667)	Overall_Loss 0.1645 (0.2728)	Prec@1 98.438 (93.919)	
Epoch: [0][3820/4095]	 lr:0.01000	Time 0.100 (0.103)	Loss 0.0019 (0.0457)	KL_Loss 0.0380 (0.1330)	Feat_map_Loss 0.3188 (0.3666)	Overall_Loss 0.1793 (0.2727)	Prec@1 100.000 (93.928)	
Epoch: [0][3830/4095]	 lr:0.01000	Time 0.099 (0.103)	Loss 0.0355 (0.0457)	KL_Loss 0.0645 (0.1328)	Feat_map_Loss 0.4290 (0.3667)	Overall_Loss 0.2645 (0.2726)	Prec@1 93.750 (93.934)	
Epoch: [0][3840/4095]	 lr:0.01000	Time 0.099 (0.103)	Loss 0.0142 (0.0456)	KL_Loss 0.0706 (0.1326)	Feat_map_Loss 0.3088 (0.3666)	Overall_Loss 0.1968 (0.2724)	Prec@1 96.875 (93.942)	
Epoch: [0][3850/4095]	 lr:0.01000	Time 0.104 (0.103)	Loss 0.0047 (0.0455)	KL_Loss 0.0500 (0.1324)	Feat_map_Loss 0.3296 (0.3666)	Overall_Loss 0.1921 (0.2723)	Prec@1 98.438 (93.951)	
Epoch: [0][3860/4095]	 lr:0.01000	Time 0.103 (0.103)	Loss 0.0005 (0.0455)	KL_Loss 0.0239 (0.1323)	Feat_map_Loss 0.2974 (0.3666)	Overall_Loss 0.1609 (0.2722)	Prec@1 100.000 (93.960)	
Epoch: [0][3870/4095]	 lr:0.01000	Time 0.098 (0.103)	Loss 0.0028 (0.0454)	KL_Loss 0.0473 (0.1321)	Feat_map_Loss 0.3983 (0.3666)	Overall_Loss 0.2242 (0.2720)	Prec@1 100.000 (93.968)	
Epoch: [0][3880/4095]	 lr:0.01000	Time 0.100 (0.103)	Loss 0.0030 (0.0453)	KL_Loss 0.0455 (0.1319)	Feat_map_Loss 0.3477 (0.3665)	Overall_Loss 0.1981 (0.2719)	Prec@1 100.000 (93.978)	
Epoch: [0][3890/4095]	 lr:0.01000	Time 0.104 (0.103)	Loss 0.0076 (0.0453)	KL_Loss 0.0600 (0.1318)	Feat_map_Loss 0.3730 (0.3665)	Overall_Loss 0.2203 (0.2718)	Prec@1 96.875 (93.983)	
Epoch: [0][3900/4095]	 lr:0.01000	Time 0.108 (0.103)	Loss 0.0448 (0.0452)	KL_Loss 0.1002 (0.1316)	Feat_map_Loss 0.4639 (0.3665)	Overall_Loss 0.3045 (0.2716)	Prec@1 90.625 (93.991)	
Epoch: [0][3910/4095]	 lr:0.01000	Time 0.098 (0.103)	Loss 0.0071 (0.0451)	KL_Loss 0.0424 (0.1315)	Feat_map_Loss 0.3178 (0.3665)	Overall_Loss 0.1837 (0.2716)	Prec@1 98.438 (93.998)	
Epoch: [0][3920/4095]	 lr:0.01000	Time 0.098 (0.103)	Loss 0.0080 (0.0450)	KL_Loss 0.0529 (0.1313)	Feat_map_Loss 0.2789 (0.3664)	Overall_Loss 0.1699 (0.2714)	Prec@1 96.875 (94.008)	
Epoch: [0][3930/4095]	 lr:0.01000	Time 0.104 (0.103)	Loss 0.0065 (0.0450)	KL_Loss 0.0605 (0.1311)	Feat_map_Loss 0.3647 (0.3664)	Overall_Loss 0.2159 (0.2712)	Prec@1 98.438 (94.014)	
Epoch: [0][3940/4095]	 lr:0.01000	Time 0.101 (0.103)	Loss 0.0059 (0.0449)	KL_Loss 0.0499 (0.1310)	Feat_map_Loss 0.3422 (0.3664)	Overall_Loss 0.1991 (0.2712)	Prec@1 96.875 (94.021)	
Epoch: [0][3950/4095]	 lr:0.01000	Time 0.106 (0.103)	Loss 0.0366 (0.0448)	KL_Loss 0.0837 (0.1308)	Feat_map_Loss 0.4106 (0.3664)	Overall_Loss 0.2654 (0.2710)	Prec@1 96.875 (94.031)	
Epoch: [0][3960/4095]	 lr:0.01000	Time 0.104 (0.103)	Loss 0.0063 (0.0448)	KL_Loss 0.0485 (0.1306)	Feat_map_Loss 0.3485 (0.3663)	Overall_Loss 0.2016 (0.2709)	Prec@1 98.438 (94.040)	
Epoch: [0][3970/4095]	 lr:0.01000	Time 0.104 (0.103)	Loss 0.0006 (0.0447)	KL_Loss 0.0286 (0.1304)	Feat_map_Loss 0.3513 (0.3662)	Overall_Loss 0.1902 (0.2707)	Prec@1 100.000 (94.050)	
Epoch: [0][3980/4095]	 lr:0.01000	Time 0.106 (0.103)	Loss 0.0039 (0.0446)	KL_Loss 0.0496 (0.1302)	Feat_map_Loss 0.4162 (0.3662)	Overall_Loss 0.2349 (0.2705)	Prec@1 100.000 (94.059)	
Epoch: [0][3990/4095]	 lr:0.01000	Time 0.101 (0.103)	Loss 0.0012 (0.0445)	KL_Loss 0.0356 (0.1300)	Feat_map_Loss 0.3751 (0.3661)	Overall_Loss 0.2060 (0.2703)	Prec@1 100.000 (94.069)	
Epoch: [0][4000/4095]	 lr:0.01000	Time 0.104 (0.103)	Loss 0.0117 (0.0444)	KL_Loss 0.0613 (0.1298)	Feat_map_Loss 0.3378 (0.3660)	Overall_Loss 0.2054 (0.2701)	Prec@1 98.438 (94.081)	
Epoch: [0][4010/4095]	 lr:0.01000	Time 0.103 (0.103)	Loss 0.0047 (0.0444)	KL_Loss 0.0526 (0.1297)	Feat_map_Loss 0.3104 (0.3660)	Overall_Loss 0.1838 (0.2700)	Prec@1 98.438 (94.091)	
Epoch: [0][4020/4095]	 lr:0.01000	Time 0.101 (0.103)	Loss 0.0065 (0.0443)	KL_Loss 0.0579 (0.1295)	Feat_map_Loss 0.3370 (0.3659)	Overall_Loss 0.2007 (0.2699)	Prec@1 98.438 (94.100)	
Epoch: [0][4030/4095]	 lr:0.01000	Time 0.099 (0.103)	Loss 0.0802 (0.0443)	KL_Loss 0.0834 (0.1294)	Feat_map_Loss 0.3293 (0.3659)	Overall_Loss 0.2465 (0.2697)	Prec@1 96.875 (94.107)	
Epoch: [0][4040/4095]	 lr:0.01000	Time 0.100 (0.103)	Loss 0.0202 (0.0442)	KL_Loss 0.0867 (0.1292)	Feat_map_Loss 0.3634 (0.3658)	Overall_Loss 0.2352 (0.2696)	Prec@1 96.875 (94.112)	
Epoch: [0][4050/4095]	 lr:0.01000	Time 0.100 (0.103)	Loss 0.0148 (0.0442)	KL_Loss 0.0633 (0.1291)	Feat_map_Loss 0.3921 (0.3657)	Overall_Loss 0.2351 (0.2695)	Prec@1 96.875 (94.119)	
Epoch: [0][4060/4095]	 lr:0.01000	Time 0.102 (0.103)	Loss 0.0073 (0.0441)	KL_Loss 0.0670 (0.1290)	Feat_map_Loss 0.4049 (0.3657)	Overall_Loss 0.2396 (0.2694)	Prec@1 96.875 (94.122)	
Epoch: [0][4070/4095]	 lr:0.01000	Time 0.101 (0.103)	Loss 0.0344 (0.0441)	KL_Loss 0.1102 (0.1289)	Feat_map_Loss 0.4251 (0.3657)	Overall_Loss 0.2848 (0.2694)	Prec@1 92.188 (94.128)	
Epoch: [0][4080/4095]	 lr:0.01000	Time 0.099 (0.103)	Loss 0.0042 (0.0440)	KL_Loss 0.0480 (0.1287)	Feat_map_Loss 0.3147 (0.3656)	Overall_Loss 0.1834 (0.2692)	Prec@1 98.438 (94.136)	
Epoch: [0][4090/4095]	 lr:0.01000	Time 0.098 (0.103)	Loss 0.0493 (0.0440)	KL_Loss 0.1031 (0.1285)	Feat_map_Loss 0.3407 (0.3656)	Overall_Loss 0.2466 (0.2691)	Prec@1 95.312 (94.143)	
Test: [0/732]	Time 1.074 (1.074)	Loss 0.0195 (0.0195)	Prec@1 98.438 (98.438)	
Test: [10/732]	Time 0.035 (0.146)	Loss 0.0139 (0.0154)	Prec@1 95.312 (97.159)	
Test: [20/732]	Time 0.034 (0.096)	Loss 0.0013 (0.0183)	Prec@1 100.000 (96.726)	
Test: [30/732]	Time 0.035 (0.078)	Loss 0.0038 (0.0145)	Prec@1 98.438 (97.329)	
Test: [40/732]	Time 0.086 (0.070)	Loss 0.0115 (0.0129)	Prec@1 98.438 (97.637)	
Test: [50/732]	Time 0.032 (0.064)	Loss 0.0000 (0.0109)	Prec@1 100.000 (97.917)	
Test: [60/732]	Time 0.035 (0.060)	Loss 0.0000 (0.0093)	Prec@1 100.000 (98.207)	
Test: [70/732]	Time 0.036 (0.058)	Loss 0.2897 (0.0162)	Prec@1 64.062 (97.315)	
Test: [80/732]	Time 0.133 (0.057)	Loss 0.0283 (0.0239)	Prec@1 95.312 (96.181)	
Test: [90/732]	Time 0.034 (0.055)	Loss 0.0202 (0.0264)	Prec@1 95.312 (95.622)	
Test: [100/732]	Time 0.035 (0.053)	Loss 0.0116 (0.0257)	Prec@1 95.312 (95.529)	
Test: [110/732]	Time 0.035 (0.052)	Loss 0.0012 (0.0251)	Prec@1 100.000 (95.608)	
Test: [120/732]	Time 0.048 (0.050)	Loss 0.0436 (0.0249)	Prec@1 93.750 (95.584)	
Test: [130/732]	Time 0.034 (0.050)	Loss 0.0002 (0.0233)	Prec@1 100.000 (95.873)	
Test: [140/732]	Time 0.044 (0.049)	Loss 0.0000 (0.0218)	Prec@1 100.000 (96.144)	
Test: [150/732]	Time 0.070 (0.049)	Loss 0.0000 (0.0204)	Prec@1 100.000 (96.399)	
Test: [160/732]	Time 0.035 (0.048)	Loss 0.0000 (0.0191)	Prec@1 100.000 (96.623)	
Test: [170/732]	Time 0.033 (0.047)	Loss 0.0002 (0.0180)	Prec@1 100.000 (96.811)	
Test: [180/732]	Time 0.035 (0.047)	Loss 0.0000 (0.0170)	Prec@1 100.000 (96.987)	
Test: [190/732]	Time 0.034 (0.047)	Loss 0.0016 (0.0162)	Prec@1 98.438 (97.137)	
Test: [200/732]	Time 0.066 (0.046)	Loss 0.0001 (0.0154)	Prec@1 100.000 (97.271)	
Test: [210/732]	Time 0.035 (0.046)	Loss 0.0000 (0.0147)	Prec@1 100.000 (97.393)	
Test: [220/732]	Time 0.034 (0.046)	Loss 0.0000 (0.0140)	Prec@1 100.000 (97.504)	
Test: [230/732]	Time 0.035 (0.046)	Loss 0.0000 (0.0136)	Prec@1 100.000 (97.572)	
Test: [240/732]	Time 0.052 (0.045)	Loss 0.0000 (0.0130)	Prec@1 100.000 (97.660)	
Test: [250/732]	Time 0.035 (0.045)	Loss 0.0000 (0.0125)	Prec@1 100.000 (97.747)	
Test: [260/732]	Time 0.033 (0.046)	Loss 0.0027 (0.0120)	Prec@1 98.438 (97.827)	
Test: [270/732]	Time 0.066 (0.046)	Loss 0.0001 (0.0118)	Prec@1 100.000 (97.884)	
Test: [280/732]	Time 0.035 (0.045)	Loss 0.0255 (0.0128)	Prec@1 90.625 (97.715)	
Test: [290/732]	Time 0.056 (0.046)	Loss 0.1257 (0.0162)	Prec@1 79.688 (97.256)	
Test: [300/732]	Time 0.035 (0.045)	Loss 0.2392 (0.0229)	Prec@1 57.812 (96.226)	
Test: [310/732]	Time 0.086 (0.045)	Loss 0.0498 (0.0236)	Prec@1 84.375 (96.056)	
Test: [320/732]	Time 0.036 (0.045)	Loss 0.0206 (0.0240)	Prec@1 93.750 (95.887)	
Test: [330/732]	Time 0.762 (0.047)	Loss 0.1063 (0.0241)	Prec@1 92.188 (95.879)	
Test: [340/732]	Time 0.108 (0.050)	Loss 0.0356 (0.0246)	Prec@1 93.750 (95.771)	
Test: [350/732]	Time 0.034 (0.053)	Loss 0.0439 (0.0250)	Prec@1 92.188 (95.722)	
Test: [360/732]	Time 0.034 (0.056)	Loss 0.0180 (0.0255)	Prec@1 92.188 (95.624)	
Test: [370/732]	Time 0.233 (0.061)	Loss 0.0283 (0.0256)	Prec@1 92.188 (95.561)	
Test: [380/732]	Time 0.523 (0.065)	Loss 0.0586 (0.0261)	Prec@1 87.500 (95.489)	
Test: [390/732]	Time 0.034 (0.068)	Loss 0.0124 (0.0265)	Prec@1 95.312 (95.428)	
Test: [400/732]	Time 0.036 (0.071)	Loss 0.0135 (0.0268)	Prec@1 96.875 (95.387)	
Test: [410/732]	Time 0.035 (0.076)	Loss 0.0114 (0.0273)	Prec@1 95.312 (95.324)	
Test: [420/732]	Time 0.277 (0.093)	Loss 0.0702 (0.0274)	Prec@1 96.875 (95.298)	
Test: [430/732]	Time 0.035 (0.097)	Loss 0.0231 (0.0275)	Prec@1 92.188 (95.265)	
Test: [440/732]	Time 0.036 (0.105)	Loss 0.0085 (0.0276)	Prec@1 96.875 (95.238)	
