Test: [0/331]	Time 5.377 (5.377)	Loss 6.2070 (6.2070)	Prec@1 0.000 (0.000)	
Test: [10/331]	Time 0.020 (1.360)	Loss 6.2045 (6.2051)	Prec@1 0.000 (0.000)	
Test: [20/331]	Time 5.797 (1.586)	Loss 6.2058 (6.2051)	Prec@1 0.000 (0.000)	
Test: [30/331]	Time 0.014 (1.379)	Loss 6.2043 (6.2051)	Prec@1 0.000 (0.000)	
Test: [40/331]	Time 5.403 (1.365)	Loss 6.2057 (6.2052)	Prec@1 0.000 (0.000)	
Test: [50/331]	Time 0.014 (1.247)	Loss 6.2058 (6.2053)	Prec@1 0.000 (0.000)	
Test: [60/331]	Time 2.446 (1.165)	Loss 6.2064 (6.2053)	Prec@1 0.000 (0.000)	
Test: [70/331]	Time 0.013 (1.079)	Loss 6.2031 (6.2055)	Prec@1 0.000 (0.000)	
Test: [80/331]	Time 2.601 (1.095)	Loss 6.2073 (6.2056)	Prec@1 0.000 (0.000)	
Test: [90/331]	Time 0.014 (1.132)	Loss 6.2043 (6.2054)	Prec@1 0.000 (0.000)	
Test: [100/331]	Time 0.033 (1.221)	Loss 6.2054 (6.2052)	Prec@1 0.000 (0.000)	
Test: [110/331]	Time 0.012 (1.274)	Loss 6.2058 (6.2053)	Prec@1 0.000 (0.000)	
Test: [120/331]	Time 0.013 (1.235)	Loss 6.2029 (6.2053)	Prec@1 0.000 (0.000)	
Test: [130/331]	Time 2.095 (1.193)	Loss 6.2007 (6.2050)	Prec@1 0.000 (0.000)	
Test: [140/331]	Time 0.022 (1.158)	Loss 6.2008 (6.2047)	Prec@1 0.000 (0.000)	
Test: [150/331]	Time 1.308 (1.134)	Loss 6.2006 (6.2044)	Prec@1 0.000 (0.000)	
Test: [160/331]	Time 0.014 (1.115)	Loss 6.1997 (6.2042)	Prec@1 0.000 (0.000)	
Test: [170/331]	Time 0.013 (1.089)	Loss 6.2004 (6.2040)	Prec@1 0.000 (0.000)	
Test: [180/331]	Time 0.015 (1.077)	Loss 6.2005 (6.2038)	Prec@1 0.000 (0.000)	
Test: [190/331]	Time 1.217 (1.058)	Loss 6.2005 (6.2036)	Prec@1 0.000 (0.000)	
Test: [200/331]	Time 0.015 (1.040)	Loss 6.2012 (6.2035)	Prec@1 0.000 (0.000)	
Test: [210/331]	Time 1.385 (1.027)	Loss 6.2008 (6.2033)	Prec@1 0.000 (0.000)	
Test: [220/331]	Time 0.013 (1.011)	Loss 6.2006 (6.2032)	Prec@1 0.000 (0.000)	
Test: [230/331]	Time 1.410 (1.003)	Loss 6.2002 (6.2031)	Prec@1 0.000 (0.000)	
Test: [240/331]	Time 0.015 (0.999)	Loss 6.1998 (6.2030)	Prec@1 0.000 (0.000)	
Test: [250/331]	Time 0.013 (0.988)	Loss 6.2006 (6.2029)	Prec@1 0.000 (0.000)	
Test: [260/331]	Time 0.013 (0.984)	Loss 6.2000 (6.2028)	Prec@1 0.000 (0.000)	
Test: [270/331]	Time 0.015 (0.972)	Loss 6.1973 (6.2027)	Prec@1 0.000 (0.000)	
Test: [280/331]	Time 0.012 (0.971)	Loss 6.1988 (6.2027)	Prec@1 0.000 (0.000)	
Test: [290/331]	Time 0.014 (0.962)	Loss 6.2095 (6.2029)	Prec@1 0.000 (0.000)	
Test: [300/331]	Time 0.012 (0.953)	Loss 6.2096 (6.2031)	Prec@1 0.000 (0.000)	
Test: [310/331]	Time 0.015 (0.945)	Loss 6.2003 (6.2031)	Prec@1 0.000 (0.000)	
Test: [320/331]	Time 0.015 (0.937)	Loss 6.1997 (6.2030)	Prec@1 0.000 (0.000)	
Test: [330/331]	Time 0.212 (0.931)	Loss 6.1976 (6.2029)	Prec@1 0.000 (0.000)	
Test: [0/331]	Time 0.620 (0.620)	Loss 0.6477 (0.6477)	Prec@1 29.688 (29.688)	
Test: [10/331]	Time 0.100 (0.135)	Loss 0.1625 (0.2901)	Prec@1 65.625 (58.239)	
Test: [20/331]	Time 0.130 (0.108)	Loss 0.4469 (0.2792)	Prec@1 67.188 (60.119)	
Test: [30/331]	Time 0.086 (0.092)	Loss 0.1544 (0.2837)	Prec@1 79.688 (59.325)	
Test: [40/331]	Time 0.122 (0.088)	Loss 0.3578 (0.2905)	Prec@1 50.000 (58.003)	
Test: [50/331]	Time 0.130 (0.085)	Loss 0.0363 (0.2809)	Prec@1 89.062 (59.375)	
Test: [60/331]	Time 0.090 (0.083)	Loss 0.0613 (0.2432)	Prec@1 87.500 (64.216)	
Test: [70/331]	Time 0.068 (0.081)	Loss 0.0047 (0.2790)	Prec@1 100.000 (59.485)	
Test: [80/331]	Time 0.057 (0.078)	Loss 0.4946 (0.2813)	Prec@1 37.500 (59.799)	
Test: [90/331]	Time 0.048 (0.077)	Loss 0.1633 (0.2603)	Prec@1 40.625 (62.191)	
Test: [100/331]	Time 0.114 (0.077)	Loss 0.0001 (0.2351)	Prec@1 100.000 (65.764)	
Test: [110/331]	Time 0.094 (0.076)	Loss 0.1304 (0.2185)	Prec@1 81.250 (67.722)	
Test: [120/331]	Time 0.146 (0.076)	Loss 0.0218 (0.2077)	Prec@1 93.750 (69.021)	
Test: [130/331]	Time 0.059 (0.076)	Loss 0.0007 (0.1919)	Prec@1 100.000 (71.386)	
Test: [140/331]	Time 0.070 (0.076)	Loss 0.0008 (0.1783)	Prec@1 100.000 (73.415)	
Test: [150/331]	Time 0.037 (0.074)	Loss 0.0002 (0.1665)	Prec@1 100.000 (75.176)	
Test: [160/331]	Time 0.104 (0.074)	Loss 0.0000 (0.1562)	Prec@1 100.000 (76.718)	
Test: [170/331]	Time 0.038 (0.075)	Loss 0.0002 (0.1471)	Prec@1 100.000 (78.061)	
Test: [180/331]	Time 0.089 (0.075)	Loss 0.0002 (0.1390)	Prec@1 100.000 (79.273)	
Test: [190/331]	Time 0.064 (0.074)	Loss 0.0000 (0.1317)	Prec@1 100.000 (80.358)	
Test: [200/331]	Time 0.042 (0.074)	Loss 0.0010 (0.1252)	Prec@1 100.000 (81.336)	
Test: [210/331]	Time 0.039 (0.073)	Loss 0.0001 (0.1194)	Prec@1 100.000 (82.213)	
Test: [220/331]	Time 0.116 (0.073)	Loss 0.0000 (0.1140)	Prec@1 100.000 (83.010)	
Test: [230/331]	Time 0.044 (0.073)	Loss 0.0001 (0.1092)	Prec@1 100.000 (83.739)	
Test: [240/331]	Time 0.053 (0.072)	Loss 0.0000 (0.1046)	Prec@1 100.000 (84.414)	
Test: [250/331]	Time 0.053 (0.072)	Loss 0.0001 (0.1005)	Prec@1 100.000 (85.035)	
Test: [260/331]	Time 0.051 (0.072)	Loss 0.0001 (0.0966)	Prec@1 100.000 (85.608)	
Test: [270/331]	Time 0.056 (0.071)	Loss 0.0010 (0.0931)	Prec@1 100.000 (86.134)	
Test: [280/331]	Time 0.054 (0.071)	Loss 0.0003 (0.1102)	Prec@1 100.000 (84.809)	
Test: [290/331]	Time 0.062 (0.071)	Loss 1.1816 (0.1336)	Prec@1 3.125 (83.532)	
Test: [300/331]	Time 0.114 (0.071)	Loss 1.7703 (0.1791)	Prec@1 3.125 (80.830)	
Test: [310/331]	Time 0.048 (0.071)	Loss 0.0122 (0.1867)	Prec@1 93.750 (80.290)	
Test: [320/331]	Time 0.084 (0.071)	Loss 0.0068 (0.1810)	Prec@1 96.875 (80.890)	
Test: [330/331]	Time 0.007 (0.070)	Loss 0.0000 (0.1760)	Prec@1 100.000 (81.372)	
