Test: [0/331]	Time 0.885 (0.885)	Loss 6.2066 (6.2066)	Prec@1 0.000 (0.000)	
Test: [10/331]	Time 0.065 (0.138)	Loss 6.2043 (6.2048)	Prec@1 0.000 (0.000)	
Test: [20/331]	Time 0.076 (0.101)	Loss 6.2054 (6.2048)	Prec@1 0.000 (0.000)	
Test: [30/331]	Time 0.054 (0.088)	Loss 6.2040 (6.2047)	Prec@1 0.000 (0.000)	
Test: [40/331]	Time 0.061 (0.082)	Loss 6.2054 (6.2049)	Prec@1 0.000 (0.000)	
Test: [50/331]	Time 0.071 (0.078)	Loss 6.2054 (6.2049)	Prec@1 0.000 (0.000)	
Test: [60/331]	Time 0.052 (0.075)	Loss 6.2060 (6.2049)	Prec@1 0.000 (0.000)	
Test: [70/331]	Time 0.061 (0.073)	Loss 6.2029 (6.2051)	Prec@1 0.000 (0.000)	
Test: [80/331]	Time 0.048 (0.071)	Loss 6.2068 (6.2052)	Prec@1 0.000 (0.000)	
Test: [90/331]	Time 0.063 (0.070)	Loss 6.2040 (6.2050)	Prec@1 0.000 (0.000)	
Test: [100/331]	Time 0.061 (0.068)	Loss 6.2051 (6.2049)	Prec@1 0.000 (0.000)	
Test: [110/331]	Time 0.058 (0.068)	Loss 6.2054 (6.2049)	Prec@1 0.000 (0.000)	
Test: [120/331]	Time 0.069 (0.067)	Loss 6.2028 (6.2050)	Prec@1 0.000 (0.000)	
Test: [130/331]	Time 0.050 (0.066)	Loss 6.2007 (6.2047)	Prec@1 0.000 (0.000)	
Test: [140/331]	Time 0.054 (0.066)	Loss 6.2008 (6.2044)	Prec@1 0.000 (0.000)	
Test: [150/331]	Time 0.054 (0.065)	Loss 6.2007 (6.2042)	Prec@1 0.000 (0.000)	
Test: [160/331]	Time 0.061 (0.065)	Loss 6.1998 (6.2039)	Prec@1 0.000 (0.000)	
Test: [170/331]	Time 0.060 (0.064)	Loss 6.2004 (6.2037)	Prec@1 0.000 (0.000)	
Test: [180/331]	Time 0.054 (0.064)	Loss 6.2005 (6.2036)	Prec@1 0.000 (0.000)	
Test: [190/331]	Time 0.067 (0.064)	Loss 6.2005 (6.2034)	Prec@1 0.000 (0.000)	
Test: [200/331]	Time 0.057 (0.065)	Loss 6.2012 (6.2033)	Prec@1 0.000 (0.000)	
Test: [210/331]	Time 0.063 (0.064)	Loss 6.2008 (6.2032)	Prec@1 0.000 (0.000)	
Test: [220/331]	Time 0.067 (0.064)	Loss 6.2006 (6.2031)	Prec@1 0.000 (0.000)	
Test: [230/331]	Time 0.056 (0.064)	Loss 6.2003 (6.2029)	Prec@1 0.000 (0.000)	
Test: [240/331]	Time 0.065 (0.064)	Loss 6.1998 (6.2028)	Prec@1 0.000 (0.000)	
Test: [250/331]	Time 0.054 (0.063)	Loss 6.2006 (6.2028)	Prec@1 0.000 (0.000)	
Test: [260/331]	Time 0.063 (0.063)	Loss 6.2000 (6.2027)	Prec@1 0.000 (0.000)	
Test: [270/331]	Time 0.209 (0.063)	Loss 6.1974 (6.2026)	Prec@1 0.000 (0.000)	
Test: [280/331]	Time 0.058 (0.063)	Loss 6.1989 (6.2026)	Prec@1 0.000 (0.000)	
Test: [290/331]	Time 0.071 (0.063)	Loss 6.2090 (6.2027)	Prec@1 0.000 (0.000)	
Test: [300/331]	Time 0.054 (0.063)	Loss 6.2091 (6.2030)	Prec@1 0.000 (0.000)	
Test: [310/331]	Time 0.065 (0.063)	Loss 6.2003 (6.2030)	Prec@1 0.000 (0.000)	
Test: [320/331]	Time 0.059 (0.063)	Loss 6.1997 (6.2029)	Prec@1 0.000 (0.000)	
Test: [330/331]	Time 0.251 (0.063)	Loss 6.1977 (6.2027)	Prec@1 0.000 (0.000)	
