Test: [0/331]	Time 7.222 (7.222)	Loss 6.2070 (6.2070)	Prec@1 0.000 (0.000)	
Test: [10/331]	Time 0.013 (1.672)	Loss 6.2045 (6.2051)	Prec@1 0.000 (0.000)	
Test: [20/331]	Time 4.736 (1.780)	Loss 6.2058 (6.2051)	Prec@1 0.000 (0.000)	
Test: [30/331]	Time 0.013 (1.621)	Loss 6.2043 (6.2051)	Prec@1 0.000 (0.000)	
Test: [40/331]	Time 5.136 (1.645)	Loss 6.2057 (6.2052)	Prec@1 0.000 (0.000)	
Test: [50/331]	Time 0.014 (1.640)	Loss 6.2058 (6.2053)	Prec@1 0.000 (0.000)	
Test: [60/331]	Time 4.908 (1.698)	Loss 6.2064 (6.2053)	Prec@1 0.000 (0.000)	
Test: [70/331]	Time 0.020 (1.679)	Loss 6.2031 (6.2055)	Prec@1 0.000 (0.000)	
Test: [80/331]	Time 5.459 (1.687)	Loss 6.2073 (6.2056)	Prec@1 0.000 (0.000)	
Test: [90/331]	Time 0.015 (1.670)	Loss 6.2043 (6.2054)	Prec@1 0.000 (0.000)	
Test: [100/331]	Time 0.015 (1.694)	Loss 6.2054 (6.2052)	Prec@1 0.000 (0.000)	
Test: [110/331]	Time 0.432 (1.770)	Loss 6.2058 (6.2053)	Prec@1 0.000 (0.000)	
Test: [120/331]	Time 0.018 (1.749)	Loss 6.2029 (6.2053)	Prec@1 0.000 (0.000)	
Test: [130/331]	Time 0.014 (1.761)	Loss 6.2007 (6.2050)	Prec@1 0.000 (0.000)	
Test: [140/331]	Time 2.455 (1.740)	Loss 6.2008 (6.2047)	Prec@1 0.000 (0.000)	
Test: [150/331]	Time 0.014 (1.734)	Loss 6.2006 (6.2044)	Prec@1 0.000 (0.000)	
Test: [160/331]	Time 0.013 (1.733)	Loss 6.1997 (6.2042)	Prec@1 0.000 (0.000)	
Test: [170/331]	Time 2.878 (1.739)	Loss 6.2004 (6.2040)	Prec@1 0.000 (0.000)	
Test: [180/331]	Time 2.638 (1.725)	Loss 6.2005 (6.2038)	Prec@1 0.000 (0.000)	
Test: [190/331]	Time 4.477 (1.731)	Loss 6.2005 (6.2036)	Prec@1 0.000 (0.000)	
Test: [200/331]	Time 1.146 (1.728)	Loss 6.2012 (6.2035)	Prec@1 0.000 (0.000)	
Test: [210/331]	Time 5.372 (1.771)	Loss 6.2008 (6.2033)	Prec@1 0.000 (0.000)	
Test: [220/331]	Time 0.013 (1.752)	Loss 6.2006 (6.2032)	Prec@1 0.000 (0.000)	
Test: [230/331]	Time 6.521 (1.781)	Loss 6.2002 (6.2031)	Prec@1 0.000 (0.000)	
Test: [240/331]	Time 0.015 (1.759)	Loss 6.1998 (6.2030)	Prec@1 0.000 (0.000)	
Test: [250/331]	Time 6.806 (1.774)	Loss 6.2006 (6.2029)	Prec@1 0.000 (0.000)	
Test: [260/331]	Time 0.013 (1.747)	Loss 6.2000 (6.2028)	Prec@1 0.000 (0.000)	
Test: [270/331]	Time 2.306 (1.752)	Loss 6.1973 (6.2027)	Prec@1 0.000 (0.000)	
Test: [280/331]	Time 0.013 (1.741)	Loss 6.1988 (6.2027)	Prec@1 0.000 (0.000)	
Test: [290/331]	Time 0.017 (1.749)	Loss 6.2095 (6.2029)	Prec@1 0.000 (0.000)	
Test: [300/331]	Time 0.015 (1.730)	Loss 6.2096 (6.2031)	Prec@1 0.000 (0.000)	
Test: [310/331]	Time 0.015 (1.725)	Loss 6.2003 (6.2031)	Prec@1 0.000 (0.000)	
Test: [320/331]	Time 0.473 (1.707)	Loss 6.1997 (6.2030)	Prec@1 0.000 (0.000)	
Test: [330/331]	Time 0.334 (1.696)	Loss 6.1976 (6.2029)	Prec@1 0.000 (0.000)	
