Epoch: [38][0/4095]	 lr:0.01000	Time 7.403 (7.403)	Loss 0.0605 (0.0605)	KL_Loss 0.5552 (0.5552)	Feat_map_Loss 0.3481 (0.3481)	Overall_Loss 0.4819 (0.4819)	Prec@1 81.250 (81.250)	
Epoch: [38][10/4095]	 lr:0.01000	Time 0.332 (0.987)	Loss 0.0833 (0.0919)	KL_Loss 0.4853 (0.4852)	Feat_map_Loss 0.3939 (0.3562)	Overall_Loss 0.4813 (0.4666)	Prec@1 76.562 (80.114)	
Epoch: [38][20/4095]	 lr:0.01000	Time 0.331 (0.678)	Loss 0.0734 (0.0824)	KL_Loss 0.4446 (0.4791)	Feat_map_Loss 0.3594 (0.3736)	Overall_Loss 0.4387 (0.4675)	Prec@1 79.688 (78.497)	
Epoch: [38][30/4095]	 lr:0.01000	Time 0.437 (0.569)	Loss 0.1303 (0.0823)	KL_Loss 0.3990 (0.4412)	Feat_map_Loss 0.4169 (0.3618)	Overall_Loss 0.4731 (0.4426)	Prec@1 75.000 (79.637)	
Epoch: [38][40/4095]	 lr:0.01000	Time 0.334 (0.510)	Loss 0.1187 (0.0787)	KL_Loss 0.2775 (0.4113)	Feat_map_Loss 0.3819 (0.3631)	Overall_Loss 0.3890 (0.4265)	Prec@1 84.375 (81.021)	
Epoch: [38][50/4095]	 lr:0.01000	Time 0.327 (0.478)	Loss 0.1067 (0.0774)	KL_Loss 0.1970 (0.3775)	Feat_map_Loss 0.3663 (0.3590)	Overall_Loss 0.3350 (0.4069)	Prec@1 92.188 (82.445)	
Epoch: [38][60/4095]	 lr:0.01000	Time 0.333 (0.455)	Loss 0.0796 (0.0764)	KL_Loss 0.3140 (0.3579)	Feat_map_Loss 0.3398 (0.3562)	Overall_Loss 0.3667 (0.3952)	Prec@1 84.375 (83.325)	
Epoch: [38][70/4095]	 lr:0.01000	Time 0.330 (0.437)	Loss 0.0452 (0.0735)	KL_Loss 0.2215 (0.3389)	Feat_map_Loss 0.4370 (0.3541)	Overall_Loss 0.3518 (0.3832)	Prec@1 87.500 (84.111)	
Epoch: [38][80/4095]	 lr:0.01000	Time 0.341 (0.426)	Loss 0.0666 (0.0717)	KL_Loss 0.2790 (0.3240)	Feat_map_Loss 0.3656 (0.3570)	Overall_Loss 0.3556 (0.3764)	Prec@1 85.938 (84.761)	
Epoch: [38][90/4095]	 lr:0.01000	Time 0.342 (0.418)	Loss 0.0597 (0.0703)	KL_Loss 0.2062 (0.3102)	Feat_map_Loss 0.2985 (0.3559)	Overall_Loss 0.2822 (0.3682)	Prec@1 84.375 (85.268)	
Epoch: [38][100/4095]	 lr:0.01000	Time 0.428 (0.410)	Loss 0.0320 (0.0700)	KL_Loss 0.2376 (0.3014)	Feat_map_Loss 0.3248 (0.3573)	Overall_Loss 0.2972 (0.3643)	Prec@1 90.625 (85.489)	
Epoch: [38][110/4095]	 lr:0.01000	Time 0.313 (0.403)	Loss 0.0424 (0.0702)	KL_Loss 0.2622 (0.2978)	Feat_map_Loss 0.3892 (0.3578)	Overall_Loss 0.3469 (0.3629)	Prec@1 84.375 (85.670)	
Epoch: [38][120/4095]	 lr:0.01000	Time 0.327 (0.397)	Loss 0.0404 (0.0689)	KL_Loss 0.2305 (0.2914)	Feat_map_Loss 0.3425 (0.3585)	Overall_Loss 0.3067 (0.3594)	Prec@1 89.062 (85.912)	
Epoch: [38][130/4095]	 lr:0.01000	Time 0.330 (0.393)	Loss 0.0411 (0.0681)	KL_Loss 0.2015 (0.2852)	Feat_map_Loss 0.3509 (0.3587)	Overall_Loss 0.2968 (0.3560)	Prec@1 89.062 (86.116)	
Epoch: [38][140/4095]	 lr:0.01000	Time 0.338 (0.389)	Loss 0.0418 (0.0676)	KL_Loss 0.1893 (0.2787)	Feat_map_Loss 0.2906 (0.3579)	Overall_Loss 0.2609 (0.3521)	Prec@1 87.500 (86.336)	
Epoch: [38][150/4095]	 lr:0.01000	Time 0.338 (0.387)	Loss 0.0502 (0.0671)	KL_Loss 0.2275 (0.2755)	Feat_map_Loss 0.2714 (0.3574)	Overall_Loss 0.2745 (0.3500)	Prec@1 90.625 (86.362)	
Epoch: [38][160/4095]	 lr:0.01000	Time 0.339 (0.384)	Loss 0.0287 (0.0664)	KL_Loss 0.1647 (0.2710)	Feat_map_Loss 0.3517 (0.3573)	Overall_Loss 0.2726 (0.3474)	Prec@1 92.188 (86.481)	
Epoch: [38][170/4095]	 lr:0.01000	Time 0.443 (0.382)	Loss 0.1212 (0.0664)	KL_Loss 0.2862 (0.2667)	Feat_map_Loss 0.4007 (0.3551)	Overall_Loss 0.4040 (0.3441)	Prec@1 82.812 (86.623)	
Epoch: [38][180/4095]	 lr:0.01000	Time 0.352 (0.379)	Loss 0.0760 (0.0656)	KL_Loss 0.2196 (0.2637)	Feat_map_Loss 0.4057 (0.3557)	Overall_Loss 0.3506 (0.3425)	Prec@1 92.188 (86.861)	
Epoch: [38][190/4095]	 lr:0.01000	Time 0.339 (0.378)	Loss 0.0863 (0.0652)	KL_Loss 0.2226 (0.2605)	Feat_map_Loss 0.3822 (0.3558)	Overall_Loss 0.3456 (0.3407)	Prec@1 92.188 (87.075)	
Epoch: [38][200/4095]	 lr:0.01000	Time 0.331 (0.376)	Loss 0.0350 (0.0643)	KL_Loss 0.1520 (0.2557)	Feat_map_Loss 0.2847 (0.3548)	Overall_Loss 0.2358 (0.3374)	Prec@1 90.625 (87.220)	
Epoch: [38][210/4095]	 lr:0.01000	Time 0.326 (0.374)	Loss 0.0318 (0.0635)	KL_Loss 0.1580 (0.2522)	Feat_map_Loss 0.2648 (0.3558)	Overall_Loss 0.2273 (0.3357)	Prec@1 92.188 (87.389)	
Epoch: [38][220/4095]	 lr:0.01000	Time 0.328 (0.372)	Loss 0.0850 (0.0627)	KL_Loss 0.1829 (0.2484)	Feat_map_Loss 0.3521 (0.3571)	Overall_Loss 0.3100 (0.3341)	Prec@1 90.625 (87.606)	
Epoch: [38][230/4095]	 lr:0.01000	Time 0.338 (0.371)	Loss 0.0712 (0.0631)	KL_Loss 0.1352 (0.2448)	Feat_map_Loss 0.4207 (0.3577)	Overall_Loss 0.3135 (0.3328)	Prec@1 92.188 (87.656)	
Epoch: [38][240/4095]	 lr:0.01000	Time 0.460 (0.370)	Loss 0.0176 (0.0630)	KL_Loss 0.1934 (0.2428)	Feat_map_Loss 0.4316 (0.3568)	Overall_Loss 0.3213 (0.3313)	Prec@1 95.312 (87.740)	
Epoch: [38][250/4095]	 lr:0.01000	Time 0.344 (0.368)	Loss 0.0198 (0.0621)	KL_Loss 0.1421 (0.2404)	Feat_map_Loss 0.3566 (0.3566)	Overall_Loss 0.2593 (0.3295)	Prec@1 93.750 (87.942)	
Epoch: [38][260/4095]	 lr:0.01000	Time 0.334 (0.367)	Loss 0.0328 (0.0614)	KL_Loss 0.1287 (0.2366)	Feat_map_Loss 0.3643 (0.3567)	Overall_Loss 0.2629 (0.3274)	Prec@1 92.188 (88.123)	
Epoch: [38][270/4095]	 lr:0.01000	Time 0.331 (0.367)	Loss 0.0077 (0.0611)	KL_Loss 0.0989 (0.2339)	Feat_map_Loss 0.2522 (0.3558)	Overall_Loss 0.1794 (0.3254)	Prec@1 98.438 (88.261)	
Epoch: [38][280/4095]	 lr:0.01000	Time 0.332 (0.365)	Loss 0.0303 (0.0603)	KL_Loss 0.1496 (0.2313)	Feat_map_Loss 0.3743 (0.3567)	Overall_Loss 0.2771 (0.3241)	Prec@1 92.188 (88.379)	
Epoch: [38][290/4095]	 lr:0.01000	Time 0.331 (0.365)	Loss 0.0248 (0.0602)	KL_Loss 0.1340 (0.2293)	Feat_map_Loss 0.3881 (0.3567)	Overall_Loss 0.2734 (0.3231)	Prec@1 93.750 (88.493)	
Epoch: [38][300/4095]	 lr:0.01000	Time 0.331 (0.364)	Loss 0.0339 (0.0595)	KL_Loss 0.1543 (0.2272)	Feat_map_Loss 0.3807 (0.3572)	Overall_Loss 0.2845 (0.3219)	Prec@1 93.750 (88.616)	
Epoch: [38][310/4095]	 lr:0.01000	Time 0.433 (0.363)	Loss 0.0295 (0.0589)	KL_Loss 0.1210 (0.2243)	Feat_map_Loss 0.2881 (0.3568)	Overall_Loss 0.2193 (0.3200)	Prec@1 96.875 (88.746)	
Epoch: [38][320/4095]	 lr:0.01000	Time 0.314 (0.362)	Loss 0.0087 (0.0584)	KL_Loss 0.1094 (0.2216)	Feat_map_Loss 0.3323 (0.3564)	Overall_Loss 0.2252 (0.3182)	Prec@1 95.312 (88.834)	
Epoch: [38][330/4095]	 lr:0.01000	Time 0.315 (0.361)	Loss 0.0424 (0.0583)	KL_Loss 0.1356 (0.2189)	Feat_map_Loss 0.3376 (0.3555)	Overall_Loss 0.2578 (0.3164)	Prec@1 92.188 (88.959)	
Epoch: [38][340/4095]	 lr:0.01000	Time 0.310 (0.361)	Loss 0.0718 (0.0577)	KL_Loss 0.1724 (0.2167)	Feat_map_Loss 0.3012 (0.3555)	Overall_Loss 0.2727 (0.3150)	Prec@1 93.750 (89.049)	
Epoch: [38][350/4095]	 lr:0.01000	Time 0.310 (0.359)	Loss 0.0425 (0.0574)	KL_Loss 0.1474 (0.2148)	Feat_map_Loss 0.4028 (0.3558)	Overall_Loss 0.2964 (0.3140)	Prec@1 89.062 (89.116)	
Epoch: [38][360/4095]	 lr:0.01000	Time 0.323 (0.359)	Loss 0.0279 (0.0573)	KL_Loss 0.1520 (0.2137)	Feat_map_Loss 0.3682 (0.3565)	Overall_Loss 0.2741 (0.3138)	Prec@1 92.188 (89.158)	
Epoch: [38][370/4095]	 lr:0.01000	Time 0.318 (0.358)	Loss 0.0094 (0.0566)	KL_Loss 0.0722 (0.2114)	Feat_map_Loss 0.3007 (0.3564)	Overall_Loss 0.1912 (0.3122)	Prec@1 98.438 (89.290)	
Epoch: [38][380/4095]	 lr:0.01000	Time 0.485 (0.358)	Loss 0.0263 (0.0562)	KL_Loss 0.0880 (0.2092)	Feat_map_Loss 0.4488 (0.3565)	Overall_Loss 0.2815 (0.3110)	Prec@1 93.750 (89.407)	
Epoch: [38][390/4095]	 lr:0.01000	Time 0.337 (0.358)	Loss 0.0535 (0.0554)	KL_Loss 0.1813 (0.2067)	Feat_map_Loss 0.3992 (0.3568)	Overall_Loss 0.3170 (0.3094)	Prec@1 90.625 (89.538)	
Epoch: [38][400/4095]	 lr:0.01000	Time 0.323 (0.357)	Loss 0.0539 (0.0556)	KL_Loss 0.1327 (0.2056)	Feat_map_Loss 0.3454 (0.3571)	Overall_Loss 0.2660 (0.3091)	Prec@1 96.875 (89.600)	
Epoch: [38][410/4095]	 lr:0.01000	Time 0.318 (0.357)	Loss 0.0636 (0.0554)	KL_Loss 0.2060 (0.2044)	Feat_map_Loss 0.4003 (0.3568)	Overall_Loss 0.3349 (0.3083)	Prec@1 90.625 (89.678)	
Epoch: [38][420/4095]	 lr:0.01000	Time 0.325 (0.356)	Loss 0.0241 (0.0551)	KL_Loss 0.1198 (0.2029)	Feat_map_Loss 0.2931 (0.3563)	Overall_Loss 0.2185 (0.3071)	Prec@1 93.750 (89.753)	
Epoch: [38][430/4095]	 lr:0.01000	Time 0.335 (0.355)	Loss 0.0024 (0.0546)	KL_Loss 0.0600 (0.2011)	Feat_map_Loss 0.3546 (0.3565)	Overall_Loss 0.2085 (0.3061)	Prec@1 100.000 (89.846)	
Epoch: [38][440/4095]	 lr:0.01000	Time 0.339 (0.355)	Loss 0.0722 (0.0543)	KL_Loss 0.1750 (0.1993)	Feat_map_Loss 0.4325 (0.3571)	Overall_Loss 0.3398 (0.3053)	Prec@1 87.500 (89.941)	
Epoch: [38][450/4095]	 lr:0.01000	Time 0.471 (0.355)	Loss 0.0609 (0.0543)	KL_Loss 0.1544 (0.1979)	Feat_map_Loss 0.3496 (0.3570)	Overall_Loss 0.2824 (0.3046)	Prec@1 93.750 (89.984)	
Epoch: [38][460/4095]	 lr:0.01000	Time 0.326 (0.354)	Loss 0.2593 (0.0541)	KL_Loss 0.2351 (0.1964)	Feat_map_Loss 0.4705 (0.3571)	Overall_Loss 0.4824 (0.3038)	Prec@1 89.062 (90.069)	
Epoch: [38][470/4095]	 lr:0.01000	Time 0.319 (0.354)	Loss 0.0475 (0.0537)	KL_Loss 0.1421 (0.1947)	Feat_map_Loss 0.4110 (0.3568)	Overall_Loss 0.3003 (0.3026)	Prec@1 90.625 (90.147)	
Epoch: [38][480/4095]	 lr:0.01000	Time 0.293 (0.354)	Loss 0.0134 (0.0531)	KL_Loss 0.0808 (0.1931)	Feat_map_Loss 0.3276 (0.3568)	Overall_Loss 0.2109 (0.3015)	Prec@1 98.438 (90.245)	
Epoch: [38][490/4095]	 lr:0.01000	Time 0.318 (0.355)	Loss 0.0084 (0.0530)	KL_Loss 0.0740 (0.1915)	Feat_map_Loss 0.4008 (0.3567)	Overall_Loss 0.2416 (0.3006)	Prec@1 96.875 (90.320)	
Epoch: [38][500/4095]	 lr:0.01000	Time 0.344 (0.355)	Loss 0.0042 (0.0524)	KL_Loss 0.0697 (0.1895)	Feat_map_Loss 0.3892 (0.3565)	Overall_Loss 0.2316 (0.2992)	Prec@1 100.000 (90.435)	
Epoch: [38][510/4095]	 lr:0.01000	Time 0.340 (0.355)	Loss 0.0412 (0.0523)	KL_Loss 0.0977 (0.1881)	Feat_map_Loss 0.3029 (0.3570)	Overall_Loss 0.2209 (0.2987)	Prec@1 96.875 (90.497)	
Epoch: [38][520/4095]	 lr:0.01000	Time 0.448 (0.354)	Loss 0.0231 (0.0520)	KL_Loss 0.0960 (0.1865)	Feat_map_Loss 0.3634 (0.3569)	Overall_Loss 0.2413 (0.2977)	Prec@1 95.312 (90.583)	
Epoch: [38][530/4095]	 lr:0.01000	Time 0.323 (0.354)	Loss 0.0069 (0.0517)	KL_Loss 0.0631 (0.1853)	Feat_map_Loss 0.4065 (0.3573)	Overall_Loss 0.2382 (0.2971)	Prec@1 96.875 (90.657)	
Epoch: [38][540/4095]	 lr:0.01000	Time 0.335 (0.354)	Loss 0.1079 (0.0515)	KL_Loss 0.1768 (0.1838)	Feat_map_Loss 0.4013 (0.3572)	Overall_Loss 0.3430 (0.2962)	Prec@1 90.625 (90.720)	
Epoch: [38][550/4095]	 lr:0.01000	Time 0.331 (0.353)	Loss 0.0705 (0.0512)	KL_Loss 0.1265 (0.1825)	Feat_map_Loss 0.3634 (0.3575)	Overall_Loss 0.2802 (0.2956)	Prec@1 93.750 (90.781)	
Epoch: [38][560/4095]	 lr:0.01000	Time 0.327 (0.353)	Loss 0.0562 (0.0507)	KL_Loss 0.1124 (0.1807)	Feat_map_Loss 0.4477 (0.3571)	Overall_Loss 0.3081 (0.2943)	Prec@1 95.312 (90.870)	
Epoch: [38][570/4095]	 lr:0.01000	Time 0.332 (0.353)	Loss 0.0035 (0.0504)	KL_Loss 0.0477 (0.1794)	Feat_map_Loss 0.2080 (0.3569)	Overall_Loss 0.1296 (0.2933)	Prec@1 98.438 (90.931)	
Epoch: [38][580/4095]	 lr:0.01000	Time 0.328 (0.353)	Loss 0.0433 (0.0502)	KL_Loss 0.1134 (0.1782)	Feat_map_Loss 0.3383 (0.3572)	Overall_Loss 0.2475 (0.2928)	Prec@1 95.312 (90.999)	
Epoch: [38][590/4095]	 lr:0.01000	Time 0.439 (0.352)	Loss 0.0232 (0.0498)	KL_Loss 0.0968 (0.1769)	Feat_map_Loss 0.3128 (0.3568)	Overall_Loss 0.2164 (0.2917)	Prec@1 93.750 (91.069)	
Epoch: [38][600/4095]	 lr:0.01000	Time 0.338 (0.352)	Loss 0.0176 (0.0492)	KL_Loss 0.0727 (0.1752)	Feat_map_Loss 0.3533 (0.3565)	Overall_Loss 0.2218 (0.2904)	Prec@1 93.750 (91.145)	
Epoch: [38][610/4095]	 lr:0.01000	Time 0.332 (0.352)	Loss 0.0246 (0.0492)	KL_Loss 0.1023 (0.1741)	Feat_map_Loss 0.3802 (0.3566)	Overall_Loss 0.2536 (0.2900)	Prec@1 93.750 (91.188)	
Epoch: [38][620/4095]	 lr:0.01000	Time 0.325 (0.352)	Loss 0.0485 (0.0491)	KL_Loss 0.1148 (0.1732)	Feat_map_Loss 0.3867 (0.3567)	Overall_Loss 0.2750 (0.2895)	Prec@1 90.625 (91.226)	
Epoch: [38][630/4095]	 lr:0.01000	Time 0.330 (0.352)	Loss 0.0617 (0.0488)	KL_Loss 0.1348 (0.1724)	Feat_map_Loss 0.3734 (0.3568)	Overall_Loss 0.2849 (0.2890)	Prec@1 92.188 (91.274)	
Epoch: [38][640/4095]	 lr:0.01000	Time 0.328 (0.352)	Loss 0.0023 (0.0485)	KL_Loss 0.0499 (0.1712)	Feat_map_Loss 0.3658 (0.3573)	Overall_Loss 0.2090 (0.2885)	Prec@1 100.000 (91.339)	
Epoch: [38][650/4095]	 lr:0.01000	Time 0.337 (0.352)	Loss 0.1505 (0.0482)	KL_Loss 0.1485 (0.1698)	Feat_map_Loss 0.4202 (0.3572)	Overall_Loss 0.3596 (0.2876)	Prec@1 87.500 (91.410)	
Epoch: [38][660/4095]	 lr:0.01000	Time 0.495 (0.351)	Loss 0.0267 (0.0483)	KL_Loss 0.0952 (0.1691)	Feat_map_Loss 0.3498 (0.3572)	Overall_Loss 0.2359 (0.2873)	Prec@1 93.750 (91.438)	
Epoch: [38][670/4095]	 lr:0.01000	Time 0.326 (0.351)	Loss 0.0679 (0.0482)	KL_Loss 0.1648 (0.1688)	Feat_map_Loss 0.3471 (0.3573)	Overall_Loss 0.2899 (0.2871)	Prec@1 93.750 (91.447)	
Epoch: [38][680/4095]	 lr:0.01000	Time 0.321 (0.351)	Loss 0.0034 (0.0478)	KL_Loss 0.0679 (0.1675)	Feat_map_Loss 0.3812 (0.3569)	Overall_Loss 0.2263 (0.2861)	Prec@1 100.000 (91.531)	
Epoch: [38][690/4095]	 lr:0.01000	Time 0.330 (0.351)	Loss 0.0169 (0.0475)	KL_Loss 0.0649 (0.1663)	Feat_map_Loss 0.3320 (0.3565)	Overall_Loss 0.2069 (0.2851)	Prec@1 95.312 (91.586)	
Epoch: [38][700/4095]	 lr:0.01000	Time 0.327 (0.351)	Loss 0.0207 (0.0471)	KL_Loss 0.0774 (0.1649)	Feat_map_Loss 0.2956 (0.3565)	Overall_Loss 0.1969 (0.2843)	Prec@1 96.875 (91.653)	
Epoch: [38][710/4095]	 lr:0.01000	Time 0.331 (0.351)	Loss 0.0134 (0.0468)	KL_Loss 0.0835 (0.1636)	Feat_map_Loss 0.3710 (0.3564)	Overall_Loss 0.2340 (0.2834)	Prec@1 95.312 (91.715)	
Epoch: [38][720/4095]	 lr:0.01000	Time 0.335 (0.351)	Loss 0.0647 (0.0466)	KL_Loss 0.1853 (0.1626)	Feat_map_Loss 0.3568 (0.3563)	Overall_Loss 0.3034 (0.2828)	Prec@1 89.062 (91.761)	
Epoch: [38][730/4095]	 lr:0.01000	Time 0.482 (0.350)	Loss 0.0192 (0.0462)	KL_Loss 0.0678 (0.1613)	Feat_map_Loss 0.2830 (0.3559)	Overall_Loss 0.1850 (0.2817)	Prec@1 95.312 (91.835)	
Epoch: [38][740/4095]	 lr:0.01000	Time 0.329 (0.350)	Loss 0.0179 (0.0458)	KL_Loss 0.0762 (0.1601)	Feat_map_Loss 0.3430 (0.3558)	Overall_Loss 0.2186 (0.2809)	Prec@1 98.438 (91.907)	
Epoch: [38][750/4095]	 lr:0.01000	Time 0.348 (0.350)	Loss 0.0870 (0.0458)	KL_Loss 0.1583 (0.1593)	Feat_map_Loss 0.4124 (0.3561)	Overall_Loss 0.3288 (0.2806)	Prec@1 89.062 (91.938)	
Epoch: [38][760/4095]	 lr:0.01000	Time 0.344 (0.350)	Loss 0.0308 (0.0455)	KL_Loss 0.1138 (0.1584)	Feat_map_Loss 0.4140 (0.3563)	Overall_Loss 0.2793 (0.2801)	Prec@1 90.625 (91.992)	
Epoch: [38][770/4095]	 lr:0.01000	Time 0.332 (0.350)	Loss 0.0029 (0.0454)	KL_Loss 0.0485 (0.1575)	Feat_map_Loss 0.2501 (0.3559)	Overall_Loss 0.1507 (0.2794)	Prec@1 100.000 (92.040)	
Epoch: [38][780/4095]	 lr:0.01000	Time 0.343 (0.350)	Loss 0.0411 (0.0451)	KL_Loss 0.0959 (0.1565)	Feat_map_Loss 0.3144 (0.3557)	Overall_Loss 0.2258 (0.2787)	Prec@1 93.750 (92.089)	
Epoch: [38][790/4095]	 lr:0.01000	Time 0.341 (0.350)	Loss 0.0016 (0.0448)	KL_Loss 0.0351 (0.1554)	Feat_map_Loss 0.3046 (0.3553)	Overall_Loss 0.1706 (0.2777)	Prec@1 100.000 (92.152)	
Epoch: [38][800/4095]	 lr:0.01000	Time 0.465 (0.350)	Loss 0.0331 (0.0445)	KL_Loss 0.0821 (0.1544)	Feat_map_Loss 0.3260 (0.3552)	Overall_Loss 0.2206 (0.2771)	Prec@1 95.312 (92.203)	
Epoch: [38][810/4095]	 lr:0.01000	Time 0.332 (0.353)	Loss 0.0240 (0.0444)	KL_Loss 0.0891 (0.1535)	Feat_map_Loss 0.3050 (0.3549)	Overall_Loss 0.2090 (0.2764)	Prec@1 96.875 (92.255)	
Epoch: [38][820/4095]	 lr:0.01000	Time 0.340 (0.353)	Loss 0.0450 (0.0442)	KL_Loss 0.0966 (0.1527)	Feat_map_Loss 0.3367 (0.3546)	Overall_Loss 0.2392 (0.2758)	Prec@1 92.188 (92.302)	
Epoch: [38][830/4095]	 lr:0.01000	Time 0.341 (0.353)	Loss 0.0184 (0.0439)	KL_Loss 0.0674 (0.1518)	Feat_map_Loss 0.3352 (0.3545)	Overall_Loss 0.2105 (0.2751)	Prec@1 96.875 (92.349)	
Epoch: [38][840/4095]	 lr:0.01000	Time 0.343 (0.353)	Loss 0.0222 (0.0437)	KL_Loss 0.0719 (0.1511)	Feat_map_Loss 0.2511 (0.3545)	Overall_Loss 0.1726 (0.2747)	Prec@1 95.312 (92.386)	
Epoch: [38][850/4095]	 lr:0.01000	Time 0.322 (0.353)	Loss 0.0091 (0.0435)	KL_Loss 0.0729 (0.1501)	Feat_map_Loss 0.3999 (0.3546)	Overall_Loss 0.2410 (0.2741)	Prec@1 98.438 (92.435)	
Epoch: [38][860/4095]	 lr:0.01000	Time 0.316 (0.353)	Loss 0.0344 (0.0432)	KL_Loss 0.0663 (0.1491)	Feat_map_Loss 0.4271 (0.3547)	Overall_Loss 0.2639 (0.2735)	Prec@1 95.312 (92.483)	
Epoch: [38][870/4095]	 lr:0.01000	Time 0.465 (0.353)	Loss 0.0697 (0.0431)	KL_Loss 0.1011 (0.1484)	Feat_map_Loss 0.3539 (0.3545)	Overall_Loss 0.2623 (0.2729)	Prec@1 95.312 (92.527)	
Epoch: [38][880/4095]	 lr:0.01000	Time 0.318 (0.353)	Loss 0.0033 (0.0429)	KL_Loss 0.0477 (0.1477)	Feat_map_Loss 0.2967 (0.3541)	Overall_Loss 0.1739 (0.2723)	Prec@1 100.000 (92.565)	
Epoch: [38][890/4095]	 lr:0.01000	Time 0.323 (0.353)	Loss 0.0100 (0.0427)	KL_Loss 0.0706 (0.1469)	Feat_map_Loss 0.3591 (0.3541)	Overall_Loss 0.2199 (0.2719)	Prec@1 96.875 (92.601)	
Epoch: [38][900/4095]	 lr:0.01000	Time 0.343 (0.355)	Loss 0.0614 (0.0425)	KL_Loss 0.1141 (0.1462)	Feat_map_Loss 0.3727 (0.3542)	Overall_Loss 0.2741 (0.2714)	Prec@1 95.312 (92.638)	
Epoch: [38][910/4095]	 lr:0.01000	Time 0.337 (0.355)	Loss 0.0043 (0.0423)	KL_Loss 0.0536 (0.1453)	Feat_map_Loss 0.3964 (0.3541)	Overall_Loss 0.2271 (0.2709)	Prec@1 100.000 (92.685)	
Epoch: [38][920/4095]	 lr:0.01000	Time 0.340 (0.355)	Loss 0.0663 (0.0421)	KL_Loss 0.1261 (0.1445)	Feat_map_Loss 0.3481 (0.3539)	Overall_Loss 0.2703 (0.2703)	Prec@1 92.188 (92.729)	
Epoch: [38][930/4095]	 lr:0.01000	Time 0.335 (0.355)	Loss 0.0087 (0.0419)	KL_Loss 0.0762 (0.1438)	Feat_map_Loss 0.3858 (0.3539)	Overall_Loss 0.2353 (0.2698)	Prec@1 96.875 (92.768)	
Epoch: [38][940/4095]	 lr:0.01000	Time 0.438 (0.355)	Loss 0.0052 (0.0416)	KL_Loss 0.0330 (0.1428)	Feat_map_Loss 0.2964 (0.3537)	Overall_Loss 0.1673 (0.2691)	Prec@1 98.438 (92.815)	
Epoch: [38][950/4095]	 lr:0.01000	Time 0.335 (0.354)	Loss 0.0583 (0.0413)	KL_Loss 0.0989 (0.1419)	Feat_map_Loss 0.3276 (0.3537)	Overall_Loss 0.2424 (0.2685)	Prec@1 95.312 (92.861)	
Epoch: [38][960/4095]	 lr:0.01000	Time 0.327 (0.354)	Loss 0.0096 (0.0411)	KL_Loss 0.0535 (0.1410)	Feat_map_Loss 0.2785 (0.3533)	Overall_Loss 0.1708 (0.2677)	Prec@1 98.438 (92.905)	
Epoch: [38][970/4095]	 lr:0.01000	Time 0.325 (0.354)	Loss 0.0098 (0.0408)	KL_Loss 0.0805 (0.1403)	Feat_map_Loss 0.3769 (0.3533)	Overall_Loss 0.2336 (0.2672)	Prec@1 98.438 (92.942)	
Epoch: [38][980/4095]	 lr:0.01000	Time 0.331 (0.354)	Loss 0.0543 (0.0407)	KL_Loss 0.0815 (0.1396)	Feat_map_Loss 0.3153 (0.3531)	Overall_Loss 0.2255 (0.2667)	Prec@1 93.750 (92.984)	
Epoch: [38][990/4095]	 lr:0.01000	Time 0.324 (0.354)	Loss 0.0248 (0.0405)	KL_Loss 0.0536 (0.1388)	Feat_map_Loss 0.3486 (0.3530)	Overall_Loss 0.2135 (0.2662)	Prec@1 96.875 (93.026)	
Epoch: [38][1000/4095]	 lr:0.01000	Time 0.342 (0.354)	Loss 0.0103 (0.0403)	KL_Loss 0.0549 (0.1381)	Feat_map_Loss 0.4241 (0.3531)	Overall_Loss 0.2447 (0.2658)	Prec@1 96.875 (93.065)	
Epoch: [38][1010/4095]	 lr:0.01000	Time 0.490 (0.354)	Loss 0.0054 (0.0402)	KL_Loss 0.0413 (0.1374)	Feat_map_Loss 0.3272 (0.3531)	Overall_Loss 0.1869 (0.2653)	Prec@1 98.438 (93.096)	
Epoch: [38][1020/4095]	 lr:0.01000	Time 0.309 (0.354)	Loss 0.0055 (0.0399)	KL_Loss 0.0493 (0.1367)	Feat_map_Loss 0.2913 (0.3531)	Overall_Loss 0.1731 (0.2648)	Prec@1 96.875 (93.139)	
Epoch: [38][1030/4095]	 lr:0.01000	Time 0.326 (0.354)	Loss 0.0432 (0.0397)	KL_Loss 0.0822 (0.1359)	Feat_map_Loss 0.2964 (0.3529)	Overall_Loss 0.2109 (0.2643)	Prec@1 96.875 (93.173)	
Epoch: [38][1040/4095]	 lr:0.01000	Time 0.302 (0.353)	Loss 0.0092 (0.0395)	KL_Loss 0.0561 (0.1351)	Feat_map_Loss 0.3080 (0.3525)	Overall_Loss 0.1867 (0.2635)	Prec@1 96.875 (93.219)	
Epoch: [38][1050/4095]	 lr:0.01000	Time 0.340 (0.353)	Loss 0.0265 (0.0393)	KL_Loss 0.0788 (0.1344)	Feat_map_Loss 0.4515 (0.3526)	Overall_Loss 0.2784 (0.2632)	Prec@1 96.875 (93.256)	
Epoch: [38][1060/4095]	 lr:0.01000	Time 0.330 (0.353)	Loss 0.0234 (0.0391)	KL_Loss 0.0703 (0.1337)	Feat_map_Loss 0.3365 (0.3525)	Overall_Loss 0.2151 (0.2627)	Prec@1 95.312 (93.292)	
Epoch: [38][1070/4095]	 lr:0.01000	Time 0.339 (0.353)	Loss 0.0077 (0.0389)	KL_Loss 0.0593 (0.1331)	Feat_map_Loss 0.2887 (0.3527)	Overall_Loss 0.1779 (0.2624)	Prec@1 98.438 (93.330)	
Epoch: [38][1080/4095]	 lr:0.01000	Time 0.483 (0.353)	Loss 0.0153 (0.0387)	KL_Loss 0.0600 (0.1324)	Feat_map_Loss 0.3173 (0.3525)	Overall_Loss 0.1963 (0.2618)	Prec@1 96.875 (93.366)	
Epoch: [38][1090/4095]	 lr:0.01000	Time 0.332 (0.353)	Loss 0.0085 (0.0385)	KL_Loss 0.0619 (0.1318)	Feat_map_Loss 0.2639 (0.3523)	Overall_Loss 0.1672 (0.2613)	Prec@1 96.875 (93.396)	
Epoch: [38][1100/4095]	 lr:0.01000	Time 0.321 (0.353)	Loss 0.0001 (0.0383)	KL_Loss 0.0175 (0.1310)	Feat_map_Loss 0.2977 (0.3522)	Overall_Loss 0.1576 (0.2607)	Prec@1 100.000 (93.442)	
Epoch: [38][1110/4095]	 lr:0.01000	Time 0.338 (0.352)	Loss 0.0284 (0.0381)	KL_Loss 0.0695 (0.1304)	Feat_map_Loss 0.3455 (0.3521)	Overall_Loss 0.2217 (0.2603)	Prec@1 95.312 (93.474)	
Epoch: [38][1120/4095]	 lr:0.01000	Time 0.337 (0.352)	Loss 0.0032 (0.0380)	KL_Loss 0.0398 (0.1298)	Feat_map_Loss 0.3541 (0.3521)	Overall_Loss 0.1985 (0.2600)	Prec@1 98.438 (93.496)	
Epoch: [38][1130/4095]	 lr:0.01000	Time 0.318 (0.352)	Loss 0.0125 (0.0378)	KL_Loss 0.0942 (0.1292)	Feat_map_Loss 0.3146 (0.3520)	Overall_Loss 0.2106 (0.2595)	Prec@1 95.312 (93.526)	
Epoch: [38][1140/4095]	 lr:0.01000	Time 0.351 (0.352)	Loss 0.0137 (0.0376)	KL_Loss 0.0566 (0.1286)	Feat_map_Loss 0.2881 (0.3519)	Overall_Loss 0.1792 (0.2590)	Prec@1 96.875 (93.551)	
Epoch: [38][1150/4095]	 lr:0.01000	Time 0.479 (0.352)	Loss 0.0690 (0.0375)	KL_Loss 0.0737 (0.1280)	Feat_map_Loss 0.3495 (0.3518)	Overall_Loss 0.2461 (0.2586)	Prec@1 93.750 (93.575)	
Epoch: [38][1160/4095]	 lr:0.01000	Time 0.304 (0.352)	Loss 0.0409 (0.0374)	KL_Loss 0.1223 (0.1275)	Feat_map_Loss 0.4180 (0.3519)	Overall_Loss 0.2906 (0.2584)	Prec@1 92.188 (93.598)	
Epoch: [38][1170/4095]	 lr:0.01000	Time 0.308 (0.352)	Loss 0.0077 (0.0372)	KL_Loss 0.0525 (0.1270)	Feat_map_Loss 0.3314 (0.3520)	Overall_Loss 0.1958 (0.2581)	Prec@1 96.875 (93.630)	
Epoch: [38][1180/4095]	 lr:0.01000	Time 0.319 (0.352)	Loss 0.0082 (0.0371)	KL_Loss 0.0477 (0.1265)	Feat_map_Loss 0.2775 (0.3519)	Overall_Loss 0.1667 (0.2577)	Prec@1 98.438 (93.656)	
Epoch: [38][1190/4095]	 lr:0.01000	Time 0.339 (0.351)	Loss 0.0148 (0.0369)	KL_Loss 0.0689 (0.1259)	Feat_map_Loss 0.3365 (0.3518)	Overall_Loss 0.2101 (0.2573)	Prec@1 96.875 (93.692)	
Epoch: [38][1200/4095]	 lr:0.01000	Time 0.319 (0.351)	Loss 0.0039 (0.0367)	KL_Loss 0.0412 (0.1253)	Feat_map_Loss 0.3252 (0.3516)	Overall_Loss 0.1852 (0.2568)	Prec@1 98.438 (93.729)	
Epoch: [38][1210/4095]	 lr:0.01000	Time 0.337 (0.351)	Loss 0.0024 (0.0365)	KL_Loss 0.0430 (0.1247)	Feat_map_Loss 0.4129 (0.3514)	Overall_Loss 0.2292 (0.2563)	Prec@1 98.438 (93.765)	
Epoch: [38][1220/4095]	 lr:0.01000	Time 0.465 (0.351)	Loss 0.0334 (0.0363)	KL_Loss 0.0453 (0.1242)	Feat_map_Loss 0.3728 (0.3514)	Overall_Loss 0.2258 (0.2560)	Prec@1 95.312 (93.783)	
Epoch: [38][1230/4095]	 lr:0.01000	Time 0.354 (0.351)	Loss 0.0168 (0.0362)	KL_Loss 0.0639 (0.1235)	Feat_map_Loss 0.3137 (0.3513)	Overall_Loss 0.1972 (0.2555)	Prec@1 96.875 (93.821)	
Epoch: [38][1240/4095]	 lr:0.01000	Time 0.333 (0.351)	Loss 0.0494 (0.0360)	KL_Loss 0.0945 (0.1229)	Feat_map_Loss 0.3284 (0.3512)	Overall_Loss 0.2361 (0.2550)	Prec@1 93.750 (93.856)	
Epoch: [38][1250/4095]	 lr:0.01000	Time 0.341 (0.351)	Loss 0.0015 (0.0358)	KL_Loss 0.0313 (0.1223)	Feat_map_Loss 0.2944 (0.3510)	Overall_Loss 0.1636 (0.2546)	Prec@1 100.000 (93.882)	
Epoch: [38][1260/4095]	 lr:0.01000	Time 0.347 (0.351)	Loss 0.0555 (0.0358)	KL_Loss 0.0807 (0.1219)	Feat_map_Loss 0.2972 (0.3507)	Overall_Loss 0.2167 (0.2542)	Prec@1 96.875 (93.902)	
Epoch: [38][1270/4095]	 lr:0.01000	Time 0.343 (0.351)	Loss 0.0373 (0.0356)	KL_Loss 0.0908 (0.1213)	Feat_map_Loss 0.3968 (0.3506)	Overall_Loss 0.2625 (0.2538)	Prec@1 96.875 (93.932)	
Epoch: [38][1280/4095]	 lr:0.01000	Time 0.342 (0.351)	Loss 0.0016 (0.0354)	KL_Loss 0.0318 (0.1207)	Feat_map_Loss 0.3662 (0.3505)	Overall_Loss 0.1998 (0.2533)	Prec@1 100.000 (93.966)	
Epoch: [38][1290/4095]	 lr:0.01000	Time 0.462 (0.351)	Loss 0.0007 (0.0352)	KL_Loss 0.0296 (0.1201)	Feat_map_Loss 0.3510 (0.3502)	Overall_Loss 0.1907 (0.2528)	Prec@1 100.000 (93.999)	
Epoch: [38][1300/4095]	 lr:0.01000	Time 0.332 (0.351)	Loss 0.0876 (0.0353)	KL_Loss 0.1132 (0.1197)	Feat_map_Loss 0.5042 (0.3504)	Overall_Loss 0.3525 (0.2527)	Prec@1 93.750 (94.019)	
Epoch: [38][1310/4095]	 lr:0.01000	Time 0.327 (0.351)	Loss 0.0120 (0.0351)	KL_Loss 0.0759 (0.1192)	Feat_map_Loss 0.4129 (0.3504)	Overall_Loss 0.2504 (0.2524)	Prec@1 96.875 (94.047)	
Epoch: [38][1320/4095]	 lr:0.01000	Time 0.332 (0.351)	Loss 0.0007 (0.0349)	KL_Loss 0.0329 (0.1187)	Feat_map_Loss 0.2898 (0.3505)	Overall_Loss 0.1617 (0.2520)	Prec@1 100.000 (94.078)	
Epoch: [38][1330/4095]	 lr:0.01000	Time 0.332 (0.351)	Loss 0.0045 (0.0347)	KL_Loss 0.0483 (0.1182)	Feat_map_Loss 0.3619 (0.3504)	Overall_Loss 0.2074 (0.2516)	Prec@1 100.000 (94.106)	
Epoch: [38][1340/4095]	 lr:0.01000	Time 0.337 (0.351)	Loss 0.0003 (0.0346)	KL_Loss 0.0198 (0.1177)	Feat_map_Loss 0.3424 (0.3503)	Overall_Loss 0.1812 (0.2513)	Prec@1 100.000 (94.131)	
Epoch: [38][1350/4095]	 lr:0.01000	Time 0.339 (0.350)	Loss 0.0030 (0.0344)	KL_Loss 0.0309 (0.1171)	Feat_map_Loss 0.3502 (0.3503)	Overall_Loss 0.1921 (0.2509)	Prec@1 98.438 (94.159)	
Epoch: [38][1360/4095]	 lr:0.01000	Time 0.474 (0.350)	Loss 0.0019 (0.0343)	KL_Loss 0.0346 (0.1166)	Feat_map_Loss 0.2701 (0.3503)	Overall_Loss 0.1533 (0.2506)	Prec@1 100.000 (94.186)	
Epoch: [38][1370/4095]	 lr:0.01000	Time 0.331 (0.350)	Loss 0.0013 (0.0341)	KL_Loss 0.0352 (0.1161)	Feat_map_Loss 0.3340 (0.3501)	Overall_Loss 0.1852 (0.2502)	Prec@1 100.000 (94.213)	
Epoch: [38][1380/4095]	 lr:0.01000	Time 0.326 (0.350)	Loss 0.0038 (0.0340)	KL_Loss 0.0379 (0.1156)	Feat_map_Loss 0.2910 (0.3501)	Overall_Loss 0.1664 (0.2498)	Prec@1 98.438 (94.241)	
Epoch: [38][1390/4095]	 lr:0.01000	Time 0.335 (0.350)	Loss 0.0003 (0.0339)	KL_Loss 0.0234 (0.1151)	Feat_map_Loss 0.3434 (0.3500)	Overall_Loss 0.1836 (0.2495)	Prec@1 100.000 (94.267)	
Epoch: [38][1400/4095]	 lr:0.01000	Time 0.331 (0.350)	Loss 0.0580 (0.0338)	KL_Loss 0.0894 (0.1147)	Feat_map_Loss 0.3744 (0.3498)	Overall_Loss 0.2608 (0.2492)	Prec@1 96.875 (94.293)	
Epoch: [38][1410/4095]	 lr:0.01000	Time 0.346 (0.350)	Loss 0.0190 (0.0336)	KL_Loss 0.0507 (0.1143)	Feat_map_Loss 0.3318 (0.3496)	Overall_Loss 0.2008 (0.2488)	Prec@1 98.438 (94.323)	
Epoch: [38][1420/4095]	 lr:0.01000	Time 0.321 (0.350)	Loss 0.0659 (0.0336)	KL_Loss 0.1096 (0.1139)	Feat_map_Loss 0.3451 (0.3494)	Overall_Loss 0.2603 (0.2485)	Prec@1 92.188 (94.342)	
Epoch: [38][1430/4095]	 lr:0.01000	Time 0.468 (0.350)	Loss 0.0009 (0.0335)	KL_Loss 0.0273 (0.1135)	Feat_map_Loss 0.3550 (0.3494)	Overall_Loss 0.1916 (0.2482)	Prec@1 100.000 (94.361)	
Epoch: [38][1440/4095]	 lr:0.01000	Time 0.338 (0.350)	Loss 0.0080 (0.0334)	KL_Loss 0.0421 (0.1130)	Feat_map_Loss 0.3997 (0.3492)	Overall_Loss 0.2249 (0.2478)	Prec@1 98.438 (94.388)	
Epoch: [38][1450/4095]	 lr:0.01000	Time 0.333 (0.350)	Loss 0.0045 (0.0333)	KL_Loss 0.0478 (0.1127)	Feat_map_Loss 0.3153 (0.3491)	Overall_Loss 0.1838 (0.2476)	Prec@1 98.438 (94.408)	
Epoch: [38][1460/4095]	 lr:0.01000	Time 0.326 (0.350)	Loss 0.0321 (0.0332)	KL_Loss 0.0288 (0.1123)	Feat_map_Loss 0.3196 (0.3492)	Overall_Loss 0.1902 (0.2473)	Prec@1 98.438 (94.429)	
Epoch: [38][1470/4095]	 lr:0.01000	Time 0.324 (0.350)	Loss 0.0032 (0.0331)	KL_Loss 0.0483 (0.1118)	Feat_map_Loss 0.4274 (0.3492)	Overall_Loss 0.2395 (0.2470)	Prec@1 100.000 (94.454)	
Epoch: [38][1480/4095]	 lr:0.01000	Time 0.320 (0.350)	Loss 0.0105 (0.0330)	KL_Loss 0.0496 (0.1114)	Feat_map_Loss 0.3470 (0.3490)	Overall_Loss 0.2035 (0.2467)	Prec@1 95.312 (94.477)	
Epoch: [38][1490/4095]	 lr:0.01000	Time 0.333 (0.350)	Loss 0.0023 (0.0330)	KL_Loss 0.0370 (0.1111)	Feat_map_Loss 0.2775 (0.3489)	Overall_Loss 0.1584 (0.2465)	Prec@1 98.438 (94.486)	
Epoch: [38][1500/4095]	 lr:0.01000	Time 0.477 (0.350)	Loss 0.0010 (0.0329)	KL_Loss 0.0303 (0.1108)	Feat_map_Loss 0.2340 (0.3487)	Overall_Loss 0.1327 (0.2462)	Prec@1 100.000 (94.507)	
Epoch: [38][1510/4095]	 lr:0.01000	Time 0.335 (0.350)	Loss 0.0003 (0.0327)	KL_Loss 0.0228 (0.1103)	Feat_map_Loss 0.3180 (0.3486)	Overall_Loss 0.1705 (0.2458)	Prec@1 100.000 (94.528)	
Epoch: [38][1520/4095]	 lr:0.01000	Time 0.318 (0.350)	Loss 0.0031 (0.0326)	KL_Loss 0.0309 (0.1099)	Feat_map_Loss 0.3319 (0.3485)	Overall_Loss 0.1830 (0.2455)	Prec@1 98.438 (94.543)	
Epoch: [38][1530/4095]	 lr:0.01000	Time 0.334 (0.350)	Loss 0.0072 (0.0325)	KL_Loss 0.0231 (0.1095)	Feat_map_Loss 0.3055 (0.3483)	Overall_Loss 0.1679 (0.2452)	Prec@1 98.438 (94.563)	
Epoch: [38][1540/4095]	 lr:0.01000	Time 0.336 (0.349)	Loss 0.0016 (0.0324)	KL_Loss 0.0334 (0.1092)	Feat_map_Loss 0.2905 (0.3482)	Overall_Loss 0.1627 (0.2449)	Prec@1 100.000 (94.580)	
Epoch: [38][1550/4095]	 lr:0.01000	Time 0.335 (0.349)	Loss 0.0189 (0.0323)	KL_Loss 0.0627 (0.1088)	Feat_map_Loss 0.2903 (0.3481)	Overall_Loss 0.1860 (0.2446)	Prec@1 96.875 (94.600)	
Epoch: [38][1560/4095]	 lr:0.01000	Time 0.318 (0.349)	Loss 0.0014 (0.0322)	KL_Loss 0.0258 (0.1083)	Feat_map_Loss 0.2705 (0.3481)	Overall_Loss 0.1489 (0.2443)	Prec@1 100.000 (94.624)	
Epoch: [38][1570/4095]	 lr:0.01000	Time 0.446 (0.349)	Loss 0.0038 (0.0321)	KL_Loss 0.0284 (0.1079)	Feat_map_Loss 0.2885 (0.3479)	Overall_Loss 0.1604 (0.2440)	Prec@1 98.438 (94.646)	
Epoch: [38][1580/4095]	 lr:0.01000	Time 0.330 (0.349)	Loss 0.0020 (0.0320)	KL_Loss 0.0360 (0.1075)	Feat_map_Loss 0.4251 (0.3479)	Overall_Loss 0.2316 (0.2437)	Prec@1 100.000 (94.664)	
Epoch: [38][1590/4095]	 lr:0.01000	Time 0.322 (0.349)	Loss 0.0109 (0.0318)	KL_Loss 0.0427 (0.1072)	Feat_map_Loss 0.3490 (0.3477)	Overall_Loss 0.2013 (0.2434)	Prec@1 98.438 (94.685)	
Epoch: [38][1600/4095]	 lr:0.01000	Time 0.312 (0.349)	Loss 0.0056 (0.0317)	KL_Loss 0.0270 (0.1067)	Feat_map_Loss 0.3213 (0.3475)	Overall_Loss 0.1769 (0.2429)	Prec@1 98.438 (94.710)	
Epoch: [38][1610/4095]	 lr:0.01000	Time 0.322 (0.349)	Loss 0.0062 (0.0316)	KL_Loss 0.0484 (0.1063)	Feat_map_Loss 0.2871 (0.3474)	Overall_Loss 0.1709 (0.2427)	Prec@1 98.438 (94.729)	
Epoch: [38][1620/4095]	 lr:0.01000	Time 0.316 (0.349)	Loss 0.0147 (0.0315)	KL_Loss 0.0298 (0.1060)	Feat_map_Loss 0.3512 (0.3473)	Overall_Loss 0.1979 (0.2424)	Prec@1 98.438 (94.748)	
Epoch: [38][1630/4095]	 lr:0.01000	Time 0.341 (0.349)	Loss 0.0129 (0.0314)	KL_Loss 0.0627 (0.1056)	Feat_map_Loss 0.3912 (0.3472)	Overall_Loss 0.2334 (0.2421)	Prec@1 93.750 (94.765)	
Epoch: [38][1640/4095]	 lr:0.01000	Time 0.493 (0.349)	Loss 0.0059 (0.0313)	KL_Loss 0.0416 (0.1052)	Feat_map_Loss 0.2936 (0.3472)	Overall_Loss 0.1705 (0.2418)	Prec@1 96.875 (94.787)	
Epoch: [38][1650/4095]	 lr:0.01000	Time 0.335 (0.349)	Loss 0.0241 (0.0312)	KL_Loss 0.0627 (0.1049)	Feat_map_Loss 0.3973 (0.3472)	Overall_Loss 0.2421 (0.2416)	Prec@1 96.875 (94.803)	
Epoch: [38][1660/4095]	 lr:0.01000	Time 0.339 (0.349)	Loss 0.0054 (0.0311)	KL_Loss 0.0367 (0.1045)	Feat_map_Loss 0.3650 (0.3471)	Overall_Loss 0.2035 (0.2413)	Prec@1 98.438 (94.822)	
Epoch: [38][1670/4095]	 lr:0.01000	Time 0.342 (0.349)	Loss 0.0279 (0.0310)	KL_Loss 0.0787 (0.1041)	Feat_map_Loss 0.3964 (0.3470)	Overall_Loss 0.2515 (0.2411)	Prec@1 93.750 (94.837)	
Epoch: [38][1680/4095]	 lr:0.01000	Time 0.347 (0.349)	Loss 0.0003 (0.0309)	KL_Loss 0.0160 (0.1038)	Feat_map_Loss 0.2732 (0.3470)	Overall_Loss 0.1447 (0.2408)	Prec@1 100.000 (94.855)	
Epoch: [38][1690/4095]	 lr:0.01000	Time 0.338 (0.349)	Loss 0.0107 (0.0307)	KL_Loss 0.0498 (0.1034)	Feat_map_Loss 0.2881 (0.3470)	Overall_Loss 0.1743 (0.2406)	Prec@1 96.875 (94.871)	
Epoch: [38][1700/4095]	 lr:0.01000	Time 0.349 (0.349)	Loss 0.0014 (0.0306)	KL_Loss 0.0307 (0.1030)	Feat_map_Loss 0.3578 (0.3470)	Overall_Loss 0.1949 (0.2403)	Prec@1 100.000 (94.894)	
Epoch: [38][1710/4095]	 lr:0.01000	Time 0.458 (0.349)	Loss 0.0054 (0.0305)	KL_Loss 0.0280 (0.1027)	Feat_map_Loss 0.3559 (0.3469)	Overall_Loss 0.1946 (0.2400)	Prec@1 96.875 (94.910)	
Epoch: [38][1720/4095]	 lr:0.01000	Time 0.335 (0.349)	Loss 0.0009 (0.0304)	KL_Loss 0.0320 (0.1023)	Feat_map_Loss 0.3555 (0.3468)	Overall_Loss 0.1942 (0.2398)	Prec@1 100.000 (94.928)	
Epoch: [38][1730/4095]	 lr:0.01000	Time 0.330 (0.349)	Loss 0.0125 (0.0303)	KL_Loss 0.0408 (0.1021)	Feat_map_Loss 0.2918 (0.3466)	Overall_Loss 0.1725 (0.2395)	Prec@1 98.438 (94.937)	
Epoch: [38][1740/4095]	 lr:0.01000	Time 0.328 (0.349)	Loss 0.0054 (0.0302)	KL_Loss 0.0360 (0.1018)	Feat_map_Loss 0.2391 (0.3466)	Overall_Loss 0.1402 (0.2393)	Prec@1 98.438 (94.956)	
Epoch: [38][1750/4095]	 lr:0.01000	Time 0.345 (0.349)	Loss 0.0007 (0.0302)	KL_Loss 0.0324 (0.1015)	Feat_map_Loss 0.3231 (0.3465)	Overall_Loss 0.1781 (0.2390)	Prec@1 100.000 (94.975)	
Epoch: [38][1760/4095]	 lr:0.01000	Time 0.352 (0.349)	Loss 0.0438 (0.0301)	KL_Loss 0.0374 (0.1011)	Feat_map_Loss 0.2821 (0.3463)	Overall_Loss 0.1817 (0.2388)	Prec@1 98.438 (94.990)	
Epoch: [38][1770/4095]	 lr:0.01000	Time 0.348 (0.349)	Loss 0.0044 (0.0300)	KL_Loss 0.0455 (0.1008)	Feat_map_Loss 0.3683 (0.3461)	Overall_Loss 0.2091 (0.2385)	Prec@1 98.438 (95.007)	
Epoch: [38][1780/4095]	 lr:0.01000	Time 0.481 (0.349)	Loss 0.0008 (0.0299)	KL_Loss 0.0269 (0.1005)	Feat_map_Loss 0.2990 (0.3459)	Overall_Loss 0.1634 (0.2381)	Prec@1 100.000 (95.026)	
Epoch: [38][1790/4095]	 lr:0.01000	Time 0.338 (0.349)	Loss 0.0012 (0.0297)	KL_Loss 0.0340 (0.1001)	Feat_map_Loss 0.3049 (0.3459)	Overall_Loss 0.1701 (0.2379)	Prec@1 100.000 (95.050)	
Epoch: [38][1800/4095]	 lr:0.01000	Time 0.332 (0.349)	Loss 0.0004 (0.0296)	KL_Loss 0.0232 (0.0998)	Feat_map_Loss 0.3138 (0.3459)	Overall_Loss 0.1687 (0.2376)	Prec@1 100.000 (95.067)	
Epoch: [38][1810/4095]	 lr:0.01000	Time 0.337 (0.349)	Loss 0.0096 (0.0295)	KL_Loss 0.0424 (0.0994)	Feat_map_Loss 0.3184 (0.3457)	Overall_Loss 0.1852 (0.2373)	Prec@1 98.438 (95.090)	
Epoch: [38][1820/4095]	 lr:0.01000	Time 0.326 (0.349)	Loss 0.0071 (0.0294)	KL_Loss 0.0355 (0.0990)	Feat_map_Loss 0.3297 (0.3454)	Overall_Loss 0.1861 (0.2369)	Prec@1 96.875 (95.110)	
Epoch: [38][1830/4095]	 lr:0.01000	Time 0.338 (0.349)	Loss 0.0001 (0.0293)	KL_Loss 0.0150 (0.0987)	Feat_map_Loss 0.2581 (0.3453)	Overall_Loss 0.1366 (0.2366)	Prec@1 100.000 (95.128)	
Epoch: [38][1840/4095]	 lr:0.01000	Time 0.321 (0.349)	Loss 0.0311 (0.0292)	KL_Loss 0.0457 (0.0983)	Feat_map_Loss 0.3235 (0.3452)	Overall_Loss 0.2002 (0.2364)	Prec@1 95.312 (95.142)	
Epoch: [38][1850/4095]	 lr:0.01000	Time 0.485 (0.349)	Loss 0.0081 (0.0291)	KL_Loss 0.0486 (0.0981)	Feat_map_Loss 0.4778 (0.3452)	Overall_Loss 0.2673 (0.2362)	Prec@1 96.875 (95.155)	
Epoch: [38][1860/4095]	 lr:0.01000	Time 0.326 (0.348)	Loss 0.0024 (0.0290)	KL_Loss 0.0331 (0.0977)	Feat_map_Loss 0.2917 (0.3450)	Overall_Loss 0.1636 (0.2359)	Prec@1 98.438 (95.172)	
Epoch: [38][1870/4095]	 lr:0.01000	Time 0.353 (0.349)	Loss 0.0056 (0.0290)	KL_Loss 0.0586 (0.0976)	Feat_map_Loss 0.4183 (0.3451)	Overall_Loss 0.2413 (0.2358)	Prec@1 98.438 (95.181)	
Epoch: [38][1880/4095]	 lr:0.01000	Time 0.322 (0.349)	Loss 0.0145 (0.0289)	KL_Loss 0.0539 (0.0973)	Feat_map_Loss 0.2796 (0.3451)	Overall_Loss 0.1740 (0.2356)	Prec@1 96.875 (95.195)	
Epoch: [38][1890/4095]	 lr:0.01000	Time 0.327 (0.348)	Loss 0.0109 (0.0288)	KL_Loss 0.0530 (0.0970)	Feat_map_Loss 0.2950 (0.3450)	Overall_Loss 0.1795 (0.2354)	Prec@1 96.875 (95.209)	
Epoch: [38][1900/4095]	 lr:0.01000	Time 0.338 (0.348)	Loss 0.0108 (0.0288)	KL_Loss 0.0376 (0.0968)	Feat_map_Loss 0.2954 (0.3449)	Overall_Loss 0.1719 (0.2352)	Prec@1 98.438 (95.223)	
Epoch: [38][1910/4095]	 lr:0.01000	Time 0.335 (0.349)	Loss 0.0069 (0.0287)	KL_Loss 0.0458 (0.0965)	Feat_map_Loss 0.3599 (0.3448)	Overall_Loss 0.2063 (0.2350)	Prec@1 98.438 (95.236)	
Epoch: [38][1920/4095]	 lr:0.01000	Time 0.481 (0.349)	Loss 0.0003 (0.0286)	KL_Loss 0.0183 (0.0962)	Feat_map_Loss 0.2616 (0.3447)	Overall_Loss 0.1400 (0.2347)	Prec@1 100.000 (95.252)	
Epoch: [38][1930/4095]	 lr:0.01000	Time 0.327 (0.348)	Loss 0.0361 (0.0285)	KL_Loss 0.0756 (0.0959)	Feat_map_Loss 0.3978 (0.3446)	Overall_Loss 0.2547 (0.2345)	Prec@1 95.312 (95.265)	
Epoch: [38][1940/4095]	 lr:0.01000	Time 0.327 (0.348)	Loss 0.0037 (0.0285)	KL_Loss 0.0338 (0.0957)	Feat_map_Loss 0.3393 (0.3444)	Overall_Loss 0.1884 (0.2343)	Prec@1 98.438 (95.276)	
Epoch: [38][1950/4095]	 lr:0.01000	Time 0.317 (0.348)	Loss 0.0005 (0.0284)	KL_Loss 0.0213 (0.0954)	Feat_map_Loss 0.2309 (0.3443)	Overall_Loss 0.1263 (0.2340)	Prec@1 100.000 (95.290)	
Epoch: [38][1960/4095]	 lr:0.01000	Time 0.336 (0.348)	Loss 0.0707 (0.0283)	KL_Loss 0.0473 (0.0952)	Feat_map_Loss 0.2967 (0.3444)	Overall_Loss 0.2074 (0.2340)	Prec@1 95.312 (95.297)	
Epoch: [38][1970/4095]	 lr:0.01000	Time 0.340 (0.348)	Loss 0.0034 (0.0283)	KL_Loss 0.0340 (0.0950)	Feat_map_Loss 0.3021 (0.3443)	Overall_Loss 0.1698 (0.2337)	Prec@1 98.438 (95.309)	
Epoch: [38][1980/4095]	 lr:0.01000	Time 0.345 (0.348)	Loss 0.0029 (0.0282)	KL_Loss 0.0399 (0.0947)	Feat_map_Loss 0.3776 (0.3442)	Overall_Loss 0.2102 (0.2336)	Prec@1 98.438 (95.317)	
Epoch: [38][1990/4095]	 lr:0.01000	Time 0.497 (0.348)	Loss 0.0164 (0.0282)	KL_Loss 0.0354 (0.0945)	Feat_map_Loss 0.2853 (0.3442)	Overall_Loss 0.1686 (0.2334)	Prec@1 98.438 (95.327)	
Epoch: [38][2000/4095]	 lr:0.01000	Time 0.336 (0.348)	Loss 0.0001 (0.0280)	KL_Loss 0.0165 (0.0942)	Feat_map_Loss 0.3231 (0.3440)	Overall_Loss 0.1698 (0.2331)	Prec@1 100.000 (95.342)	
Epoch: [38][2010/4095]	 lr:0.01000	Time 0.342 (0.348)	Loss 0.0345 (0.0280)	KL_Loss 0.0586 (0.0940)	Feat_map_Loss 0.3497 (0.3439)	Overall_Loss 0.2214 (0.2329)	Prec@1 96.875 (95.354)	
Epoch: [38][2020/4095]	 lr:0.01000	Time 0.333 (0.348)	Loss 0.0065 (0.0280)	KL_Loss 0.0352 (0.0938)	Feat_map_Loss 0.2750 (0.3436)	Overall_Loss 0.1584 (0.2327)	Prec@1 96.875 (95.362)	
Epoch: [38][2030/4095]	 lr:0.01000	Time 0.332 (0.348)	Loss 0.0122 (0.0279)	KL_Loss 0.0646 (0.0936)	Feat_map_Loss 0.2606 (0.3435)	Overall_Loss 0.1687 (0.2325)	Prec@1 95.312 (95.371)	
Epoch: [38][2040/4095]	 lr:0.01000	Time 0.317 (0.348)	Loss 0.0216 (0.0279)	KL_Loss 0.0361 (0.0934)	Feat_map_Loss 0.2957 (0.3434)	Overall_Loss 0.1767 (0.2323)	Prec@1 98.438 (95.383)	
Epoch: [38][2050/4095]	 lr:0.01000	Time 0.317 (0.348)	Loss 0.0017 (0.0278)	KL_Loss 0.0480 (0.0932)	Feat_map_Loss 0.3132 (0.3433)	Overall_Loss 0.1815 (0.2322)	Prec@1 100.000 (95.392)	
Epoch: [38][2060/4095]	 lr:0.01000	Time 0.466 (0.348)	Loss 0.0361 (0.0278)	KL_Loss 0.0384 (0.0930)	Feat_map_Loss 0.3522 (0.3433)	Overall_Loss 0.2134 (0.2320)	Prec@1 98.438 (95.403)	
Epoch: [38][2070/4095]	 lr:0.01000	Time 0.336 (0.348)	Loss 0.0022 (0.0277)	KL_Loss 0.0337 (0.0927)	Feat_map_Loss 0.3356 (0.3432)	Overall_Loss 0.1858 (0.2318)	Prec@1 100.000 (95.420)	
Epoch: [38][2080/4095]	 lr:0.01000	Time 0.319 (0.348)	Loss 0.0020 (0.0276)	KL_Loss 0.0253 (0.0925)	Feat_map_Loss 0.3150 (0.3431)	Overall_Loss 0.1711 (0.2316)	Prec@1 98.438 (95.430)	
Epoch: [38][2090/4095]	 lr:0.01000	Time 0.343 (0.348)	Loss 0.0338 (0.0275)	KL_Loss 0.0697 (0.0922)	Feat_map_Loss 0.4115 (0.3431)	Overall_Loss 0.2575 (0.2314)	Prec@1 96.875 (95.445)	
Epoch: [38][2100/4095]	 lr:0.01000	Time 0.343 (0.348)	Loss 0.0212 (0.0275)	KL_Loss 0.0587 (0.0920)	Feat_map_Loss 0.3497 (0.3431)	Overall_Loss 0.2148 (0.2313)	Prec@1 95.312 (95.452)	
Epoch: [38][2110/4095]	 lr:0.01000	Time 0.328 (0.348)	Loss 0.0020 (0.0274)	KL_Loss 0.0264 (0.0918)	Feat_map_Loss 0.2892 (0.3430)	Overall_Loss 0.1588 (0.2311)	Prec@1 100.000 (95.466)	
Epoch: [38][2120/4095]	 lr:0.01000	Time 0.335 (0.348)	Loss 0.0062 (0.0273)	KL_Loss 0.0202 (0.0915)	Feat_map_Loss 0.3866 (0.3429)	Overall_Loss 0.2065 (0.2309)	Prec@1 98.438 (95.478)	
Epoch: [38][2130/4095]	 lr:0.01000	Time 0.497 (0.348)	Loss 0.0048 (0.0272)	KL_Loss 0.0323 (0.0913)	Feat_map_Loss 0.3022 (0.3428)	Overall_Loss 0.1697 (0.2307)	Prec@1 98.438 (95.494)	
Epoch: [38][2140/4095]	 lr:0.01000	Time 0.337 (0.348)	Loss 0.0306 (0.0272)	KL_Loss 0.0570 (0.0910)	Feat_map_Loss 0.3135 (0.3428)	Overall_Loss 0.2005 (0.2305)	Prec@1 96.875 (95.504)	
Epoch: [38][2150/4095]	 lr:0.01000	Time 0.320 (0.348)	Loss 0.0031 (0.0271)	KL_Loss 0.0344 (0.0908)	Feat_map_Loss 0.3001 (0.3426)	Overall_Loss 0.1688 (0.2302)	Prec@1 98.438 (95.516)	
Epoch: [38][2160/4095]	 lr:0.01000	Time 0.320 (0.348)	Loss 0.0234 (0.0270)	KL_Loss 0.0364 (0.0905)	Feat_map_Loss 0.2797 (0.3426)	Overall_Loss 0.1697 (0.2300)	Prec@1 96.875 (95.527)	
Epoch: [38][2170/4095]	 lr:0.01000	Time 0.335 (0.348)	Loss 0.0098 (0.0269)	KL_Loss 0.0443 (0.0903)	Feat_map_Loss 0.3388 (0.3425)	Overall_Loss 0.1965 (0.2298)	Prec@1 98.438 (95.542)	
Epoch: [38][2180/4095]	 lr:0.01000	Time 0.319 (0.348)	Loss 0.0033 (0.0268)	KL_Loss 0.0278 (0.0900)	Feat_map_Loss 0.3159 (0.3424)	Overall_Loss 0.1735 (0.2296)	Prec@1 96.875 (95.555)	
Epoch: [38][2190/4095]	 lr:0.01000	Time 0.318 (0.348)	Loss 0.0511 (0.0268)	KL_Loss 0.0273 (0.0898)	Feat_map_Loss 0.2870 (0.3423)	Overall_Loss 0.1827 (0.2294)	Prec@1 98.438 (95.568)	
Epoch: [38][2200/4095]	 lr:0.01000	Time 0.496 (0.348)	Loss 0.0304 (0.0267)	KL_Loss 0.0618 (0.0896)	Feat_map_Loss 0.4099 (0.3423)	Overall_Loss 0.2511 (0.2293)	Prec@1 96.875 (95.575)	
Epoch: [38][2210/4095]	 lr:0.01000	Time 0.331 (0.348)	Loss 0.0054 (0.0266)	KL_Loss 0.0283 (0.0893)	Feat_map_Loss 0.3615 (0.3422)	Overall_Loss 0.1976 (0.2291)	Prec@1 96.875 (95.589)	
Epoch: [38][2220/4095]	 lr:0.01000	Time 0.325 (0.348)	Loss 0.0002 (0.0265)	KL_Loss 0.0156 (0.0891)	Feat_map_Loss 0.3172 (0.3421)	Overall_Loss 0.1665 (0.2288)	Prec@1 100.000 (95.603)	
Epoch: [38][2230/4095]	 lr:0.01000	Time 0.326 (0.348)	Loss 0.0002 (0.0264)	KL_Loss 0.0138 (0.0888)	Feat_map_Loss 0.2809 (0.3419)	Overall_Loss 0.1475 (0.2286)	Prec@1 100.000 (95.620)	
Epoch: [38][2240/4095]	 lr:0.01000	Time 0.329 (0.348)	Loss 0.0002 (0.0263)	KL_Loss 0.0170 (0.0885)	Feat_map_Loss 0.2964 (0.3418)	Overall_Loss 0.1568 (0.2283)	Prec@1 100.000 (95.636)	
Epoch: [38][2250/4095]	 lr:0.01000	Time 0.326 (0.348)	Loss 0.0055 (0.0263)	KL_Loss 0.0369 (0.0883)	Feat_map_Loss 0.3539 (0.3417)	Overall_Loss 0.1982 (0.2281)	Prec@1 96.875 (95.648)	
Epoch: [38][2260/4095]	 lr:0.01000	Time 0.325 (0.348)	Loss 0.0093 (0.0262)	KL_Loss 0.0408 (0.0880)	Feat_map_Loss 0.3119 (0.3416)	Overall_Loss 0.1810 (0.2279)	Prec@1 98.438 (95.662)	
Epoch: [38][2270/4095]	 lr:0.01000	Time 0.543 (0.348)	Loss 0.0003 (0.0261)	KL_Loss 0.0141 (0.0877)	Feat_map_Loss 0.3227 (0.3415)	Overall_Loss 0.1686 (0.2277)	Prec@1 100.000 (95.677)	
Epoch: [38][2280/4095]	 lr:0.01000	Time 0.337 (0.348)	Loss 0.0000 (0.0260)	KL_Loss 0.0286 (0.0875)	Feat_map_Loss 0.3517 (0.3414)	Overall_Loss 0.1901 (0.2275)	Prec@1 100.000 (95.689)	
Epoch: [38][2290/4095]	 lr:0.01000	Time 0.335 (0.348)	Loss 0.0008 (0.0260)	KL_Loss 0.0193 (0.0873)	Feat_map_Loss 0.3079 (0.3412)	Overall_Loss 0.1640 (0.2272)	Prec@1 100.000 (95.700)	
Epoch: [38][2300/4095]	 lr:0.01000	Time 0.336 (0.348)	Loss 0.0020 (0.0259)	KL_Loss 0.0183 (0.0870)	Feat_map_Loss 0.3109 (0.3410)	Overall_Loss 0.1656 (0.2270)	Prec@1 98.438 (95.715)	
Epoch: [38][2310/4095]	 lr:0.01000	Time 0.339 (0.348)	Loss 0.0046 (0.0258)	KL_Loss 0.0341 (0.0868)	Feat_map_Loss 0.3366 (0.3408)	Overall_Loss 0.1877 (0.2267)	Prec@1 98.438 (95.728)	
Epoch: [38][2320/4095]	 lr:0.01000	Time 0.344 (0.348)	Loss 0.0032 (0.0257)	KL_Loss 0.0326 (0.0865)	Feat_map_Loss 0.2893 (0.3407)	Overall_Loss 0.1626 (0.2265)	Prec@1 98.438 (95.739)	
Epoch: [38][2330/4095]	 lr:0.01000	Time 0.358 (0.348)	Loss 0.0055 (0.0257)	KL_Loss 0.0353 (0.0863)	Feat_map_Loss 0.3483 (0.3408)	Overall_Loss 0.1945 (0.2264)	Prec@1 98.438 (95.750)	
Epoch: [38][2340/4095]	 lr:0.01000	Time 0.523 (0.348)	Loss 0.0193 (0.0256)	KL_Loss 0.0620 (0.0861)	Feat_map_Loss 0.3122 (0.3406)	Overall_Loss 0.1968 (0.2262)	Prec@1 96.875 (95.761)	
Epoch: [38][2350/4095]	 lr:0.01000	Time 0.338 (0.348)	Loss 0.0003 (0.0256)	KL_Loss 0.0185 (0.0859)	Feat_map_Loss 0.3022 (0.3405)	Overall_Loss 0.1605 (0.2260)	Prec@1 100.000 (95.773)	
Epoch: [38][2360/4095]	 lr:0.01000	Time 0.340 (0.348)	Loss 0.0204 (0.0255)	KL_Loss 0.0648 (0.0857)	Feat_map_Loss 0.4199 (0.3405)	Overall_Loss 0.2525 (0.2258)	Prec@1 96.875 (95.784)	
Epoch: [38][2370/4095]	 lr:0.01000	Time 0.319 (0.348)	Loss 0.0008 (0.0254)	KL_Loss 0.0169 (0.0855)	Feat_map_Loss 0.2833 (0.3404)	Overall_Loss 0.1505 (0.2257)	Prec@1 100.000 (95.799)	
Epoch: [38][2380/4095]	 lr:0.01000	Time 0.340 (0.348)	Loss 0.0450 (0.0254)	KL_Loss 0.0587 (0.0852)	Feat_map_Loss 0.4066 (0.3405)	Overall_Loss 0.2551 (0.2256)	Prec@1 96.875 (95.807)	
Epoch: [38][2390/4095]	 lr:0.01000	Time 0.337 (0.348)	Loss 0.0044 (0.0253)	KL_Loss 0.0139 (0.0850)	Feat_map_Loss 0.2714 (0.3403)	Overall_Loss 0.1448 (0.2253)	Prec@1 98.438 (95.818)	
Epoch: [38][2400/4095]	 lr:0.01000	Time 0.344 (0.348)	Loss 0.0022 (0.0252)	KL_Loss 0.0364 (0.0848)	Feat_map_Loss 0.4279 (0.3403)	Overall_Loss 0.2332 (0.2252)	Prec@1 100.000 (95.831)	
Epoch: [38][2410/4095]	 lr:0.01000	Time 0.503 (0.348)	Loss 0.0096 (0.0252)	KL_Loss 0.0289 (0.0846)	Feat_map_Loss 0.3104 (0.3402)	Overall_Loss 0.1745 (0.2250)	Prec@1 96.875 (95.839)	
Epoch: [38][2420/4095]	 lr:0.01000	Time 0.335 (0.348)	Loss 0.0173 (0.0252)	KL_Loss 0.0333 (0.0844)	Feat_map_Loss 0.3566 (0.3400)	Overall_Loss 0.2036 (0.2248)	Prec@1 96.875 (95.848)	
Epoch: [38][2430/4095]	 lr:0.01000	Time 0.323 (0.348)	Loss 0.0005 (0.0251)	KL_Loss 0.0162 (0.0842)	Feat_map_Loss 0.3038 (0.3399)	Overall_Loss 0.1602 (0.2246)	Prec@1 100.000 (95.861)	
Epoch: [38][2440/4095]	 lr:0.01000	Time 0.332 (0.348)	Loss 0.0440 (0.0250)	KL_Loss 0.0735 (0.0840)	Feat_map_Loss 0.3235 (0.3398)	Overall_Loss 0.2205 (0.2244)	Prec@1 96.875 (95.871)	
Epoch: [38][2450/4095]	 lr:0.01000	Time 0.328 (0.348)	Loss 0.0057 (0.0250)	KL_Loss 0.0354 (0.0838)	Feat_map_Loss 0.2361 (0.3397)	Overall_Loss 0.1386 (0.2242)	Prec@1 96.875 (95.881)	
Epoch: [38][2460/4095]	 lr:0.01000	Time 0.332 (0.348)	Loss 0.0024 (0.0249)	KL_Loss 0.0099 (0.0836)	Feat_map_Loss 0.3334 (0.3397)	Overall_Loss 0.1728 (0.2241)	Prec@1 98.438 (95.892)	
Epoch: [38][2470/4095]	 lr:0.01000	Time 0.349 (0.348)	Loss 0.0002 (0.0248)	KL_Loss 0.0180 (0.0834)	Feat_map_Loss 0.2757 (0.3395)	Overall_Loss 0.1469 (0.2239)	Prec@1 100.000 (95.900)	
Epoch: [38][2480/4095]	 lr:0.01000	Time 0.505 (0.348)	Loss 0.0127 (0.0248)	KL_Loss 0.0465 (0.0832)	Feat_map_Loss 0.3076 (0.3394)	Overall_Loss 0.1835 (0.2237)	Prec@1 96.875 (95.912)	
Epoch: [38][2490/4095]	 lr:0.01000	Time 0.330 (0.348)	Loss 0.0131 (0.0247)	KL_Loss 0.0505 (0.0830)	Feat_map_Loss 0.2728 (0.3393)	Overall_Loss 0.1682 (0.2235)	Prec@1 96.875 (95.923)	
Epoch: [38][2500/4095]	 lr:0.01000	Time 0.339 (0.348)	Loss 0.0011 (0.0247)	KL_Loss 0.0191 (0.0827)	Feat_map_Loss 0.2601 (0.3393)	Overall_Loss 0.1401 (0.2233)	Prec@1 100.000 (95.934)	
Epoch: [38][2510/4095]	 lr:0.01000	Time 0.331 (0.348)	Loss 0.0081 (0.0246)	KL_Loss 0.0285 (0.0825)	Feat_map_Loss 0.3026 (0.3392)	Overall_Loss 0.1696 (0.2231)	Prec@1 98.438 (95.947)	
Epoch: [38][2520/4095]	 lr:0.01000	Time 0.348 (0.348)	Loss 0.0057 (0.0245)	KL_Loss 0.0153 (0.0823)	Feat_map_Loss 0.3214 (0.3391)	Overall_Loss 0.1712 (0.2229)	Prec@1 98.438 (95.960)	
Epoch: [38][2530/4095]	 lr:0.01000	Time 0.338 (0.348)	Loss 0.0256 (0.0244)	KL_Loss 0.0540 (0.0820)	Feat_map_Loss 0.2989 (0.3390)	Overall_Loss 0.1892 (0.2227)	Prec@1 95.312 (95.973)	
Epoch: [38][2540/4095]	 lr:0.01000	Time 0.344 (0.348)	Loss 0.0139 (0.0243)	KL_Loss 0.0293 (0.0818)	Feat_map_Loss 0.3338 (0.3389)	Overall_Loss 0.1885 (0.2225)	Prec@1 98.438 (95.984)	
Epoch: [38][2550/4095]	 lr:0.01000	Time 0.520 (0.349)	Loss 0.0012 (0.0243)	KL_Loss 0.0210 (0.0816)	Feat_map_Loss 0.3061 (0.3388)	Overall_Loss 0.1641 (0.2223)	Prec@1 100.000 (95.992)	
Epoch: [38][2560/4095]	 lr:0.01000	Time 0.342 (0.349)	Loss 0.0083 (0.0242)	KL_Loss 0.0299 (0.0814)	Feat_map_Loss 0.4090 (0.3388)	Overall_Loss 0.2236 (0.2222)	Prec@1 98.438 (96.001)	
Epoch: [38][2570/4095]	 lr:0.01000	Time 0.338 (0.349)	Loss 0.0041 (0.0242)	KL_Loss 0.0220 (0.0813)	Feat_map_Loss 0.3650 (0.3387)	Overall_Loss 0.1955 (0.2221)	Prec@1 98.438 (96.010)	
Epoch: [38][2580/4095]	 lr:0.01000	Time 0.341 (0.349)	Loss 0.0094 (0.0241)	KL_Loss 0.0348 (0.0811)	Feat_map_Loss 0.4058 (0.3386)	Overall_Loss 0.2250 (0.2219)	Prec@1 96.875 (96.020)	
Epoch: [38][2590/4095]	 lr:0.01000	Time 0.340 (0.349)	Loss 0.0004 (0.0241)	KL_Loss 0.0140 (0.0809)	Feat_map_Loss 0.3693 (0.3386)	Overall_Loss 0.1919 (0.2218)	Prec@1 100.000 (96.028)	
Epoch: [38][2600/4095]	 lr:0.01000	Time 0.338 (0.349)	Loss 0.0046 (0.0240)	KL_Loss 0.0289 (0.0807)	Feat_map_Loss 0.3617 (0.3386)	Overall_Loss 0.1976 (0.2217)	Prec@1 98.438 (96.038)	
Epoch: [38][2610/4095]	 lr:0.01000	Time 0.343 (0.349)	Loss 0.0149 (0.0239)	KL_Loss 0.0268 (0.0805)	Feat_map_Loss 0.2791 (0.3385)	Overall_Loss 0.1604 (0.2215)	Prec@1 98.438 (96.047)	
Epoch: [38][2620/4095]	 lr:0.01000	Time 0.493 (0.349)	Loss 0.0106 (0.0239)	KL_Loss 0.0492 (0.0803)	Feat_map_Loss 0.3230 (0.3384)	Overall_Loss 0.1914 (0.2213)	Prec@1 96.875 (96.054)	
Epoch: [38][2630/4095]	 lr:0.01000	Time 0.353 (0.349)	Loss 0.0017 (0.0239)	KL_Loss 0.0300 (0.0802)	Feat_map_Loss 0.3650 (0.3385)	Overall_Loss 0.1983 (0.2213)	Prec@1 100.000 (96.064)	
Epoch: [38][2640/4095]	 lr:0.01000	Time 0.328 (0.349)	Loss 0.0011 (0.0238)	KL_Loss 0.0167 (0.0800)	Feat_map_Loss 0.3173 (0.3383)	Overall_Loss 0.1675 (0.2211)	Prec@1 100.000 (96.075)	
Epoch: [38][2650/4095]	 lr:0.01000	Time 0.344 (0.349)	Loss 0.0027 (0.0238)	KL_Loss 0.0342 (0.0798)	Feat_map_Loss 0.2899 (0.3382)	Overall_Loss 0.1634 (0.2209)	Prec@1 98.438 (96.083)	
Epoch: [38][2660/4095]	 lr:0.01000	Time 0.357 (0.349)	Loss 0.0003 (0.0237)	KL_Loss 0.0136 (0.0796)	Feat_map_Loss 0.2651 (0.3381)	Overall_Loss 0.1395 (0.2207)	Prec@1 100.000 (96.092)	
Epoch: [38][2670/4095]	 lr:0.01000	Time 0.322 (0.349)	Loss 0.0067 (0.0236)	KL_Loss 0.0395 (0.0794)	Feat_map_Loss 0.2813 (0.3380)	Overall_Loss 0.1638 (0.2205)	Prec@1 98.438 (96.104)	
Epoch: [38][2680/4095]	 lr:0.01000	Time 0.328 (0.349)	Loss 0.0003 (0.0236)	KL_Loss 0.0115 (0.0792)	Feat_map_Loss 0.3329 (0.3379)	Overall_Loss 0.1723 (0.2204)	Prec@1 100.000 (96.112)	
Epoch: [38][2690/4095]	 lr:0.01000	Time 0.510 (0.349)	Loss 0.0005 (0.0235)	KL_Loss 0.0215 (0.0790)	Feat_map_Loss 0.2551 (0.3377)	Overall_Loss 0.1385 (0.2201)	Prec@1 100.000 (96.121)	
Epoch: [38][2700/4095]	 lr:0.01000	Time 0.329 (0.349)	Loss 0.0013 (0.0234)	KL_Loss 0.0146 (0.0788)	Feat_map_Loss 0.3402 (0.3377)	Overall_Loss 0.1781 (0.2200)	Prec@1 100.000 (96.130)	
Epoch: [38][2710/4095]	 lr:0.01000	Time 0.330 (0.349)	Loss 0.0255 (0.0234)	KL_Loss 0.0525 (0.0787)	Feat_map_Loss 0.2802 (0.3377)	Overall_Loss 0.1790 (0.2199)	Prec@1 96.875 (96.136)	
Epoch: [38][2720/4095]	 lr:0.01000	Time 0.326 (0.349)	Loss 0.0327 (0.0234)	KL_Loss 0.0700 (0.0785)	Feat_map_Loss 0.3276 (0.3377)	Overall_Loss 0.2152 (0.2198)	Prec@1 95.312 (96.143)	
Epoch: [38][2730/4095]	 lr:0.01000	Time 0.337 (0.349)	Loss 0.0006 (0.0233)	KL_Loss 0.0208 (0.0784)	Feat_map_Loss 0.3441 (0.3376)	Overall_Loss 0.1828 (0.2197)	Prec@1 100.000 (96.152)	
Epoch: [38][2740/4095]	 lr:0.01000	Time 0.314 (0.349)	Loss 0.0015 (0.0233)	KL_Loss 0.0315 (0.0782)	Feat_map_Loss 0.2703 (0.3375)	Overall_Loss 0.1516 (0.2195)	Prec@1 100.000 (96.162)	
Epoch: [38][2750/4095]	 lr:0.01000	Time 0.335 (0.349)	Loss 0.0008 (0.0232)	KL_Loss 0.0211 (0.0780)	Feat_map_Loss 0.2743 (0.3375)	Overall_Loss 0.1481 (0.2193)	Prec@1 100.000 (96.171)	
Epoch: [38][2760/4095]	 lr:0.01000	Time 0.549 (0.349)	Loss 0.0017 (0.0231)	KL_Loss 0.0207 (0.0779)	Feat_map_Loss 0.3384 (0.3374)	Overall_Loss 0.1804 (0.2192)	Prec@1 98.438 (96.180)	
Epoch: [38][2770/4095]	 lr:0.01000	Time 0.334 (0.349)	Loss 0.0040 (0.0231)	KL_Loss 0.0328 (0.0777)	Feat_map_Loss 0.3035 (0.3374)	Overall_Loss 0.1701 (0.2191)	Prec@1 98.438 (96.189)	
Epoch: [38][2780/4095]	 lr:0.01000	Time 0.323 (0.349)	Loss 0.0395 (0.0231)	KL_Loss 0.1024 (0.0775)	Feat_map_Loss 0.3127 (0.3372)	Overall_Loss 0.2273 (0.2189)	Prec@1 92.188 (96.195)	
Epoch: [38][2790/4095]	 lr:0.01000	Time 0.321 (0.349)	Loss 0.0390 (0.0230)	KL_Loss 0.0628 (0.0774)	Feat_map_Loss 0.2735 (0.3371)	Overall_Loss 0.1876 (0.2187)	Prec@1 95.312 (96.205)	
Epoch: [38][2800/4095]	 lr:0.01000	Time 0.325 (0.348)	Loss 0.0030 (0.0230)	KL_Loss 0.0274 (0.0772)	Feat_map_Loss 0.2903 (0.3370)	Overall_Loss 0.1604 (0.2186)	Prec@1 98.438 (96.213)	
Epoch: [38][2810/4095]	 lr:0.01000	Time 0.333 (0.348)	Loss 0.0002 (0.0229)	KL_Loss 0.0175 (0.0770)	Feat_map_Loss 0.2559 (0.3369)	Overall_Loss 0.1368 (0.2184)	Prec@1 100.000 (96.222)	
Epoch: [38][2820/4095]	 lr:0.01000	Time 0.351 (0.349)	Loss 0.0016 (0.0229)	KL_Loss 0.0220 (0.0768)	Feat_map_Loss 0.3503 (0.3368)	Overall_Loss 0.1869 (0.2182)	Prec@1 100.000 (96.231)	
Epoch: [38][2830/4095]	 lr:0.01000	Time 1.601 (0.349)	Loss 0.0000 (0.0228)	KL_Loss 0.0108 (0.0766)	Feat_map_Loss 0.2345 (0.3366)	Overall_Loss 0.1227 (0.2180)	Prec@1 100.000 (96.241)	
Epoch: [38][2840/4095]	 lr:0.01000	Time 0.342 (0.349)	Loss 0.0026 (0.0227)	KL_Loss 0.0307 (0.0765)	Feat_map_Loss 0.3195 (0.3365)	Overall_Loss 0.1764 (0.2179)	Prec@1 98.438 (96.249)	
Epoch: [38][2850/4095]	 lr:0.01000	Time 0.323 (0.349)	Loss 0.0138 (0.0227)	KL_Loss 0.0527 (0.0763)	Feat_map_Loss 0.3045 (0.3364)	Overall_Loss 0.1855 (0.2177)	Prec@1 96.875 (96.258)	
Epoch: [38][2860/4095]	 lr:0.01000	Time 0.336 (0.350)	Loss 0.0045 (0.0226)	KL_Loss 0.0319 (0.0761)	Feat_map_Loss 0.4151 (0.3363)	Overall_Loss 0.2257 (0.2175)	Prec@1 98.438 (96.268)	
Epoch: [38][2870/4095]	 lr:0.01000	Time 0.321 (0.350)	Loss 0.0102 (0.0226)	KL_Loss 0.0358 (0.0760)	Feat_map_Loss 0.3457 (0.3362)	Overall_Loss 0.1959 (0.2174)	Prec@1 96.875 (96.275)	
Epoch: [38][2880/4095]	 lr:0.01000	Time 0.320 (0.350)	Loss 0.0033 (0.0225)	KL_Loss 0.0309 (0.0758)	Feat_map_Loss 0.2603 (0.3361)	Overall_Loss 0.1473 (0.2172)	Prec@1 98.438 (96.284)	
Epoch: [38][2890/4095]	 lr:0.01000	Time 0.358 (0.350)	Loss 0.0012 (0.0225)	KL_Loss 0.0165 (0.0757)	Feat_map_Loss 0.2870 (0.3361)	Overall_Loss 0.1524 (0.2171)	Prec@1 100.000 (96.292)	
Epoch: [38][2900/4095]	 lr:0.01000	Time 0.539 (0.350)	Loss 0.0196 (0.0224)	KL_Loss 0.0546 (0.0755)	Feat_map_Loss 0.3324 (0.3360)	Overall_Loss 0.2033 (0.2170)	Prec@1 98.438 (96.299)	
Epoch: [38][2910/4095]	 lr:0.01000	Time 0.345 (0.350)	Loss 0.0024 (0.0224)	KL_Loss 0.0277 (0.0754)	Feat_map_Loss 0.3932 (0.3360)	Overall_Loss 0.2117 (0.2169)	Prec@1 98.438 (96.307)	
Epoch: [38][2920/4095]	 lr:0.01000	Time 0.354 (0.350)	Loss 0.0026 (0.0223)	KL_Loss 0.0292 (0.0752)	Feat_map_Loss 0.2970 (0.3358)	Overall_Loss 0.1644 (0.2167)	Prec@1 98.438 (96.317)	
Epoch: [38][2930/4095]	 lr:0.01000	Time 0.330 (0.350)	Loss 0.0019 (0.0223)	KL_Loss 0.0229 (0.0750)	Feat_map_Loss 0.3186 (0.3358)	Overall_Loss 0.1717 (0.2166)	Prec@1 98.438 (96.326)	
Epoch: [38][2940/4095]	 lr:0.01000	Time 0.331 (0.350)	Loss 0.0014 (0.0223)	KL_Loss 0.0213 (0.0749)	Feat_map_Loss 0.2950 (0.3357)	Overall_Loss 0.1589 (0.2164)	Prec@1 100.000 (96.334)	
Epoch: [38][2950/4095]	 lr:0.01000	Time 0.328 (0.350)	Loss 0.0005 (0.0222)	KL_Loss 0.0160 (0.0747)	Feat_map_Loss 0.3930 (0.3357)	Overall_Loss 0.2048 (0.2163)	Prec@1 100.000 (96.344)	
Epoch: [38][2960/4095]	 lr:0.01000	Time 0.353 (0.350)	Loss 0.0006 (0.0221)	KL_Loss 0.0270 (0.0746)	Feat_map_Loss 0.2835 (0.3356)	Overall_Loss 0.1556 (0.2161)	Prec@1 100.000 (96.354)	
Epoch: [38][2970/4095]	 lr:0.01000	Time 0.543 (0.350)	Loss 0.0162 (0.0221)	KL_Loss 0.0426 (0.0744)	Feat_map_Loss 0.3351 (0.3355)	Overall_Loss 0.1970 (0.2160)	Prec@1 98.438 (96.360)	
Epoch: [38][2980/4095]	 lr:0.01000	Time 0.321 (0.350)	Loss 0.0132 (0.0220)	KL_Loss 0.0454 (0.0743)	Feat_map_Loss 0.2453 (0.3354)	Overall_Loss 0.1519 (0.2158)	Prec@1 98.438 (96.367)	
Epoch: [38][2990/4095]	 lr:0.01000	Time 0.345 (0.350)	Loss 0.0001 (0.0220)	KL_Loss 0.0134 (0.0741)	Feat_map_Loss 0.2223 (0.3353)	Overall_Loss 0.1179 (0.2157)	Prec@1 100.000 (96.376)	
Epoch: [38][3000/4095]	 lr:0.01000	Time 0.335 (0.350)	Loss 0.0002 (0.0219)	KL_Loss 0.0097 (0.0739)	Feat_map_Loss 0.2909 (0.3352)	Overall_Loss 0.1504 (0.2155)	Prec@1 100.000 (96.385)	
Epoch: [38][3010/4095]	 lr:0.01000	Time 0.343 (0.350)	Loss 0.0000 (0.0219)	KL_Loss 0.0129 (0.0738)	Feat_map_Loss 0.2780 (0.3351)	Overall_Loss 0.1455 (0.2154)	Prec@1 100.000 (96.392)	
Epoch: [38][3020/4095]	 lr:0.01000	Time 0.316 (0.350)	Loss 0.0052 (0.0218)	KL_Loss 0.0206 (0.0736)	Feat_map_Loss 0.3803 (0.3351)	Overall_Loss 0.2031 (0.2153)	Prec@1 98.438 (96.401)	
Epoch: [38][3030/4095]	 lr:0.01000	Time 0.325 (0.350)	Loss 0.0050 (0.0218)	KL_Loss 0.0362 (0.0735)	Feat_map_Loss 0.2822 (0.3350)	Overall_Loss 0.1617 (0.2151)	Prec@1 96.875 (96.407)	
Epoch: [38][3040/4095]	 lr:0.01000	Time 0.503 (0.350)	Loss 0.0002 (0.0217)	KL_Loss 0.0167 (0.0734)	Feat_map_Loss 0.3343 (0.3349)	Overall_Loss 0.1756 (0.2150)	Prec@1 100.000 (96.416)	
Epoch: [38][3050/4095]	 lr:0.01000	Time 0.318 (0.350)	Loss 0.0027 (0.0217)	KL_Loss 0.0311 (0.0732)	Feat_map_Loss 0.2677 (0.3348)	Overall_Loss 0.1508 (0.2149)	Prec@1 100.000 (96.424)	
Epoch: [38][3060/4095]	 lr:0.01000	Time 0.333 (0.350)	Loss 0.0000 (0.0217)	KL_Loss 0.0100 (0.0731)	Feat_map_Loss 0.2457 (0.3347)	Overall_Loss 0.1279 (0.2147)	Prec@1 100.000 (96.431)	
Epoch: [38][3070/4095]	 lr:0.01000	Time 0.338 (0.350)	Loss 0.0063 (0.0216)	KL_Loss 0.0375 (0.0729)	Feat_map_Loss 0.2295 (0.3346)	Overall_Loss 0.1367 (0.2145)	Prec@1 98.438 (96.439)	
Epoch: [38][3080/4095]	 lr:0.01000	Time 0.325 (0.350)	Loss 0.0003 (0.0215)	KL_Loss 0.0102 (0.0728)	Feat_map_Loss 0.3035 (0.3344)	Overall_Loss 0.1570 (0.2144)	Prec@1 100.000 (96.449)	
Epoch: [38][3090/4095]	 lr:0.01000	Time 0.332 (0.350)	Loss 0.0046 (0.0215)	KL_Loss 0.0538 (0.0726)	Feat_map_Loss 0.3429 (0.3343)	Overall_Loss 0.2007 (0.2142)	Prec@1 98.438 (96.455)	
Epoch: [38][3100/4095]	 lr:0.01000	Time 0.351 (0.350)	Loss 0.0040 (0.0215)	KL_Loss 0.0288 (0.0725)	Feat_map_Loss 0.3111 (0.3341)	Overall_Loss 0.1720 (0.2140)	Prec@1 98.438 (96.463)	
Epoch: [38][3110/4095]	 lr:0.01000	Time 0.538 (0.350)	Loss 0.0002 (0.0214)	KL_Loss 0.0191 (0.0724)	Feat_map_Loss 0.2751 (0.3341)	Overall_Loss 0.1472 (0.2139)	Prec@1 100.000 (96.467)	
Epoch: [38][3120/4095]	 lr:0.01000	Time 0.328 (0.350)	Loss 0.0363 (0.0214)	KL_Loss 0.0583 (0.0723)	Feat_map_Loss 0.3077 (0.3341)	Overall_Loss 0.2011 (0.2139)	Prec@1 96.875 (96.472)	
Epoch: [38][3130/4095]	 lr:0.01000	Time 0.325 (0.350)	Loss 0.0019 (0.0214)	KL_Loss 0.0332 (0.0721)	Feat_map_Loss 0.3551 (0.3340)	Overall_Loss 0.1951 (0.2138)	Prec@1 100.000 (96.481)	
Epoch: [38][3140/4095]	 lr:0.01000	Time 0.338 (0.350)	Loss 0.0163 (0.0213)	KL_Loss 0.0350 (0.0720)	Feat_map_Loss 0.3084 (0.3339)	Overall_Loss 0.1799 (0.2137)	Prec@1 98.438 (96.487)	
Epoch: [38][3150/4095]	 lr:0.01000	Time 0.333 (0.350)	Loss 0.0444 (0.0213)	KL_Loss 0.0511 (0.0719)	Feat_map_Loss 0.3555 (0.3339)	Overall_Loss 0.2255 (0.2135)	Prec@1 98.438 (96.496)	
Epoch: [38][3160/4095]	 lr:0.01000	Time 0.352 (0.350)	Loss 0.0002 (0.0213)	KL_Loss 0.0129 (0.0717)	Feat_map_Loss 0.3117 (0.3338)	Overall_Loss 0.1624 (0.2134)	Prec@1 100.000 (96.502)	
Epoch: [38][3170/4095]	 lr:0.01000	Time 0.358 (0.350)	Loss 0.0110 (0.0212)	KL_Loss 0.0509 (0.0716)	Feat_map_Loss 0.3694 (0.3337)	Overall_Loss 0.2157 (0.2133)	Prec@1 96.875 (96.508)	
Epoch: [38][3180/4095]	 lr:0.01000	Time 0.594 (0.350)	Loss 0.0001 (0.0212)	KL_Loss 0.0124 (0.0714)	Feat_map_Loss 0.3634 (0.3336)	Overall_Loss 0.1879 (0.2131)	Prec@1 100.000 (96.517)	
Epoch: [38][3190/4095]	 lr:0.01000	Time 0.336 (0.350)	Loss 0.0088 (0.0211)	KL_Loss 0.0351 (0.0713)	Feat_map_Loss 0.2794 (0.3336)	Overall_Loss 0.1616 (0.2130)	Prec@1 96.875 (96.523)	
Epoch: [38][3200/4095]	 lr:0.01000	Time 0.348 (0.350)	Loss 0.0164 (0.0211)	KL_Loss 0.0249 (0.0712)	Feat_map_Loss 0.3246 (0.3335)	Overall_Loss 0.1830 (0.2129)	Prec@1 98.438 (96.532)	
Epoch: [38][3210/4095]	 lr:0.01000	Time 0.345 (0.351)	Loss 0.0037 (0.0211)	KL_Loss 0.0236 (0.0710)	Feat_map_Loss 0.2785 (0.3334)	Overall_Loss 0.1529 (0.2127)	Prec@1 98.438 (96.540)	
Epoch: [38][3220/4095]	 lr:0.01000	Time 0.338 (0.350)	Loss 0.0021 (0.0210)	KL_Loss 0.0232 (0.0709)	Feat_map_Loss 0.3360 (0.3333)	Overall_Loss 0.1806 (0.2126)	Prec@1 100.000 (96.549)	
Epoch: [38][3230/4095]	 lr:0.01000	Time 0.345 (0.350)	Loss 0.0009 (0.0210)	KL_Loss 0.0155 (0.0707)	Feat_map_Loss 0.2802 (0.3332)	Overall_Loss 0.1483 (0.2125)	Prec@1 100.000 (96.555)	
Epoch: [38][3240/4095]	 lr:0.01000	Time 0.345 (0.351)	Loss 0.0396 (0.0210)	KL_Loss 0.0873 (0.0706)	Feat_map_Loss 0.3288 (0.3332)	Overall_Loss 0.2279 (0.2124)	Prec@1 93.750 (96.559)	
Epoch: [38][3250/4095]	 lr:0.01000	Time 0.504 (0.351)	Loss 0.0239 (0.0209)	KL_Loss 0.0371 (0.0705)	Feat_map_Loss 0.3325 (0.3332)	Overall_Loss 0.1968 (0.2123)	Prec@1 96.875 (96.565)	
Epoch: [38][3260/4095]	 lr:0.01000	Time 0.334 (0.350)	Loss 0.0115 (0.0209)	KL_Loss 0.0273 (0.0704)	Feat_map_Loss 0.3088 (0.3331)	Overall_Loss 0.1738 (0.2122)	Prec@1 98.438 (96.571)	
Epoch: [38][3270/4095]	 lr:0.01000	Time 0.322 (0.350)	Loss 0.0003 (0.0208)	KL_Loss 0.0170 (0.0703)	Feat_map_Loss 0.2704 (0.3331)	Overall_Loss 0.1438 (0.2121)	Prec@1 100.000 (96.578)	
Epoch: [38][3280/4095]	 lr:0.01000	Time 0.334 (0.350)	Loss 0.0006 (0.0208)	KL_Loss 0.0229 (0.0702)	Feat_map_Loss 0.2811 (0.3331)	Overall_Loss 0.1523 (0.2120)	Prec@1 100.000 (96.586)	
Epoch: [38][3290/4095]	 lr:0.01000	Time 0.338 (0.350)	Loss 0.0004 (0.0208)	KL_Loss 0.0200 (0.0700)	Feat_map_Loss 0.3514 (0.3330)	Overall_Loss 0.1859 (0.2119)	Prec@1 100.000 (96.593)	
Epoch: [38][3300/4095]	 lr:0.01000	Time 0.330 (0.350)	Loss 0.0000 (0.0207)	KL_Loss 0.0089 (0.0699)	Feat_map_Loss 0.1848 (0.3329)	Overall_Loss 0.0969 (0.2117)	Prec@1 100.000 (96.600)	
Epoch: [38][3310/4095]	 lr:0.01000	Time 0.327 (0.350)	Loss 0.0464 (0.0207)	KL_Loss 0.0703 (0.0698)	Feat_map_Loss 0.3607 (0.3328)	Overall_Loss 0.2387 (0.2117)	Prec@1 93.750 (96.606)	
Epoch: [38][3320/4095]	 lr:0.01000	Time 0.523 (0.350)	Loss 0.0070 (0.0207)	KL_Loss 0.0347 (0.0697)	Feat_map_Loss 0.2868 (0.3328)	Overall_Loss 0.1643 (0.2115)	Prec@1 96.875 (96.612)	
Epoch: [38][3330/4095]	 lr:0.01000	Time 0.350 (0.350)	Loss 0.0196 (0.0206)	KL_Loss 0.0673 (0.0695)	Feat_map_Loss 0.2603 (0.3327)	Overall_Loss 0.1736 (0.2114)	Prec@1 95.312 (96.618)	
Epoch: [38][3340/4095]	 lr:0.01000	Time 0.341 (0.350)	Loss 0.0025 (0.0205)	KL_Loss 0.0179 (0.0694)	Feat_map_Loss 0.2717 (0.3326)	Overall_Loss 0.1461 (0.2113)	Prec@1 98.438 (96.627)	
Epoch: [38][3350/4095]	 lr:0.01000	Time 0.332 (0.350)	Loss 0.0001 (0.0205)	KL_Loss 0.0124 (0.0693)	Feat_map_Loss 0.2966 (0.3325)	Overall_Loss 0.1545 (0.2112)	Prec@1 100.000 (96.633)	
Epoch: [38][3360/4095]	 lr:0.01000	Time 0.312 (0.350)	Loss 0.0026 (0.0205)	KL_Loss 0.0168 (0.0691)	Feat_map_Loss 0.3640 (0.3325)	Overall_Loss 0.1917 (0.2111)	Prec@1 98.438 (96.640)	
Epoch: [38][3370/4095]	 lr:0.01000	Time 0.331 (0.350)	Loss 0.0587 (0.0204)	KL_Loss 0.0946 (0.0690)	Feat_map_Loss 0.3390 (0.3324)	Overall_Loss 0.2461 (0.2110)	Prec@1 95.312 (96.644)	
Epoch: [38][3380/4095]	 lr:0.01000	Time 0.324 (0.350)	Loss 0.0206 (0.0204)	KL_Loss 0.0310 (0.0689)	Feat_map_Loss 0.2485 (0.3323)	Overall_Loss 0.1501 (0.2108)	Prec@1 98.438 (96.652)	
Epoch: [38][3390/4095]	 lr:0.01000	Time 0.518 (0.350)	Loss 0.0018 (0.0204)	KL_Loss 0.0300 (0.0688)	Feat_map_Loss 0.3343 (0.3323)	Overall_Loss 0.1831 (0.2107)	Prec@1 100.000 (96.658)	
Epoch: [38][3400/4095]	 lr:0.01000	Time 0.337 (0.350)	Loss 0.0001 (0.0203)	KL_Loss 0.0147 (0.0687)	Feat_map_Loss 0.3095 (0.3322)	Overall_Loss 0.1621 (0.2106)	Prec@1 100.000 (96.664)	
Epoch: [38][3410/4095]	 lr:0.01000	Time 0.331 (0.350)	Loss 0.0002 (0.0203)	KL_Loss 0.0154 (0.0685)	Feat_map_Loss 0.2664 (0.3321)	Overall_Loss 0.1410 (0.2104)	Prec@1 100.000 (96.672)	
Epoch: [38][3420/4095]	 lr:0.01000	Time 0.348 (0.350)	Loss 0.0001 (0.0202)	KL_Loss 0.0080 (0.0684)	Feat_map_Loss 0.2823 (0.3320)	Overall_Loss 0.1452 (0.2103)	Prec@1 100.000 (96.678)	
Epoch: [38][3430/4095]	 lr:0.01000	Time 0.328 (0.350)	Loss 0.0123 (0.0202)	KL_Loss 0.0454 (0.0683)	Feat_map_Loss 0.3282 (0.3319)	Overall_Loss 0.1929 (0.2102)	Prec@1 96.875 (96.686)	
Epoch: [38][3440/4095]	 lr:0.01000	Time 0.322 (0.350)	Loss 0.0048 (0.0201)	KL_Loss 0.0208 (0.0681)	Feat_map_Loss 0.2825 (0.3318)	Overall_Loss 0.1540 (0.2100)	Prec@1 98.438 (96.693)	
Epoch: [38][3450/4095]	 lr:0.01000	Time 0.323 (0.350)	Loss 0.0016 (0.0201)	KL_Loss 0.0234 (0.0680)	Feat_map_Loss 0.2891 (0.3317)	Overall_Loss 0.1570 (0.2098)	Prec@1 100.000 (96.702)	
Epoch: [38][3460/4095]	 lr:0.01000	Time 0.491 (0.350)	Loss 0.0010 (0.0201)	KL_Loss 0.0173 (0.0679)	Feat_map_Loss 0.3201 (0.3316)	Overall_Loss 0.1692 (0.2097)	Prec@1 100.000 (96.708)	
Epoch: [38][3470/4095]	 lr:0.01000	Time 0.336 (0.350)	Loss 0.0000 (0.0200)	KL_Loss 0.0081 (0.0677)	Feat_map_Loss 0.3202 (0.3314)	Overall_Loss 0.1642 (0.2096)	Prec@1 100.000 (96.715)	
Epoch: [38][3480/4095]	 lr:0.01000	Time 0.342 (0.350)	Loss 0.0000 (0.0200)	KL_Loss 0.0096 (0.0676)	Feat_map_Loss 0.3185 (0.3314)	Overall_Loss 0.1640 (0.2095)	Prec@1 100.000 (96.723)	
Epoch: [38][3490/4095]	 lr:0.01000	Time 0.335 (0.350)	Loss 0.0015 (0.0199)	KL_Loss 0.0120 (0.0675)	Feat_map_Loss 0.2809 (0.3313)	Overall_Loss 0.1472 (0.2094)	Prec@1 98.438 (96.731)	
Epoch: [38][3500/4095]	 lr:0.01000	Time 0.336 (0.350)	Loss 0.0000 (0.0199)	KL_Loss 0.0107 (0.0673)	Feat_map_Loss 0.2912 (0.3313)	Overall_Loss 0.1510 (0.2092)	Prec@1 100.000 (96.737)	
Epoch: [38][3510/4095]	 lr:0.01000	Time 0.339 (0.350)	Loss 0.0008 (0.0198)	KL_Loss 0.0167 (0.0672)	Feat_map_Loss 0.2717 (0.3311)	Overall_Loss 0.1446 (0.2091)	Prec@1 100.000 (96.745)	
Epoch: [38][3520/4095]	 lr:0.01000	Time 0.331 (0.350)	Loss 0.0002 (0.0198)	KL_Loss 0.0113 (0.0671)	Feat_map_Loss 0.2508 (0.3311)	Overall_Loss 0.1311 (0.2090)	Prec@1 100.000 (96.753)	
Epoch: [38][3530/4095]	 lr:0.01000	Time 0.508 (0.350)	Loss 0.0374 (0.0198)	KL_Loss 0.0336 (0.0669)	Feat_map_Loss 0.3296 (0.3310)	Overall_Loss 0.2003 (0.2089)	Prec@1 98.438 (96.759)	
Epoch: [38][3540/4095]	 lr:0.01000	Time 0.339 (0.350)	Loss 0.0015 (0.0197)	KL_Loss 0.0200 (0.0668)	Feat_map_Loss 0.3718 (0.3309)	Overall_Loss 0.1966 (0.2087)	Prec@1 100.000 (96.766)	
Epoch: [38][3550/4095]	 lr:0.01000	Time 0.353 (0.350)	Loss 0.0003 (0.0197)	KL_Loss 0.0155 (0.0667)	Feat_map_Loss 0.2592 (0.3308)	Overall_Loss 0.1375 (0.2086)	Prec@1 100.000 (96.774)	
Epoch: [38][3560/4095]	 lr:0.01000	Time 0.327 (0.350)	Loss 0.0000 (0.0197)	KL_Loss 0.0190 (0.0666)	Feat_map_Loss 0.2538 (0.3308)	Overall_Loss 0.1365 (0.2085)	Prec@1 100.000 (96.779)	
Epoch: [38][3570/4095]	 lr:0.01000	Time 0.323 (0.350)	Loss 0.0009 (0.0196)	KL_Loss 0.0207 (0.0664)	Feat_map_Loss 0.2884 (0.3307)	Overall_Loss 0.1550 (0.2084)	Prec@1 100.000 (96.785)	
Epoch: [38][3580/4095]	 lr:0.01000	Time 0.329 (0.350)	Loss 0.0013 (0.0196)	KL_Loss 0.0280 (0.0663)	Feat_map_Loss 0.2898 (0.3305)	Overall_Loss 0.1595 (0.2082)	Prec@1 100.000 (96.791)	
Epoch: [38][3590/4095]	 lr:0.01000	Time 0.310 (0.350)	Loss 0.0068 (0.0196)	KL_Loss 0.0314 (0.0662)	Feat_map_Loss 0.3361 (0.3305)	Overall_Loss 0.1872 (0.2081)	Prec@1 98.438 (96.797)	
Epoch: [38][3600/4095]	 lr:0.01000	Time 0.504 (0.350)	Loss 0.0000 (0.0195)	KL_Loss 0.0103 (0.0661)	Feat_map_Loss 0.3145 (0.3304)	Overall_Loss 0.1624 (0.2080)	Prec@1 100.000 (96.803)	
Epoch: [38][3610/4095]	 lr:0.01000	Time 0.327 (0.350)	Loss 0.0380 (0.0195)	KL_Loss 0.0526 (0.0660)	Feat_map_Loss 0.3102 (0.3303)	Overall_Loss 0.2004 (0.2079)	Prec@1 95.312 (96.807)	
Epoch: [38][3620/4095]	 lr:0.01000	Time 0.317 (0.350)	Loss 0.0009 (0.0195)	KL_Loss 0.0242 (0.0659)	Feat_map_Loss 0.3006 (0.3302)	Overall_Loss 0.1629 (0.2078)	Prec@1 100.000 (96.812)	
Epoch: [38][3630/4095]	 lr:0.01000	Time 0.341 (0.350)	Loss 0.0131 (0.0194)	KL_Loss 0.0493 (0.0658)	Feat_map_Loss 0.2915 (0.3302)	Overall_Loss 0.1769 (0.2077)	Prec@1 96.875 (96.816)	
Epoch: [38][3640/4095]	 lr:0.01000	Time 0.331 (0.350)	Loss 0.0185 (0.0194)	KL_Loss 0.0369 (0.0657)	Feat_map_Loss 0.3337 (0.3301)	Overall_Loss 0.1946 (0.2076)	Prec@1 98.438 (96.822)	
Epoch: [38][3650/4095]	 lr:0.01000	Time 0.332 (0.350)	Loss 0.0080 (0.0194)	KL_Loss 0.0307 (0.0656)	Feat_map_Loss 0.3016 (0.3300)	Overall_Loss 0.1702 (0.2075)	Prec@1 98.438 (96.827)	
Epoch: [38][3660/4095]	 lr:0.01000	Time 0.324 (0.350)	Loss 0.0000 (0.0193)	KL_Loss 0.0098 (0.0654)	Feat_map_Loss 0.2180 (0.3299)	Overall_Loss 0.1139 (0.2073)	Prec@1 100.000 (96.834)	
Epoch: [38][3670/4095]	 lr:0.01000	Time 0.515 (0.350)	Loss 0.0091 (0.0193)	KL_Loss 0.0355 (0.0653)	Feat_map_Loss 0.2971 (0.3298)	Overall_Loss 0.1708 (0.2072)	Prec@1 96.875 (96.840)	
Epoch: [38][3680/4095]	 lr:0.01000	Time 0.347 (0.350)	Loss 0.0001 (0.0193)	KL_Loss 0.0061 (0.0652)	Feat_map_Loss 0.2205 (0.3297)	Overall_Loss 0.1134 (0.2071)	Prec@1 100.000 (96.845)	
Epoch: [38][3690/4095]	 lr:0.01000	Time 0.333 (0.350)	Loss 0.0106 (0.0192)	KL_Loss 0.0474 (0.0651)	Feat_map_Loss 0.2874 (0.3296)	Overall_Loss 0.1727 (0.2070)	Prec@1 96.875 (96.850)	
Epoch: [38][3700/4095]	 lr:0.01000	Time 0.325 (0.350)	Loss 0.0010 (0.0192)	KL_Loss 0.0244 (0.0650)	Feat_map_Loss 0.3661 (0.3295)	Overall_Loss 0.1958 (0.2069)	Prec@1 100.000 (96.856)	
Epoch: [38][3710/4095]	 lr:0.01000	Time 0.343 (0.350)	Loss 0.0006 (0.0192)	KL_Loss 0.0161 (0.0649)	Feat_map_Loss 0.3416 (0.3294)	Overall_Loss 0.1791 (0.2067)	Prec@1 100.000 (96.863)	
Epoch: [38][3720/4095]	 lr:0.01000	Time 0.334 (0.350)	Loss 0.0191 (0.0192)	KL_Loss 0.0622 (0.0648)	Feat_map_Loss 0.2872 (0.3293)	Overall_Loss 0.1843 (0.2067)	Prec@1 96.875 (96.866)	
Epoch: [38][3730/4095]	 lr:0.01000	Time 0.334 (0.350)	Loss 0.0002 (0.0191)	KL_Loss 0.0093 (0.0647)	Feat_map_Loss 0.3044 (0.3292)	Overall_Loss 0.1570 (0.2065)	Prec@1 100.000 (96.872)	
Epoch: [38][3740/4095]	 lr:0.01000	Time 0.506 (0.350)	Loss 0.0013 (0.0191)	KL_Loss 0.0240 (0.0646)	Feat_map_Loss 0.3719 (0.3291)	Overall_Loss 0.1986 (0.2064)	Prec@1 100.000 (96.879)	
Epoch: [38][3750/4095]	 lr:0.01000	Time 0.351 (0.350)	Loss 0.0082 (0.0190)	KL_Loss 0.0191 (0.0645)	Feat_map_Loss 0.3094 (0.3291)	Overall_Loss 0.1683 (0.2063)	Prec@1 96.875 (96.885)	
Epoch: [38][3760/4095]	 lr:0.01000	Time 0.354 (0.350)	Loss 0.0082 (0.0190)	KL_Loss 0.0358 (0.0644)	Feat_map_Loss 0.3597 (0.3290)	Overall_Loss 0.2019 (0.2062)	Prec@1 98.438 (96.891)	
Epoch: [38][3770/4095]	 lr:0.01000	Time 0.326 (0.350)	Loss 0.0066 (0.0190)	KL_Loss 0.0329 (0.0642)	Feat_map_Loss 0.3050 (0.3290)	Overall_Loss 0.1722 (0.2061)	Prec@1 96.875 (96.897)	
Epoch: [38][3780/4095]	 lr:0.01000	Time 0.317 (0.350)	Loss 0.0003 (0.0189)	KL_Loss 0.0213 (0.0641)	Feat_map_Loss 0.3316 (0.3290)	Overall_Loss 0.1766 (0.2060)	Prec@1 100.000 (96.904)	
Epoch: [38][3790/4095]	 lr:0.01000	Time 0.323 (0.350)	Loss 0.0116 (0.0189)	KL_Loss 0.0378 (0.0640)	Feat_map_Loss 0.2744 (0.3289)	Overall_Loss 0.1619 (0.2059)	Prec@1 96.875 (96.910)	
Epoch: [38][3800/4095]	 lr:0.01000	Time 0.342 (0.350)	Loss 0.0002 (0.0189)	KL_Loss 0.0159 (0.0639)	Feat_map_Loss 0.2911 (0.3288)	Overall_Loss 0.1536 (0.2057)	Prec@1 100.000 (96.917)	
Epoch: [38][3810/4095]	 lr:0.01000	Time 0.550 (0.350)	Loss 0.0064 (0.0188)	KL_Loss 0.0205 (0.0638)	Feat_map_Loss 0.2557 (0.3287)	Overall_Loss 0.1413 (0.2057)	Prec@1 98.438 (96.922)	
Epoch: [38][3820/4095]	 lr:0.01000	Time 0.325 (0.350)	Loss 0.0001 (0.0188)	KL_Loss 0.0084 (0.0637)	Feat_map_Loss 0.2742 (0.3286)	Overall_Loss 0.1414 (0.2056)	Prec@1 100.000 (96.926)	
Epoch: [38][3830/4095]	 lr:0.01000	Time 0.339 (0.350)	Loss 0.0255 (0.0188)	KL_Loss 0.0331 (0.0636)	Feat_map_Loss 0.3460 (0.3286)	Overall_Loss 0.2023 (0.2055)	Prec@1 96.875 (96.930)	
Epoch: [38][3840/4095]	 lr:0.01000	Time 0.332 (0.350)	Loss 0.0002 (0.0187)	KL_Loss 0.0122 (0.0635)	Feat_map_Loss 0.2709 (0.3285)	Overall_Loss 0.1417 (0.2054)	Prec@1 100.000 (96.938)	
Epoch: [38][3850/4095]	 lr:0.01000	Time 0.327 (0.350)	Loss 0.0031 (0.0187)	KL_Loss 0.0243 (0.0633)	Feat_map_Loss 0.2711 (0.3285)	Overall_Loss 0.1493 (0.2053)	Prec@1 98.438 (96.943)	
Epoch: [38][3860/4095]	 lr:0.01000	Time 0.323 (0.350)	Loss 0.0002 (0.0187)	KL_Loss 0.0122 (0.0632)	Feat_map_Loss 0.2397 (0.3284)	Overall_Loss 0.1261 (0.2051)	Prec@1 100.000 (96.950)	
Epoch: [38][3870/4095]	 lr:0.01000	Time 0.344 (0.350)	Loss 0.0000 (0.0186)	KL_Loss 0.0091 (0.0631)	Feat_map_Loss 0.3003 (0.3283)	Overall_Loss 0.1547 (0.2050)	Prec@1 100.000 (96.956)	
Epoch: [38][3880/4095]	 lr:0.01000	Time 0.530 (0.350)	Loss 0.0027 (0.0186)	KL_Loss 0.0234 (0.0630)	Feat_map_Loss 0.3087 (0.3282)	Overall_Loss 0.1674 (0.2049)	Prec@1 98.438 (96.963)	
Epoch: [38][3890/4095]	 lr:0.01000	Time 0.348 (0.350)	Loss 0.0025 (0.0186)	KL_Loss 0.0233 (0.0629)	Feat_map_Loss 0.3174 (0.3282)	Overall_Loss 0.1716 (0.2048)	Prec@1 100.000 (96.967)	
Epoch: [38][3900/4095]	 lr:0.01000	Time 0.346 (0.350)	Loss 0.0113 (0.0185)	KL_Loss 0.0299 (0.0628)	Feat_map_Loss 0.3874 (0.3281)	Overall_Loss 0.2143 (0.2047)	Prec@1 95.312 (96.972)	
Epoch: [38][3910/4095]	 lr:0.01000	Time 0.323 (0.350)	Loss 0.0043 (0.0185)	KL_Loss 0.0213 (0.0627)	Feat_map_Loss 0.2531 (0.3281)	Overall_Loss 0.1393 (0.2046)	Prec@1 98.438 (96.977)	
Epoch: [38][3920/4095]	 lr:0.01000	Time 0.330 (0.350)	Loss 0.0000 (0.0185)	KL_Loss 0.0101 (0.0626)	Feat_map_Loss 0.2275 (0.3280)	Overall_Loss 0.1188 (0.2045)	Prec@1 100.000 (96.983)	
Epoch: [38][3930/4095]	 lr:0.01000	Time 0.340 (0.350)	Loss 0.0415 (0.0185)	KL_Loss 0.0544 (0.0625)	Feat_map_Loss 0.2778 (0.3279)	Overall_Loss 0.1868 (0.2044)	Prec@1 98.438 (96.987)	
Epoch: [38][3940/4095]	 lr:0.01000	Time 0.343 (0.350)	Loss 0.0011 (0.0184)	KL_Loss 0.0203 (0.0624)	Feat_map_Loss 0.2967 (0.3279)	Overall_Loss 0.1591 (0.2044)	Prec@1 100.000 (96.992)	
Epoch: [38][3950/4095]	 lr:0.01000	Time 0.541 (0.350)	Loss 0.0046 (0.0184)	KL_Loss 0.0262 (0.0623)	Feat_map_Loss 0.3530 (0.3278)	Overall_Loss 0.1919 (0.2043)	Prec@1 98.438 (96.998)	
Epoch: [38][3960/4095]	 lr:0.01000	Time 0.333 (0.350)	Loss 0.0030 (0.0184)	KL_Loss 0.0177 (0.0622)	Feat_map_Loss 0.3027 (0.3277)	Overall_Loss 0.1617 (0.2042)	Prec@1 98.438 (97.003)	
Epoch: [38][3970/4095]	 lr:0.01000	Time 0.338 (0.350)	Loss 0.0016 (0.0184)	KL_Loss 0.0212 (0.0621)	Feat_map_Loss 0.2901 (0.3276)	Overall_Loss 0.1565 (0.2040)	Prec@1 98.438 (97.006)	
Epoch: [38][3980/4095]	 lr:0.01000	Time 0.337 (0.350)	Loss 0.0009 (0.0183)	KL_Loss 0.0206 (0.0620)	Feat_map_Loss 0.3379 (0.3275)	Overall_Loss 0.1797 (0.2039)	Prec@1 100.000 (97.010)	
Epoch: [38][3990/4095]	 lr:0.01000	Time 0.329 (0.350)	Loss 0.0083 (0.0183)	KL_Loss 0.0261 (0.0619)	Feat_map_Loss 0.3059 (0.3273)	Overall_Loss 0.1702 (0.2038)	Prec@1 98.438 (97.016)	
Epoch: [38][4000/4095]	 lr:0.01000	Time 0.334 (0.350)	Loss 0.0005 (0.0183)	KL_Loss 0.0146 (0.0618)	Feat_map_Loss 0.2783 (0.3272)	Overall_Loss 0.1467 (0.2037)	Prec@1 100.000 (97.022)	
Epoch: [38][4010/4095]	 lr:0.01000	Time 0.332 (0.350)	Loss 0.0001 (0.0182)	KL_Loss 0.0077 (0.0617)	Feat_map_Loss 0.2567 (0.3271)	Overall_Loss 0.1322 (0.2036)	Prec@1 100.000 (97.027)	
Epoch: [38][4020/4095]	 lr:0.01000	Time 0.511 (0.350)	Loss 0.0055 (0.0182)	KL_Loss 0.0233 (0.0617)	Feat_map_Loss 0.2858 (0.3271)	Overall_Loss 0.1573 (0.2035)	Prec@1 96.875 (97.030)	
Epoch: [38][4030/4095]	 lr:0.01000	Time 0.340 (0.350)	Loss 0.0524 (0.0182)	KL_Loss 0.0473 (0.0616)	Feat_map_Loss 0.2831 (0.3270)	Overall_Loss 0.1914 (0.2034)	Prec@1 96.875 (97.035)	
Epoch: [38][4040/4095]	 lr:0.01000	Time 0.341 (0.350)	Loss 0.0031 (0.0182)	KL_Loss 0.0264 (0.0615)	Feat_map_Loss 0.2951 (0.3269)	Overall_Loss 0.1623 (0.2033)	Prec@1 98.438 (97.037)	
Epoch: [38][4050/4095]	 lr:0.01000	Time 0.343 (0.350)	Loss 0.0001 (0.0181)	KL_Loss 0.0099 (0.0614)	Feat_map_Loss 0.3086 (0.3268)	Overall_Loss 0.1593 (0.2032)	Prec@1 100.000 (97.042)	
Epoch: [38][4060/4095]	 lr:0.01000	Time 0.329 (0.350)	Loss 0.0112 (0.0181)	KL_Loss 0.0297 (0.0613)	Feat_map_Loss 0.3556 (0.3268)	Overall_Loss 0.1983 (0.2031)	Prec@1 98.438 (97.046)	
Epoch: [38][4070/4095]	 lr:0.01000	Time 0.350 (0.350)	Loss 0.0067 (0.0181)	KL_Loss 0.0382 (0.0613)	Feat_map_Loss 0.3783 (0.3267)	Overall_Loss 0.2116 (0.2031)	Prec@1 98.438 (97.049)	
Epoch: [38][4080/4095]	 lr:0.01000	Time 0.327 (0.350)	Loss 0.0005 (0.0181)	KL_Loss 0.0115 (0.0612)	Feat_map_Loss 0.2569 (0.3266)	Overall_Loss 0.1344 (0.2029)	Prec@1 100.000 (97.054)	
Epoch: [38][4090/4095]	 lr:0.01000	Time 0.519 (0.350)	Loss 0.0074 (0.0181)	KL_Loss 0.0338 (0.0611)	Feat_map_Loss 0.2494 (0.3265)	Overall_Loss 0.1453 (0.2028)	Prec@1 96.875 (97.060)	
Test: [0/331]	Time 1.538 (1.538)	Loss 0.0064 (0.0064)	Prec@1 98.438 (98.438)	
Test: [10/331]	Time 0.318 (0.284)	Loss 0.0017 (0.0111)	Prec@1 100.000 (98.011)	
Test: [20/331]	Time 0.137 (0.214)	Loss 0.0007 (0.0183)	Prec@1 100.000 (97.619)	
Test: [30/331]	Time 0.160 (0.198)	Loss 0.0041 (0.0131)	Prec@1 98.438 (98.135)	
Test: [40/331]	Time 0.149 (0.190)	Loss 0.0073 (0.0117)	Prec@1 98.438 (98.209)	
Test: [50/331]	Time 0.148 (0.182)	Loss 0.0000 (0.0103)	Prec@1 100.000 (98.407)	
Test: [60/331]	Time 0.150 (0.179)	Loss 0.0000 (0.0089)	Prec@1 100.000 (98.591)	
Test: [70/331]	Time 0.146 (0.177)	Loss 0.1375 (0.0157)	Prec@1 81.250 (97.513)	
Test: [80/331]	Time 0.153 (0.176)	Loss 0.0002 (0.0245)	Prec@1 100.000 (96.682)	
Test: [90/331]	Time 0.314 (0.174)	Loss 0.0970 (0.0384)	Prec@1 92.188 (94.712)	
Test: [100/331]	Time 0.145 (0.172)	Loss 0.0008 (0.0379)	Prec@1 100.000 (94.864)	
Test: [110/331]	Time 0.152 (0.172)	Loss 0.0014 (0.0348)	Prec@1 100.000 (95.270)	
Test: [120/331]	Time 0.153 (0.171)	Loss 0.0339 (0.0342)	Prec@1 95.312 (95.183)	
Test: [130/331]	Time 0.516 (0.176)	Loss 0.0000 (0.0316)	Prec@1 100.000 (95.551)	
Test: [140/331]	Time 0.145 (0.180)	Loss 0.0000 (0.0293)	Prec@1 100.000 (95.867)	
Test: [150/331]	Time 0.151 (0.196)	Loss 0.0000 (0.0274)	Prec@1 100.000 (96.140)	
Test: [160/331]	Time 0.140 (0.198)	Loss 0.0000 (0.0257)	Prec@1 100.000 (96.380)	
Test: [170/331]	Time 1.014 (0.206)	Loss 0.0000 (0.0242)	Prec@1 100.000 (96.592)	
Test: [180/331]	Time 0.152 (0.206)	Loss 0.0000 (0.0228)	Prec@1 100.000 (96.780)	
Test: [190/331]	Time 0.155 (0.211)	Loss 0.0000 (0.0217)	Prec@1 100.000 (96.949)	
Test: [200/331]	Time 0.150 (0.217)	Loss 0.0000 (0.0206)	Prec@1 100.000 (97.100)	
Test: [210/331]	Time 0.146 (0.221)	Loss 0.0000 (0.0196)	Prec@1 100.000 (97.238)	
Test: [220/331]	Time 0.151 (0.224)	Loss 0.0000 (0.0187)	Prec@1 100.000 (97.363)	
Test: [230/331]	Time 0.146 (0.227)	Loss 0.0000 (0.0179)	Prec@1 100.000 (97.477)	
Test: [240/331]	Time 0.146 (0.226)	Loss 0.0058 (0.0172)	Prec@1 98.438 (97.575)	
Test: [250/331]	Time 0.129 (0.230)	Loss 0.0000 (0.0165)	Prec@1 100.000 (97.672)	
Test: [260/331]	Time 0.145 (0.231)	Loss 0.0000 (0.0159)	Prec@1 100.000 (97.761)	
Test: [270/331]	Time 0.154 (0.237)	Loss 0.0009 (0.0153)	Prec@1 100.000 (97.844)	
Test: [280/331]	Time 0.155 (0.238)	Loss 0.0007 (0.0175)	Prec@1 100.000 (97.587)	
Test: [290/331]	Time 0.157 (0.239)	Loss 0.0882 (0.0207)	Prec@1 90.625 (97.063)	
Test: [300/331]	Time 0.139 (0.237)	Loss 0.1509 (0.0253)	Prec@1 78.125 (96.688)	
Test: [310/331]	Time 0.148 (0.239)	Loss 0.0016 (0.0252)	Prec@1 100.000 (96.679)	
Test: [320/331]	Time 0.164 (0.237)	Loss 0.0033 (0.0246)	Prec@1 98.438 (96.753)	
Test: [330/331]	Time 0.592 (0.236)	Loss 0.0002 (0.0240)	Prec@1 100.000 (96.820)	
