Test: [0/331]	Time 1.303 (1.303)	Loss 6.2070 (6.2070)	Prec@1 0.000 (0.000)	
Test: [10/331]	Time 0.077 (0.181)	Loss 6.2045 (6.2051)	Prec@1 0.000 (0.000)	
Test: [20/331]	Time 0.072 (0.128)	Loss 6.2058 (6.2051)	Prec@1 0.000 (0.000)	
Test: [30/331]	Time 0.050 (0.109)	Loss 6.2043 (6.2051)	Prec@1 0.000 (0.000)	
Test: [40/331]	Time 0.078 (0.099)	Loss 6.2057 (6.2052)	Prec@1 0.000 (0.000)	
Test: [50/331]	Time 0.060 (0.093)	Loss 6.2058 (6.2053)	Prec@1 0.000 (0.000)	
Test: [60/331]	Time 0.069 (0.090)	Loss 6.2064 (6.2053)	Prec@1 0.000 (0.000)	
Test: [70/331]	Time 0.050 (0.084)	Loss 6.2031 (6.2055)	Prec@1 0.000 (0.000)	
Test: [80/331]	Time 0.061 (0.081)	Loss 6.2073 (6.2056)	Prec@1 0.000 (0.000)	
Test: [90/331]	Time 0.065 (0.081)	Loss 6.2043 (6.2054)	Prec@1 0.000 (0.000)	
Test: [100/331]	Time 0.072 (0.079)	Loss 6.2054 (6.2052)	Prec@1 0.000 (0.000)	
Test: [110/331]	Time 0.138 (0.079)	Loss 6.2058 (6.2053)	Prec@1 0.000 (0.000)	
Test: [120/331]	Time 0.034 (0.078)	Loss 6.2029 (6.2053)	Prec@1 0.000 (0.000)	
Test: [130/331]	Time 0.048 (0.077)	Loss 6.2007 (6.2050)	Prec@1 0.000 (0.000)	
Test: [140/331]	Time 0.095 (0.076)	Loss 6.2008 (6.2047)	Prec@1 0.000 (0.000)	
Test: [150/331]	Time 0.049 (0.076)	Loss 6.2006 (6.2044)	Prec@1 0.000 (0.000)	
Test: [160/331]	Time 0.053 (0.076)	Loss 6.1997 (6.2042)	Prec@1 0.000 (0.000)	
Test: [170/331]	Time 0.080 (0.076)	Loss 6.2004 (6.2040)	Prec@1 0.000 (0.000)	
Test: [180/331]	Time 0.052 (0.076)	Loss 6.2005 (6.2038)	Prec@1 0.000 (0.000)	
Test: [190/331]	Time 0.072 (0.075)	Loss 6.2005 (6.2036)	Prec@1 0.000 (0.000)	
Test: [200/331]	Time 0.066 (0.075)	Loss 6.2012 (6.2035)	Prec@1 0.000 (0.000)	
Test: [210/331]	Time 0.046 (0.074)	Loss 6.2008 (6.2033)	Prec@1 0.000 (0.000)	
Test: [220/331]	Time 0.048 (0.074)	Loss 6.2006 (6.2032)	Prec@1 0.000 (0.000)	
Test: [230/331]	Time 0.057 (0.073)	Loss 6.2002 (6.2031)	Prec@1 0.000 (0.000)	
Test: [240/331]	Time 0.056 (0.073)	Loss 6.1998 (6.2030)	Prec@1 0.000 (0.000)	
Test: [250/331]	Time 0.070 (0.073)	Loss 6.2006 (6.2029)	Prec@1 0.000 (0.000)	
Test: [260/331]	Time 0.075 (0.072)	Loss 6.2000 (6.2028)	Prec@1 0.000 (0.000)	
Test: [270/331]	Time 0.074 (0.072)	Loss 6.1973 (6.2027)	Prec@1 0.000 (0.000)	
Test: [280/331]	Time 0.040 (0.072)	Loss 6.1988 (6.2027)	Prec@1 0.000 (0.000)	
Test: [290/331]	Time 0.089 (0.072)	Loss 6.2095 (6.2029)	Prec@1 0.000 (0.000)	
Test: [300/331]	Time 0.040 (0.072)	Loss 6.2096 (6.2031)	Prec@1 0.000 (0.000)	
Test: [310/331]	Time 0.049 (0.071)	Loss 6.2003 (6.2031)	Prec@1 0.000 (0.000)	
Test: [320/331]	Time 0.031 (0.071)	Loss 6.1997 (6.2030)	Prec@1 0.000 (0.000)	
Test: [330/331]	Time 0.442 (0.072)	Loss 6.1976 (6.2029)	Prec@1 0.000 (0.000)	
