Test: [0/331]	Time 2.239 (2.239)	Loss 6.2066 (6.2066)	Prec@1 0.000 (0.000)	
Test: [10/331]	Time 0.029 (0.449)	Loss 6.2043 (6.2048)	Prec@1 0.000 (0.000)	
Test: [20/331]	Time 1.430 (0.604)	Loss 6.2054 (6.2048)	Prec@1 0.000 (0.000)	
Test: [30/331]	Time 0.031 (0.546)	Loss 6.2040 (6.2047)	Prec@1 0.000 (0.000)	
Test: [40/331]	Time 0.724 (0.577)	Loss 6.2054 (6.2049)	Prec@1 0.000 (0.000)	
Test: [50/331]	Time 0.497 (0.546)	Loss 6.2054 (6.2049)	Prec@1 0.000 (0.000)	
Test: [60/331]	Time 0.264 (0.517)	Loss 6.2060 (6.2049)	Prec@1 0.000 (0.000)	
Test: [70/331]	Time 0.355 (0.509)	Loss 6.2029 (6.2051)	Prec@1 0.000 (0.000)	
Test: [80/331]	Time 0.380 (0.492)	Loss 6.2068 (6.2052)	Prec@1 0.000 (0.000)	
Test: [90/331]	Time 0.408 (0.485)	Loss 6.2040 (6.2050)	Prec@1 0.000 (0.000)	
Test: [100/331]	Time 0.476 (0.472)	Loss 6.2051 (6.2049)	Prec@1 0.000 (0.000)	
Test: [110/331]	Time 0.540 (0.465)	Loss 6.2054 (6.2049)	Prec@1 0.000 (0.000)	
Test: [120/331]	Time 0.431 (0.455)	Loss 6.2028 (6.2050)	Prec@1 0.000 (0.000)	
Test: [130/331]	Time 0.030 (0.449)	Loss 6.2007 (6.2047)	Prec@1 0.000 (0.000)	
Test: [140/331]	Time 0.467 (0.441)	Loss 6.2008 (6.2044)	Prec@1 0.000 (0.000)	
Test: [150/331]	Time 0.034 (0.439)	Loss 6.2007 (6.2042)	Prec@1 0.000 (0.000)	
Test: [160/331]	Time 0.031 (0.436)	Loss 6.1998 (6.2039)	Prec@1 0.000 (0.000)	
Test: [170/331]	Time 0.036 (0.440)	Loss 6.2004 (6.2037)	Prec@1 0.000 (0.000)	
Test: [180/331]	Time 0.031 (0.438)	Loss 6.2005 (6.2036)	Prec@1 0.000 (0.000)	
Test: [190/331]	Time 0.032 (0.437)	Loss 6.2005 (6.2034)	Prec@1 0.000 (0.000)	
Test: [200/331]	Time 0.031 (0.429)	Loss 6.2012 (6.2033)	Prec@1 0.000 (0.000)	
Test: [210/331]	Time 0.033 (0.433)	Loss 6.2008 (6.2032)	Prec@1 0.000 (0.000)	
Test: [220/331]	Time 0.030 (0.426)	Loss 6.2006 (6.2031)	Prec@1 0.000 (0.000)	
Test: [230/331]	Time 0.033 (0.434)	Loss 6.2003 (6.2029)	Prec@1 0.000 (0.000)	
Test: [240/331]	Time 0.029 (0.429)	Loss 6.1998 (6.2028)	Prec@1 0.000 (0.000)	
Test: [250/331]	Time 0.188 (0.431)	Loss 6.2006 (6.2028)	Prec@1 0.000 (0.000)	
Test: [260/331]	Time 0.029 (0.426)	Loss 6.2000 (6.2027)	Prec@1 0.000 (0.000)	
Test: [270/331]	Time 1.949 (0.437)	Loss 6.1974 (6.2026)	Prec@1 0.000 (0.000)	
Test: [280/331]	Time 0.029 (0.433)	Loss 6.1989 (6.2026)	Prec@1 0.000 (0.000)	
Test: [290/331]	Time 0.872 (0.431)	Loss 6.2090 (6.2027)	Prec@1 0.000 (0.000)	
Test: [300/331]	Time 0.030 (0.424)	Loss 6.2091 (6.2030)	Prec@1 0.000 (0.000)	
Test: [310/331]	Time 0.912 (0.424)	Loss 6.2003 (6.2030)	Prec@1 0.000 (0.000)	
Test: [320/331]	Time 0.031 (0.420)	Loss 6.1997 (6.2029)	Prec@1 0.000 (0.000)	
Test: [330/331]	Time 0.240 (0.421)	Loss 6.1977 (6.2027)	Prec@1 0.000 (0.000)	
