Epoch: [38][0/4095]	 lr:0.01000	Time 2.378 (2.378)	Loss 0.0613 (0.0613)	KL_Loss 0.5576 (0.5576)	Feat_map_Loss 0.3495 (0.3495)	Overall_Loss 0.4842 (0.4842)	Prec@1 81.250 (81.250)	
Epoch: [38][10/4095]	 lr:0.01000	Time 0.106 (0.324)	Loss 0.0802 (0.0918)	KL_Loss 0.4946 (0.4882)	Feat_map_Loss 0.3914 (0.3545)	Overall_Loss 0.4831 (0.4673)	Prec@1 76.562 (80.114)	
Epoch: [38][20/4095]	 lr:0.01000	Time 0.106 (0.221)	Loss 0.0722 (0.0817)	KL_Loss 0.4438 (0.4833)	Feat_map_Loss 0.3583 (0.3721)	Overall_Loss 0.4372 (0.4686)	Prec@1 79.688 (78.571)	
Epoch: [38][30/4095]	 lr:0.01000	Time 0.105 (0.185)	Loss 0.1318 (0.0809)	KL_Loss 0.3903 (0.4447)	Feat_map_Loss 0.4169 (0.3600)	Overall_Loss 0.4695 (0.4427)	Prec@1 76.562 (79.788)	
Epoch: [38][40/4095]	 lr:0.01000	Time 0.111 (0.167)	Loss 0.0936 (0.0758)	KL_Loss 0.2410 (0.4073)	Feat_map_Loss 0.3822 (0.3613)	Overall_Loss 0.3584 (0.4222)	Prec@1 87.500 (81.745)	
Epoch: [38][50/4095]	 lr:0.01000	Time 0.270 (0.158)	Loss 0.0780 (0.0741)	KL_Loss 0.1776 (0.3710)	Feat_map_Loss 0.3650 (0.3572)	Overall_Loss 0.3103 (0.4012)	Prec@1 90.625 (83.333)	
Epoch: [38][60/4095]	 lr:0.01000	Time 0.105 (0.150)	Loss 0.0919 (0.0725)	KL_Loss 0.3009 (0.3520)	Feat_map_Loss 0.3436 (0.3545)	Overall_Loss 0.3682 (0.3895)	Prec@1 85.938 (84.170)	
Epoch: [38][70/4095]	 lr:0.01000	Time 0.099 (0.144)	Loss 0.0260 (0.0697)	KL_Loss 0.1863 (0.3321)	Feat_map_Loss 0.4195 (0.3527)	Overall_Loss 0.3159 (0.3773)	Prec@1 90.625 (84.881)	
Epoch: [38][80/4095]	 lr:0.01000	Time 0.100 (0.139)	Loss 0.0957 (0.0688)	KL_Loss 0.3041 (0.3174)	Feat_map_Loss 0.3821 (0.3566)	Overall_Loss 0.3909 (0.3714)	Prec@1 79.688 (85.301)	
Epoch: [38][90/4095]	 lr:0.01000	Time 0.107 (0.135)	Loss 0.1014 (0.0678)	KL_Loss 0.2519 (0.3065)	Feat_map_Loss 0.3094 (0.3567)	Overall_Loss 0.3314 (0.3655)	Prec@1 79.688 (85.611)	
Epoch: [38][100/4095]	 lr:0.01000	Time 0.097 (0.131)	Loss 0.0662 (0.0665)	KL_Loss 0.2297 (0.2980)	Feat_map_Loss 0.3103 (0.3571)	Overall_Loss 0.3031 (0.3608)	Prec@1 87.500 (85.736)	
Epoch: [38][110/4095]	 lr:0.01000	Time 0.103 (0.129)	Loss 0.0199 (0.0655)	KL_Loss 0.1674 (0.2908)	Feat_map_Loss 0.3735 (0.3572)	Overall_Loss 0.2804 (0.3568)	Prec@1 92.188 (86.008)	
Epoch: [38][120/4095]	 lr:0.01000	Time 0.098 (0.126)	Loss 0.0352 (0.0647)	KL_Loss 0.1474 (0.2795)	Feat_map_Loss 0.3263 (0.3573)	Overall_Loss 0.2544 (0.3508)	Prec@1 89.062 (86.506)	
Epoch: [38][130/4095]	 lr:0.01000	Time 0.102 (0.125)	Loss 0.0341 (0.0653)	KL_Loss 0.2393 (0.2749)	Feat_map_Loss 0.3380 (0.3570)	Overall_Loss 0.3057 (0.3486)	Prec@1 87.500 (86.689)	
Epoch: [38][140/4095]	 lr:0.01000	Time 0.109 (0.123)	Loss 0.0272 (0.0646)	KL_Loss 0.1941 (0.2705)	Feat_map_Loss 0.2839 (0.3557)	Overall_Loss 0.2526 (0.3454)	Prec@1 87.500 (86.946)	
Epoch: [38][150/4095]	 lr:0.01000	Time 0.101 (0.122)	Loss 0.0671 (0.0643)	KL_Loss 0.2267 (0.2667)	Feat_map_Loss 0.2647 (0.3549)	Overall_Loss 0.2792 (0.3429)	Prec@1 93.750 (87.138)	
Epoch: [38][160/4095]	 lr:0.01000	Time 0.104 (0.121)	Loss 0.0140 (0.0624)	KL_Loss 0.1211 (0.2597)	Feat_map_Loss 0.3425 (0.3545)	Overall_Loss 0.2388 (0.3383)	Prec@1 95.312 (87.413)	
Epoch: [38][170/4095]	 lr:0.01000	Time 0.104 (0.120)	Loss 0.1613 (0.0616)	KL_Loss 0.2417 (0.2522)	Feat_map_Loss 0.4110 (0.3517)	Overall_Loss 0.4070 (0.3328)	Prec@1 85.938 (87.802)	
Epoch: [38][180/4095]	 lr:0.01000	Time 0.105 (0.119)	Loss 0.0207 (0.0609)	KL_Loss 0.1528 (0.2477)	Feat_map_Loss 0.3837 (0.3522)	Overall_Loss 0.2786 (0.3304)	Prec@1 92.188 (88.018)	
Epoch: [38][190/4095]	 lr:0.01000	Time 0.104 (0.118)	Loss 0.0212 (0.0598)	KL_Loss 0.1131 (0.2430)	Feat_map_Loss 0.3628 (0.3519)	Overall_Loss 0.2485 (0.3274)	Prec@1 96.875 (88.318)	
Epoch: [38][200/4095]	 lr:0.01000	Time 0.106 (0.118)	Loss 0.0158 (0.0589)	KL_Loss 0.1014 (0.2378)	Feat_map_Loss 0.2714 (0.3506)	Overall_Loss 0.1943 (0.3236)	Prec@1 96.875 (88.518)	
Epoch: [38][210/4095]	 lr:0.01000	Time 0.106 (0.117)	Loss 0.0333 (0.0581)	KL_Loss 0.1491 (0.2336)	Feat_map_Loss 0.2594 (0.3514)	Overall_Loss 0.2209 (0.3215)	Prec@1 93.750 (88.759)	
Epoch: [38][220/4095]	 lr:0.01000	Time 0.105 (0.116)	Loss 0.0722 (0.0572)	KL_Loss 0.1655 (0.2291)	Feat_map_Loss 0.3589 (0.3524)	Overall_Loss 0.2983 (0.3193)	Prec@1 89.062 (88.978)	
Epoch: [38][230/4095]	 lr:0.01000	Time 0.104 (0.116)	Loss 0.0312 (0.0576)	KL_Loss 0.1300 (0.2255)	Feat_map_Loss 0.3946 (0.3527)	Overall_Loss 0.2780 (0.3179)	Prec@1 92.188 (89.137)	
Epoch: [38][240/4095]	 lr:0.01000	Time 0.109 (0.116)	Loss 0.0177 (0.0577)	KL_Loss 0.1657 (0.2235)	Feat_map_Loss 0.4241 (0.3516)	Overall_Loss 0.3038 (0.3164)	Prec@1 93.750 (89.160)	
Epoch: [38][250/4095]	 lr:0.01000	Time 0.103 (0.115)	Loss 0.0685 (0.0572)	KL_Loss 0.1667 (0.2219)	Feat_map_Loss 0.3341 (0.3512)	Overall_Loss 0.2847 (0.3152)	Prec@1 90.625 (89.262)	
Epoch: [38][260/4095]	 lr:0.01000	Time 0.109 (0.115)	Loss 0.0247 (0.0560)	KL_Loss 0.1076 (0.2177)	Feat_map_Loss 0.3457 (0.3510)	Overall_Loss 0.2390 (0.3124)	Prec@1 92.188 (89.440)	
Epoch: [38][270/4095]	 lr:0.01000	Time 0.105 (0.114)	Loss 0.0118 (0.0555)	KL_Loss 0.0698 (0.2138)	Feat_map_Loss 0.2445 (0.3500)	Overall_Loss 0.1631 (0.3097)	Prec@1 98.438 (89.610)	
Epoch: [38][280/4095]	 lr:0.01000	Time 0.102 (0.114)	Loss 0.0204 (0.0551)	KL_Loss 0.1060 (0.2116)	Feat_map_Loss 0.3527 (0.3507)	Overall_Loss 0.2396 (0.3087)	Prec@1 93.750 (89.680)	
Epoch: [38][290/4095]	 lr:0.01000	Time 0.105 (0.114)	Loss 0.0169 (0.0548)	KL_Loss 0.1141 (0.2091)	Feat_map_Loss 0.3704 (0.3505)	Overall_Loss 0.2507 (0.3072)	Prec@1 95.312 (89.793)	
Epoch: [38][300/4095]	 lr:0.01000	Time 0.098 (0.114)	Loss 0.0773 (0.0543)	KL_Loss 0.1693 (0.2070)	Feat_map_Loss 0.3713 (0.3508)	Overall_Loss 0.3090 (0.3061)	Prec@1 92.188 (89.888)	
Epoch: [38][310/4095]	 lr:0.01000	Time 0.106 (0.113)	Loss 0.0458 (0.0539)	KL_Loss 0.1146 (0.2044)	Feat_map_Loss 0.2875 (0.3504)	Overall_Loss 0.2239 (0.3043)	Prec@1 92.188 (89.992)	
Epoch: [38][320/4095]	 lr:0.01000	Time 0.104 (0.113)	Loss 0.0149 (0.0535)	KL_Loss 0.0949 (0.2022)	Feat_map_Loss 0.3161 (0.3498)	Overall_Loss 0.2130 (0.3027)	Prec@1 96.875 (90.119)	
Epoch: [38][330/4095]	 lr:0.01000	Time 0.100 (0.113)	Loss 0.0324 (0.0531)	KL_Loss 0.1177 (0.1999)	Feat_map_Loss 0.3305 (0.3489)	Overall_Loss 0.2403 (0.3009)	Prec@1 93.750 (90.205)	
Epoch: [38][340/4095]	 lr:0.01000	Time 0.101 (0.112)	Loss 0.0258 (0.0527)	KL_Loss 0.1307 (0.1979)	Feat_map_Loss 0.2852 (0.3488)	Overall_Loss 0.2208 (0.2997)	Prec@1 93.750 (90.304)	
Epoch: [38][350/4095]	 lr:0.01000	Time 0.104 (0.112)	Loss 0.0473 (0.0527)	KL_Loss 0.1388 (0.1961)	Feat_map_Loss 0.3892 (0.3489)	Overall_Loss 0.2876 (0.2989)	Prec@1 92.188 (90.385)	
Epoch: [38][360/4095]	 lr:0.01000	Time 0.102 (0.112)	Loss 0.0074 (0.0525)	KL_Loss 0.0809 (0.1951)	Feat_map_Loss 0.3376 (0.3494)	Overall_Loss 0.2130 (0.2985)	Prec@1 96.875 (90.443)	
Epoch: [38][370/4095]	 lr:0.01000	Time 0.108 (0.112)	Loss 0.0107 (0.0517)	KL_Loss 0.0871 (0.1928)	Feat_map_Loss 0.2923 (0.3492)	Overall_Loss 0.1951 (0.2969)	Prec@1 96.875 (90.574)	
Epoch: [38][380/4095]	 lr:0.01000	Time 0.101 (0.112)	Loss 0.0055 (0.0510)	KL_Loss 0.0515 (0.1901)	Feat_map_Loss 0.4238 (0.3492)	Overall_Loss 0.2404 (0.2952)	Prec@1 98.438 (90.699)	
Epoch: [38][390/4095]	 lr:0.01000	Time 0.097 (0.111)	Loss 0.0161 (0.0503)	KL_Loss 0.1045 (0.1875)	Feat_map_Loss 0.3956 (0.3494)	Overall_Loss 0.2581 (0.2936)	Prec@1 95.312 (90.829)	
Epoch: [38][400/4095]	 lr:0.01000	Time 0.104 (0.111)	Loss 0.0317 (0.0504)	KL_Loss 0.0975 (0.1859)	Feat_map_Loss 0.3306 (0.3496)	Overall_Loss 0.2299 (0.2929)	Prec@1 95.312 (90.894)	
Epoch: [38][410/4095]	 lr:0.01000	Time 0.100 (0.111)	Loss 0.0307 (0.0504)	KL_Loss 0.1180 (0.1846)	Feat_map_Loss 0.3846 (0.3493)	Overall_Loss 0.2666 (0.2921)	Prec@1 96.875 (90.952)	
Epoch: [38][420/4095]	 lr:0.01000	Time 0.103 (0.111)	Loss 0.0266 (0.0498)	KL_Loss 0.0785 (0.1827)	Feat_map_Loss 0.2715 (0.3486)	Overall_Loss 0.1883 (0.2906)	Prec@1 93.750 (91.056)	
Epoch: [38][430/4095]	 lr:0.01000	Time 0.096 (0.111)	Loss 0.0110 (0.0492)	KL_Loss 0.0934 (0.1809)	Feat_map_Loss 0.3463 (0.3488)	Overall_Loss 0.2254 (0.2894)	Prec@1 95.312 (91.133)	
Epoch: [38][440/4095]	 lr:0.01000	Time 0.108 (0.110)	Loss 0.0110 (0.0486)	KL_Loss 0.0893 (0.1785)	Feat_map_Loss 0.4222 (0.3494)	Overall_Loss 0.2613 (0.2882)	Prec@1 98.438 (91.263)	
Epoch: [38][450/4095]	 lr:0.01000	Time 0.106 (0.110)	Loss 0.0490 (0.0485)	KL_Loss 0.1353 (0.1773)	Feat_map_Loss 0.3436 (0.3494)	Overall_Loss 0.2640 (0.2876)	Prec@1 93.750 (91.297)	
Epoch: [38][460/4095]	 lr:0.01000	Time 0.107 (0.110)	Loss 0.1574 (0.0483)	KL_Loss 0.2050 (0.1759)	Feat_map_Loss 0.4635 (0.3495)	Overall_Loss 0.4129 (0.2868)	Prec@1 85.938 (91.360)	
Epoch: [38][470/4095]	 lr:0.01000	Time 0.104 (0.110)	Loss 0.0400 (0.0478)	KL_Loss 0.1062 (0.1745)	Feat_map_Loss 0.4054 (0.3494)	Overall_Loss 0.2758 (0.2858)	Prec@1 95.312 (91.431)	
Epoch: [38][480/4095]	 lr:0.01000	Time 0.116 (0.110)	Loss 0.0139 (0.0471)	KL_Loss 0.0693 (0.1726)	Feat_map_Loss 0.3273 (0.3494)	Overall_Loss 0.2052 (0.2846)	Prec@1 95.312 (91.535)	
Epoch: [38][490/4095]	 lr:0.01000	Time 0.105 (0.110)	Loss 0.0319 (0.0471)	KL_Loss 0.1203 (0.1712)	Feat_map_Loss 0.4008 (0.3493)	Overall_Loss 0.2765 (0.2838)	Prec@1 93.750 (91.605)	
Epoch: [38][500/4095]	 lr:0.01000	Time 0.100 (0.110)	Loss 0.0098 (0.0467)	KL_Loss 0.0818 (0.1697)	Feat_map_Loss 0.3807 (0.3492)	Overall_Loss 0.2361 (0.2828)	Prec@1 96.875 (91.688)	
Epoch: [38][510/4095]	 lr:0.01000	Time 0.104 (0.110)	Loss 0.0409 (0.0465)	KL_Loss 0.1010 (0.1684)	Feat_map_Loss 0.2993 (0.3497)	Overall_Loss 0.2206 (0.2823)	Prec@1 93.750 (91.747)	
Epoch: [38][520/4095]	 lr:0.01000	Time 0.103 (0.110)	Loss 0.0069 (0.0460)	KL_Loss 0.0498 (0.1667)	Feat_map_Loss 0.3517 (0.3495)	Overall_Loss 0.2042 (0.2811)	Prec@1 98.438 (91.831)	
Epoch: [38][530/4095]	 lr:0.01000	Time 0.103 (0.110)	Loss 0.0033 (0.0456)	KL_Loss 0.0538 (0.1652)	Feat_map_Loss 0.4016 (0.3498)	Overall_Loss 0.2293 (0.2803)	Prec@1 98.438 (91.902)	
Epoch: [38][540/4095]	 lr:0.01000	Time 0.107 (0.110)	Loss 0.0358 (0.0452)	KL_Loss 0.0910 (0.1637)	Feat_map_Loss 0.3910 (0.3496)	Overall_Loss 0.2590 (0.2793)	Prec@1 96.875 (91.974)	
Epoch: [38][550/4095]	 lr:0.01000	Time 0.099 (0.110)	Loss 0.0530 (0.0452)	KL_Loss 0.1015 (0.1626)	Feat_map_Loss 0.3633 (0.3499)	Overall_Loss 0.2589 (0.2788)	Prec@1 95.312 (92.034)	
Epoch: [38][560/4095]	 lr:0.01000	Time 0.101 (0.109)	Loss 0.0484 (0.0451)	KL_Loss 0.1158 (0.1615)	Feat_map_Loss 0.4290 (0.3495)	Overall_Loss 0.2966 (0.2781)	Prec@1 90.625 (92.093)	
Epoch: [38][570/4095]	 lr:0.01000	Time 0.098 (0.109)	Loss 0.0062 (0.0447)	KL_Loss 0.0530 (0.1605)	Feat_map_Loss 0.2035 (0.3494)	Overall_Loss 0.1313 (0.2773)	Prec@1 98.438 (92.146)	
Epoch: [38][580/4095]	 lr:0.01000	Time 0.096 (0.109)	Loss 0.0637 (0.0445)	KL_Loss 0.1458 (0.1594)	Feat_map_Loss 0.3280 (0.3496)	Overall_Loss 0.2687 (0.2768)	Prec@1 93.750 (92.206)	
Epoch: [38][590/4095]	 lr:0.01000	Time 0.105 (0.109)	Loss 0.0709 (0.0444)	KL_Loss 0.1129 (0.1584)	Feat_map_Loss 0.3105 (0.3492)	Overall_Loss 0.2472 (0.2760)	Prec@1 93.750 (92.246)	
Epoch: [38][600/4095]	 lr:0.01000	Time 0.101 (0.109)	Loss 0.0243 (0.0439)	KL_Loss 0.0842 (0.1571)	Feat_map_Loss 0.3548 (0.3490)	Overall_Loss 0.2317 (0.2750)	Prec@1 96.875 (92.317)	
Epoch: [38][610/4095]	 lr:0.01000	Time 0.105 (0.109)	Loss 0.0043 (0.0437)	KL_Loss 0.0549 (0.1559)	Feat_map_Loss 0.3656 (0.3491)	Overall_Loss 0.2124 (0.2743)	Prec@1 96.875 (92.367)	
Epoch: [38][620/4095]	 lr:0.01000	Time 0.106 (0.109)	Loss 0.0301 (0.0434)	KL_Loss 0.1007 (0.1548)	Feat_map_Loss 0.3853 (0.3492)	Overall_Loss 0.2581 (0.2737)	Prec@1 95.312 (92.437)	
Epoch: [38][630/4095]	 lr:0.01000	Time 0.112 (0.109)	Loss 0.0387 (0.0432)	KL_Loss 0.0987 (0.1539)	Feat_map_Loss 0.3703 (0.3494)	Overall_Loss 0.2538 (0.2733)	Prec@1 95.312 (92.475)	
Epoch: [38][640/4095]	 lr:0.01000	Time 0.109 (0.109)	Loss 0.0063 (0.0432)	KL_Loss 0.0435 (0.1530)	Feat_map_Loss 0.3549 (0.3499)	Overall_Loss 0.2023 (0.2730)	Prec@1 98.438 (92.534)	
Epoch: [38][650/4095]	 lr:0.01000	Time 0.108 (0.109)	Loss 0.0671 (0.0429)	KL_Loss 0.1056 (0.1519)	Feat_map_Loss 0.3999 (0.3498)	Overall_Loss 0.2863 (0.2723)	Prec@1 95.312 (92.588)	
Epoch: [38][660/4095]	 lr:0.01000	Time 0.112 (0.109)	Loss 0.0353 (0.0426)	KL_Loss 0.0862 (0.1508)	Feat_map_Loss 0.3411 (0.3497)	Overall_Loss 0.2313 (0.2715)	Prec@1 93.750 (92.632)	
Epoch: [38][670/4095]	 lr:0.01000	Time 0.106 (0.109)	Loss 0.0504 (0.0427)	KL_Loss 0.1265 (0.1504)	Feat_map_Loss 0.3415 (0.3497)	Overall_Loss 0.2592 (0.2714)	Prec@1 92.188 (92.665)	
Epoch: [38][680/4095]	 lr:0.01000	Time 0.120 (0.109)	Loss 0.0623 (0.0424)	KL_Loss 0.1379 (0.1495)	Feat_map_Loss 0.3802 (0.3493)	Overall_Loss 0.2902 (0.2706)	Prec@1 93.750 (92.715)	
Epoch: [38][690/4095]	 lr:0.01000	Time 0.100 (0.109)	Loss 0.0229 (0.0422)	KL_Loss 0.0716 (0.1487)	Feat_map_Loss 0.3258 (0.3490)	Overall_Loss 0.2102 (0.2699)	Prec@1 98.438 (92.764)	
Epoch: [38][700/4095]	 lr:0.01000	Time 0.100 (0.109)	Loss 0.0199 (0.0420)	KL_Loss 0.1007 (0.1478)	Feat_map_Loss 0.2944 (0.3490)	Overall_Loss 0.2075 (0.2694)	Prec@1 93.750 (92.803)	
Epoch: [38][710/4095]	 lr:0.01000	Time 0.106 (0.108)	Loss 0.0332 (0.0418)	KL_Loss 0.0857 (0.1468)	Feat_map_Loss 0.3580 (0.3488)	Overall_Loss 0.2384 (0.2687)	Prec@1 96.875 (92.858)	
Epoch: [38][720/4095]	 lr:0.01000	Time 0.102 (0.108)	Loss 0.0072 (0.0415)	KL_Loss 0.0828 (0.1458)	Feat_map_Loss 0.3538 (0.3488)	Overall_Loss 0.2219 (0.2681)	Prec@1 96.875 (92.905)	
Epoch: [38][730/4095]	 lr:0.01000	Time 0.100 (0.108)	Loss 0.0096 (0.0411)	KL_Loss 0.0362 (0.1446)	Feat_map_Loss 0.2790 (0.3484)	Overall_Loss 0.1624 (0.2671)	Prec@1 98.438 (92.963)	
Epoch: [38][740/4095]	 lr:0.01000	Time 0.108 (0.108)	Loss 0.0087 (0.0411)	KL_Loss 0.0640 (0.1436)	Feat_map_Loss 0.3255 (0.3481)	Overall_Loss 0.1991 (0.2664)	Prec@1 96.875 (93.018)	
Epoch: [38][750/4095]	 lr:0.01000	Time 0.103 (0.108)	Loss 0.0637 (0.0408)	KL_Loss 0.1365 (0.1427)	Feat_map_Loss 0.3975 (0.3483)	Overall_Loss 0.2989 (0.2659)	Prec@1 90.625 (93.049)	
Epoch: [38][760/4095]	 lr:0.01000	Time 0.104 (0.108)	Loss 0.0136 (0.0406)	KL_Loss 0.0776 (0.1419)	Feat_map_Loss 0.3985 (0.3485)	Overall_Loss 0.2449 (0.2655)	Prec@1 93.750 (93.083)	
Epoch: [38][770/4095]	 lr:0.01000	Time 0.100 (0.108)	Loss 0.0120 (0.0405)	KL_Loss 0.0625 (0.1410)	Feat_map_Loss 0.2488 (0.3481)	Overall_Loss 0.1617 (0.2648)	Prec@1 96.875 (93.126)	
Epoch: [38][780/4095]	 lr:0.01000	Time 0.107 (0.108)	Loss 0.0328 (0.0403)	KL_Loss 0.0679 (0.1402)	Feat_map_Loss 0.3119 (0.3480)	Overall_Loss 0.2063 (0.2643)	Prec@1 96.875 (93.174)	
Epoch: [38][790/4095]	 lr:0.01000	Time 0.107 (0.108)	Loss 0.0033 (0.0401)	KL_Loss 0.0510 (0.1394)	Feat_map_Loss 0.2994 (0.3476)	Overall_Loss 0.1768 (0.2636)	Prec@1 100.000 (93.219)	
Epoch: [38][800/4095]	 lr:0.01000	Time 0.103 (0.108)	Loss 0.0222 (0.0398)	KL_Loss 0.0571 (0.1386)	Feat_map_Loss 0.3103 (0.3475)	Overall_Loss 0.1948 (0.2629)	Prec@1 96.875 (93.256)	
Epoch: [38][810/4095]	 lr:0.01000	Time 0.102 (0.108)	Loss 0.0047 (0.0396)	KL_Loss 0.0450 (0.1378)	Feat_map_Loss 0.3015 (0.3473)	Overall_Loss 0.1756 (0.2623)	Prec@1 98.438 (93.293)	
Epoch: [38][820/4095]	 lr:0.01000	Time 0.103 (0.108)	Loss 0.0041 (0.0394)	KL_Loss 0.0405 (0.1368)	Feat_map_Loss 0.3266 (0.3469)	Overall_Loss 0.1856 (0.2616)	Prec@1 96.875 (93.337)	
Epoch: [38][830/4095]	 lr:0.01000	Time 0.110 (0.108)	Loss 0.0140 (0.0391)	KL_Loss 0.0581 (0.1359)	Feat_map_Loss 0.3284 (0.3468)	Overall_Loss 0.2002 (0.2609)	Prec@1 96.875 (93.387)	
Epoch: [38][840/4095]	 lr:0.01000	Time 0.104 (0.108)	Loss 0.0100 (0.0390)	KL_Loss 0.0582 (0.1351)	Feat_map_Loss 0.2497 (0.3468)	Overall_Loss 0.1590 (0.2605)	Prec@1 96.875 (93.417)	
Epoch: [38][850/4095]	 lr:0.01000	Time 0.100 (0.108)	Loss 0.0332 (0.0387)	KL_Loss 0.0901 (0.1343)	Feat_map_Loss 0.3881 (0.3469)	Overall_Loss 0.2557 (0.2599)	Prec@1 96.875 (93.458)	
Epoch: [38][860/4095]	 lr:0.01000	Time 0.098 (0.108)	Loss 0.0409 (0.0385)	KL_Loss 0.0596 (0.1334)	Feat_map_Loss 0.4089 (0.3470)	Overall_Loss 0.2547 (0.2594)	Prec@1 96.875 (93.498)	
Epoch: [38][870/4095]	 lr:0.01000	Time 0.111 (0.108)	Loss 0.0364 (0.0382)	KL_Loss 0.1003 (0.1326)	Feat_map_Loss 0.3513 (0.3467)	Overall_Loss 0.2440 (0.2588)	Prec@1 95.312 (93.537)	
Epoch: [38][880/4095]	 lr:0.01000	Time 0.102 (0.107)	Loss 0.0047 (0.0380)	KL_Loss 0.0523 (0.1320)	Feat_map_Loss 0.2944 (0.3464)	Overall_Loss 0.1757 (0.2582)	Prec@1 98.438 (93.571)	
Epoch: [38][890/4095]	 lr:0.01000	Time 0.103 (0.107)	Loss 0.0016 (0.0378)	KL_Loss 0.0354 (0.1313)	Feat_map_Loss 0.3475 (0.3464)	Overall_Loss 0.1923 (0.2577)	Prec@1 100.000 (93.606)	
Epoch: [38][900/4095]	 lr:0.01000	Time 0.097 (0.107)	Loss 0.0085 (0.0377)	KL_Loss 0.0556 (0.1306)	Feat_map_Loss 0.3627 (0.3464)	Overall_Loss 0.2134 (0.2574)	Prec@1 98.438 (93.644)	
Epoch: [38][910/4095]	 lr:0.01000	Time 0.100 (0.107)	Loss 0.0015 (0.0374)	KL_Loss 0.0393 (0.1297)	Feat_map_Loss 0.3772 (0.3464)	Overall_Loss 0.2090 (0.2568)	Prec@1 100.000 (93.688)	
Epoch: [38][920/4095]	 lr:0.01000	Time 0.097 (0.107)	Loss 0.0229 (0.0373)	KL_Loss 0.0667 (0.1291)	Feat_map_Loss 0.3311 (0.3461)	Overall_Loss 0.2104 (0.2563)	Prec@1 95.312 (93.716)	
Epoch: [38][930/4095]	 lr:0.01000	Time 0.097 (0.107)	Loss 0.0070 (0.0371)	KL_Loss 0.0508 (0.1283)	Feat_map_Loss 0.3704 (0.3461)	Overall_Loss 0.2141 (0.2557)	Prec@1 96.875 (93.755)	
Epoch: [38][940/4095]	 lr:0.01000	Time 0.103 (0.107)	Loss 0.0008 (0.0368)	KL_Loss 0.0166 (0.1275)	Feat_map_Loss 0.2883 (0.3459)	Overall_Loss 0.1528 (0.2551)	Prec@1 100.000 (93.796)	
Epoch: [38][950/4095]	 lr:0.01000	Time 0.102 (0.107)	Loss 0.0083 (0.0366)	KL_Loss 0.0463 (0.1267)	Feat_map_Loss 0.3148 (0.3459)	Overall_Loss 0.1847 (0.2546)	Prec@1 98.438 (93.837)	
Epoch: [38][960/4095]	 lr:0.01000	Time 0.098 (0.107)	Loss 0.0218 (0.0365)	KL_Loss 0.0776 (0.1260)	Feat_map_Loss 0.2620 (0.3455)	Overall_Loss 0.1807 (0.2540)	Prec@1 96.875 (93.874)	
Epoch: [38][970/4095]	 lr:0.01000	Time 0.102 (0.107)	Loss 0.0112 (0.0364)	KL_Loss 0.0743 (0.1254)	Feat_map_Loss 0.3704 (0.3455)	Overall_Loss 0.2279 (0.2536)	Prec@1 93.750 (93.898)	
Epoch: [38][980/4095]	 lr:0.01000	Time 0.102 (0.107)	Loss 0.0602 (0.0362)	KL_Loss 0.0808 (0.1248)	Feat_map_Loss 0.3174 (0.3453)	Overall_Loss 0.2292 (0.2531)	Prec@1 98.438 (93.936)	
Epoch: [38][990/4095]	 lr:0.01000	Time 0.102 (0.107)	Loss 0.0119 (0.0360)	KL_Loss 0.0676 (0.1242)	Feat_map_Loss 0.3504 (0.3453)	Overall_Loss 0.2150 (0.2527)	Prec@1 96.875 (93.968)	
Epoch: [38][1000/4095]	 lr:0.01000	Time 0.114 (0.107)	Loss 0.0086 (0.0358)	KL_Loss 0.0444 (0.1235)	Feat_map_Loss 0.4226 (0.3454)	Overall_Loss 0.2378 (0.2523)	Prec@1 95.312 (94.003)	
Epoch: [38][1010/4095]	 lr:0.01000	Time 0.111 (0.107)	Loss 0.0101 (0.0356)	KL_Loss 0.0555 (0.1229)	Feat_map_Loss 0.3254 (0.3453)	Overall_Loss 0.1955 (0.2519)	Prec@1 95.312 (94.030)	
Epoch: [38][1020/4095]	 lr:0.01000	Time 0.100 (0.107)	Loss 0.0294 (0.0354)	KL_Loss 0.0885 (0.1223)	Feat_map_Loss 0.2972 (0.3453)	Overall_Loss 0.2076 (0.2515)	Prec@1 95.312 (94.059)	
Epoch: [38][1030/4095]	 lr:0.01000	Time 0.102 (0.107)	Loss 0.0567 (0.0353)	KL_Loss 0.0813 (0.1217)	Feat_map_Loss 0.2997 (0.3451)	Overall_Loss 0.2189 (0.2511)	Prec@1 96.875 (94.083)	
Epoch: [38][1040/4095]	 lr:0.01000	Time 0.100 (0.107)	Loss 0.0049 (0.0352)	KL_Loss 0.0529 (0.1212)	Feat_map_Loss 0.3102 (0.3448)	Overall_Loss 0.1840 (0.2506)	Prec@1 98.438 (94.115)	
Epoch: [38][1050/4095]	 lr:0.01000	Time 0.106 (0.107)	Loss 0.0232 (0.0351)	KL_Loss 0.0744 (0.1207)	Feat_map_Loss 0.4304 (0.3449)	Overall_Loss 0.2640 (0.2503)	Prec@1 96.875 (94.137)	
Epoch: [38][1060/4095]	 lr:0.01000	Time 0.104 (0.107)	Loss 0.0020 (0.0349)	KL_Loss 0.0379 (0.1202)	Feat_map_Loss 0.3332 (0.3448)	Overall_Loss 0.1866 (0.2499)	Prec@1 100.000 (94.165)	
Epoch: [38][1070/4095]	 lr:0.01000	Time 0.107 (0.107)	Loss 0.0331 (0.0349)	KL_Loss 0.1070 (0.1198)	Feat_map_Loss 0.2913 (0.3449)	Overall_Loss 0.2157 (0.2498)	Prec@1 92.188 (94.182)	
Epoch: [38][1080/4095]	 lr:0.01000	Time 0.102 (0.107)	Loss 0.0140 (0.0347)	KL_Loss 0.0905 (0.1194)	Feat_map_Loss 0.3129 (0.3448)	Overall_Loss 0.2087 (0.2494)	Prec@1 93.750 (94.198)	
Epoch: [38][1090/4095]	 lr:0.01000	Time 0.101 (0.107)	Loss 0.0236 (0.0346)	KL_Loss 0.0935 (0.1189)	Feat_map_Loss 0.2608 (0.3447)	Overall_Loss 0.1889 (0.2491)	Prec@1 93.750 (94.221)	
Epoch: [38][1100/4095]	 lr:0.01000	Time 0.097 (0.107)	Loss 0.0002 (0.0344)	KL_Loss 0.0206 (0.1182)	Feat_map_Loss 0.2864 (0.3445)	Overall_Loss 0.1536 (0.2486)	Prec@1 100.000 (94.257)	
Epoch: [38][1110/4095]	 lr:0.01000	Time 0.103 (0.107)	Loss 0.0096 (0.0344)	KL_Loss 0.0523 (0.1178)	Feat_map_Loss 0.3434 (0.3445)	Overall_Loss 0.2027 (0.2483)	Prec@1 96.875 (94.276)	
Epoch: [38][1120/4095]	 lr:0.01000	Time 0.104 (0.107)	Loss 0.0052 (0.0343)	KL_Loss 0.0455 (0.1175)	Feat_map_Loss 0.3434 (0.3445)	Overall_Loss 0.1971 (0.2481)	Prec@1 96.875 (94.292)	
Epoch: [38][1130/4095]	 lr:0.01000	Time 0.101 (0.107)	Loss 0.0057 (0.0341)	KL_Loss 0.0387 (0.1169)	Feat_map_Loss 0.3050 (0.3443)	Overall_Loss 0.1747 (0.2476)	Prec@1 96.875 (94.322)	
Epoch: [38][1140/4095]	 lr:0.01000	Time 0.098 (0.106)	Loss 0.0142 (0.0339)	KL_Loss 0.0488 (0.1164)	Feat_map_Loss 0.2865 (0.3442)	Overall_Loss 0.1748 (0.2473)	Prec@1 96.875 (94.344)	
Epoch: [38][1150/4095]	 lr:0.01000	Time 0.102 (0.106)	Loss 0.0673 (0.0338)	KL_Loss 0.0563 (0.1158)	Feat_map_Loss 0.3595 (0.3441)	Overall_Loss 0.2416 (0.2469)	Prec@1 95.312 (94.370)	
Epoch: [38][1160/4095]	 lr:0.01000	Time 0.097 (0.106)	Loss 0.0541 (0.0337)	KL_Loss 0.1043 (0.1153)	Feat_map_Loss 0.4169 (0.3443)	Overall_Loss 0.2876 (0.2466)	Prec@1 92.188 (94.392)	
Epoch: [38][1170/4095]	 lr:0.01000	Time 0.102 (0.106)	Loss 0.0041 (0.0336)	KL_Loss 0.0446 (0.1149)	Feat_map_Loss 0.3241 (0.3443)	Overall_Loss 0.1864 (0.2464)	Prec@1 98.438 (94.414)	
Epoch: [38][1180/4095]	 lr:0.01000	Time 0.103 (0.106)	Loss 0.0139 (0.0335)	KL_Loss 0.0621 (0.1145)	Feat_map_Loss 0.2807 (0.3442)	Overall_Loss 0.1783 (0.2461)	Prec@1 96.875 (94.441)	
Epoch: [38][1190/4095]	 lr:0.01000	Time 0.101 (0.106)	Loss 0.0132 (0.0334)	KL_Loss 0.0732 (0.1140)	Feat_map_Loss 0.3351 (0.3442)	Overall_Loss 0.2108 (0.2458)	Prec@1 98.438 (94.462)	
Epoch: [38][1200/4095]	 lr:0.01000	Time 0.109 (0.106)	Loss 0.0146 (0.0332)	KL_Loss 0.0571 (0.1136)	Feat_map_Loss 0.3203 (0.3440)	Overall_Loss 0.1960 (0.2454)	Prec@1 98.438 (94.482)	
Epoch: [38][1210/4095]	 lr:0.01000	Time 0.105 (0.106)	Loss 0.0193 (0.0331)	KL_Loss 0.0648 (0.1131)	Feat_map_Loss 0.4006 (0.3437)	Overall_Loss 0.2424 (0.2450)	Prec@1 98.438 (94.504)	
Epoch: [38][1220/4095]	 lr:0.01000	Time 0.120 (0.106)	Loss 0.0145 (0.0330)	KL_Loss 0.0417 (0.1127)	Feat_map_Loss 0.3572 (0.3438)	Overall_Loss 0.2067 (0.2447)	Prec@1 98.438 (94.527)	
Epoch: [38][1230/4095]	 lr:0.01000	Time 0.240 (0.107)	Loss 0.0541 (0.0328)	KL_Loss 0.0907 (0.1122)	Feat_map_Loss 0.3120 (0.3436)	Overall_Loss 0.2283 (0.2444)	Prec@1 96.875 (94.559)	
Epoch: [38][1240/4095]	 lr:0.01000	Time 0.109 (0.107)	Loss 0.0387 (0.0328)	KL_Loss 0.0845 (0.1118)	Feat_map_Loss 0.3149 (0.3436)	Overall_Loss 0.2191 (0.2441)	Prec@1 96.875 (94.582)	
Epoch: [38][1250/4095]	 lr:0.01000	Time 0.105 (0.107)	Loss 0.0043 (0.0326)	KL_Loss 0.0476 (0.1112)	Feat_map_Loss 0.2838 (0.3434)	Overall_Loss 0.1678 (0.2436)	Prec@1 98.438 (94.616)	
Epoch: [38][1260/4095]	 lr:0.01000	Time 0.105 (0.107)	Loss 0.0346 (0.0325)	KL_Loss 0.0608 (0.1107)	Feat_map_Loss 0.2875 (0.3430)	Overall_Loss 0.1914 (0.2431)	Prec@1 96.875 (94.640)	
Epoch: [38][1270/4095]	 lr:0.01000	Time 0.110 (0.107)	Loss 0.0516 (0.0324)	KL_Loss 0.0954 (0.1102)	Feat_map_Loss 0.3917 (0.3429)	Overall_Loss 0.2693 (0.2428)	Prec@1 95.312 (94.660)	
Epoch: [38][1280/4095]	 lr:0.01000	Time 0.109 (0.107)	Loss 0.0063 (0.0322)	KL_Loss 0.0224 (0.1097)	Feat_map_Loss 0.3506 (0.3427)	Overall_Loss 0.1896 (0.2423)	Prec@1 98.438 (94.686)	
Epoch: [38][1290/4095]	 lr:0.01000	Time 0.107 (0.107)	Loss 0.0002 (0.0320)	KL_Loss 0.0208 (0.1091)	Feat_map_Loss 0.3320 (0.3425)	Overall_Loss 0.1765 (0.2417)	Prec@1 100.000 (94.719)	
Epoch: [38][1300/4095]	 lr:0.01000	Time 0.105 (0.107)	Loss 0.0352 (0.0318)	KL_Loss 0.0677 (0.1085)	Feat_map_Loss 0.4933 (0.3426)	Overall_Loss 0.2980 (0.2415)	Prec@1 93.750 (94.741)	
Epoch: [38][1310/4095]	 lr:0.01000	Time 0.104 (0.107)	Loss 0.0247 (0.0317)	KL_Loss 0.0610 (0.1081)	Feat_map_Loss 0.3992 (0.3426)	Overall_Loss 0.2425 (0.2412)	Prec@1 96.875 (94.764)	
Epoch: [38][1320/4095]	 lr:0.01000	Time 0.107 (0.107)	Loss 0.0046 (0.0316)	KL_Loss 0.0394 (0.1076)	Feat_map_Loss 0.2764 (0.3426)	Overall_Loss 0.1602 (0.2409)	Prec@1 98.438 (94.789)	
Epoch: [38][1330/4095]	 lr:0.01000	Time 0.103 (0.107)	Loss 0.0591 (0.0314)	KL_Loss 0.0896 (0.1072)	Feat_map_Loss 0.3577 (0.3425)	Overall_Loss 0.2532 (0.2406)	Prec@1 95.312 (94.808)	
Epoch: [38][1340/4095]	 lr:0.01000	Time 0.106 (0.107)	Loss 0.0051 (0.0313)	KL_Loss 0.0403 (0.1068)	Feat_map_Loss 0.3530 (0.3424)	Overall_Loss 0.1992 (0.2402)	Prec@1 96.875 (94.828)	
Epoch: [38][1350/4095]	 lr:0.01000	Time 0.106 (0.107)	Loss 0.0330 (0.0312)	KL_Loss 0.0755 (0.1063)	Feat_map_Loss 0.3344 (0.3424)	Overall_Loss 0.2215 (0.2400)	Prec@1 95.312 (94.846)	
Epoch: [38][1360/4095]	 lr:0.01000	Time 0.105 (0.107)	Loss 0.0109 (0.0311)	KL_Loss 0.0465 (0.1059)	Feat_map_Loss 0.2670 (0.3424)	Overall_Loss 0.1622 (0.2397)	Prec@1 98.438 (94.872)	
Epoch: [38][1370/4095]	 lr:0.01000	Time 0.111 (0.107)	Loss 0.0480 (0.0310)	KL_Loss 0.0983 (0.1055)	Feat_map_Loss 0.3230 (0.3422)	Overall_Loss 0.2346 (0.2394)	Prec@1 95.312 (94.894)	
Epoch: [38][1380/4095]	 lr:0.01000	Time 0.106 (0.107)	Loss 0.0021 (0.0309)	KL_Loss 0.0310 (0.1050)	Feat_map_Loss 0.2879 (0.3422)	Overall_Loss 0.1605 (0.2391)	Prec@1 100.000 (94.919)	
Epoch: [38][1390/4095]	 lr:0.01000	Time 0.107 (0.107)	Loss 0.0062 (0.0307)	KL_Loss 0.0363 (0.1046)	Feat_map_Loss 0.3195 (0.3420)	Overall_Loss 0.1810 (0.2387)	Prec@1 96.875 (94.938)	
Epoch: [38][1400/4095]	 lr:0.01000	Time 0.104 (0.107)	Loss 0.0084 (0.0306)	KL_Loss 0.0349 (0.1042)	Feat_map_Loss 0.3533 (0.3417)	Overall_Loss 0.1983 (0.2383)	Prec@1 96.875 (94.958)	
Epoch: [38][1410/4095]	 lr:0.01000	Time 0.111 (0.107)	Loss 0.0068 (0.0305)	KL_Loss 0.0420 (0.1039)	Feat_map_Loss 0.3255 (0.3416)	Overall_Loss 0.1872 (0.2380)	Prec@1 95.312 (94.976)	
Epoch: [38][1420/4095]	 lr:0.01000	Time 0.103 (0.107)	Loss 0.0025 (0.0304)	KL_Loss 0.0328 (0.1034)	Feat_map_Loss 0.3262 (0.3414)	Overall_Loss 0.1807 (0.2376)	Prec@1 100.000 (94.997)	
Epoch: [38][1430/4095]	 lr:0.01000	Time 0.112 (0.107)	Loss 0.0097 (0.0303)	KL_Loss 0.0388 (0.1031)	Feat_map_Loss 0.3402 (0.3413)	Overall_Loss 0.1944 (0.2374)	Prec@1 96.875 (95.016)	
Epoch: [38][1440/4095]	 lr:0.01000	Time 0.107 (0.107)	Loss 0.0087 (0.0302)	KL_Loss 0.0499 (0.1027)	Feat_map_Loss 0.3761 (0.3412)	Overall_Loss 0.2174 (0.2370)	Prec@1 96.875 (95.035)	
Epoch: [38][1450/4095]	 lr:0.01000	Time 0.107 (0.107)	Loss 0.0015 (0.0301)	KL_Loss 0.0402 (0.1024)	Feat_map_Loss 0.2963 (0.3411)	Overall_Loss 0.1690 (0.2368)	Prec@1 100.000 (95.050)	
Epoch: [38][1460/4095]	 lr:0.01000	Time 0.108 (0.107)	Loss 0.0108 (0.0300)	KL_Loss 0.0397 (0.1020)	Feat_map_Loss 0.2991 (0.3411)	Overall_Loss 0.1748 (0.2366)	Prec@1 98.438 (95.070)	
Epoch: [38][1470/4095]	 lr:0.01000	Time 0.107 (0.107)	Loss 0.0067 (0.0299)	KL_Loss 0.0411 (0.1016)	Feat_map_Loss 0.4298 (0.3411)	Overall_Loss 0.2388 (0.2363)	Prec@1 98.438 (95.089)	
Epoch: [38][1480/4095]	 lr:0.01000	Time 0.110 (0.107)	Loss 0.0003 (0.0298)	KL_Loss 0.0194 (0.1012)	Feat_map_Loss 0.3509 (0.3409)	Overall_Loss 0.1853 (0.2360)	Prec@1 100.000 (95.112)	
Epoch: [38][1490/4095]	 lr:0.01000	Time 0.104 (0.107)	Loss 0.0044 (0.0297)	KL_Loss 0.0337 (0.1009)	Feat_map_Loss 0.2674 (0.3408)	Overall_Loss 0.1527 (0.2357)	Prec@1 98.438 (95.130)	
Epoch: [38][1500/4095]	 lr:0.01000	Time 0.102 (0.107)	Loss 0.0011 (0.0296)	KL_Loss 0.0297 (0.1005)	Feat_map_Loss 0.2291 (0.3406)	Overall_Loss 0.1299 (0.2354)	Prec@1 100.000 (95.147)	
Epoch: [38][1510/4095]	 lr:0.01000	Time 0.102 (0.107)	Loss 0.0004 (0.0295)	KL_Loss 0.0231 (0.1001)	Feat_map_Loss 0.3047 (0.3405)	Overall_Loss 0.1641 (0.2351)	Prec@1 100.000 (95.168)	
Epoch: [38][1520/4095]	 lr:0.01000	Time 0.103 (0.107)	Loss 0.0158 (0.0294)	KL_Loss 0.0567 (0.0998)	Feat_map_Loss 0.3363 (0.3404)	Overall_Loss 0.2044 (0.2348)	Prec@1 96.875 (95.181)	
Epoch: [38][1530/4095]	 lr:0.01000	Time 0.105 (0.107)	Loss 0.0050 (0.0293)	KL_Loss 0.0181 (0.0995)	Feat_map_Loss 0.2914 (0.3402)	Overall_Loss 0.1573 (0.2345)	Prec@1 98.438 (95.196)	
Epoch: [38][1540/4095]	 lr:0.01000	Time 0.108 (0.107)	Loss 0.0471 (0.0293)	KL_Loss 0.0824 (0.0991)	Feat_map_Loss 0.2849 (0.3401)	Overall_Loss 0.2072 (0.2343)	Prec@1 95.312 (95.215)	
Epoch: [38][1550/4095]	 lr:0.01000	Time 0.104 (0.107)	Loss 0.0177 (0.0292)	KL_Loss 0.0533 (0.0988)	Feat_map_Loss 0.2745 (0.3399)	Overall_Loss 0.1727 (0.2340)	Prec@1 96.875 (95.231)	
Epoch: [38][1560/4095]	 lr:0.01000	Time 0.126 (0.107)	Loss 0.0046 (0.0291)	KL_Loss 0.0477 (0.0985)	Feat_map_Loss 0.2629 (0.3399)	Overall_Loss 0.1576 (0.2338)	Prec@1 98.438 (95.246)	
Epoch: [38][1570/4095]	 lr:0.01000	Time 0.102 (0.107)	Loss 0.0101 (0.0290)	KL_Loss 0.0389 (0.0981)	Feat_map_Loss 0.2903 (0.3398)	Overall_Loss 0.1697 (0.2334)	Prec@1 98.438 (95.269)	
Epoch: [38][1580/4095]	 lr:0.01000	Time 0.106 (0.107)	Loss 0.0122 (0.0289)	KL_Loss 0.0738 (0.0978)	Feat_map_Loss 0.4259 (0.3398)	Overall_Loss 0.2559 (0.2333)	Prec@1 96.875 (95.283)	
Epoch: [38][1590/4095]	 lr:0.01000	Time 0.101 (0.107)	Loss 0.0022 (0.0288)	KL_Loss 0.0317 (0.0975)	Feat_map_Loss 0.3355 (0.3396)	Overall_Loss 0.1847 (0.2330)	Prec@1 100.000 (95.300)	
Epoch: [38][1600/4095]	 lr:0.01000	Time 0.097 (0.107)	Loss 0.0045 (0.0287)	KL_Loss 0.0181 (0.0971)	Feat_map_Loss 0.3181 (0.3393)	Overall_Loss 0.1703 (0.2325)	Prec@1 98.438 (95.324)	
Epoch: [38][1610/4095]	 lr:0.01000	Time 0.102 (0.106)	Loss 0.0106 (0.0285)	KL_Loss 0.0604 (0.0967)	Feat_map_Loss 0.2698 (0.3392)	Overall_Loss 0.1704 (0.2322)	Prec@1 96.875 (95.344)	
Epoch: [38][1620/4095]	 lr:0.01000	Time 0.101 (0.106)	Loss 0.0052 (0.0285)	KL_Loss 0.0332 (0.0964)	Feat_map_Loss 0.3355 (0.3391)	Overall_Loss 0.1869 (0.2319)	Prec@1 98.438 (95.362)	
Epoch: [38][1630/4095]	 lr:0.01000	Time 0.099 (0.106)	Loss 0.0109 (0.0284)	KL_Loss 0.0428 (0.0960)	Feat_map_Loss 0.3854 (0.3389)	Overall_Loss 0.2195 (0.2317)	Prec@1 98.438 (95.379)	
Epoch: [38][1640/4095]	 lr:0.01000	Time 0.098 (0.106)	Loss 0.0063 (0.0283)	KL_Loss 0.0254 (0.0957)	Feat_map_Loss 0.2857 (0.3390)	Overall_Loss 0.1588 (0.2315)	Prec@1 96.875 (95.390)	
Epoch: [38][1650/4095]	 lr:0.01000	Time 0.102 (0.106)	Loss 0.0222 (0.0282)	KL_Loss 0.0875 (0.0954)	Feat_map_Loss 0.3743 (0.3389)	Overall_Loss 0.2420 (0.2313)	Prec@1 93.750 (95.404)	
Epoch: [38][1660/4095]	 lr:0.01000	Time 0.106 (0.106)	Loss 0.0256 (0.0282)	KL_Loss 0.0607 (0.0951)	Feat_map_Loss 0.3538 (0.3388)	Overall_Loss 0.2201 (0.2311)	Prec@1 98.438 (95.419)	
Epoch: [38][1670/4095]	 lr:0.01000	Time 0.098 (0.106)	Loss 0.0412 (0.0281)	KL_Loss 0.0947 (0.0948)	Feat_map_Loss 0.3794 (0.3387)	Overall_Loss 0.2576 (0.2308)	Prec@1 96.875 (95.439)	
Epoch: [38][1680/4095]	 lr:0.01000	Time 0.104 (0.106)	Loss 0.0005 (0.0279)	KL_Loss 0.0216 (0.0945)	Feat_map_Loss 0.2617 (0.3386)	Overall_Loss 0.1419 (0.2305)	Prec@1 100.000 (95.458)	
Epoch: [38][1690/4095]	 lr:0.01000	Time 0.097 (0.106)	Loss 0.0136 (0.0278)	KL_Loss 0.0564 (0.0942)	Feat_map_Loss 0.2743 (0.3386)	Overall_Loss 0.1722 (0.2303)	Prec@1 98.438 (95.473)	
Epoch: [38][1700/4095]	 lr:0.01000	Time 0.105 (0.106)	Loss 0.0018 (0.0277)	KL_Loss 0.0136 (0.0938)	Feat_map_Loss 0.3416 (0.3386)	Overall_Loss 0.1785 (0.2301)	Prec@1 98.438 (95.490)	
Epoch: [38][1710/4095]	 lr:0.01000	Time 0.105 (0.106)	Loss 0.0007 (0.0277)	KL_Loss 0.0152 (0.0935)	Feat_map_Loss 0.3484 (0.3384)	Overall_Loss 0.1822 (0.2298)	Prec@1 100.000 (95.508)	
Epoch: [38][1720/4095]	 lr:0.01000	Time 0.102 (0.106)	Loss 0.0004 (0.0276)	KL_Loss 0.0352 (0.0932)	Feat_map_Loss 0.3330 (0.3383)	Overall_Loss 0.1843 (0.2295)	Prec@1 100.000 (95.526)	
Epoch: [38][1730/4095]	 lr:0.01000	Time 0.102 (0.106)	Loss 0.0019 (0.0275)	KL_Loss 0.0251 (0.0929)	Feat_map_Loss 0.2803 (0.3382)	Overall_Loss 0.1537 (0.2293)	Prec@1 98.438 (95.541)	
Epoch: [38][1740/4095]	 lr:0.01000	Time 0.099 (0.106)	Loss 0.0001 (0.0274)	KL_Loss 0.0202 (0.0926)	Feat_map_Loss 0.2358 (0.3381)	Overall_Loss 0.1281 (0.2290)	Prec@1 100.000 (95.557)	
Epoch: [38][1750/4095]	 lr:0.01000	Time 0.104 (0.106)	Loss 0.0022 (0.0273)	KL_Loss 0.0328 (0.0923)	Feat_map_Loss 0.3134 (0.3380)	Overall_Loss 0.1742 (0.2288)	Prec@1 98.438 (95.569)	
Epoch: [38][1760/4095]	 lr:0.01000	Time 0.104 (0.106)	Loss 0.0153 (0.0273)	KL_Loss 0.0393 (0.0921)	Feat_map_Loss 0.2707 (0.3378)	Overall_Loss 0.1626 (0.2286)	Prec@1 96.875 (95.580)	
Epoch: [38][1770/4095]	 lr:0.01000	Time 0.100 (0.106)	Loss 0.0029 (0.0272)	KL_Loss 0.0423 (0.0918)	Feat_map_Loss 0.3563 (0.3376)	Overall_Loss 0.2007 (0.2283)	Prec@1 98.438 (95.597)	
Epoch: [38][1780/4095]	 lr:0.01000	Time 0.101 (0.106)	Loss 0.0015 (0.0271)	KL_Loss 0.0188 (0.0915)	Feat_map_Loss 0.3087 (0.3373)	Overall_Loss 0.1645 (0.2280)	Prec@1 98.438 (95.613)	
Epoch: [38][1790/4095]	 lr:0.01000	Time 0.096 (0.106)	Loss 0.0035 (0.0269)	KL_Loss 0.0350 (0.0912)	Feat_map_Loss 0.2827 (0.3373)	Overall_Loss 0.1606 (0.2277)	Prec@1 98.438 (95.630)	
Epoch: [38][1800/4095]	 lr:0.01000	Time 0.101 (0.106)	Loss 0.0050 (0.0268)	KL_Loss 0.0221 (0.0909)	Feat_map_Loss 0.3044 (0.3373)	Overall_Loss 0.1657 (0.2275)	Prec@1 98.438 (95.646)	
Epoch: [38][1810/4095]	 lr:0.01000	Time 0.107 (0.106)	Loss 0.0042 (0.0267)	KL_Loss 0.0397 (0.0905)	Feat_map_Loss 0.3031 (0.3371)	Overall_Loss 0.1735 (0.2272)	Prec@1 98.438 (95.663)	
Epoch: [38][1820/4095]	 lr:0.01000	Time 0.103 (0.106)	Loss 0.0054 (0.0266)	KL_Loss 0.0290 (0.0902)	Feat_map_Loss 0.3158 (0.3368)	Overall_Loss 0.1751 (0.2268)	Prec@1 98.438 (95.674)	
Epoch: [38][1830/4095]	 lr:0.01000	Time 0.101 (0.106)	Loss 0.0001 (0.0266)	KL_Loss 0.0138 (0.0900)	Feat_map_Loss 0.2441 (0.3367)	Overall_Loss 0.1290 (0.2267)	Prec@1 100.000 (95.686)	
Epoch: [38][1840/4095]	 lr:0.01000	Time 0.097 (0.106)	Loss 0.0326 (0.0266)	KL_Loss 0.0645 (0.0898)	Feat_map_Loss 0.3194 (0.3366)	Overall_Loss 0.2082 (0.2265)	Prec@1 96.875 (95.698)	
Epoch: [38][1850/4095]	 lr:0.01000	Time 0.100 (0.106)	Loss 0.0017 (0.0265)	KL_Loss 0.0354 (0.0895)	Feat_map_Loss 0.4398 (0.3366)	Overall_Loss 0.2384 (0.2263)	Prec@1 100.000 (95.711)	
Epoch: [38][1860/4095]	 lr:0.01000	Time 0.101 (0.106)	Loss 0.0132 (0.0264)	KL_Loss 0.0311 (0.0892)	Feat_map_Loss 0.2643 (0.3363)	Overall_Loss 0.1543 (0.2260)	Prec@1 98.438 (95.727)	
Epoch: [38][1870/4095]	 lr:0.01000	Time 0.098 (0.106)	Loss 0.0041 (0.0264)	KL_Loss 0.0446 (0.0890)	Feat_map_Loss 0.3864 (0.3363)	Overall_Loss 0.2176 (0.2258)	Prec@1 96.875 (95.738)	
Epoch: [38][1880/4095]	 lr:0.01000	Time 0.098 (0.106)	Loss 0.0111 (0.0263)	KL_Loss 0.0561 (0.0888)	Feat_map_Loss 0.2770 (0.3362)	Overall_Loss 0.1721 (0.2256)	Prec@1 95.312 (95.750)	
Epoch: [38][1890/4095]	 lr:0.01000	Time 0.109 (0.106)	Loss 0.0002 (0.0262)	KL_Loss 0.0140 (0.0884)	Feat_map_Loss 0.2897 (0.3362)	Overall_Loss 0.1519 (0.2254)	Prec@1 100.000 (95.768)	
Epoch: [38][1900/4095]	 lr:0.01000	Time 0.112 (0.106)	Loss 0.0014 (0.0262)	KL_Loss 0.0340 (0.0882)	Feat_map_Loss 0.2829 (0.3360)	Overall_Loss 0.1591 (0.2252)	Prec@1 100.000 (95.779)	
Epoch: [38][1910/4095]	 lr:0.01000	Time 0.108 (0.106)	Loss 0.0260 (0.0261)	KL_Loss 0.0342 (0.0879)	Feat_map_Loss 0.3366 (0.3359)	Overall_Loss 0.1984 (0.2250)	Prec@1 98.438 (95.793)	
Epoch: [38][1920/4095]	 lr:0.01000	Time 0.096 (0.106)	Loss 0.0136 (0.0260)	KL_Loss 0.0297 (0.0877)	Feat_map_Loss 0.2412 (0.3357)	Overall_Loss 0.1423 (0.2247)	Prec@1 98.438 (95.808)	
Epoch: [38][1930/4095]	 lr:0.01000	Time 0.103 (0.106)	Loss 0.0319 (0.0259)	KL_Loss 0.0497 (0.0874)	Feat_map_Loss 0.3549 (0.3357)	Overall_Loss 0.2183 (0.2245)	Prec@1 95.312 (95.819)	
Epoch: [38][1940/4095]	 lr:0.01000	Time 0.107 (0.106)	Loss 0.0013 (0.0258)	KL_Loss 0.0347 (0.0871)	Feat_map_Loss 0.3296 (0.3355)	Overall_Loss 0.1828 (0.2242)	Prec@1 100.000 (95.834)	
Epoch: [38][1950/4095]	 lr:0.01000	Time 0.106 (0.106)	Loss 0.0004 (0.0258)	KL_Loss 0.0248 (0.0869)	Feat_map_Loss 0.2270 (0.3353)	Overall_Loss 0.1261 (0.2240)	Prec@1 100.000 (95.843)	
Epoch: [38][1960/4095]	 lr:0.01000	Time 0.107 (0.106)	Loss 0.0555 (0.0257)	KL_Loss 0.0509 (0.0867)	Feat_map_Loss 0.2800 (0.3354)	Overall_Loss 0.1932 (0.2239)	Prec@1 98.438 (95.856)	
Epoch: [38][1970/4095]	 lr:0.01000	Time 0.106 (0.106)	Loss 0.0038 (0.0256)	KL_Loss 0.0488 (0.0865)	Feat_map_Loss 0.2984 (0.3353)	Overall_Loss 0.1755 (0.2237)	Prec@1 98.438 (95.867)	
Epoch: [38][1980/4095]	 lr:0.01000	Time 0.105 (0.106)	Loss 0.0136 (0.0256)	KL_Loss 0.0524 (0.0862)	Feat_map_Loss 0.3647 (0.3352)	Overall_Loss 0.2153 (0.2235)	Prec@1 96.875 (95.879)	
Epoch: [38][1990/4095]	 lr:0.01000	Time 0.105 (0.106)	Loss 0.0206 (0.0255)	KL_Loss 0.0445 (0.0860)	Feat_map_Loss 0.2726 (0.3351)	Overall_Loss 0.1688 (0.2233)	Prec@1 98.438 (95.890)	
Epoch: [38][2000/4095]	 lr:0.01000	Time 0.096 (0.106)	Loss 0.0001 (0.0254)	KL_Loss 0.0211 (0.0857)	Feat_map_Loss 0.3061 (0.3350)	Overall_Loss 0.1636 (0.2230)	Prec@1 100.000 (95.908)	
Epoch: [38][2010/4095]	 lr:0.01000	Time 0.097 (0.106)	Loss 0.0023 (0.0253)	KL_Loss 0.0236 (0.0854)	Feat_map_Loss 0.3224 (0.3348)	Overall_Loss 0.1742 (0.2227)	Prec@1 98.438 (95.922)	
Epoch: [38][2020/4095]	 lr:0.01000	Time 0.105 (0.106)	Loss 0.0043 (0.0252)	KL_Loss 0.0208 (0.0851)	Feat_map_Loss 0.2656 (0.3345)	Overall_Loss 0.1454 (0.2224)	Prec@1 98.438 (95.935)	
Epoch: [38][2030/4095]	 lr:0.01000	Time 0.102 (0.106)	Loss 0.0229 (0.0251)	KL_Loss 0.0491 (0.0848)	Feat_map_Loss 0.2413 (0.3343)	Overall_Loss 0.1567 (0.2222)	Prec@1 98.438 (95.950)	
Epoch: [38][2040/4095]	 lr:0.01000	Time 0.098 (0.106)	Loss 0.0393 (0.0250)	KL_Loss 0.0157 (0.0846)	Feat_map_Loss 0.2771 (0.3342)	Overall_Loss 0.1660 (0.2219)	Prec@1 98.438 (95.963)	
Epoch: [38][2050/4095]	 lr:0.01000	Time 0.101 (0.106)	Loss 0.0033 (0.0250)	KL_Loss 0.0349 (0.0844)	Feat_map_Loss 0.3054 (0.3342)	Overall_Loss 0.1718 (0.2218)	Prec@1 98.438 (95.973)	
Epoch: [38][2060/4095]	 lr:0.01000	Time 0.108 (0.106)	Loss 0.0628 (0.0250)	KL_Loss 0.0721 (0.0842)	Feat_map_Loss 0.3426 (0.3341)	Overall_Loss 0.2387 (0.2216)	Prec@1 96.875 (95.983)	
Epoch: [38][2070/4095]	 lr:0.01000	Time 0.101 (0.106)	Loss 0.0133 (0.0249)	KL_Loss 0.0350 (0.0840)	Feat_map_Loss 0.3324 (0.3340)	Overall_Loss 0.1903 (0.2214)	Prec@1 98.438 (95.993)	
Epoch: [38][2080/4095]	 lr:0.01000	Time 0.101 (0.106)	Loss 0.0057 (0.0248)	KL_Loss 0.0268 (0.0837)	Feat_map_Loss 0.2976 (0.3339)	Overall_Loss 0.1650 (0.2212)	Prec@1 98.438 (96.007)	
Epoch: [38][2090/4095]	 lr:0.01000	Time 0.102 (0.106)	Loss 0.0045 (0.0248)	KL_Loss 0.0403 (0.0835)	Feat_map_Loss 0.4027 (0.3338)	Overall_Loss 0.2237 (0.2211)	Prec@1 98.438 (96.017)	
Epoch: [38][2100/4095]	 lr:0.01000	Time 0.097 (0.106)	Loss 0.0029 (0.0247)	KL_Loss 0.0295 (0.0833)	Feat_map_Loss 0.3281 (0.3338)	Overall_Loss 0.1803 (0.2209)	Prec@1 98.438 (96.026)	
Epoch: [38][2110/4095]	 lr:0.01000	Time 0.100 (0.106)	Loss 0.0087 (0.0247)	KL_Loss 0.0303 (0.0830)	Feat_map_Loss 0.2865 (0.3337)	Overall_Loss 0.1627 (0.2207)	Prec@1 98.438 (96.040)	
Epoch: [38][2120/4095]	 lr:0.01000	Time 0.106 (0.106)	Loss 0.0011 (0.0246)	KL_Loss 0.0128 (0.0828)	Feat_map_Loss 0.3653 (0.3336)	Overall_Loss 0.1896 (0.2205)	Prec@1 100.000 (96.054)	
Epoch: [38][2130/4095]	 lr:0.01000	Time 0.104 (0.106)	Loss 0.0000 (0.0245)	KL_Loss 0.0157 (0.0825)	Feat_map_Loss 0.2951 (0.3335)	Overall_Loss 0.1555 (0.2203)	Prec@1 100.000 (96.068)	
Epoch: [38][2140/4095]	 lr:0.01000	Time 0.099 (0.106)	Loss 0.0414 (0.0244)	KL_Loss 0.0641 (0.0823)	Feat_map_Loss 0.2998 (0.3335)	Overall_Loss 0.2027 (0.2201)	Prec@1 96.875 (96.079)	
Epoch: [38][2150/4095]	 lr:0.01000	Time 0.101 (0.106)	Loss 0.0032 (0.0243)	KL_Loss 0.0320 (0.0820)	Feat_map_Loss 0.2865 (0.3333)	Overall_Loss 0.1608 (0.2198)	Prec@1 98.438 (96.093)	
Epoch: [38][2160/4095]	 lr:0.01000	Time 0.107 (0.106)	Loss 0.0021 (0.0243)	KL_Loss 0.0259 (0.0818)	Feat_map_Loss 0.2658 (0.3332)	Overall_Loss 0.1469 (0.2196)	Prec@1 100.000 (96.104)	
Epoch: [38][2170/4095]	 lr:0.01000	Time 0.105 (0.106)	Loss 0.0055 (0.0242)	KL_Loss 0.0386 (0.0815)	Feat_map_Loss 0.3111 (0.3330)	Overall_Loss 0.1776 (0.2194)	Prec@1 98.438 (96.115)	
Epoch: [38][2180/4095]	 lr:0.01000	Time 0.103 (0.106)	Loss 0.0104 (0.0241)	KL_Loss 0.0517 (0.0813)	Feat_map_Loss 0.3224 (0.3330)	Overall_Loss 0.1923 (0.2192)	Prec@1 98.438 (96.126)	
Epoch: [38][2190/4095]	 lr:0.01000	Time 0.105 (0.106)	Loss 0.0172 (0.0241)	KL_Loss 0.0460 (0.0811)	Feat_map_Loss 0.2805 (0.3329)	Overall_Loss 0.1718 (0.2191)	Prec@1 96.875 (96.136)	
Epoch: [38][2200/4095]	 lr:0.01000	Time 0.098 (0.106)	Loss 0.0054 (0.0240)	KL_Loss 0.0364 (0.0810)	Feat_map_Loss 0.3905 (0.3328)	Overall_Loss 0.2162 (0.2189)	Prec@1 98.438 (96.142)	
Epoch: [38][2210/4095]	 lr:0.01000	Time 0.104 (0.106)	Loss 0.0051 (0.0240)	KL_Loss 0.0350 (0.0808)	Feat_map_Loss 0.3553 (0.3328)	Overall_Loss 0.1977 (0.2188)	Prec@1 98.438 (96.149)	
Epoch: [38][2220/4095]	 lr:0.01000	Time 0.106 (0.106)	Loss 0.0000 (0.0239)	KL_Loss 0.0098 (0.0806)	Feat_map_Loss 0.3043 (0.3326)	Overall_Loss 0.1570 (0.2185)	Prec@1 100.000 (96.158)	
Epoch: [38][2230/4095]	 lr:0.01000	Time 0.107 (0.106)	Loss 0.0000 (0.0238)	KL_Loss 0.0099 (0.0804)	Feat_map_Loss 0.2674 (0.3324)	Overall_Loss 0.1386 (0.2183)	Prec@1 100.000 (96.168)	
Epoch: [38][2240/4095]	 lr:0.01000	Time 0.105 (0.106)	Loss 0.0110 (0.0238)	KL_Loss 0.0405 (0.0801)	Feat_map_Loss 0.2847 (0.3323)	Overall_Loss 0.1681 (0.2181)	Prec@1 98.438 (96.181)	
Epoch: [38][2250/4095]	 lr:0.01000	Time 0.105 (0.106)	Loss 0.0006 (0.0237)	KL_Loss 0.0222 (0.0799)	Feat_map_Loss 0.3435 (0.3322)	Overall_Loss 0.1831 (0.2179)	Prec@1 100.000 (96.190)	
Epoch: [38][2260/4095]	 lr:0.01000	Time 0.108 (0.106)	Loss 0.0075 (0.0236)	KL_Loss 0.0303 (0.0797)	Feat_map_Loss 0.3142 (0.3321)	Overall_Loss 0.1760 (0.2177)	Prec@1 98.438 (96.203)	
Epoch: [38][2270/4095]	 lr:0.01000	Time 0.105 (0.106)	Loss 0.0055 (0.0235)	KL_Loss 0.0327 (0.0795)	Feat_map_Loss 0.3105 (0.3320)	Overall_Loss 0.1744 (0.2175)	Prec@1 98.438 (96.215)	
Epoch: [38][2280/4095]	 lr:0.01000	Time 0.102 (0.106)	Loss 0.0039 (0.0235)	KL_Loss 0.0248 (0.0793)	Feat_map_Loss 0.3185 (0.3319)	Overall_Loss 0.1736 (0.2173)	Prec@1 98.438 (96.226)	
Epoch: [38][2290/4095]	 lr:0.01000	Time 0.106 (0.106)	Loss 0.0057 (0.0234)	KL_Loss 0.0394 (0.0791)	Feat_map_Loss 0.2956 (0.3317)	Overall_Loss 0.1704 (0.2171)	Prec@1 98.438 (96.238)	
Epoch: [38][2300/4095]	 lr:0.01000	Time 0.103 (0.106)	Loss 0.0186 (0.0234)	KL_Loss 0.0424 (0.0789)	Feat_map_Loss 0.3144 (0.3315)	Overall_Loss 0.1877 (0.2169)	Prec@1 96.875 (96.249)	
Epoch: [38][2310/4095]	 lr:0.01000	Time 0.108 (0.106)	Loss 0.0026 (0.0233)	KL_Loss 0.0260 (0.0786)	Feat_map_Loss 0.3260 (0.3313)	Overall_Loss 0.1773 (0.2166)	Prec@1 98.438 (96.262)	
Epoch: [38][2320/4095]	 lr:0.01000	Time 0.105 (0.106)	Loss 0.0000 (0.0232)	KL_Loss 0.0125 (0.0784)	Feat_map_Loss 0.2661 (0.3312)	Overall_Loss 0.1393 (0.2164)	Prec@1 100.000 (96.272)	
Epoch: [38][2330/4095]	 lr:0.01000	Time 0.105 (0.106)	Loss 0.0174 (0.0232)	KL_Loss 0.0654 (0.0783)	Feat_map_Loss 0.3348 (0.3313)	Overall_Loss 0.2088 (0.2164)	Prec@1 98.438 (96.281)	
Epoch: [38][2340/4095]	 lr:0.01000	Time 0.100 (0.106)	Loss 0.0106 (0.0232)	KL_Loss 0.0456 (0.0782)	Feat_map_Loss 0.2935 (0.3312)	Overall_Loss 0.1748 (0.2163)	Prec@1 98.438 (96.286)	
Epoch: [38][2350/4095]	 lr:0.01000	Time 0.105 (0.106)	Loss 0.0131 (0.0231)	KL_Loss 0.0494 (0.0780)	Feat_map_Loss 0.2946 (0.3310)	Overall_Loss 0.1786 (0.2161)	Prec@1 98.438 (96.299)	
Epoch: [38][2360/4095]	 lr:0.01000	Time 0.101 (0.106)	Loss 0.0589 (0.0231)	KL_Loss 0.0989 (0.0778)	Feat_map_Loss 0.4249 (0.3310)	Overall_Loss 0.2914 (0.2159)	Prec@1 96.875 (96.308)	
Epoch: [38][2370/4095]	 lr:0.01000	Time 0.102 (0.106)	Loss 0.0013 (0.0230)	KL_Loss 0.0191 (0.0776)	Feat_map_Loss 0.2869 (0.3309)	Overall_Loss 0.1537 (0.2158)	Prec@1 100.000 (96.321)	
Epoch: [38][2380/4095]	 lr:0.01000	Time 0.103 (0.106)	Loss 0.0209 (0.0229)	KL_Loss 0.0296 (0.0774)	Feat_map_Loss 0.4027 (0.3310)	Overall_Loss 0.2266 (0.2157)	Prec@1 98.438 (96.329)	
Epoch: [38][2390/4095]	 lr:0.01000	Time 0.103 (0.106)	Loss 0.0291 (0.0229)	KL_Loss 0.0398 (0.0772)	Feat_map_Loss 0.2670 (0.3308)	Overall_Loss 0.1679 (0.2154)	Prec@1 98.438 (96.340)	
Epoch: [38][2400/4095]	 lr:0.01000	Time 0.107 (0.106)	Loss 0.0208 (0.0228)	KL_Loss 0.0315 (0.0770)	Feat_map_Loss 0.4279 (0.3308)	Overall_Loss 0.2401 (0.2153)	Prec@1 98.438 (96.350)	
Epoch: [38][2410/4095]	 lr:0.01000	Time 0.216 (0.106)	Loss 0.0008 (0.0228)	KL_Loss 0.0232 (0.0768)	Feat_map_Loss 0.2933 (0.3307)	Overall_Loss 0.1586 (0.2151)	Prec@1 100.000 (96.360)	
Epoch: [38][2420/4095]	 lr:0.01000	Time 0.097 (0.106)	Loss 0.0000 (0.0227)	KL_Loss 0.0133 (0.0766)	Feat_map_Loss 0.3261 (0.3304)	Overall_Loss 0.1697 (0.2149)	Prec@1 100.000 (96.372)	
Epoch: [38][2430/4095]	 lr:0.01000	Time 0.109 (0.106)	Loss 0.0004 (0.0226)	KL_Loss 0.0171 (0.0764)	Feat_map_Loss 0.2855 (0.3303)	Overall_Loss 0.1515 (0.2147)	Prec@1 100.000 (96.385)	
Epoch: [38][2440/4095]	 lr:0.01000	Time 0.106 (0.106)	Loss 0.0049 (0.0226)	KL_Loss 0.0267 (0.0762)	Feat_map_Loss 0.3282 (0.3302)	Overall_Loss 0.1799 (0.2145)	Prec@1 98.438 (96.393)	
Epoch: [38][2450/4095]	 lr:0.01000	Time 0.108 (0.106)	Loss 0.0001 (0.0225)	KL_Loss 0.0130 (0.0760)	Feat_map_Loss 0.2256 (0.3301)	Overall_Loss 0.1194 (0.2143)	Prec@1 100.000 (96.405)	
Epoch: [38][2460/4095]	 lr:0.01000	Time 0.103 (0.106)	Loss 0.0001 (0.0224)	KL_Loss 0.0170 (0.0758)	Feat_map_Loss 0.3233 (0.3301)	Overall_Loss 0.1702 (0.2142)	Prec@1 100.000 (96.415)	
Epoch: [38][2470/4095]	 lr:0.01000	Time 0.096 (0.106)	Loss 0.0002 (0.0224)	KL_Loss 0.0113 (0.0756)	Feat_map_Loss 0.2702 (0.3299)	Overall_Loss 0.1409 (0.2139)	Prec@1 100.000 (96.424)	
Epoch: [38][2480/4095]	 lr:0.01000	Time 0.108 (0.106)	Loss 0.0114 (0.0224)	KL_Loss 0.0378 (0.0755)	Feat_map_Loss 0.2927 (0.3298)	Overall_Loss 0.1709 (0.2138)	Prec@1 98.438 (96.426)	
Epoch: [38][2490/4095]	 lr:0.01000	Time 0.102 (0.106)	Loss 0.0190 (0.0223)	KL_Loss 0.0389 (0.0753)	Feat_map_Loss 0.2653 (0.3297)	Overall_Loss 0.1616 (0.2137)	Prec@1 98.438 (96.434)	
Epoch: [38][2500/4095]	 lr:0.01000	Time 0.103 (0.106)	Loss 0.0306 (0.0223)	KL_Loss 0.0753 (0.0752)	Feat_map_Loss 0.2609 (0.3296)	Overall_Loss 0.1834 (0.2135)	Prec@1 95.312 (96.442)	
Epoch: [38][2510/4095]	 lr:0.01000	Time 0.103 (0.106)	Loss 0.0015 (0.0222)	KL_Loss 0.0230 (0.0750)	Feat_map_Loss 0.3010 (0.3295)	Overall_Loss 0.1627 (0.2134)	Prec@1 100.000 (96.452)	
Epoch: [38][2520/4095]	 lr:0.01000	Time 0.102 (0.106)	Loss 0.0654 (0.0222)	KL_Loss 0.0629 (0.0749)	Feat_map_Loss 0.3033 (0.3295)	Overall_Loss 0.2158 (0.2133)	Prec@1 98.438 (96.462)	
Epoch: [38][2530/4095]	 lr:0.01000	Time 0.103 (0.106)	Loss 0.0184 (0.0221)	KL_Loss 0.0378 (0.0747)	Feat_map_Loss 0.2863 (0.3294)	Overall_Loss 0.1713 (0.2131)	Prec@1 98.438 (96.474)	
Epoch: [38][2540/4095]	 lr:0.01000	Time 0.101 (0.106)	Loss 0.0153 (0.0221)	KL_Loss 0.0328 (0.0745)	Feat_map_Loss 0.3233 (0.3293)	Overall_Loss 0.1857 (0.2129)	Prec@1 95.312 (96.483)	
Epoch: [38][2550/4095]	 lr:0.01000	Time 0.101 (0.106)	Loss 0.0149 (0.0220)	KL_Loss 0.0482 (0.0743)	Feat_map_Loss 0.2883 (0.3292)	Overall_Loss 0.1757 (0.2128)	Prec@1 96.875 (96.491)	
Epoch: [38][2560/4095]	 lr:0.01000	Time 0.105 (0.106)	Loss 0.0279 (0.0220)	KL_Loss 0.0513 (0.0741)	Feat_map_Loss 0.3958 (0.3292)	Overall_Loss 0.2375 (0.2127)	Prec@1 95.312 (96.499)	
Epoch: [38][2570/4095]	 lr:0.01000	Time 0.104 (0.106)	Loss 0.0011 (0.0219)	KL_Loss 0.0183 (0.0739)	Feat_map_Loss 0.3385 (0.3290)	Overall_Loss 0.1789 (0.2125)	Prec@1 100.000 (96.509)	
Epoch: [38][2580/4095]	 lr:0.01000	Time 0.117 (0.106)	Loss 0.0085 (0.0219)	KL_Loss 0.0386 (0.0738)	Feat_map_Loss 0.4014 (0.3290)	Overall_Loss 0.2243 (0.2123)	Prec@1 96.875 (96.514)	
Epoch: [38][2590/4095]	 lr:0.01000	Time 0.102 (0.106)	Loss 0.0014 (0.0218)	KL_Loss 0.0338 (0.0737)	Feat_map_Loss 0.3736 (0.3289)	Overall_Loss 0.2044 (0.2122)	Prec@1 100.000 (96.521)	
Epoch: [38][2600/4095]	 lr:0.01000	Time 0.106 (0.105)	Loss 0.0160 (0.0218)	KL_Loss 0.0325 (0.0735)	Feat_map_Loss 0.3513 (0.3289)	Overall_Loss 0.1999 (0.2121)	Prec@1 98.438 (96.528)	
Epoch: [38][2610/4095]	 lr:0.01000	Time 0.104 (0.105)	Loss 0.0048 (0.0217)	KL_Loss 0.0313 (0.0733)	Feat_map_Loss 0.2563 (0.3288)	Overall_Loss 0.1462 (0.2119)	Prec@1 98.438 (96.536)	
Epoch: [38][2620/4095]	 lr:0.01000	Time 0.114 (0.105)	Loss 0.0029 (0.0217)	KL_Loss 0.0231 (0.0732)	Feat_map_Loss 0.2955 (0.3287)	Overall_Loss 0.1607 (0.2118)	Prec@1 98.438 (96.544)	
Epoch: [38][2630/4095]	 lr:0.01000	Time 0.101 (0.105)	Loss 0.0002 (0.0216)	KL_Loss 0.0120 (0.0730)	Feat_map_Loss 0.3368 (0.3287)	Overall_Loss 0.1745 (0.2117)	Prec@1 100.000 (96.553)	
Epoch: [38][2640/4095]	 lr:0.01000	Time 0.101 (0.105)	Loss 0.0000 (0.0216)	KL_Loss 0.0100 (0.0728)	Feat_map_Loss 0.3057 (0.3285)	Overall_Loss 0.1579 (0.2115)	Prec@1 100.000 (96.562)	
Epoch: [38][2650/4095]	 lr:0.01000	Time 0.097 (0.105)	Loss 0.0013 (0.0215)	KL_Loss 0.0217 (0.0726)	Feat_map_Loss 0.2640 (0.3284)	Overall_Loss 0.1435 (0.2113)	Prec@1 100.000 (96.573)	
Epoch: [38][2660/4095]	 lr:0.01000	Time 0.099 (0.105)	Loss 0.0000 (0.0215)	KL_Loss 0.0094 (0.0724)	Feat_map_Loss 0.2591 (0.3282)	Overall_Loss 0.1343 (0.2111)	Prec@1 100.000 (96.583)	
Epoch: [38][2670/4095]	 lr:0.01000	Time 0.104 (0.105)	Loss 0.0003 (0.0214)	KL_Loss 0.0135 (0.0722)	Feat_map_Loss 0.2594 (0.3281)	Overall_Loss 0.1366 (0.2109)	Prec@1 100.000 (96.594)	
Epoch: [38][2680/4095]	 lr:0.01000	Time 0.105 (0.105)	Loss 0.0015 (0.0213)	KL_Loss 0.0160 (0.0721)	Feat_map_Loss 0.3282 (0.3281)	Overall_Loss 0.1729 (0.2107)	Prec@1 98.438 (96.603)	
Epoch: [38][2690/4095]	 lr:0.01000	Time 0.098 (0.105)	Loss 0.0000 (0.0213)	KL_Loss 0.0099 (0.0719)	Feat_map_Loss 0.2420 (0.3279)	Overall_Loss 0.1260 (0.2105)	Prec@1 100.000 (96.613)	
Epoch: [38][2700/4095]	 lr:0.01000	Time 0.102 (0.105)	Loss 0.0027 (0.0212)	KL_Loss 0.0205 (0.0717)	Feat_map_Loss 0.3241 (0.3278)	Overall_Loss 0.1736 (0.2104)	Prec@1 98.438 (96.619)	
Epoch: [38][2710/4095]	 lr:0.01000	Time 0.101 (0.105)	Loss 0.0033 (0.0212)	KL_Loss 0.0251 (0.0716)	Feat_map_Loss 0.2804 (0.3278)	Overall_Loss 0.1544 (0.2103)	Prec@1 98.438 (96.627)	
Epoch: [38][2720/4095]	 lr:0.01000	Time 0.100 (0.105)	Loss 0.0043 (0.0211)	KL_Loss 0.0356 (0.0714)	Feat_map_Loss 0.3115 (0.3278)	Overall_Loss 0.1757 (0.2102)	Prec@1 98.438 (96.634)	
Epoch: [38][2730/4095]	 lr:0.01000	Time 0.103 (0.105)	Loss 0.0135 (0.0211)	KL_Loss 0.0415 (0.0713)	Feat_map_Loss 0.3196 (0.3277)	Overall_Loss 0.1873 (0.2100)	Prec@1 96.875 (96.644)	
Epoch: [38][2740/4095]	 lr:0.01000	Time 0.099 (0.105)	Loss 0.0001 (0.0210)	KL_Loss 0.0146 (0.0711)	Feat_map_Loss 0.2532 (0.3276)	Overall_Loss 0.1339 (0.2098)	Prec@1 100.000 (96.652)	
Epoch: [38][2750/4095]	 lr:0.01000	Time 0.095 (0.105)	Loss 0.0002 (0.0210)	KL_Loss 0.0080 (0.0709)	Feat_map_Loss 0.2731 (0.3275)	Overall_Loss 0.1407 (0.2097)	Prec@1 100.000 (96.660)	
Epoch: [38][2760/4095]	 lr:0.01000	Time 0.096 (0.105)	Loss 0.0037 (0.0209)	KL_Loss 0.0313 (0.0708)	Feat_map_Loss 0.3185 (0.3275)	Overall_Loss 0.1768 (0.2096)	Prec@1 98.438 (96.669)	
Epoch: [38][2770/4095]	 lr:0.01000	Time 0.098 (0.105)	Loss 0.0004 (0.0209)	KL_Loss 0.0113 (0.0706)	Feat_map_Loss 0.2843 (0.3274)	Overall_Loss 0.1479 (0.2095)	Prec@1 100.000 (96.674)	
Epoch: [38][2780/4095]	 lr:0.01000	Time 0.096 (0.105)	Loss 0.0261 (0.0208)	KL_Loss 0.0706 (0.0705)	Feat_map_Loss 0.3088 (0.3273)	Overall_Loss 0.2027 (0.2093)	Prec@1 95.312 (96.679)	
Epoch: [38][2790/4095]	 lr:0.01000	Time 0.107 (0.105)	Loss 0.0201 (0.0208)	KL_Loss 0.0551 (0.0704)	Feat_map_Loss 0.2599 (0.3271)	Overall_Loss 0.1675 (0.2092)	Prec@1 96.875 (96.686)	
Epoch: [38][2800/4095]	 lr:0.01000	Time 0.107 (0.105)	Loss 0.0023 (0.0208)	KL_Loss 0.0240 (0.0703)	Feat_map_Loss 0.2671 (0.3271)	Overall_Loss 0.1467 (0.2090)	Prec@1 98.438 (96.693)	
Epoch: [38][2810/4095]	 lr:0.01000	Time 0.105 (0.105)	Loss 0.0013 (0.0207)	KL_Loss 0.0141 (0.0701)	Feat_map_Loss 0.2559 (0.3269)	Overall_Loss 0.1357 (0.2089)	Prec@1 100.000 (96.700)	
Epoch: [38][2820/4095]	 lr:0.01000	Time 0.104 (0.105)	Loss 0.0124 (0.0207)	KL_Loss 0.0397 (0.0700)	Feat_map_Loss 0.3425 (0.3268)	Overall_Loss 0.1972 (0.2087)	Prec@1 98.438 (96.706)	
Epoch: [38][2830/4095]	 lr:0.01000	Time 0.102 (0.105)	Loss 0.0005 (0.0206)	KL_Loss 0.0151 (0.0698)	Feat_map_Loss 0.2282 (0.3267)	Overall_Loss 0.1219 (0.2086)	Prec@1 100.000 (96.714)	
Epoch: [38][2840/4095]	 lr:0.01000	Time 0.098 (0.105)	Loss 0.0032 (0.0206)	KL_Loss 0.0283 (0.0697)	Feat_map_Loss 0.3087 (0.3266)	Overall_Loss 0.1702 (0.2084)	Prec@1 98.438 (96.722)	
Epoch: [38][2850/4095]	 lr:0.01000	Time 0.097 (0.105)	Loss 0.0387 (0.0205)	KL_Loss 0.0850 (0.0696)	Feat_map_Loss 0.2882 (0.3264)	Overall_Loss 0.2059 (0.2083)	Prec@1 96.875 (96.729)	
Epoch: [38][2860/4095]	 lr:0.01000	Time 0.099 (0.105)	Loss 0.0117 (0.0205)	KL_Loss 0.0577 (0.0695)	Feat_map_Loss 0.4082 (0.3263)	Overall_Loss 0.2388 (0.2082)	Prec@1 96.875 (96.736)	
Epoch: [38][2870/4095]	 lr:0.01000	Time 0.100 (0.105)	Loss 0.0163 (0.0205)	KL_Loss 0.0317 (0.0693)	Feat_map_Loss 0.3360 (0.3262)	Overall_Loss 0.1920 (0.2080)	Prec@1 98.438 (96.743)	
Epoch: [38][2880/4095]	 lr:0.01000	Time 0.098 (0.105)	Loss 0.0011 (0.0205)	KL_Loss 0.0299 (0.0692)	Feat_map_Loss 0.2423 (0.3261)	Overall_Loss 0.1367 (0.2079)	Prec@1 100.000 (96.749)	
Epoch: [38][2890/4095]	 lr:0.01000	Time 0.103 (0.105)	Loss 0.0010 (0.0204)	KL_Loss 0.0156 (0.0691)	Feat_map_Loss 0.2651 (0.3261)	Overall_Loss 0.1408 (0.2078)	Prec@1 100.000 (96.757)	
Epoch: [38][2900/4095]	 lr:0.01000	Time 0.102 (0.105)	Loss 0.0232 (0.0204)	KL_Loss 0.0527 (0.0689)	Feat_map_Loss 0.3253 (0.3260)	Overall_Loss 0.2006 (0.2077)	Prec@1 96.875 (96.761)	
Epoch: [38][2910/4095]	 lr:0.01000	Time 0.105 (0.105)	Loss 0.0203 (0.0203)	KL_Loss 0.0446 (0.0688)	Feat_map_Loss 0.3708 (0.3260)	Overall_Loss 0.2178 (0.2075)	Prec@1 98.438 (96.768)	
Epoch: [38][2920/4095]	 lr:0.01000	Time 0.100 (0.105)	Loss 0.0008 (0.0203)	KL_Loss 0.0123 (0.0686)	Feat_map_Loss 0.2753 (0.3258)	Overall_Loss 0.1442 (0.2074)	Prec@1 100.000 (96.775)	
Epoch: [38][2930/4095]	 lr:0.01000	Time 0.100 (0.105)	Loss 0.0009 (0.0202)	KL_Loss 0.0265 (0.0685)	Feat_map_Loss 0.3142 (0.3257)	Overall_Loss 0.1708 (0.2072)	Prec@1 100.000 (96.784)	
Epoch: [38][2940/4095]	 lr:0.01000	Time 0.100 (0.105)	Loss 0.0380 (0.0202)	KL_Loss 0.0513 (0.0684)	Feat_map_Loss 0.2848 (0.3257)	Overall_Loss 0.1871 (0.2071)	Prec@1 98.438 (96.791)	
Epoch: [38][2950/4095]	 lr:0.01000	Time 0.105 (0.105)	Loss 0.0500 (0.0202)	KL_Loss 0.0677 (0.0682)	Feat_map_Loss 0.3602 (0.3256)	Overall_Loss 0.2390 (0.2070)	Prec@1 98.438 (96.799)	
Epoch: [38][2960/4095]	 lr:0.01000	Time 0.100 (0.105)	Loss 0.0009 (0.0201)	KL_Loss 0.0286 (0.0681)	Feat_map_Loss 0.2665 (0.3255)	Overall_Loss 0.1480 (0.2069)	Prec@1 100.000 (96.806)	
Epoch: [38][2970/4095]	 lr:0.01000	Time 0.102 (0.105)	Loss 0.0003 (0.0201)	KL_Loss 0.0172 (0.0680)	Feat_map_Loss 0.3105 (0.3254)	Overall_Loss 0.1640 (0.2068)	Prec@1 100.000 (96.812)	
Epoch: [38][2980/4095]	 lr:0.01000	Time 0.103 (0.105)	Loss 0.0003 (0.0200)	KL_Loss 0.0164 (0.0678)	Feat_map_Loss 0.2311 (0.3253)	Overall_Loss 0.1239 (0.2066)	Prec@1 100.000 (96.821)	
Epoch: [38][2990/4095]	 lr:0.01000	Time 0.103 (0.105)	Loss 0.0001 (0.0200)	KL_Loss 0.0155 (0.0677)	Feat_map_Loss 0.2136 (0.3252)	Overall_Loss 0.1146 (0.2064)	Prec@1 100.000 (96.830)	
Epoch: [38][3000/4095]	 lr:0.01000	Time 0.104 (0.105)	Loss 0.0005 (0.0199)	KL_Loss 0.0135 (0.0675)	Feat_map_Loss 0.2734 (0.3250)	Overall_Loss 0.1437 (0.2062)	Prec@1 100.000 (96.836)	
Epoch: [38][3010/4095]	 lr:0.01000	Time 0.101 (0.105)	Loss 0.0002 (0.0199)	KL_Loss 0.0116 (0.0674)	Feat_map_Loss 0.2608 (0.3249)	Overall_Loss 0.1363 (0.2061)	Prec@1 100.000 (96.842)	
Epoch: [38][3020/4095]	 lr:0.01000	Time 0.104 (0.105)	Loss 0.0012 (0.0199)	KL_Loss 0.0199 (0.0673)	Feat_map_Loss 0.3654 (0.3249)	Overall_Loss 0.1932 (0.2060)	Prec@1 100.000 (96.850)	
Epoch: [38][3030/4095]	 lr:0.01000	Time 0.105 (0.105)	Loss 0.0030 (0.0198)	KL_Loss 0.0287 (0.0672)	Feat_map_Loss 0.2750 (0.3248)	Overall_Loss 0.1533 (0.2059)	Prec@1 98.438 (96.857)	
Epoch: [38][3040/4095]	 lr:0.01000	Time 0.104 (0.105)	Loss 0.0097 (0.0198)	KL_Loss 0.0233 (0.0670)	Feat_map_Loss 0.3238 (0.3247)	Overall_Loss 0.1784 (0.2057)	Prec@1 98.438 (96.865)	
Epoch: [38][3050/4095]	 lr:0.01000	Time 0.100 (0.105)	Loss 0.0002 (0.0197)	KL_Loss 0.0118 (0.0669)	Feat_map_Loss 0.2577 (0.3246)	Overall_Loss 0.1349 (0.2056)	Prec@1 100.000 (96.871)	
Epoch: [38][3060/4095]	 lr:0.01000	Time 0.102 (0.105)	Loss 0.0000 (0.0197)	KL_Loss 0.0169 (0.0667)	Feat_map_Loss 0.2318 (0.3245)	Overall_Loss 0.1243 (0.2055)	Prec@1 100.000 (96.877)	
Epoch: [38][3070/4095]	 lr:0.01000	Time 0.106 (0.105)	Loss 0.0027 (0.0197)	KL_Loss 0.0337 (0.0666)	Feat_map_Loss 0.2293 (0.3244)	Overall_Loss 0.1329 (0.2053)	Prec@1 98.438 (96.883)	
Epoch: [38][3080/4095]	 lr:0.01000	Time 0.105 (0.105)	Loss 0.0222 (0.0196)	KL_Loss 0.0392 (0.0665)	Feat_map_Loss 0.3022 (0.3242)	Overall_Loss 0.1818 (0.2052)	Prec@1 98.438 (96.889)	
Epoch: [38][3090/4095]	 lr:0.01000	Time 0.104 (0.105)	Loss 0.0062 (0.0196)	KL_Loss 0.0498 (0.0664)	Feat_map_Loss 0.3173 (0.3241)	Overall_Loss 0.1866 (0.2051)	Prec@1 96.875 (96.894)	
Epoch: [38][3100/4095]	 lr:0.01000	Time 0.100 (0.105)	Loss 0.0188 (0.0195)	KL_Loss 0.0323 (0.0663)	Feat_map_Loss 0.3031 (0.3240)	Overall_Loss 0.1771 (0.2049)	Prec@1 98.438 (96.902)	
Epoch: [38][3110/4095]	 lr:0.01000	Time 0.107 (0.105)	Loss 0.0057 (0.0196)	KL_Loss 0.0306 (0.0662)	Feat_map_Loss 0.2536 (0.3239)	Overall_Loss 0.1449 (0.2048)	Prec@1 98.438 (96.908)	
Epoch: [38][3120/4095]	 lr:0.01000	Time 0.104 (0.105)	Loss 0.0160 (0.0196)	KL_Loss 0.0460 (0.0661)	Feat_map_Loss 0.2952 (0.3238)	Overall_Loss 0.1786 (0.2047)	Prec@1 96.875 (96.913)	
Epoch: [38][3130/4095]	 lr:0.01000	Time 0.105 (0.105)	Loss 0.0052 (0.0195)	KL_Loss 0.0300 (0.0659)	Feat_map_Loss 0.3213 (0.3238)	Overall_Loss 0.1783 (0.2046)	Prec@1 98.438 (96.920)	
Epoch: [38][3140/4095]	 lr:0.01000	Time 0.106 (0.105)	Loss 0.0001 (0.0195)	KL_Loss 0.0147 (0.0658)	Feat_map_Loss 0.3068 (0.3237)	Overall_Loss 0.1608 (0.2045)	Prec@1 100.000 (96.924)	
Epoch: [38][3150/4095]	 lr:0.01000	Time 0.104 (0.105)	Loss 0.0003 (0.0194)	KL_Loss 0.0158 (0.0657)	Feat_map_Loss 0.3343 (0.3236)	Overall_Loss 0.1751 (0.2044)	Prec@1 100.000 (96.933)	
Epoch: [38][3160/4095]	 lr:0.01000	Time 0.098 (0.105)	Loss 0.0000 (0.0194)	KL_Loss 0.0092 (0.0655)	Feat_map_Loss 0.2971 (0.3235)	Overall_Loss 0.1532 (0.2042)	Prec@1 100.000 (96.939)	
Epoch: [38][3170/4095]	 lr:0.01000	Time 0.105 (0.105)	Loss 0.0006 (0.0193)	KL_Loss 0.0158 (0.0654)	Feat_map_Loss 0.3550 (0.3234)	Overall_Loss 0.1857 (0.2041)	Prec@1 100.000 (96.945)	
Epoch: [38][3180/4095]	 lr:0.01000	Time 0.104 (0.105)	Loss 0.0000 (0.0193)	KL_Loss 0.0060 (0.0652)	Feat_map_Loss 0.3384 (0.3234)	Overall_Loss 0.1722 (0.2039)	Prec@1 100.000 (96.953)	
Epoch: [38][3190/4095]	 lr:0.01000	Time 0.102 (0.105)	Loss 0.0214 (0.0192)	KL_Loss 0.0473 (0.0651)	Feat_map_Loss 0.2634 (0.3233)	Overall_Loss 0.1660 (0.2038)	Prec@1 96.875 (96.959)	
Epoch: [38][3200/4095]	 lr:0.01000	Time 0.105 (0.105)	Loss 0.0044 (0.0192)	KL_Loss 0.0239 (0.0650)	Feat_map_Loss 0.3151 (0.3232)	Overall_Loss 0.1717 (0.2037)	Prec@1 98.438 (96.966)	
Epoch: [38][3210/4095]	 lr:0.01000	Time 0.104 (0.105)	Loss 0.0033 (0.0191)	KL_Loss 0.0296 (0.0649)	Feat_map_Loss 0.2762 (0.3231)	Overall_Loss 0.1546 (0.2036)	Prec@1 98.438 (96.973)	
Epoch: [38][3220/4095]	 lr:0.01000	Time 0.116 (0.105)	Loss 0.0004 (0.0191)	KL_Loss 0.0129 (0.0647)	Feat_map_Loss 0.3176 (0.3230)	Overall_Loss 0.1655 (0.2034)	Prec@1 100.000 (96.980)	
Epoch: [38][3230/4095]	 lr:0.01000	Time 0.103 (0.105)	Loss 0.0136 (0.0191)	KL_Loss 0.0316 (0.0646)	Feat_map_Loss 0.2584 (0.3229)	Overall_Loss 0.1518 (0.2033)	Prec@1 98.438 (96.987)	
Epoch: [38][3240/4095]	 lr:0.01000	Time 0.104 (0.105)	Loss 0.0112 (0.0190)	KL_Loss 0.0275 (0.0645)	Feat_map_Loss 0.3107 (0.3229)	Overall_Loss 0.1747 (0.2032)	Prec@1 96.875 (96.993)	
Epoch: [38][3250/4095]	 lr:0.01000	Time 0.105 (0.105)	Loss 0.0002 (0.0190)	KL_Loss 0.0199 (0.0643)	Feat_map_Loss 0.3079 (0.3228)	Overall_Loss 0.1640 (0.2031)	Prec@1 100.000 (97.001)	
Epoch: [38][3260/4095]	 lr:0.01000	Time 0.109 (0.105)	Loss 0.0005 (0.0189)	KL_Loss 0.0135 (0.0642)	Feat_map_Loss 0.2875 (0.3228)	Overall_Loss 0.1508 (0.2030)	Prec@1 100.000 (97.007)	
Epoch: [38][3270/4095]	 lr:0.01000	Time 0.106 (0.105)	Loss 0.0007 (0.0189)	KL_Loss 0.0140 (0.0641)	Feat_map_Loss 0.2611 (0.3227)	Overall_Loss 0.1379 (0.2029)	Prec@1 100.000 (97.013)	
Epoch: [38][3280/4095]	 lr:0.01000	Time 0.106 (0.105)	Loss 0.0023 (0.0189)	KL_Loss 0.0245 (0.0640)	Feat_map_Loss 0.2600 (0.3226)	Overall_Loss 0.1434 (0.2028)	Prec@1 98.438 (97.020)	
Epoch: [38][3290/4095]	 lr:0.01000	Time 0.107 (0.105)	Loss 0.0005 (0.0188)	KL_Loss 0.0115 (0.0639)	Feat_map_Loss 0.3179 (0.3225)	Overall_Loss 0.1650 (0.2026)	Prec@1 100.000 (97.028)	
Epoch: [38][3300/4095]	 lr:0.01000	Time 0.125 (0.105)	Loss 0.0002 (0.0188)	KL_Loss 0.0116 (0.0637)	Feat_map_Loss 0.1789 (0.3224)	Overall_Loss 0.0954 (0.2024)	Prec@1 100.000 (97.033)	
Epoch: [38][3310/4095]	 lr:0.01000	Time 0.104 (0.105)	Loss 0.0189 (0.0188)	KL_Loss 0.0457 (0.0636)	Feat_map_Loss 0.3430 (0.3223)	Overall_Loss 0.2038 (0.2023)	Prec@1 95.312 (97.038)	
Epoch: [38][3320/4095]	 lr:0.01000	Time 0.101 (0.105)	Loss 0.0003 (0.0187)	KL_Loss 0.0179 (0.0635)	Feat_map_Loss 0.2720 (0.3222)	Overall_Loss 0.1451 (0.2022)	Prec@1 100.000 (97.045)	
Epoch: [38][3330/4095]	 lr:0.01000	Time 0.100 (0.105)	Loss 0.0201 (0.0187)	KL_Loss 0.0399 (0.0634)	Feat_map_Loss 0.2437 (0.3221)	Overall_Loss 0.1519 (0.2021)	Prec@1 98.438 (97.049)	
Epoch: [38][3340/4095]	 lr:0.01000	Time 0.105 (0.105)	Loss 0.0063 (0.0187)	KL_Loss 0.0246 (0.0633)	Feat_map_Loss 0.2556 (0.3220)	Overall_Loss 0.1433 (0.2020)	Prec@1 98.438 (97.053)	
Epoch: [38][3350/4095]	 lr:0.01000	Time 0.097 (0.105)	Loss 0.0005 (0.0186)	KL_Loss 0.0133 (0.0632)	Feat_map_Loss 0.2799 (0.3220)	Overall_Loss 0.1468 (0.2019)	Prec@1 100.000 (97.059)	
Epoch: [38][3360/4095]	 lr:0.01000	Time 0.105 (0.105)	Loss 0.0007 (0.0186)	KL_Loss 0.0102 (0.0631)	Feat_map_Loss 0.3548 (0.3219)	Overall_Loss 0.1828 (0.2018)	Prec@1 100.000 (97.063)	
Epoch: [38][3370/4095]	 lr:0.01000	Time 0.106 (0.105)	Loss 0.0510 (0.0186)	KL_Loss 0.0703 (0.0630)	Feat_map_Loss 0.3237 (0.3219)	Overall_Loss 0.2225 (0.2017)	Prec@1 98.438 (97.069)	
Epoch: [38][3380/4095]	 lr:0.01000	Time 0.105 (0.105)	Loss 0.0004 (0.0186)	KL_Loss 0.0181 (0.0629)	Feat_map_Loss 0.2395 (0.3217)	Overall_Loss 0.1290 (0.2016)	Prec@1 100.000 (97.076)	
Epoch: [38][3390/4095]	 lr:0.01000	Time 0.112 (0.105)	Loss 0.0098 (0.0185)	KL_Loss 0.0461 (0.0628)	Feat_map_Loss 0.3143 (0.3217)	Overall_Loss 0.1851 (0.2015)	Prec@1 98.438 (97.081)	
Epoch: [38][3400/4095]	 lr:0.01000	Time 0.110 (0.105)	Loss 0.0004 (0.0185)	KL_Loss 0.0099 (0.0627)	Feat_map_Loss 0.2819 (0.3216)	Overall_Loss 0.1461 (0.2014)	Prec@1 100.000 (97.084)	
Epoch: [38][3410/4095]	 lr:0.01000	Time 0.106 (0.105)	Loss 0.0111 (0.0184)	KL_Loss 0.0423 (0.0626)	Feat_map_Loss 0.2634 (0.3215)	Overall_Loss 0.1584 (0.2013)	Prec@1 96.875 (97.090)	
Epoch: [38][3420/4095]	 lr:0.01000	Time 0.107 (0.105)	Loss 0.0005 (0.0184)	KL_Loss 0.0097 (0.0624)	Feat_map_Loss 0.2584 (0.3214)	Overall_Loss 0.1343 (0.2011)	Prec@1 100.000 (97.097)	
Epoch: [38][3430/4095]	 lr:0.01000	Time 0.111 (0.105)	Loss 0.0027 (0.0184)	KL_Loss 0.0225 (0.0623)	Feat_map_Loss 0.3033 (0.3212)	Overall_Loss 0.1642 (0.2010)	Prec@1 98.438 (97.103)	
Epoch: [38][3440/4095]	 lr:0.01000	Time 0.110 (0.105)	Loss 0.0001 (0.0183)	KL_Loss 0.0077 (0.0622)	Feat_map_Loss 0.2709 (0.3211)	Overall_Loss 0.1393 (0.2008)	Prec@1 100.000 (97.109)	
Epoch: [38][3450/4095]	 lr:0.01000	Time 0.109 (0.105)	Loss 0.0389 (0.0183)	KL_Loss 0.0482 (0.0621)	Feat_map_Loss 0.2781 (0.3210)	Overall_Loss 0.1826 (0.2007)	Prec@1 98.438 (97.116)	
Epoch: [38][3460/4095]	 lr:0.01000	Time 0.108 (0.105)	Loss 0.0146 (0.0183)	KL_Loss 0.0365 (0.0620)	Feat_map_Loss 0.2994 (0.3209)	Overall_Loss 0.1753 (0.2006)	Prec@1 98.438 (97.122)	
Epoch: [38][3470/4095]	 lr:0.01000	Time 0.106 (0.105)	Loss 0.0001 (0.0182)	KL_Loss 0.0162 (0.0619)	Feat_map_Loss 0.2915 (0.3207)	Overall_Loss 0.1538 (0.2004)	Prec@1 100.000 (97.129)	
Epoch: [38][3480/4095]	 lr:0.01000	Time 0.109 (0.105)	Loss 0.0002 (0.0182)	KL_Loss 0.0123 (0.0618)	Feat_map_Loss 0.3059 (0.3207)	Overall_Loss 0.1592 (0.2003)	Prec@1 100.000 (97.135)	
Epoch: [38][3490/4095]	 lr:0.01000	Time 0.103 (0.105)	Loss 0.0001 (0.0182)	KL_Loss 0.0111 (0.0616)	Feat_map_Loss 0.2713 (0.3205)	Overall_Loss 0.1413 (0.2002)	Prec@1 100.000 (97.142)	
Epoch: [38][3500/4095]	 lr:0.01000	Time 0.112 (0.105)	Loss 0.0029 (0.0181)	KL_Loss 0.0180 (0.0615)	Feat_map_Loss 0.2628 (0.3204)	Overall_Loss 0.1418 (0.2000)	Prec@1 98.438 (97.148)	
Epoch: [38][3510/4095]	 lr:0.01000	Time 0.110 (0.105)	Loss 0.0003 (0.0181)	KL_Loss 0.0139 (0.0614)	Feat_map_Loss 0.2650 (0.3203)	Overall_Loss 0.1396 (0.1999)	Prec@1 100.000 (97.155)	
Epoch: [38][3520/4095]	 lr:0.01000	Time 0.109 (0.105)	Loss 0.0021 (0.0181)	KL_Loss 0.0201 (0.0613)	Feat_map_Loss 0.2471 (0.3202)	Overall_Loss 0.1346 (0.1998)	Prec@1 98.438 (97.159)	
Epoch: [38][3530/4095]	 lr:0.01000	Time 0.104 (0.105)	Loss 0.0100 (0.0180)	KL_Loss 0.0327 (0.0612)	Feat_map_Loss 0.3015 (0.3202)	Overall_Loss 0.1721 (0.1997)	Prec@1 98.438 (97.165)	
Epoch: [38][3540/4095]	 lr:0.01000	Time 0.104 (0.105)	Loss 0.0009 (0.0180)	KL_Loss 0.0165 (0.0611)	Feat_map_Loss 0.3420 (0.3200)	Overall_Loss 0.1797 (0.1996)	Prec@1 100.000 (97.171)	
Epoch: [38][3550/4095]	 lr:0.01000	Time 0.098 (0.105)	Loss 0.0001 (0.0180)	KL_Loss 0.0141 (0.0610)	Feat_map_Loss 0.2385 (0.3199)	Overall_Loss 0.1264 (0.1995)	Prec@1 100.000 (97.174)	
Epoch: [38][3560/4095]	 lr:0.01000	Time 0.098 (0.105)	Loss 0.0005 (0.0180)	KL_Loss 0.0212 (0.0609)	Feat_map_Loss 0.2251 (0.3199)	Overall_Loss 0.1234 (0.1994)	Prec@1 100.000 (97.179)	
Epoch: [38][3570/4095]	 lr:0.01000	Time 0.101 (0.105)	Loss 0.0000 (0.0179)	KL_Loss 0.0091 (0.0608)	Feat_map_Loss 0.2760 (0.3198)	Overall_Loss 0.1425 (0.1993)	Prec@1 100.000 (97.183)	
Epoch: [38][3580/4095]	 lr:0.01000	Time 0.098 (0.105)	Loss 0.0001 (0.0179)	KL_Loss 0.0195 (0.0607)	Feat_map_Loss 0.2624 (0.3196)	Overall_Loss 0.1410 (0.1991)	Prec@1 100.000 (97.189)	
Epoch: [38][3590/4095]	 lr:0.01000	Time 0.240 (0.105)	Loss 0.0002 (0.0179)	KL_Loss 0.0198 (0.0606)	Feat_map_Loss 0.3019 (0.3196)	Overall_Loss 0.1609 (0.1990)	Prec@1 100.000 (97.193)	
Epoch: [38][3600/4095]	 lr:0.01000	Time 0.102 (0.105)	Loss 0.0000 (0.0178)	KL_Loss 0.0101 (0.0605)	Feat_map_Loss 0.3078 (0.3194)	Overall_Loss 0.1590 (0.1989)	Prec@1 100.000 (97.199)	
Epoch: [38][3610/4095]	 lr:0.01000	Time 0.103 (0.105)	Loss 0.0649 (0.0178)	KL_Loss 0.0702 (0.0604)	Feat_map_Loss 0.3015 (0.3194)	Overall_Loss 0.2183 (0.1988)	Prec@1 96.875 (97.204)	
Epoch: [38][3620/4095]	 lr:0.01000	Time 0.101 (0.105)	Loss 0.0012 (0.0178)	KL_Loss 0.0247 (0.0604)	Feat_map_Loss 0.2868 (0.3193)	Overall_Loss 0.1563 (0.1987)	Prec@1 100.000 (97.208)	
Epoch: [38][3630/4095]	 lr:0.01000	Time 0.104 (0.105)	Loss 0.0005 (0.0178)	KL_Loss 0.0177 (0.0603)	Feat_map_Loss 0.2571 (0.3192)	Overall_Loss 0.1376 (0.1987)	Prec@1 100.000 (97.211)	
Epoch: [38][3640/4095]	 lr:0.01000	Time 0.108 (0.105)	Loss 0.0006 (0.0178)	KL_Loss 0.0123 (0.0602)	Feat_map_Loss 0.3037 (0.3191)	Overall_Loss 0.1583 (0.1985)	Prec@1 100.000 (97.217)	
Epoch: [38][3650/4095]	 lr:0.01000	Time 0.100 (0.105)	Loss 0.0070 (0.0177)	KL_Loss 0.0210 (0.0601)	Feat_map_Loss 0.3023 (0.3190)	Overall_Loss 0.1651 (0.1984)	Prec@1 98.438 (97.222)	
Epoch: [38][3660/4095]	 lr:0.01000	Time 0.101 (0.105)	Loss 0.0002 (0.0177)	KL_Loss 0.0174 (0.0600)	Feat_map_Loss 0.2077 (0.3189)	Overall_Loss 0.1127 (0.1983)	Prec@1 100.000 (97.228)	
Epoch: [38][3670/4095]	 lr:0.01000	Time 0.099 (0.105)	Loss 0.0024 (0.0177)	KL_Loss 0.0167 (0.0599)	Feat_map_Loss 0.2760 (0.3188)	Overall_Loss 0.1475 (0.1982)	Prec@1 98.438 (97.232)	
Epoch: [38][3680/4095]	 lr:0.01000	Time 0.103 (0.105)	Loss 0.0020 (0.0176)	KL_Loss 0.0179 (0.0598)	Feat_map_Loss 0.2191 (0.3187)	Overall_Loss 0.1195 (0.1981)	Prec@1 98.438 (97.235)	
Epoch: [38][3690/4095]	 lr:0.01000	Time 0.099 (0.105)	Loss 0.0010 (0.0176)	KL_Loss 0.0176 (0.0597)	Feat_map_Loss 0.2850 (0.3185)	Overall_Loss 0.1518 (0.1979)	Prec@1 100.000 (97.241)	
Epoch: [38][3700/4095]	 lr:0.01000	Time 0.100 (0.105)	Loss 0.0048 (0.0176)	KL_Loss 0.0306 (0.0596)	Feat_map_Loss 0.3570 (0.3184)	Overall_Loss 0.1962 (0.1978)	Prec@1 98.438 (97.246)	
Epoch: [38][3710/4095]	 lr:0.01000	Time 0.102 (0.105)	Loss 0.0017 (0.0176)	KL_Loss 0.0143 (0.0595)	Feat_map_Loss 0.2938 (0.3183)	Overall_Loss 0.1549 (0.1977)	Prec@1 98.438 (97.252)	
Epoch: [38][3720/4095]	 lr:0.01000	Time 0.099 (0.105)	Loss 0.0140 (0.0175)	KL_Loss 0.0406 (0.0594)	Feat_map_Loss 0.2670 (0.3182)	Overall_Loss 0.1608 (0.1976)	Prec@1 96.875 (97.256)	
Epoch: [38][3730/4095]	 lr:0.01000	Time 0.100 (0.105)	Loss 0.0059 (0.0175)	KL_Loss 0.0213 (0.0593)	Feat_map_Loss 0.2669 (0.3180)	Overall_Loss 0.1471 (0.1974)	Prec@1 98.438 (97.262)	
Epoch: [38][3740/4095]	 lr:0.01000	Time 0.101 (0.105)	Loss 0.0303 (0.0175)	KL_Loss 0.0443 (0.0592)	Feat_map_Loss 0.3510 (0.3180)	Overall_Loss 0.2128 (0.1973)	Prec@1 96.875 (97.266)	
Epoch: [38][3750/4095]	 lr:0.01000	Time 0.098 (0.105)	Loss 0.0351 (0.0174)	KL_Loss 0.0462 (0.0591)	Feat_map_Loss 0.3077 (0.3179)	Overall_Loss 0.1945 (0.1972)	Prec@1 96.875 (97.269)	
Epoch: [38][3760/4095]	 lr:0.01000	Time 0.097 (0.105)	Loss 0.0013 (0.0174)	KL_Loss 0.0231 (0.0590)	Feat_map_Loss 0.3393 (0.3178)	Overall_Loss 0.1818 (0.1971)	Prec@1 100.000 (97.275)	
Epoch: [38][3770/4095]	 lr:0.01000	Time 0.103 (0.105)	Loss 0.0002 (0.0174)	KL_Loss 0.0106 (0.0589)	Feat_map_Loss 0.2722 (0.3177)	Overall_Loss 0.1415 (0.1970)	Prec@1 100.000 (97.280)	
Epoch: [38][3780/4095]	 lr:0.01000	Time 0.100 (0.105)	Loss 0.0004 (0.0173)	KL_Loss 0.0283 (0.0588)	Feat_map_Loss 0.3005 (0.3177)	Overall_Loss 0.1646 (0.1969)	Prec@1 100.000 (97.287)	
Epoch: [38][3790/4095]	 lr:0.01000	Time 0.099 (0.105)	Loss 0.0027 (0.0173)	KL_Loss 0.0200 (0.0587)	Feat_map_Loss 0.2672 (0.3176)	Overall_Loss 0.1450 (0.1968)	Prec@1 98.438 (97.292)	
Epoch: [38][3800/4095]	 lr:0.01000	Time 0.100 (0.105)	Loss 0.0000 (0.0173)	KL_Loss 0.0109 (0.0586)	Feat_map_Loss 0.2836 (0.3175)	Overall_Loss 0.1473 (0.1966)	Prec@1 100.000 (97.299)	
Epoch: [38][3810/4095]	 lr:0.01000	Time 0.100 (0.105)	Loss 0.0005 (0.0172)	KL_Loss 0.0115 (0.0585)	Feat_map_Loss 0.2400 (0.3174)	Overall_Loss 0.1260 (0.1966)	Prec@1 100.000 (97.304)	
Epoch: [38][3820/4095]	 lr:0.01000	Time 0.106 (0.105)	Loss 0.0001 (0.0172)	KL_Loss 0.0087 (0.0584)	Feat_map_Loss 0.2800 (0.3173)	Overall_Loss 0.1444 (0.1965)	Prec@1 100.000 (97.310)	
Epoch: [38][3830/4095]	 lr:0.01000	Time 0.104 (0.105)	Loss 0.0366 (0.0172)	KL_Loss 0.0772 (0.0583)	Feat_map_Loss 0.3277 (0.3173)	Overall_Loss 0.2208 (0.1964)	Prec@1 96.875 (97.313)	
Epoch: [38][3840/4095]	 lr:0.01000	Time 0.101 (0.105)	Loss 0.0000 (0.0171)	KL_Loss 0.0083 (0.0582)	Feat_map_Loss 0.2649 (0.3172)	Overall_Loss 0.1366 (0.1963)	Prec@1 100.000 (97.319)	
Epoch: [38][3850/4095]	 lr:0.01000	Time 0.105 (0.105)	Loss 0.0001 (0.0171)	KL_Loss 0.0097 (0.0581)	Feat_map_Loss 0.2641 (0.3171)	Overall_Loss 0.1369 (0.1962)	Prec@1 100.000 (97.325)	
Epoch: [38][3860/4095]	 lr:0.01000	Time 0.103 (0.105)	Loss 0.0000 (0.0171)	KL_Loss 0.0088 (0.0580)	Feat_map_Loss 0.2236 (0.3171)	Overall_Loss 0.1162 (0.1961)	Prec@1 100.000 (97.330)	
Epoch: [38][3870/4095]	 lr:0.01000	Time 0.110 (0.105)	Loss 0.0063 (0.0170)	KL_Loss 0.0226 (0.0579)	Feat_map_Loss 0.2851 (0.3170)	Overall_Loss 0.1570 (0.1960)	Prec@1 98.438 (97.336)	
Epoch: [38][3880/4095]	 lr:0.01000	Time 0.106 (0.105)	Loss 0.0075 (0.0170)	KL_Loss 0.0233 (0.0578)	Feat_map_Loss 0.2932 (0.3169)	Overall_Loss 0.1620 (0.1958)	Prec@1 98.438 (97.340)	
Epoch: [38][3890/4095]	 lr:0.01000	Time 0.106 (0.105)	Loss 0.0015 (0.0170)	KL_Loss 0.0120 (0.0577)	Feat_map_Loss 0.3142 (0.3168)	Overall_Loss 0.1638 (0.1958)	Prec@1 100.000 (97.344)	
Epoch: [38][3900/4095]	 lr:0.01000	Time 0.106 (0.105)	Loss 0.0123 (0.0170)	KL_Loss 0.0377 (0.0576)	Feat_map_Loss 0.3776 (0.3167)	Overall_Loss 0.2138 (0.1957)	Prec@1 98.438 (97.348)	
Epoch: [38][3910/4095]	 lr:0.01000	Time 0.103 (0.105)	Loss 0.0004 (0.0169)	KL_Loss 0.0169 (0.0575)	Feat_map_Loss 0.2322 (0.3167)	Overall_Loss 0.1248 (0.1956)	Prec@1 100.000 (97.352)	
Epoch: [38][3920/4095]	 lr:0.01000	Time 0.102 (0.105)	Loss 0.0066 (0.0169)	KL_Loss 0.0233 (0.0575)	Feat_map_Loss 0.2129 (0.3166)	Overall_Loss 0.1214 (0.1955)	Prec@1 96.875 (97.355)	
Epoch: [38][3930/4095]	 lr:0.01000	Time 0.100 (0.105)	Loss 0.0052 (0.0169)	KL_Loss 0.0290 (0.0574)	Feat_map_Loss 0.2730 (0.3165)	Overall_Loss 0.1536 (0.1954)	Prec@1 98.438 (97.360)	
Epoch: [38][3940/4095]	 lr:0.01000	Time 0.107 (0.105)	Loss 0.0001 (0.0169)	KL_Loss 0.0096 (0.0573)	Feat_map_Loss 0.2811 (0.3165)	Overall_Loss 0.1454 (0.1953)	Prec@1 100.000 (97.361)	
Epoch: [38][3950/4095]	 lr:0.01000	Time 0.105 (0.105)	Loss 0.0006 (0.0168)	KL_Loss 0.0138 (0.0572)	Feat_map_Loss 0.3121 (0.3164)	Overall_Loss 0.1633 (0.1952)	Prec@1 100.000 (97.366)	
Epoch: [38][3960/4095]	 lr:0.01000	Time 0.104 (0.105)	Loss 0.0061 (0.0168)	KL_Loss 0.0248 (0.0571)	Feat_map_Loss 0.2940 (0.3163)	Overall_Loss 0.1625 (0.1951)	Prec@1 98.438 (97.370)	
Epoch: [38][3970/4095]	 lr:0.01000	Time 0.107 (0.105)	Loss 0.0001 (0.0168)	KL_Loss 0.0138 (0.0570)	Feat_map_Loss 0.2846 (0.3162)	Overall_Loss 0.1493 (0.1950)	Prec@1 100.000 (97.376)	
Epoch: [38][3980/4095]	 lr:0.01000	Time 0.108 (0.105)	Loss 0.0012 (0.0168)	KL_Loss 0.0188 (0.0569)	Feat_map_Loss 0.3309 (0.3161)	Overall_Loss 0.1754 (0.1949)	Prec@1 100.000 (97.380)	
Epoch: [38][3990/4095]	 lr:0.01000	Time 0.103 (0.105)	Loss 0.0004 (0.0167)	KL_Loss 0.0137 (0.0568)	Feat_map_Loss 0.2731 (0.3159)	Overall_Loss 0.1436 (0.1947)	Prec@1 100.000 (97.385)	
Epoch: [38][4000/4095]	 lr:0.01000	Time 0.103 (0.105)	Loss 0.0016 (0.0167)	KL_Loss 0.0088 (0.0567)	Feat_map_Loss 0.2480 (0.3158)	Overall_Loss 0.1292 (0.1946)	Prec@1 98.438 (97.391)	
Epoch: [38][4010/4095]	 lr:0.01000	Time 0.100 (0.105)	Loss 0.0001 (0.0167)	KL_Loss 0.0109 (0.0566)	Feat_map_Loss 0.2384 (0.3156)	Overall_Loss 0.1247 (0.1945)	Prec@1 100.000 (97.395)	
Epoch: [38][4020/4095]	 lr:0.01000	Time 0.103 (0.105)	Loss 0.0234 (0.0166)	KL_Loss 0.0293 (0.0565)	Feat_map_Loss 0.2608 (0.3156)	Overall_Loss 0.1567 (0.1944)	Prec@1 98.438 (97.400)	
Epoch: [38][4030/4095]	 lr:0.01000	Time 0.104 (0.105)	Loss 0.0418 (0.0166)	KL_Loss 0.0436 (0.0564)	Feat_map_Loss 0.2666 (0.3155)	Overall_Loss 0.1760 (0.1943)	Prec@1 96.875 (97.404)	
Epoch: [38][4040/4095]	 lr:0.01000	Time 0.105 (0.105)	Loss 0.0004 (0.0166)	KL_Loss 0.0157 (0.0564)	Feat_map_Loss 0.2933 (0.3154)	Overall_Loss 0.1547 (0.1941)	Prec@1 100.000 (97.409)	
Epoch: [38][4050/4095]	 lr:0.01000	Time 0.105 (0.105)	Loss 0.0002 (0.0165)	KL_Loss 0.0155 (0.0563)	Feat_map_Loss 0.2831 (0.3152)	Overall_Loss 0.1494 (0.1940)	Prec@1 100.000 (97.413)	
Epoch: [38][4060/4095]	 lr:0.01000	Time 0.100 (0.105)	Loss 0.0004 (0.0165)	KL_Loss 0.0183 (0.0562)	Feat_map_Loss 0.3317 (0.3152)	Overall_Loss 0.1752 (0.1940)	Prec@1 100.000 (97.416)	
Epoch: [38][4070/4095]	 lr:0.01000	Time 0.103 (0.105)	Loss 0.0011 (0.0165)	KL_Loss 0.0234 (0.0561)	Feat_map_Loss 0.3402 (0.3152)	Overall_Loss 0.1823 (0.1939)	Prec@1 100.000 (97.419)	
Epoch: [38][4080/4095]	 lr:0.01000	Time 0.100 (0.105)	Loss 0.0086 (0.0165)	KL_Loss 0.0261 (0.0561)	Feat_map_Loss 0.2260 (0.3150)	Overall_Loss 0.1303 (0.1938)	Prec@1 98.438 (97.424)	
Epoch: [38][4090/4095]	 lr:0.01000	Time 0.105 (0.105)	Loss 0.0000 (0.0164)	KL_Loss 0.0091 (0.0560)	Feat_map_Loss 0.2378 (0.3149)	Overall_Loss 0.1235 (0.1937)	Prec@1 100.000 (97.428)	
Test: [0/331]	Time 1.339 (1.339)	Loss 0.0000 (0.0000)	Prec@1 100.000 (100.000)	
Test: [10/331]	Time 0.035 (0.170)	Loss 0.0000 (0.0000)	Prec@1 100.000 (100.000)	
Test: [20/331]	Time 0.031 (0.107)	Loss 0.0000 (0.0001)	Prec@1 100.000 (100.000)	
Test: [30/331]	Time 0.034 (0.085)	Loss 0.0000 (0.0000)	Prec@1 100.000 (100.000)	
Test: [40/331]	Time 0.034 (0.075)	Loss 0.0000 (0.0000)	Prec@1 100.000 (100.000)	
Test: [50/331]	Time 0.037 (0.068)	Loss 0.0000 (0.0000)	Prec@1 100.000 (100.000)	
Test: [60/331]	Time 0.053 (0.064)	Loss 0.0000 (0.0000)	Prec@1 100.000 (100.000)	
Test: [70/331]	Time 0.034 (0.060)	Loss 0.0013 (0.0006)	Prec@1 100.000 (99.978)	
Test: [80/331]	Time 0.073 (0.058)	Loss 0.0000 (0.0007)	Prec@1 100.000 (99.942)	
Test: [90/331]	Time 0.035 (0.056)	Loss 0.0000 (0.0007)	Prec@1 100.000 (99.931)	
Test: [100/331]	Time 0.037 (0.054)	Loss 0.0000 (0.0007)	Prec@1 100.000 (99.923)	
Test: [110/331]	Time 0.034 (0.053)	Loss 0.0000 (0.0006)	Prec@1 100.000 (99.930)	
Test: [120/331]	Time 0.071 (0.052)	Loss 0.0004 (0.0006)	Prec@1 100.000 (99.935)	
Test: [130/331]	Time 0.034 (0.051)	Loss 0.1141 (0.0057)	Prec@1 89.062 (99.296)	
Test: [140/331]	Time 0.033 (0.050)	Loss 0.0267 (0.0063)	Prec@1 96.875 (99.169)	
Test: [150/331]	Time 0.035 (0.050)	Loss 0.0017 (0.0062)	Prec@1 100.000 (99.151)	
Test: [160/331]	Time 0.035 (0.049)	Loss 0.0001 (0.0059)	Prec@1 100.000 (99.156)	
Test: [170/331]	Time 0.036 (0.049)	Loss 0.0070 (0.0060)	Prec@1 96.875 (99.095)	
Test: [180/331]	Time 0.033 (0.048)	Loss 0.1560 (0.0073)	Prec@1 73.438 (98.861)	
Test: [190/331]	Time 0.035 (0.048)	Loss 0.0001 (0.0078)	Prec@1 100.000 (98.716)	
Test: [200/331]	Time 0.035 (0.047)	Loss 0.0033 (0.0075)	Prec@1 100.000 (98.780)	
Test: [210/331]	Time 0.034 (0.047)	Loss 0.0122 (0.0086)	Prec@1 96.875 (98.615)	
Test: [220/331]	Time 0.038 (0.046)	Loss 0.0335 (0.0104)	Prec@1 96.875 (98.360)	
Test: [230/331]	Time 0.036 (0.046)	Loss 0.0151 (0.0128)	Prec@1 95.312 (97.984)	
Test: [240/331]	Time 0.060 (0.046)	Loss 0.0451 (0.0143)	Prec@1 95.312 (97.763)	
Test: [250/331]	Time 0.037 (0.045)	Loss 0.0000 (0.0142)	Prec@1 100.000 (97.778)	
Test: [260/331]	Time 0.062 (0.045)	Loss 0.0166 (0.0144)	Prec@1 93.750 (97.695)	
Test: [270/331]	Time 0.034 (0.045)	Loss 0.0153 (0.0153)	Prec@1 96.875 (97.527)	
Test: [280/331]	Time 0.034 (0.045)	Loss 0.5475 (0.0266)	Prec@1 56.250 (96.447)	
Test: [290/331]	Time 0.077 (0.045)	Loss 0.0066 (0.0440)	Prec@1 96.875 (95.517)	
Test: [300/331]	Time 0.035 (0.045)	Loss 0.0011 (0.0428)	Prec@1 100.000 (95.624)	
Test: [310/331]	Time 0.032 (0.045)	Loss 0.6974 (0.0526)	Prec@1 43.750 (94.695)	
Test: [320/331]	Time 0.034 (0.045)	Loss 0.2443 (0.0759)	Prec@1 53.125 (92.611)	
Test: [330/331]	Time 0.139 (0.045)	Loss 0.0148 (0.0818)	Prec@1 100.000 (92.020)	
