Test: [0/331]	Time 2.616 (2.616)	Loss 0.2245 (0.2245)	Prec@1 100.000 (100.000)	
Test: [10/331]	Time 0.066 (0.511)	Loss 0.2239 (0.2251)	Prec@1 100.000 (100.000)	
Test: [20/331]	Time 0.401 (0.445)	Loss 0.2262 (0.2270)	Prec@1 100.000 (99.926)	
Test: [30/331]	Time 0.084 (0.440)	Loss 0.2260 (0.2263)	Prec@1 100.000 (99.950)	
Test: [40/331]	Time 0.279 (0.411)	Loss 0.2249 (0.2259)	Prec@1 100.000 (99.962)	
Test: [50/331]	Time 0.170 (0.429)	Loss 0.2300 (0.2259)	Prec@1 100.000 (99.969)	
Test: [60/331]	Time 0.146 (0.431)	Loss 0.2273 (0.2257)	Prec@1 100.000 (99.974)	
Test: [70/331]	Time 0.080 (0.457)	Loss 0.2255 (0.2276)	Prec@1 100.000 (99.912)	
Test: [80/331]	Time 0.069 (0.445)	Loss 0.2245 (0.2307)	Prec@1 100.000 (99.826)	
Test: [90/331]	Time 0.286 (0.453)	Loss 0.2942 (0.2343)	Prec@1 98.438 (99.725)	
Test: [100/331]	Time 0.089 (0.452)	Loss 0.2286 (0.2339)	Prec@1 100.000 (99.737)	
Test: [110/331]	Time 1.410 (0.456)	Loss 0.2256 (0.2330)	Prec@1 100.000 (99.761)	
Test: [120/331]	Time 0.064 (0.448)	Loss 0.2259 (0.2324)	Prec@1 100.000 (99.780)	
Test: [130/331]	Time 0.760 (0.445)	Loss 0.2290 (0.2320)	Prec@1 100.000 (99.797)	
Test: [140/331]	Time 0.071 (0.457)	Loss 0.2274 (0.2316)	Prec@1 100.000 (99.812)	
Test: [150/331]	Time 0.075 (0.455)	Loss 0.2270 (0.2313)	Prec@1 100.000 (99.824)	
Test: [160/331]	Time 0.062 (0.454)	Loss 0.2278 (0.2311)	Prec@1 100.000 (99.835)	
Test: [170/331]	Time 0.092 (0.458)	Loss 0.2274 (0.2309)	Prec@1 100.000 (99.845)	
Test: [180/331]	Time 0.067 (0.460)	Loss 0.2276 (0.2306)	Prec@1 100.000 (99.853)	
Test: [190/331]	Time 0.071 (0.453)	Loss 0.2297 (0.2305)	Prec@1 100.000 (99.861)	
Test: [200/331]	Time 0.063 (0.451)	Loss 0.2276 (0.2303)	Prec@1 100.000 (99.868)	
Test: [210/331]	Time 0.069 (0.445)	Loss 0.2278 (0.2302)	Prec@1 100.000 (99.867)	
Test: [220/331]	Time 0.068 (0.444)	Loss 0.2294 (0.2301)	Prec@1 100.000 (99.873)	
Test: [230/331]	Time 0.078 (0.440)	Loss 0.2267 (0.2300)	Prec@1 100.000 (99.878)	
Test: [240/331]	Time 1.216 (0.441)	Loss 0.2248 (0.2298)	Prec@1 100.000 (99.883)	
Test: [250/331]	Time 0.072 (0.438)	Loss 0.2282 (0.2297)	Prec@1 100.000 (99.888)	
Test: [260/331]	Time 1.611 (0.445)	Loss 0.2259 (0.2296)	Prec@1 100.000 (99.892)	
Test: [270/331]	Time 0.076 (0.442)	Loss 0.2278 (0.2295)	Prec@1 100.000 (99.896)	
Test: [280/331]	Time 1.432 (0.456)	Loss 0.2271 (0.2424)	Prec@1 100.000 (99.589)	
Test: [290/331]	Time 0.079 (0.458)	Loss 0.2263 (0.2441)	Prec@1 100.000 (99.533)	
Test: [300/331]	Time 1.499 (0.462)	Loss 0.3437 (0.2466)	Prec@1 96.875 (99.434)	
Test: [310/331]	Time 0.056 (0.459)	Loss 0.2288 (0.2475)	Prec@1 100.000 (99.412)	
Test: [320/331]	Time 0.490 (0.453)	Loss 1.7406 (0.2656)	Prec@1 54.688 (98.895)	
Test: [330/331]	Time 0.552 (0.446)	Loss 1.1347 (0.2931)	Prec@1 66.667 (98.031)	
tn 11592, fp 314, fn 102, tp 9121
